{"/home/andreas/work/unexpected/lib/index.js":{"path":"/home/andreas/work/unexpected/lib/index.js","s":{"1":1,"2":1,"3":5},"b":{},"f":{"1":5},"fnMap":{"1":{"name":"(anonymous_1)","line":7,"loc":{"start":{"line":7,"column":51},"end":{"line":7,"column":63}}}},"statementMap":{"1":{"start":{"line":1,"column":0},"end":{"line":4,"column":34}},"2":{"start":{"line":7,"column":0},"end":{"line":9,"column":2}},"3":{"start":{"line":8,"column":4},"end":{"line":8,"column":107}}},"branchMap":{}},"/home/andreas/work/unexpected/lib/Unexpected.js":{"path":"/home/andreas/work/unexpected/lib/Unexpected.js","s":{"1":1,"2":1,"3":1,"4":1,"5":1,"6":1,"7":1,"8":1,"9":1,"10":1,"11":1,"12":1,"13":1,"14":1,"15":1,"16":1,"17":1,"18":126,"19":1,"20":74,"21":3,"22":2,"23":1,"24":373,"25":168172,"26":168172,"27":74629,"28":93543,"29":168172,"30":168172,"31":167682,"32":490,"33":490,"34":26,"35":464,"36":441,"37":490,"38":490,"39":1,"40":512,"41":512,"42":512,"43":512,"44":512,"45":511,"46":1,"47":1,"48":1,"49":512,"50":512,"51":512,"52":512,"53":130,"54":3276,"55":512,"56":46370,"57":474835,"58":512,"59":5970,"60":5970,"61":5970,"62":12803,"63":12803,"64":5970,"65":5970,"66":6375,"67":5970,"68":405,"69":512,"70":1,"71":1,"72":210,"73":210,"74":358,"75":43,"76":315,"77":210,"78":1,"79":241,"80":299,"81":299,"82":299,"83":299,"84":1,"85":176,"86":176,"87":200,"88":176,"89":209,"90":33,"91":12,"92":21,"93":33,"94":209,"95":209,"96":248,"97":39,"98":248,"99":248,"100":209,"101":209,"102":209,"103":82,"104":209,"105":209,"106":39,"107":8,"108":31,"109":39,"110":39,"111":39,"112":39,"113":39,"114":39,"115":39,"116":10,"117":10,"118":39,"119":39,"120":1,"121":210,"122":1,"123":208,"124":208,"125":208,"126":241,"127":241,"128":299,"129":241,"130":208,"131":207,"132":238,"133":296,"134":2,"135":205,"136":231,"137":279,"138":82,"139":176,"140":210,"141":210,"142":210,"143":210,"144":40,"145":40,"146":40,"147":210,"148":31,"149":31,"150":31,"151":210,"152":1,"153":139,"154":1,"155":4712,"156":4712,"157":4712,"158":2,"159":2,"160":1,"161":1,"162":4711,"163":707,"164":1,"165":5732,"166":5732,"167":5732,"168":9278,"169":9278,"170":17,"171":9261,"172":9261,"173":6,"174":9255,"175":3546,"176":3546,"177":3546,"178":3297,"179":3546,"180":3546,"181":3546,"182":5732,"183":5732,"184":5732,"185":1,"186":313,"187":1,"188":573,"189":267,"190":306,"191":306,"192":309,"193":309,"194":42,"195":67,"196":267,"197":44,"198":44,"199":44,"200":14,"201":223,"202":306,"203":313,"204":313,"205":326,"206":264,"207":325,"208":62,"209":313,"210":1,"211":324,"212":324,"213":324,"214":1,"215":653,"216":653,"217":1,"218":652,"219":1,"220":634,"221":653,"222":653,"223":0,"224":653,"225":653,"226":1,"227":364,"228":377,"229":324,"230":774,"231":1,"232":773,"233":448,"234":325,"235":772,"236":322,"237":322,"238":93,"239":229,"240":322,"241":1,"242":321,"243":1,"244":320,"245":1,"246":319,"247":305,"248":1,"249":318,"250":1,"251":317,"252":360,"253":373,"254":2,"255":315,"256":315,"257":260,"258":315,"259":1,"260":314,"261":45,"262":1,"263":313,"264":1,"265":1,"266":1,"267":1965,"268":34,"269":34,"270":1931,"271":3,"272":1928,"273":1928,"274":140,"275":140,"276":1788,"277":838,"278":137,"279":838,"280":179,"281":174,"282":1,"283":173,"284":171,"285":2,"286":5,"287":838,"288":1372,"289":1372,"290":771,"291":601,"292":464,"293":950,"294":950,"295":22,"296":22,"297":13,"298":950,"299":950,"300":49,"301":49,"302":49,"303":93,"304":93,"305":22,"306":22,"307":20,"308":20,"309":2,"310":18,"311":2,"312":71,"313":1928,"314":1,"315":581,"316":924,"317":924,"318":411,"319":170,"320":1,"321":665,"322":723,"323":723,"324":1,"325":301,"326":4,"327":4,"328":2,"329":4,"330":297,"331":297,"332":310,"333":1,"334":309,"335":3,"336":293,"337":293,"338":293,"339":293,"340":293,"341":306,"342":306,"343":374,"344":361,"345":360,"346":665,"347":516,"348":665,"349":279,"350":665,"351":665,"352":665,"353":665,"354":401,"355":264,"356":264,"357":347,"358":264,"359":279,"360":1,"361":130,"362":130,"363":130,"364":4,"365":126,"366":3,"367":123,"368":2,"369":121,"370":100,"371":2241,"372":100,"373":1,"374":21,"375":120,"376":120,"377":3,"378":1,"379":2,"380":1,"381":120,"382":40,"383":1,"384":39,"385":8,"386":8,"387":120,"388":284,"389":120,"390":120,"391":120,"392":9899,"393":1,"394":9898,"395":120,"396":3,"397":117,"398":120,"399":120,"400":120,"401":120,"402":1,"403":17,"404":1,"405":3,"406":1,"407":34,"408":107,"409":4,"410":103,"411":22,"412":22,"413":81,"414":34,"415":9,"416":5,"417":4,"418":25,"419":1,"420":24,"421":1,"422":23,"423":5,"424":5,"425":8,"426":26,"427":5,"428":1,"429":4,"430":2,"431":20,"432":20,"433":6,"434":14,"435":20,"436":1,"437":2536,"438":689,"439":688,"440":1,"441":1,"442":512,"443":512,"444":512,"445":512,"446":512,"447":512,"448":128,"449":128,"450":128,"451":125,"452":128,"453":512,"454":512,"455":512,"456":512,"457":512,"458":512,"459":512,"460":512,"461":512,"462":512,"463":512,"464":512,"465":512,"466":512,"467":512,"468":512,"469":512,"470":512,"471":1,"472":26012,"473":20243,"474":20243,"475":20243,"476":1,"477":55,"478":55,"479":44,"480":81,"481":81,"482":81,"483":81,"484":81,"485":81,"486":81,"487":176,"488":176,"489":81,"490":135,"491":11,"492":11,"493":11,"494":1,"495":56,"496":56,"497":56,"498":16,"499":40,"500":4,"501":36,"502":0,"503":36,"504":11,"505":2001,"506":2001,"507":11,"508":14220,"509":14220,"510":9512,"511":4708,"512":1899,"513":2809,"514":110,"515":56,"516":56,"517":30,"518":26,"519":11,"520":24,"521":1,"522":15328,"523":15328,"524":1,"525":15327,"526":15327,"527":232,"528":15095,"529":1,"530":61732,"531":61732,"532":23525,"533":23525,"534":61732,"535":1,"536":62313,"537":309,"538":62004,"539":272,"540":14,"541":399,"542":258,"543":61732,"544":1,"545":48557,"546":22443,"547":26114,"548":102,"549":26012,"550":26012,"551":5863,"552":20149,"553":6803,"554":13346,"555":13346,"556":13756,"557":767,"558":12989,"559":15095,"560":15095,"561":48332,"562":48332,"563":14988,"564":107,"565":225,"566":225,"567":0,"568":107,"569":1,"570":512,"571":512,"572":512,"573":1,"574":1175,"575":1,"576":3771,"577":3771,"578":2,"579":3769,"580":1,"581":14968,"582":14967,"583":81,"584":81,"585":248,"586":248,"587":248,"588":248,"589":26,"590":26,"591":26,"592":81,"593":55,"594":14912,"595":14912,"596":11199,"597":11199,"598":4757,"599":11199,"600":11199,"601":5455,"602":11199,"603":11199,"604":14912,"605":14912,"606":14912,"607":14912,"608":14912,"609":14912,"610":14912,"611":14912,"612":14912,"613":14912,"614":2036,"615":14912,"616":8579,"617":8579,"618":344,"619":8235,"620":1385,"621":14912,"622":0,"623":0,"624":14912,"625":3769,"626":3769,"627":3133,"628":3769,"629":3769,"630":2871,"631":358,"632":358,"633":140,"634":139,"635":140,"636":2513,"637":2513,"638":1520,"639":2871,"640":2871,"641":898,"642":883,"643":883,"644":0,"645":883,"646":882,"647":15,"648":1,"649":10,"650":1,"651":7,"652":7,"653":14,"654":10,"655":2,"656":8,"657":8,"658":1,"659":7,"660":7,"661":2,"662":5,"663":5,"664":5,"665":5,"666":4,"667":2,"668":2,"669":2,"670":2,"671":0,"672":0,"673":1,"674":1256,"675":1256,"676":1256,"677":1256,"678":1256,"679":4,"680":4,"681":1,"682":3,"683":1255,"684":552,"685":769,"686":1893,"687":1,"688":6,"689":6,"690":6,"691":6,"692":6,"693":1088,"694":2318,"695":754,"696":754,"697":6,"698":754,"699":6,"700":1,"701":511,"702":511,"703":91115,"704":511,"705":511,"706":1,"707":1688,"708":1686,"709":2,"710":2,"711":1,"712":3040,"713":3040,"714":3040,"715":5655,"716":3040,"717":1,"718":1,"719":1,"720":1,"721":1,"722":643,"723":1,"724":456,"725":1,"726":361,"727":815,"728":1,"729":1004,"730":361,"731":643,"732":643,"733":643,"734":187,"735":187,"736":236,"737":236,"738":236,"739":236,"740":236,"741":236,"742":456,"743":40,"744":97,"745":119,"746":416,"747":572,"748":1,"749":361,"750":361,"751":361,"752":361,"753":361,"754":361,"755":227,"756":227,"757":227,"758":361,"759":361,"760":361,"761":361,"762":669,"763":669,"764":1,"765":360,"766":1,"767":374,"768":374,"769":8583,"770":8583,"771":484,"772":8583,"773":192,"774":2,"775":190,"776":2,"777":188,"778":1,"779":8391,"780":44,"781":2,"782":42,"783":2,"784":365,"785":2,"786":363,"787":2,"788":1},"b":{"1":[2,1],"2":[3,2],"3":[74629,93543],"4":[167682,490],"5":[26,464],"6":[441,23],"7":[512,1],"8":[512,1],"9":[512,1],"10":[512,1],"11":[511,1],"12":[512,1],"13":[512,1],"14":[46370,0],"15":[5970,405],"16":[43,315],"17":[33,176],"18":[12,21],"19":[39,209],"20":[209,39],"21":[248,217],"22":[82,127],"23":[209,167],"24":[8,31],"25":[2,294],"26":[296,124],"27":[82,123],"28":[707,4005],"29":[2,4710],"30":[2,1],"31":[1,1],"32":[17,9261],"33":[9278,39,17],"34":[9261,0],"35":[6,9255],"36":[3297,249],"37":[3546,3500],"38":[0,5732],"39":[5732,77],"40":[5732,5615],"41":[840,4892],"42":[267,306],"43":[42,267],"44":[44,223],"45":[14,30],"46":[264,62],"47":[1,652],"48":[0,653],"49":[512,141],"50":[653,157],"51":[118,535],"52":[653,551],"53":[377,375],"54":[1,773],"55":[448,325],"56":[93,229],"57":[322,93],"58":[1,321],"59":[1,320],"60":[1,319],"61":[1,318],"62":[1,317],"63":[2,315],"64":[315,58],"65":[1,314],"66":[315,46],"67":[1,313],"68":[34,1931],"69":[3,1928],"70":[140,1788],"71":[838,950],"72":[1788,860],"73":[137,701],"74":[174,5],"75":[1,173],"76":[171,2],"77":[771,601],"78":[464,137],"79":[22,928],"80":[40,9],"81":[22,71],"82":[20,2],"83":[2,18],"84":[20,9],"85":[411,513],"86":[454,269],"87":[723,486],"88":[4,297],"89":[301,299,298,8],"90":[2,2],"91":[4,2,2],"92":[7,290],"93":[1,309],"94":[310,310],"95":[3,306],"96":[401,264],"97":[611,545],"98":[4,126],"99":[130,129],"100":[3,123],"101":[126,8],"102":[2,121],"103":[100,21],"104":[1,99],"105":[1,2],"106":[3,2],"107":[1,39],"108":[40,39],"109":[1,9898],"110":[3,117],"111":[4,103],"112":[22,81],"113":[103,22],"114":[22,13],"115":[9,25],"116":[5,4],"117":[9,5,2],"118":[2,2],"119":[1,1],"120":[1,24],"121":[25,19,19,24,24,24,5],"122":[1,23],"123":[5,18],"124":[1,4],"125":[2,2],"126":[6,14],"127":[125,3],"128":[128,128],"129":[44,11],"130":[54,81],"131":[16,40],"132":[56,16],"133":[4,36],"134":[40,40],"135":[0,36],"136":[36,0],"137":[9512,4708],"138":[1899,2809],"139":[30,26],"140":[1,15327],"141":[232,15095],"142":[23525,38207],"143":[309,62004],"144":[62313,398],"145":[272,61732],"146":[14,258],"147":[399,366,126],"148":[22443,26114],"149":[102,26012],"150":[26114,128],"151":[5863,20149],"152":[26012,20374],"153":[6803,13346],"154":[20149,6999],"155":[767,12989],"156":[14988,33344],"157":[0,225],"158":[2,3769],"159":[81,14886],"160":[26,222],"161":[55,26],"162":[1358,3399],"163":[344,8235],"164":[8579,4638,4575,4329],"165":[0,14912],"166":[358,2513],"167":[139,1],"168":[140,140],"169":[1520,993],"170":[2513,1075],"171":[883,15],"172":[898,898],"173":[0,883],"174":[2,8],"175":[10,8],"176":[1,7],"177":[2,5],"178":[2,2],"179":[4,3],"180":[1256,4],"181":[552,704],"182":[4,1252],"183":[4,2],"184":[1,3],"185":[754,1564],"186":[1686,2],"187":[3040,83],"188":[643,187],"189":[456,40],"190":[361,643],"191":[187,456],"192":[40,416],"193":[116,3],"194":[1,668],"195":[484,8099],"196":[192,8391],"197":[8583,194],"198":[2,190],"199":[2,188],"200":[1,187],"201":[44,8347],"202":[8391,46],"203":[2,42],"204":[2,40],"205":[2,363],"206":[2,361]},"f":{"1":126,"2":74,"3":3,"4":373,"5":168172,"6":512,"7":130,"8":3276,"9":46370,"10":474835,"11":5970,"12":210,"13":358,"14":241,"15":299,"16":299,"17":176,"18":200,"19":209,"20":248,"21":209,"22":39,"23":39,"24":10,"25":10,"26":210,"27":208,"28":241,"29":299,"30":207,"31":238,"32":296,"33":231,"34":279,"35":176,"36":40,"37":31,"38":139,"39":4712,"40":707,"41":5732,"42":9278,"43":3546,"44":313,"45":573,"46":309,"47":67,"48":326,"49":325,"50":324,"51":653,"52":634,"53":653,"54":364,"55":377,"56":774,"57":305,"58":360,"59":373,"60":260,"61":45,"62":1965,"63":179,"64":1372,"65":49,"66":93,"67":581,"68":665,"69":723,"70":301,"71":310,"72":306,"73":374,"74":665,"75":516,"76":665,"77":130,"78":2241,"79":3,"80":1,"81":40,"82":8,"83":8,"84":284,"85":9899,"86":17,"87":3,"88":34,"89":107,"90":8,"91":26,"92":2536,"93":689,"94":512,"95":128,"96":26012,"97":20243,"98":55,"99":81,"100":81,"101":81,"102":176,"103":135,"104":56,"105":2001,"106":14220,"107":110,"108":56,"109":24,"110":15328,"111":61732,"112":62313,"113":399,"114":48557,"115":13756,"116":512,"117":1175,"118":3771,"119":14968,"120":11199,"121":4757,"122":11199,"123":2036,"124":8579,"125":1385,"126":140,"127":10,"128":7,"129":14,"130":8,"131":2,"132":0,"133":1256,"134":552,"135":769,"136":1893,"137":6,"138":1088,"139":2318,"140":754,"141":511,"142":91115,"143":1688,"144":3040,"145":5655,"146":1,"147":1,"148":643,"149":456,"150":361,"151":815,"152":1004,"153":236,"154":236,"155":97,"156":119,"157":572,"158":361,"159":669,"160":374},"fnMap":{"1":{"name":"isAssertionArg","line":18,"loc":{"start":{"line":18,"column":0},"end":{"line":18,"column":29}}},"2":{"name":"(anonymous_2)","line":26,"loc":{"start":{"line":26,"column":14},"end":{"line":26,"column":26}}},"3":{"name":"(anonymous_3)","line":30,"loc":{"start":{"line":30,"column":13},"end":{"line":30,"column":45}}},"4":{"name":"(anonymous_4)","line":38,"loc":{"start":{"line":38,"column":10},"end":{"line":38,"column":61}}},"5":{"name":"(anonymous_5)","line":42,"loc":{"start":{"line":42,"column":8},"end":{"line":42,"column":34}}},"6":{"name":"Unexpected","line":67,"loc":{"start":{"line":67,"column":0},"end":{"line":67,"column":29}}},"7":{"name":"(anonymous_7)","line":84,"loc":{"start":{"line":84,"column":19},"end":{"line":84,"column":39}}},"8":{"name":"(anonymous_8)","line":85,"loc":{"start":{"line":85,"column":43},"end":{"line":85,"column":59}}},"9":{"name":"(anonymous_9)","line":89,"loc":{"start":{"line":89,"column":22},"end":{"line":89,"column":37}}},"10":{"name":"(anonymous_10)","line":90,"loc":{"start":{"line":90,"column":49},"end":{"line":90,"column":65}}},"11":{"name":"(anonymous_11)","line":94,"loc":{"start":{"line":94,"column":26},"end":{"line":94,"column":42}}},"12":{"name":"getOrGroups","line":113,"loc":{"start":{"line":113,"column":0},"end":{"line":113,"column":35}}},"13":{"name":"(anonymous_13)","line":115,"loc":{"start":{"line":115,"column":25},"end":{"line":115,"column":48}}},"14":{"name":"evaluateGroup","line":125,"loc":{"start":{"line":125,"column":0},"end":{"line":125,"column":49}}},"15":{"name":"(anonymous_15)","line":126,"loc":{"start":{"line":126,"column":23},"end":{"line":126,"column":46}}},"16":{"name":"(anonymous_16)","line":131,"loc":{"start":{"line":131,"column":33},"end":{"line":131,"column":45}}},"17":{"name":"writeGroupEvaluationsToOutput","line":138,"loc":{"start":{"line":138,"column":0},"end":{"line":138,"column":73}}},"18":{"name":"(anonymous_18)","line":140,"loc":{"start":{"line":140,"column":46},"end":{"line":140,"column":73}}},"19":{"name":"(anonymous_19)","line":143,"loc":{"start":{"line":143,"column":29},"end":{"line":143,"column":59}}},"20":{"name":"(anonymous_20)","line":154,"loc":{"start":{"line":154,"column":32},"end":{"line":154,"column":57}}},"21":{"name":"(anonymous_21)","line":167,"loc":{"start":{"line":167,"column":29},"end":{"line":167,"column":47}}},"22":{"name":"(anonymous_22)","line":178,"loc":{"start":{"line":178,"column":29},"end":{"line":178,"column":47}}},"23":{"name":"(anonymous_23)","line":180,"loc":{"start":{"line":180,"column":40},"end":{"line":180,"column":58}}},"24":{"name":"(anonymous_24)","line":184,"loc":{"start":{"line":184,"column":46},"end":{"line":184,"column":61}}},"25":{"name":"(anonymous_25)","line":185,"loc":{"start":{"line":185,"column":31},"end":{"line":185,"column":49}}},"26":{"name":"createExpectIt","line":199,"loc":{"start":{"line":199,"column":0},"end":{"line":199,"column":46}}},"27":{"name":"expectIt","line":202,"loc":{"start":{"line":202,"column":4},"end":{"line":202,"column":31}}},"28":{"name":"(anonymous_28)","line":205,"loc":{"start":{"line":205,"column":25},"end":{"line":205,"column":44}}},"29":{"name":"(anonymous_29)","line":207,"loc":{"start":{"line":207,"column":32},"end":{"line":207,"column":54}}},"30":{"name":"(anonymous_30)","line":213,"loc":{"start":{"line":213,"column":64},"end":{"line":213,"column":76}}},"31":{"name":"(anonymous_31)","line":214,"loc":{"start":{"line":214,"column":37},"end":{"line":214,"column":64}}},"32":{"name":"(anonymous_32)","line":215,"loc":{"start":{"line":215,"column":40},"end":{"line":215,"column":62}}},"33":{"name":"(anonymous_33)","line":222,"loc":{"start":{"line":222,"column":39},"end":{"line":222,"column":66}}},"34":{"name":"(anonymous_34)","line":223,"loc":{"start":{"line":223,"column":45},"end":{"line":223,"column":67}}},"35":{"name":"(anonymous_35)","line":227,"loc":{"start":{"line":227,"column":28},"end":{"line":227,"column":46}}},"36":{"name":"(anonymous_36)","line":236,"loc":{"start":{"line":236,"column":19},"end":{"line":236,"column":31}}},"37":{"name":"(anonymous_37)","line":241,"loc":{"start":{"line":241,"column":18},"end":{"line":241,"column":30}}},"38":{"name":"(anonymous_38)","line":249,"loc":{"start":{"line":249,"column":26},"end":{"line":249,"column":38}}},"39":{"name":"(anonymous_39)","line":253,"loc":{"start":{"line":253,"column":29},"end":{"line":253,"column":70}}},"40":{"name":"(anonymous_40)","line":266,"loc":{"start":{"line":266,"column":73},"end":{"line":266,"column":89}}},"41":{"name":"(anonymous_41)","line":271,"loc":{"start":{"line":271,"column":31},"end":{"line":271,"column":69}}},"42":{"name":"(anonymous_42)","line":274,"loc":{"start":{"line":274,"column":22},"end":{"line":274,"column":59}}},"43":{"name":"(anonymous_43)","line":285,"loc":{"start":{"line":285,"column":58},"end":{"line":285,"column":83}}},"44":{"name":"(anonymous_44)","line":302,"loc":{"start":{"line":302,"column":46},"end":{"line":302,"column":67}}},"45":{"name":"createPermutations","line":304,"loc":{"start":{"line":304,"column":4},"end":{"line":304,"column":41}}},"46":{"name":"(anonymous_46)","line":310,"loc":{"start":{"line":310,"column":24},"end":{"line":310,"column":39}}},"47":{"name":"(anonymous_47)","line":313,"loc":{"start":{"line":313,"column":30},"end":{"line":313,"column":46}}},"48":{"name":"(anonymous_48)","line":334,"loc":{"start":{"line":334,"column":30},"end":{"line":334,"column":60}}},"49":{"name":"(anonymous_49)","line":336,"loc":{"start":{"line":336,"column":58},"end":{"line":336,"column":74}}},"50":{"name":"(anonymous_50)","line":352,"loc":{"start":{"line":352,"column":38},"end":{"line":352,"column":65}}},"51":{"name":"lookupType","line":357,"loc":{"start":{"line":357,"column":4},"end":{"line":357,"column":34}}},"52":{"name":"parseType","line":365,"loc":{"start":{"line":365,"column":4},"end":{"line":365,"column":40}}},"53":{"name":"(anonymous_53)","line":366,"loc":{"start":{"line":366,"column":46},"end":{"line":366,"column":62}}},"54":{"name":"hasVarargs","line":380,"loc":{"start":{"line":380,"column":4},"end":{"line":380,"column":31}}},"55":{"name":"(anonymous_55)","line":381,"loc":{"start":{"line":381,"column":26},"end":{"line":381,"column":42}}},"56":{"name":"(anonymous_56)","line":385,"loc":{"start":{"line":385,"column":143},"end":{"line":385,"column":172}}},"57":{"name":"(anonymous_57)","line":421,"loc":{"start":{"line":421,"column":28},"end":{"line":421,"column":43}}},"58":{"name":"(anonymous_58)","line":428,"loc":{"start":{"line":428,"column":69},"end":{"line":428,"column":96}}},"59":{"name":"(anonymous_59)","line":429,"loc":{"start":{"line":429,"column":36},"end":{"line":429,"column":62}}},"60":{"name":"(anonymous_60)","line":437,"loc":{"start":{"line":437,"column":59},"end":{"line":437,"column":85}}},"61":{"name":"(anonymous_61)","line":445,"loc":{"start":{"line":445,"column":35},"end":{"line":445,"column":61}}},"62":{"name":"(anonymous_62)","line":456,"loc":{"start":{"line":456,"column":28},"end":{"line":456,"column":43}}},"63":{"name":"(anonymous_63)","line":474,"loc":{"start":{"line":474,"column":23},"end":{"line":474,"column":41}}},"64":{"name":"(anonymous_64)","line":487,"loc":{"start":{"line":487,"column":33},"end":{"line":487,"column":48}}},"65":{"name":"(anonymous_65)","line":504,"loc":{"start":{"line":504,"column":23},"end":{"line":504,"column":41}}},"66":{"name":"(anonymous_66)","line":507,"loc":{"start":{"line":507,"column":27},"end":{"line":507,"column":44}}},"67":{"name":"compareSpecificities","line":532,"loc":{"start":{"line":532,"column":0},"end":{"line":532,"column":36}}},"68":{"name":"calculateAssertionSpecificity","line":542,"loc":{"start":{"line":542,"column":0},"end":{"line":542,"column":50}}},"69":{"name":"(anonymous_69)","line":543,"loc":{"start":{"line":543,"column":68},"end":{"line":543,"column":94}}},"70":{"name":"(anonymous_70)","line":552,"loc":{"start":{"line":552,"column":36},"end":{"line":552,"column":74}}},"71":{"name":"(anonymous_71)","line":563,"loc":{"start":{"line":563,"column":21},"end":{"line":563,"column":40}}},"72":{"name":"(anonymous_72)","line":578,"loc":{"start":{"line":578,"column":21},"end":{"line":578,"column":40}}},"73":{"name":"(anonymous_73)","line":580,"loc":{"start":{"line":580,"column":38},"end":{"line":580,"column":70}}},"74":{"name":"(anonymous_74)","line":583,"loc":{"start":{"line":583,"column":39},"end":{"line":583,"column":68}}},"75":{"name":"(anonymous_75)","line":584,"loc":{"start":{"line":584,"column":61},"end":{"line":584,"column":77}}},"76":{"name":"(anonymous_76)","line":601,"loc":{"start":{"line":601,"column":30},"end":{"line":601,"column":49}}},"77":{"name":"(anonymous_77)","line":621,"loc":{"start":{"line":621,"column":31},"end":{"line":621,"column":47}}},"78":{"name":"(anonymous_78)","line":637,"loc":{"start":{"line":637,"column":47},"end":{"line":637,"column":60}}},"79":{"name":"(anonymous_79)","line":649,"loc":{"start":{"line":649,"column":31},"end":{"line":649,"column":63}}},"80":{"name":"(anonymous_80)","line":654,"loc":{"start":{"line":654,"column":62},"end":{"line":654,"column":86}}},"81":{"name":"(anonymous_81)","line":659,"loc":{"start":{"line":659,"column":28},"end":{"line":659,"column":64}}},"82":{"name":"(anonymous_82)","line":666,"loc":{"start":{"line":666,"column":22},"end":{"line":666,"column":50}}},"83":{"name":"(anonymous_83)","line":669,"loc":{"start":{"line":669,"column":22},"end":{"line":669,"column":46}}},"84":{"name":"(anonymous_84)","line":675,"loc":{"start":{"line":675,"column":29},"end":{"line":675,"column":57}}},"85":{"name":"(anonymous_85)","line":682,"loc":{"start":{"line":682,"column":27},"end":{"line":682,"column":66}}},"86":{"name":"(anonymous_86)","line":702,"loc":{"start":{"line":702,"column":32},"end":{"line":702,"column":44}}},"87":{"name":"(anonymous_87)","line":706,"loc":{"start":{"line":706,"column":36},"end":{"line":706,"column":48}}},"88":{"name":"(anonymous_88)","line":710,"loc":{"start":{"line":710,"column":27},"end":{"line":710,"column":45}}},"89":{"name":"(anonymous_89)","line":711,"loc":{"start":{"line":711,"column":64},"end":{"line":711,"column":91}}},"90":{"name":"(anonymous_90)","line":756,"loc":{"start":{"line":756,"column":65},"end":{"line":756,"column":87}}},"91":{"name":"(anonymous_91)","line":757,"loc":{"start":{"line":757,"column":42},"end":{"line":757,"column":60}}},"92":{"name":"(anonymous_92)","line":781,"loc":{"start":{"line":781,"column":33},"end":{"line":781,"column":58}}},"93":{"name":"(anonymous_93)","line":782,"loc":{"start":{"line":782,"column":48},"end":{"line":782,"column":61}}},"94":{"name":"installExpectMethods","line":790,"loc":{"start":{"line":790,"column":0},"end":{"line":790,"column":58}}},"95":{"name":"(anonymous_95)","line":796,"loc":{"start":{"line":796,"column":18},"end":{"line":796,"column":30}}},"96":{"name":"calculateLimits","line":829,"loc":{"start":{"line":829,"column":0},"end":{"line":829,"column":32}}},"97":{"name":"(anonymous_97)","line":830,"loc":{"start":{"line":830,"column":24},"end":{"line":830,"column":48}}},"98":{"name":"(anonymous_98)","line":837,"loc":{"start":{"line":837,"column":51},"end":{"line":837,"column":99}}},"99":{"name":"(anonymous_99)","line":841,"loc":{"start":{"line":841,"column":21},"end":{"line":841,"column":39}}},"100":{"name":"(anonymous_100)","line":842,"loc":{"start":{"line":842,"column":36},"end":{"line":842,"column":54}}},"101":{"name":"(anonymous_101)","line":845,"loc":{"start":{"line":845,"column":33},"end":{"line":845,"column":51}}},"102":{"name":"(anonymous_102)","line":851,"loc":{"start":{"line":851,"column":81},"end":{"line":851,"column":108}}},"103":{"name":"(anonymous_103)","line":855,"loc":{"start":{"line":855,"column":46},"end":{"line":855,"column":72}}},"104":{"name":"compareAssertions","line":866,"loc":{"start":{"line":866,"column":4},"end":{"line":866,"column":37}}},"105":{"name":"(anonymous_105)","line":882,"loc":{"start":{"line":882,"column":29},"end":{"line":882,"column":56}}},"106":{"name":"(anonymous_106)","line":891,"loc":{"start":{"line":891,"column":45},"end":{"line":891,"column":61}}},"107":{"name":"(anonymous_107)","line":902,"loc":{"start":{"line":902,"column":27},"end":{"line":902,"column":66}}},"108":{"name":"(anonymous_108)","line":904,"loc":{"start":{"line":904,"column":12},"end":{"line":904,"column":28}}},"109":{"name":"(anonymous_109)","line":915,"loc":{"start":{"line":915,"column":17},"end":{"line":915,"column":35}}},"110":{"name":"(anonymous_110)","line":922,"loc":{"start":{"line":922,"column":43},"end":{"line":922,"column":115}}},"111":{"name":"findTypeOf","line":933,"loc":{"start":{"line":933,"column":4},"end":{"line":933,"column":36}}},"112":{"name":"matches","line":942,"loc":{"start":{"line":942,"column":4},"end":{"line":942,"column":57}}},"113":{"name":"(anonymous_113)","line":949,"loc":{"start":{"line":949,"column":39},"end":{"line":949,"column":55}}},"114":{"name":"matchesHandler","line":959,"loc":{"start":{"line":959,"column":4},"end":{"line":959,"column":46}}},"115":{"name":"(anonymous_115)","line":976,"loc":{"start":{"line":976,"column":26},"end":{"line":976,"column":44}}},"116":{"name":"makeExpectFunction","line":1002,"loc":{"start":{"line":1002,"column":0},"end":{"line":1002,"column":40}}},"117":{"name":"(anonymous_117)","line":1008,"loc":{"start":{"line":1008,"column":39},"end":{"line":1008,"column":54}}},"118":{"name":"expect","line":1012,"loc":{"start":{"line":1012,"column":30},"end":{"line":1012,"column":78}}},"119":{"name":"executeExpect","line":1023,"loc":{"start":{"line":1023,"column":4},"end":{"line":1023,"column":65}}},"120":{"name":"(anonymous_120)","line":1045,"loc":{"start":{"line":1045,"column":28},"end":{"line":1045,"column":40}}},"121":{"name":"(anonymous_121)","line":1047,"loc":{"start":{"line":1047,"column":84},"end":{"line":1047,"column":115}}},"122":{"name":"(anonymous_122)","line":1055,"loc":{"start":{"line":1055,"column":53},"end":{"line":1055,"column":65}}},"123":{"name":"(anonymous_123)","line":1071,"loc":{"start":{"line":1071,"column":38},"end":{"line":1071,"column":56}}},"124":{"name":"(anonymous_124)","line":1074,"loc":{"start":{"line":1074,"column":44},"end":{"line":1074,"column":62}}},"125":{"name":"(anonymous_125)","line":1080,"loc":{"start":{"line":1080,"column":19},"end":{"line":1080,"column":37}}},"126":{"name":"(anonymous_126)","line":1103,"loc":{"start":{"line":1103,"column":44},"end":{"line":1103,"column":57}}},"127":{"name":"(anonymous_127)","line":1130,"loc":{"start":{"line":1130,"column":29},"end":{"line":1130,"column":43}}},"128":{"name":"asyncMisusage","line":1133,"loc":{"start":{"line":1133,"column":4},"end":{"line":1133,"column":36}}},"129":{"name":"(anonymous_129)","line":1135,"loc":{"start":{"line":1135,"column":25},"end":{"line":1135,"column":43}}},"130":{"name":"(anonymous_130)","line":1150,"loc":{"start":{"line":1150,"column":11},"end":{"line":1150,"column":27}}},"131":{"name":"(anonymous_131)","line":1169,"loc":{"start":{"line":1169,"column":20},"end":{"line":1169,"column":32}}},"132":{"name":"(anonymous_132)","line":1172,"loc":{"start":{"line":1172,"column":11},"end":{"line":1172,"column":26}}},"133":{"name":"(anonymous_133)","line":1179,"loc":{"start":{"line":1179,"column":28},"end":{"line":1179,"column":70}}},"134":{"name":"(anonymous_134)","line":1194,"loc":{"start":{"line":1194,"column":90},"end":{"line":1194,"column":118}}},"135":{"name":"(anonymous_135)","line":1196,"loc":{"start":{"line":1196,"column":7},"end":{"line":1196,"column":27}}},"136":{"name":"(anonymous_136)","line":1198,"loc":{"start":{"line":1198,"column":7},"end":{"line":1198,"column":35}}},"137":{"name":"(anonymous_137)","line":1203,"loc":{"start":{"line":1203,"column":32},"end":{"line":1203,"column":44}}},"138":{"name":"(anonymous_138)","line":1209,"loc":{"start":{"line":1209,"column":43},"end":{"line":1209,"column":58}}},"139":{"name":"(anonymous_139)","line":1210,"loc":{"start":{"line":1210,"column":32},"end":{"line":1210,"column":53}}},"140":{"name":"(anonymous_140)","line":1218,"loc":{"start":{"line":1218,"column":25},"end":{"line":1218,"column":48}}},"141":{"name":"(anonymous_141)","line":1224,"loc":{"start":{"line":1224,"column":29},"end":{"line":1224,"column":41}}},"142":{"name":"(anonymous_142)","line":1226,"loc":{"start":{"line":1226,"column":41},"end":{"line":1226,"column":62}}},"143":{"name":"(anonymous_143)","line":1241,"loc":{"start":{"line":1241,"column":36},"end":{"line":1241,"column":54}}},"144":{"name":"(anonymous_144)","line":1250,"loc":{"start":{"line":1250,"column":36},"end":{"line":1250,"column":54}}},"145":{"name":"(anonymous_145)","line":1253,"loc":{"start":{"line":1253,"column":39},"end":{"line":1253,"column":63}}},"146":{"name":"(anonymous_146)","line":1259,"loc":{"start":{"line":1259,"column":20},"end":{"line":1259,"column":32}}},"147":{"name":"(anonymous_147)","line":1264,"loc":{"start":{"line":1264,"column":23},"end":{"line":1264,"column":35}}},"148":{"name":"isFlag","line":1265,"loc":{"start":{"line":1265,"column":4},"end":{"line":1265,"column":27}}},"149":{"name":"isAlternation","line":1268,"loc":{"start":{"line":1268,"column":4},"end":{"line":1268,"column":34}}},"150":{"name":"removeEmptyStrings","line":1271,"loc":{"start":{"line":1271,"column":4},"end":{"line":1271,"column":39}}},"151":{"name":"(anonymous_151)","line":1272,"loc":{"start":{"line":1272,"column":28},"end":{"line":1272,"column":44}}},"152":{"name":"createPermutations","line":1276,"loc":{"start":{"line":1276,"column":4},"end":{"line":1276,"column":47}}},"153":{"name":"(anonymous_153)","line":1285,"loc":{"start":{"line":1285,"column":28},"end":{"line":1285,"column":47}}},"154":{"name":"(anonymous_154)","line":1293,"loc":{"start":{"line":1293,"column":31},"end":{"line":1293,"column":50}}},"155":{"name":"(anonymous_155)","line":1306,"loc":{"start":{"line":1306,"column":24},"end":{"line":1306,"column":55}}},"156":{"name":"(anonymous_156)","line":1307,"loc":{"start":{"line":1307,"column":50},"end":{"line":1307,"column":69}}},"157":{"name":"(anonymous_157)","line":1317,"loc":{"start":{"line":1317,"column":28},"end":{"line":1317,"column":47}}},"158":{"name":"(anonymous_158)","line":1326,"loc":{"start":{"line":1326,"column":11},"end":{"line":1326,"column":30}}},"159":{"name":"(anonymous_159)","line":1340,"loc":{"start":{"line":1340,"column":29},"end":{"line":1340,"column":52}}},"160":{"name":"ensureValidUseOfParenthesesOrBrackets","line":1352,"loc":{"start":{"line":1352,"column":0},"end":{"line":1352,"column":56}}}},"statementMap":{"1":{"start":{"line":1,"column":0},"end":{"line":1,"column":73}},"2":{"start":{"line":2,"column":0},"end":{"line":2,"column":31}},"3":{"start":{"line":3,"column":0},"end":{"line":3,"column":35}},"4":{"start":{"line":4,"column":0},"end":{"line":4,"column":26}},"5":{"start":{"line":5,"column":0},"end":{"line":5,"column":29}},"6":{"start":{"line":6,"column":0},"end":{"line":6,"column":43}},"7":{"start":{"line":7,"column":0},"end":{"line":7,"column":47}},"8":{"start":{"line":8,"column":0},"end":{"line":8,"column":53}},"9":{"start":{"line":9,"column":0},"end":{"line":9,"column":43}},"10":{"start":{"line":10,"column":0},"end":{"line":10,"column":51}},"11":{"start":{"line":11,"column":0},"end":{"line":11,"column":61}},"12":{"start":{"line":12,"column":0},"end":{"line":12,"column":45}},"13":{"start":{"line":13,"column":0},"end":{"line":13,"column":69}},"14":{"start":{"line":14,"column":0},"end":{"line":14,"column":51}},"15":{"start":{"line":15,"column":0},"end":{"line":15,"column":71}},"16":{"start":{"line":16,"column":0},"end":{"line":16,"column":87}},"17":{"start":{"line":18,"column":0},"end":{"line":20,"column":1}},"18":{"start":{"line":19,"column":4},"end":{"line":19,"column":36}},"19":{"start":{"line":22,"column":0},"end":{"line":64,"column":2}},"20":{"start":{"line":27,"column":8},"end":{"line":27,"column":20}},"21":{"start":{"line":31,"column":8},"end":{"line":36,"column":9}},"22":{"start":{"line":32,"column":12},"end":{"line":32,"column":38}},"23":{"start":{"line":35,"column":12},"end":{"line":35,"column":40}},"24":{"start":{"line":39,"column":8},"end":{"line":39,"column":20}},"25":{"start":{"line":43,"column":8},"end":{"line":43,"column":21}},"26":{"start":{"line":44,"column":8},"end":{"line":48,"column":9}},"27":{"start":{"line":45,"column":12},"end":{"line":45,"column":38}},"28":{"start":{"line":47,"column":12},"end":{"line":47,"column":43}},"29":{"start":{"line":50,"column":8},"end":{"line":50,"column":59}},"30":{"start":{"line":51,"column":8},"end":{"line":53,"column":9}},"31":{"start":{"line":52,"column":12},"end":{"line":52,"column":31}},"32":{"start":{"line":55,"column":8},"end":{"line":55,"column":27}},"33":{"start":{"line":56,"column":8},"end":{"line":60,"column":9}},"34":{"start":{"line":57,"column":12},"end":{"line":57,"column":26}},"35":{"start":{"line":58,"column":15},"end":{"line":60,"column":9}},"36":{"start":{"line":59,"column":12},"end":{"line":59,"column":48}},"37":{"start":{"line":61,"column":8},"end":{"line":61,"column":50}},"38":{"start":{"line":62,"column":8},"end":{"line":62,"column":22}},"39":{"start":{"line":67,"column":0},"end":{"line":110,"column":1}},"40":{"start":{"line":68,"column":4},"end":{"line":68,"column":28}},"41":{"start":{"line":69,"column":4},"end":{"line":69,"column":47}},"42":{"start":{"line":70,"column":4},"end":{"line":70,"column":59}},"43":{"start":{"line":71,"column":4},"end":{"line":71,"column":44}},"44":{"start":{"line":72,"column":4},"end":{"line":78,"column":5}},"45":{"start":{"line":73,"column":8},"end":{"line":73,"column":37}},"46":{"start":{"line":75,"column":8},"end":{"line":75,"column":33}},"47":{"start":{"line":76,"column":8},"end":{"line":76,"column":35}},"48":{"start":{"line":77,"column":8},"end":{"line":77,"column":33}},"49":{"start":{"line":79,"column":4},"end":{"line":79,"column":66}},"50":{"start":{"line":80,"column":4},"end":{"line":80,"column":59}},"51":{"start":{"line":83,"column":4},"end":{"line":83,"column":20}},"52":{"start":{"line":84,"column":4},"end":{"line":88,"column":6}},"53":{"start":{"line":85,"column":8},"end":{"line":87,"column":11}},"54":{"start":{"line":86,"column":12},"end":{"line":86,"column":42}},"55":{"start":{"line":89,"column":4},"end":{"line":93,"column":6}},"56":{"start":{"line":90,"column":8},"end":{"line":92,"column":11}},"57":{"start":{"line":91,"column":12},"end":{"line":91,"column":38}},"58":{"start":{"line":94,"column":4},"end":{"line":108,"column":6}},"59":{"start":{"line":95,"column":8},"end":{"line":95,"column":32}},"60":{"start":{"line":96,"column":8},"end":{"line":96,"column":41}},"61":{"start":{"line":97,"column":8},"end":{"line":100,"column":9}},"62":{"start":{"line":98,"column":12},"end":{"line":98,"column":51}},"63":{"start":{"line":99,"column":12},"end":{"line":99,"column":39}},"64":{"start":{"line":101,"column":8},"end":{"line":101,"column":37}},"65":{"start":{"line":102,"column":8},"end":{"line":107,"column":9}},"66":{"start":{"line":103,"column":12},"end":{"line":105,"column":13}},"67":{"start":{"line":104,"column":16},"end":{"line":104,"column":31}},"68":{"start":{"line":106,"column":12},"end":{"line":106,"column":39}},"69":{"start":{"line":109,"column":4},"end":{"line":109,"column":62}},"70":{"start":{"line":112,"column":0},"end":{"line":112,"column":12}},"71":{"start":{"line":113,"column":0},"end":{"line":123,"column":1}},"72":{"start":{"line":114,"column":4},"end":{"line":114,"column":24}},"73":{"start":{"line":115,"column":4},"end":{"line":121,"column":7}},"74":{"start":{"line":116,"column":8},"end":{"line":120,"column":9}},"75":{"start":{"line":117,"column":12},"end":{"line":117,"column":30}},"76":{"start":{"line":119,"column":12},"end":{"line":119,"column":60}},"77":{"start":{"line":122,"column":4},"end":{"line":122,"column":20}},"78":{"start":{"line":125,"column":0},"end":{"line":136,"column":1}},"79":{"start":{"line":126,"column":4},"end":{"line":135,"column":7}},"80":{"start":{"line":127,"column":8},"end":{"line":127,"column":59}},"81":{"start":{"line":128,"column":8},"end":{"line":128,"column":30}},"82":{"start":{"line":129,"column":8},"end":{"line":134,"column":10}},"83":{"start":{"line":132,"column":16},"end":{"line":132,"column":50}},"84":{"start":{"line":138,"column":0},"end":{"line":197,"column":1}},"85":{"start":{"line":139,"column":4},"end":{"line":139,"column":51}},"86":{"start":{"line":140,"column":4},"end":{"line":142,"column":7}},"87":{"start":{"line":141,"column":8},"end":{"line":141,"column":42}},"88":{"start":{"line":143,"column":4},"end":{"line":196,"column":7}},"89":{"start":{"line":144,"column":8},"end":{"line":151,"column":9}},"90":{"start":{"line":145,"column":12},"end":{"line":149,"column":13}},"91":{"start":{"line":146,"column":16},"end":{"line":146,"column":28}},"92":{"start":{"line":148,"column":16},"end":{"line":148,"column":28}},"93":{"start":{"line":150,"column":12},"end":{"line":150,"column":40}},"94":{"start":{"line":153,"column":8},"end":{"line":153,"column":32}},"95":{"start":{"line":154,"column":8},"end":{"line":195,"column":11}},"96":{"start":{"line":155,"column":12},"end":{"line":157,"column":13}},"97":{"start":{"line":156,"column":16},"end":{"line":156,"column":46}},"98":{"start":{"line":158,"column":12},"end":{"line":158,"column":61}},"99":{"start":{"line":159,"column":12},"end":{"line":194,"column":13}},"100":{"start":{"line":160,"column":16},"end":{"line":160,"column":35}},"101":{"start":{"line":161,"column":16},"end":{"line":161,"column":54}},"102":{"start":{"line":163,"column":16},"end":{"line":165,"column":17}},"103":{"start":{"line":164,"column":20},"end":{"line":164,"column":39}},"104":{"start":{"line":167,"column":16},"end":{"line":169,"column":19}},"105":{"start":{"line":168,"column":20},"end":{"line":168,"column":63}},"106":{"start":{"line":171,"column":16},"end":{"line":175,"column":17}},"107":{"start":{"line":172,"column":20},"end":{"line":172,"column":39}},"108":{"start":{"line":174,"column":20},"end":{"line":174,"column":41}},"109":{"start":{"line":177,"column":16},"end":{"line":177,"column":57}},"110":{"start":{"line":178,"column":16},"end":{"line":193,"column":19}},"111":{"start":{"line":179,"column":20},"end":{"line":179,"column":49}},"112":{"start":{"line":180,"column":20},"end":{"line":182,"column":22}},"113":{"start":{"line":181,"column":24},"end":{"line":181,"column":56}},"114":{"start":{"line":183,"column":20},"end":{"line":183,"column":52}},"115":{"start":{"line":184,"column":20},"end":{"line":188,"column":23}},"116":{"start":{"line":185,"column":24},"end":{"line":187,"column":26}},"117":{"start":{"line":186,"column":28},"end":{"line":186,"column":56}},"118":{"start":{"line":189,"column":20},"end":{"line":189,"column":57}},"119":{"start":{"line":190,"column":20},"end":{"line":192,"column":23}},"120":{"start":{"line":199,"column":0},"end":{"line":247,"column":1}},"121":{"start":{"line":200,"column":4},"end":{"line":200,"column":45}},"122":{"start":{"line":202,"column":4},"end":{"line":232,"column":5}},"123":{"start":{"line":203,"column":8},"end":{"line":203,"column":34}},"124":{"start":{"line":204,"column":8},"end":{"line":204,"column":26}},"125":{"start":{"line":205,"column":8},"end":{"line":211,"column":11}},"126":{"start":{"line":206,"column":12},"end":{"line":206,"column":70}},"127":{"start":{"line":207,"column":12},"end":{"line":209,"column":15}},"128":{"start":{"line":208,"column":16},"end":{"line":208,"column":50}},"129":{"start":{"line":210,"column":12},"end":{"line":210,"column":47}},"130":{"start":{"line":213,"column":8},"end":{"line":231,"column":12}},"131":{"start":{"line":214,"column":12},"end":{"line":220,"column":15}},"132":{"start":{"line":215,"column":16},"end":{"line":219,"column":19}},"133":{"start":{"line":216,"column":20},"end":{"line":218,"column":21}},"134":{"start":{"line":217,"column":24},"end":{"line":217,"column":58}},"135":{"start":{"line":222,"column":12},"end":{"line":230,"column":13}},"136":{"start":{"line":223,"column":16},"end":{"line":225,"column":19}},"137":{"start":{"line":224,"column":20},"end":{"line":224,"column":60}},"138":{"start":{"line":227,"column":16},"end":{"line":229,"column":19}},"139":{"start":{"line":228,"column":20},"end":{"line":228,"column":84}},"140":{"start":{"line":233,"column":4},"end":{"line":233,"column":30}},"141":{"start":{"line":234,"column":4},"end":{"line":234,"column":42}},"142":{"start":{"line":235,"column":4},"end":{"line":235,"column":22}},"143":{"start":{"line":236,"column":4},"end":{"line":240,"column":6}},"144":{"start":{"line":237,"column":8},"end":{"line":237,"column":54}},"145":{"start":{"line":238,"column":8},"end":{"line":238,"column":43}},"146":{"start":{"line":239,"column":8},"end":{"line":239,"column":58}},"147":{"start":{"line":241,"column":4},"end":{"line":245,"column":6}},"148":{"start":{"line":242,"column":8},"end":{"line":242,"column":54}},"149":{"start":{"line":243,"column":8},"end":{"line":243,"column":47}},"150":{"start":{"line":244,"column":8},"end":{"line":244,"column":58}},"151":{"start":{"line":246,"column":4},"end":{"line":246,"column":20}},"152":{"start":{"line":249,"column":0},"end":{"line":251,"column":2}},"153":{"start":{"line":250,"column":4},"end":{"line":250,"column":52}},"154":{"start":{"line":253,"column":0},"end":{"line":269,"column":2}},"155":{"start":{"line":254,"column":4},"end":{"line":254,"column":20}},"156":{"start":{"line":256,"column":4},"end":{"line":256,"column":52}},"157":{"start":{"line":257,"column":4},"end":{"line":264,"column":5}},"158":{"start":{"line":259,"column":8},"end":{"line":259,"column":26}},"159":{"start":{"line":260,"column":8},"end":{"line":262,"column":9}},"160":{"start":{"line":261,"column":12},"end":{"line":261,"column":66}},"161":{"start":{"line":263,"column":8},"end":{"line":263,"column":26}},"162":{"start":{"line":266,"column":4},"end":{"line":268,"column":7}},"163":{"start":{"line":267,"column":8},"end":{"line":267,"column":49}},"164":{"start":{"line":271,"column":0},"end":{"line":300,"column":2}},"165":{"start":{"line":272,"column":4},"end":{"line":272,"column":18}},"166":{"start":{"line":273,"column":4},"end":{"line":273,"column":20}},"167":{"start":{"line":274,"column":4},"end":{"line":295,"column":6}},"168":{"start":{"line":275,"column":8},"end":{"line":275,"column":43}},"169":{"start":{"line":276,"column":8},"end":{"line":278,"column":9}},"170":{"start":{"line":277,"column":12},"end":{"line":277,"column":38}},"171":{"start":{"line":280,"column":8},"end":{"line":280,"column":26}},"172":{"start":{"line":281,"column":8},"end":{"line":283,"column":9}},"173":{"start":{"line":282,"column":12},"end":{"line":282,"column":45}},"174":{"start":{"line":285,"column":8},"end":{"line":294,"column":11}},"175":{"start":{"line":286,"column":12},"end":{"line":286,"column":36}},"176":{"start":{"line":287,"column":12},"end":{"line":287,"column":27}},"177":{"start":{"line":288,"column":12},"end":{"line":290,"column":13}},"178":{"start":{"line":289,"column":16},"end":{"line":289,"column":46}},"179":{"start":{"line":291,"column":12},"end":{"line":291,"column":66}},"180":{"start":{"line":292,"column":12},"end":{"line":292,"column":23}},"181":{"start":{"line":293,"column":12},"end":{"line":293,"column":26}},"182":{"start":{"line":297,"column":4},"end":{"line":297,"column":105}},"183":{"start":{"line":298,"column":4},"end":{"line":298,"column":43}},"184":{"start":{"line":299,"column":4},"end":{"line":299,"column":96}},"185":{"start":{"line":302,"column":0},"end":{"line":350,"column":2}},"186":{"start":{"line":303,"column":4},"end":{"line":303,"column":20}},"187":{"start":{"line":304,"column":4},"end":{"line":332,"column":5}},"188":{"start":{"line":305,"column":8},"end":{"line":307,"column":9}},"189":{"start":{"line":306,"column":12},"end":{"line":306,"column":22}},"190":{"start":{"line":309,"column":8},"end":{"line":309,"column":24}},"191":{"start":{"line":310,"column":8},"end":{"line":330,"column":11}},"192":{"start":{"line":311,"column":12},"end":{"line":311,"column":56}},"193":{"start":{"line":312,"column":12},"end":{"line":329,"column":13}},"194":{"start":{"line":313,"column":16},"end":{"line":315,"column":19}},"195":{"start":{"line":314,"column":20},"end":{"line":314,"column":52}},"196":{"start":{"line":316,"column":19},"end":{"line":329,"column":13}},"197":{"start":{"line":317,"column":16},"end":{"line":320,"column":19}},"198":{"start":{"line":321,"column":16},"end":{"line":323,"column":19}},"199":{"start":{"line":324,"column":16},"end":{"line":326,"column":17}},"200":{"start":{"line":325,"column":20},"end":{"line":325,"column":36}},"201":{"start":{"line":328,"column":16},"end":{"line":328,"column":35}},"202":{"start":{"line":331,"column":8},"end":{"line":331,"column":22}},"203":{"start":{"line":333,"column":4},"end":{"line":333,"column":20}},"204":{"start":{"line":334,"column":4},"end":{"line":348,"column":7}},"205":{"start":{"line":335,"column":8},"end":{"line":347,"column":9}},"206":{"start":{"line":336,"column":12},"end":{"line":341,"column":15}},"207":{"start":{"line":337,"column":16},"end":{"line":340,"column":20}},"208":{"start":{"line":343,"column":12},"end":{"line":346,"column":16}},"209":{"start":{"line":349,"column":4},"end":{"line":349,"column":18}},"210":{"start":{"line":352,"column":0},"end":{"line":452,"column":2}},"211":{"start":{"line":353,"column":4},"end":{"line":353,"column":20}},"212":{"start":{"line":354,"column":4},"end":{"line":354,"column":20}},"213":{"start":{"line":355,"column":4},"end":{"line":355,"column":22}},"214":{"start":{"line":357,"column":4},"end":{"line":363,"column":5}},"215":{"start":{"line":358,"column":8},"end":{"line":358,"column":47}},"216":{"start":{"line":359,"column":8},"end":{"line":361,"column":9}},"217":{"start":{"line":360,"column":12},"end":{"line":360,"column":84}},"218":{"start":{"line":362,"column":8},"end":{"line":362,"column":22}},"219":{"start":{"line":365,"column":4},"end":{"line":378,"column":5}},"220":{"start":{"line":366,"column":8},"end":{"line":377,"column":11}},"221":{"start":{"line":367,"column":12},"end":{"line":367,"column":99}},"222":{"start":{"line":368,"column":12},"end":{"line":370,"column":13}},"223":{"start":{"line":369,"column":16},"end":{"line":369,"column":79}},"224":{"start":{"line":371,"column":12},"end":{"line":371,"column":51}},"225":{"start":{"line":372,"column":12},"end":{"line":376,"column":14}},"226":{"start":{"line":380,"column":4},"end":{"line":384,"column":5}},"227":{"start":{"line":381,"column":8},"end":{"line":383,"column":11}},"228":{"start":{"line":382,"column":12},"end":{"line":382,"column":60}},"229":{"start":{"line":385,"column":4},"end":{"line":395,"column":7}},"230":{"start":{"line":386,"column":8},"end":{"line":388,"column":9}},"231":{"start":{"line":387,"column":12},"end":{"line":387,"column":105}},"232":{"start":{"line":389,"column":8},"end":{"line":393,"column":9}},"233":{"start":{"line":390,"column":12},"end":{"line":390,"column":39}},"234":{"start":{"line":392,"column":12},"end":{"line":392,"column":35}},"235":{"start":{"line":394,"column":8},"end":{"line":394,"column":31}},"236":{"start":{"line":397,"column":4},"end":{"line":397,"column":18}},"237":{"start":{"line":398,"column":4},"end":{"line":410,"column":5}},"238":{"start":{"line":399,"column":8},"end":{"line":403,"column":10}},"239":{"start":{"line":405,"column":8},"end":{"line":409,"column":10}},"240":{"start":{"line":412,"column":4},"end":{"line":414,"column":5}},"241":{"start":{"line":413,"column":8},"end":{"line":413,"column":76}},"242":{"start":{"line":415,"column":4},"end":{"line":417,"column":5}},"243":{"start":{"line":416,"column":8},"end":{"line":416,"column":73}},"244":{"start":{"line":418,"column":4},"end":{"line":420,"column":5}},"245":{"start":{"line":419,"column":8},"end":{"line":419,"column":90}},"246":{"start":{"line":421,"column":4},"end":{"line":423,"column":5}},"247":{"start":{"line":421,"column":45},"end":{"line":421,"column":76}},"248":{"start":{"line":422,"column":8},"end":{"line":422,"column":83}},"249":{"start":{"line":425,"column":4},"end":{"line":427,"column":5}},"250":{"start":{"line":426,"column":8},"end":{"line":426,"column":98}},"251":{"start":{"line":428,"column":4},"end":{"line":434,"column":5}},"252":{"start":{"line":429,"column":8},"end":{"line":431,"column":11}},"253":{"start":{"line":430,"column":12},"end":{"line":430,"column":55}},"254":{"start":{"line":433,"column":8},"end":{"line":433,"column":100}},"255":{"start":{"line":436,"column":4},"end":{"line":436,"column":78}},"256":{"start":{"line":437,"column":4},"end":{"line":439,"column":7}},"257":{"start":{"line":438,"column":8},"end":{"line":438,"column":51}},"258":{"start":{"line":441,"column":4},"end":{"line":443,"column":5}},"259":{"start":{"line":442,"column":8},"end":{"line":442,"column":103}},"260":{"start":{"line":445,"column":4},"end":{"line":449,"column":5}},"261":{"start":{"line":446,"column":8},"end":{"line":446,"column":44}},"262":{"start":{"line":448,"column":8},"end":{"line":448,"column":99}},"263":{"start":{"line":451,"column":4},"end":{"line":451,"column":50}},"264":{"start":{"line":454,"column":0},"end":{"line":454,"column":46}},"265":{"start":{"line":455,"column":0},"end":{"line":455,"column":36}},"266":{"start":{"line":456,"column":0},"end":{"line":530,"column":2}},"267":{"start":{"line":457,"column":4},"end":{"line":460,"column":5}},"268":{"start":{"line":458,"column":8},"end":{"line":458,"column":47}},"269":{"start":{"line":459,"column":8},"end":{"line":459,"column":18}},"270":{"start":{"line":462,"column":4},"end":{"line":464,"column":5}},"271":{"start":{"line":463,"column":8},"end":{"line":463,"column":18}},"272":{"start":{"line":466,"column":4},"end":{"line":466,"column":49}},"273":{"start":{"line":467,"column":4},"end":{"line":527,"column":5}},"274":{"start":{"line":468,"column":8},"end":{"line":468,"column":35}},"275":{"start":{"line":469,"column":8},"end":{"line":469,"column":27}},"276":{"start":{"line":470,"column":11},"end":{"line":527,"column":5}},"277":{"start":{"line":471,"column":8},"end":{"line":473,"column":9}},"278":{"start":{"line":472,"column":12},"end":{"line":472,"column":39}},"279":{"start":{"line":474,"column":8},"end":{"line":486,"column":10}},"280":{"start":{"line":475,"column":12},"end":{"line":485,"column":13}},"281":{"start":{"line":476,"column":16},"end":{"line":482,"column":17}},"282":{"start":{"line":477,"column":20},"end":{"line":477,"column":47}},"283":{"start":{"line":478,"column":23},"end":{"line":482,"column":17}},"284":{"start":{"line":479,"column":20},"end":{"line":479,"column":53}},"285":{"start":{"line":481,"column":20},"end":{"line":481,"column":53}},"286":{"start":{"line":484,"column":16},"end":{"line":484,"column":49}},"287":{"start":{"line":487,"column":8},"end":{"line":494,"column":11}},"288":{"start":{"line":488,"column":12},"end":{"line":488,"column":33}},"289":{"start":{"line":489,"column":12},"end":{"line":493,"column":13}},"290":{"start":{"line":490,"column":16},"end":{"line":490,"column":41}},"291":{"start":{"line":491,"column":19},"end":{"line":493,"column":13}},"292":{"start":{"line":492,"column":16},"end":{"line":492,"column":35}},"293":{"start":{"line":496,"column":8},"end":{"line":496,"column":28}},"294":{"start":{"line":497,"column":8},"end":{"line":502,"column":9}},"295":{"start":{"line":498,"column":12},"end":{"line":498,"column":62}},"296":{"start":{"line":499,"column":12},"end":{"line":501,"column":13}},"297":{"start":{"line":500,"column":16},"end":{"line":500,"column":54}},"298":{"start":{"line":503,"column":8},"end":{"line":503,"column":35}},"299":{"start":{"line":504,"column":8},"end":{"line":526,"column":10}},"300":{"start":{"line":505,"column":12},"end":{"line":505,"column":65}},"301":{"start":{"line":506,"column":12},"end":{"line":506,"column":63}},"302":{"start":{"line":507,"column":12},"end":{"line":525,"column":15}},"303":{"start":{"line":508,"column":16},"end":{"line":508,"column":58}},"304":{"start":{"line":509,"column":16},"end":{"line":524,"column":17}},"305":{"start":{"line":510,"column":20},"end":{"line":510,"column":41}},"306":{"start":{"line":511,"column":20},"end":{"line":520,"column":21}},"307":{"start":{"line":512,"column":24},"end":{"line":512,"column":68}},"308":{"start":{"line":513,"column":24},"end":{"line":517,"column":25}},"309":{"start":{"line":514,"column":28},"end":{"line":514,"column":58}},"310":{"start":{"line":516,"column":28},"end":{"line":516,"column":67}},"311":{"start":{"line":519,"column":24},"end":{"line":519,"column":46}},"312":{"start":{"line":523,"column":20},"end":{"line":523,"column":40}},"313":{"start":{"line":529,"column":4},"end":{"line":529,"column":16}},"314":{"start":{"line":532,"column":0},"end":{"line":540,"column":1}},"315":{"start":{"line":533,"column":4},"end":{"line":538,"column":5}},"316":{"start":{"line":534,"column":8},"end":{"line":534,"column":28}},"317":{"start":{"line":535,"column":8},"end":{"line":537,"column":9}},"318":{"start":{"line":536,"column":12},"end":{"line":536,"column":21}},"319":{"start":{"line":539,"column":4},"end":{"line":539,"column":31}},"320":{"start":{"line":542,"column":0},"end":{"line":548,"column":1}},"321":{"start":{"line":543,"column":4},"end":{"line":547,"column":8}},"322":{"start":{"line":544,"column":8},"end":{"line":545,"column":20}},"323":{"start":{"line":546,"column":8},"end":{"line":546,"column":49}},"324":{"start":{"line":552,"column":0},"end":{"line":619,"column":2}},"325":{"start":{"line":553,"column":4},"end":{"line":561,"column":5}},"326":{"start":{"line":554,"column":8},"end":{"line":554,"column":123}},"327":{"start":{"line":555,"column":8},"end":{"line":559,"column":9}},"328":{"start":{"line":556,"column":12},"end":{"line":558,"column":84}},"329":{"start":{"line":560,"column":8},"end":{"line":560,"column":38}},"330":{"start":{"line":562,"column":4},"end":{"line":562,"column":96}},"331":{"start":{"line":563,"column":4},"end":{"line":571,"column":7}},"332":{"start":{"line":564,"column":8},"end":{"line":570,"column":9}},"333":{"start":{"line":565,"column":12},"end":{"line":565,"column":77}},"334":{"start":{"line":567,"column":12},"end":{"line":569,"column":13}},"335":{"start":{"line":568,"column":16},"end":{"line":568,"column":89}},"336":{"start":{"line":573,"column":4},"end":{"line":573,"column":20}},"337":{"start":{"line":574,"column":4},"end":{"line":574,"column":37}},"338":{"start":{"line":576,"column":4},"end":{"line":576,"column":32}},"339":{"start":{"line":577,"column":4},"end":{"line":577,"column":31}},"340":{"start":{"line":578,"column":4},"end":{"line":599,"column":7}},"341":{"start":{"line":579,"column":8},"end":{"line":579,"column":65}},"342":{"start":{"line":580,"column":8},"end":{"line":598,"column":11}},"343":{"start":{"line":581,"column":12},"end":{"line":581,"column":82}},"344":{"start":{"line":582,"column":12},"end":{"line":582,"column":85}},"345":{"start":{"line":583,"column":12},"end":{"line":597,"column":15}},"346":{"start":{"line":584,"column":16},"end":{"line":586,"column":19}},"347":{"start":{"line":585,"column":20},"end":{"line":585,"column":53}},"348":{"start":{"line":588,"column":16},"end":{"line":596,"column":19}},"349":{"start":{"line":601,"column":4},"end":{"line":616,"column":7}},"350":{"start":{"line":603,"column":8},"end":{"line":603,"column":70}},"351":{"start":{"line":605,"column":8},"end":{"line":605,"column":74}},"352":{"start":{"line":606,"column":8},"end":{"line":606,"column":69}},"353":{"start":{"line":607,"column":8},"end":{"line":615,"column":9}},"354":{"start":{"line":608,"column":12},"end":{"line":608,"column":66}},"355":{"start":{"line":610,"column":12},"end":{"line":610,"column":22}},"356":{"start":{"line":611,"column":12},"end":{"line":613,"column":13}},"357":{"start":{"line":612,"column":16},"end":{"line":612,"column":23}},"358":{"start":{"line":614,"column":12},"end":{"line":614,"column":52}},"359":{"start":{"line":618,"column":4},"end":{"line":618,"column":23}},"360":{"start":{"line":621,"column":0},"end":{"line":700,"column":2}},"361":{"start":{"line":622,"column":4},"end":{"line":622,"column":20}},"362":{"start":{"line":623,"column":4},"end":{"line":623,"column":17}},"363":{"start":{"line":624,"column":4},"end":{"line":626,"column":5}},"364":{"start":{"line":625,"column":8},"end":{"line":625,"column":115}},"365":{"start":{"line":628,"column":4},"end":{"line":630,"column":5}},"366":{"start":{"line":629,"column":8},"end":{"line":629,"column":137}},"367":{"start":{"line":632,"column":4},"end":{"line":634,"column":5}},"368":{"start":{"line":633,"column":8},"end":{"line":633,"column":83}},"369":{"start":{"line":636,"column":4},"end":{"line":646,"column":5}},"370":{"start":{"line":637,"column":8},"end":{"line":639,"column":11}},"371":{"start":{"line":638,"column":12},"end":{"line":638,"column":40}},"372":{"start":{"line":641,"column":8},"end":{"line":643,"column":9}},"373":{"start":{"line":642,"column":12},"end":{"line":642,"column":63}},"374":{"start":{"line":645,"column":8},"end":{"line":645,"column":27}},"375":{"start":{"line":648,"column":4},"end":{"line":648,"column":51}},"376":{"start":{"line":649,"column":4},"end":{"line":657,"column":6}},"377":{"start":{"line":650,"column":8},"end":{"line":652,"column":9}},"378":{"start":{"line":651,"column":12},"end":{"line":651,"column":104}},"379":{"start":{"line":654,"column":8},"end":{"line":656,"column":11}},"380":{"start":{"line":655,"column":12},"end":{"line":655,"column":64}},"381":{"start":{"line":659,"column":4},"end":{"line":673,"column":6}},"382":{"start":{"line":660,"column":8},"end":{"line":662,"column":9}},"383":{"start":{"line":661,"column":12},"end":{"line":661,"column":101}},"384":{"start":{"line":664,"column":8},"end":{"line":672,"column":46}},"385":{"start":{"line":667,"column":26},"end":{"line":667,"column":77}},"386":{"start":{"line":670,"column":26},"end":{"line":670,"column":78}},"387":{"start":{"line":675,"column":4},"end":{"line":677,"column":6}},"388":{"start":{"line":676,"column":8},"end":{"line":676,"column":71}},"389":{"start":{"line":679,"column":4},"end":{"line":679,"column":82}},"390":{"start":{"line":680,"column":4},"end":{"line":680,"column":47}},"391":{"start":{"line":682,"column":4},"end":{"line":688,"column":6}},"392":{"start":{"line":683,"column":8},"end":{"line":687,"column":9}},"393":{"start":{"line":684,"column":12},"end":{"line":684,"column":40}},"394":{"start":{"line":686,"column":12},"end":{"line":686,"column":75}},"395":{"start":{"line":689,"column":4},"end":{"line":693,"column":5}},"396":{"start":{"line":690,"column":8},"end":{"line":690,"column":38}},"397":{"start":{"line":692,"column":8},"end":{"line":692,"column":41}},"398":{"start":{"line":695,"column":4},"end":{"line":695,"column":44}},"399":{"start":{"line":696,"column":4},"end":{"line":696,"column":40}},"400":{"start":{"line":697,"column":4},"end":{"line":697,"column":54}},"401":{"start":{"line":699,"column":4},"end":{"line":699,"column":23}},"402":{"start":{"line":702,"column":0},"end":{"line":704,"column":2}},"403":{"start":{"line":703,"column":4},"end":{"line":703,"column":62}},"404":{"start":{"line":706,"column":0},"end":{"line":708,"column":2}},"405":{"start":{"line":707,"column":4},"end":{"line":707,"column":66}},"406":{"start":{"line":710,"column":0},"end":{"line":779,"column":2}},"407":{"start":{"line":711,"column":4},"end":{"line":720,"column":7}},"408":{"start":{"line":712,"column":8},"end":{"line":719,"column":9}},"409":{"start":{"line":713,"column":12},"end":{"line":713,"column":24}},"410":{"start":{"line":714,"column":15},"end":{"line":719,"column":9}},"411":{"start":{"line":715,"column":12},"end":{"line":715,"column":59}},"412":{"start":{"line":716,"column":12},"end":{"line":716,"column":94}},"413":{"start":{"line":718,"column":12},"end":{"line":718,"column":56}},"414":{"start":{"line":722,"column":4},"end":{"line":736,"column":5}},"415":{"start":{"line":723,"column":8},"end":{"line":735,"column":9}},"416":{"start":{"line":725,"column":12},"end":{"line":725,"column":31}},"417":{"start":{"line":727,"column":12},"end":{"line":734,"column":99}},"418":{"start":{"line":738,"column":4},"end":{"line":748,"column":5}},"419":{"start":{"line":741,"column":8},"end":{"line":747,"column":29}},"420":{"start":{"line":750,"column":4},"end":{"line":752,"column":5}},"421":{"start":{"line":751,"column":8},"end":{"line":751,"column":148}},"422":{"start":{"line":754,"column":4},"end":{"line":769,"column":5}},"423":{"start":{"line":755,"column":8},"end":{"line":755,"column":53}},"424":{"start":{"line":756,"column":8},"end":{"line":760,"column":11}},"425":{"start":{"line":757,"column":12},"end":{"line":759,"column":15}},"426":{"start":{"line":758,"column":16},"end":{"line":758,"column":50}},"427":{"start":{"line":762,"column":8},"end":{"line":768,"column":9}},"428":{"start":{"line":763,"column":12},"end":{"line":763,"column":92}},"429":{"start":{"line":764,"column":15},"end":{"line":768,"column":9}},"430":{"start":{"line":765,"column":12},"end":{"line":767,"column":99}},"431":{"start":{"line":771,"column":4},"end":{"line":771,"column":39}},"432":{"start":{"line":772,"column":4},"end":{"line":776,"column":5}},"433":{"start":{"line":773,"column":8},"end":{"line":773,"column":28}},"434":{"start":{"line":775,"column":8},"end":{"line":775,"column":40}},"435":{"start":{"line":778,"column":4},"end":{"line":778,"column":23}},"436":{"start":{"line":781,"column":0},"end":{"line":786,"column":2}},"437":{"start":{"line":782,"column":4},"end":{"line":785,"column":8}},"438":{"start":{"line":783,"column":8},"end":{"line":783,"column":37}},"439":{"start":{"line":784,"column":8},"end":{"line":784,"column":26}},"440":{"start":{"line":788,"column":0},"end":{"line":788,"column":62}},"441":{"start":{"line":790,"column":0},"end":{"line":827,"column":1}},"442":{"start":{"line":791,"column":4},"end":{"line":791,"column":49}},"443":{"start":{"line":792,"column":4},"end":{"line":792,"column":47}},"444":{"start":{"line":793,"column":4},"end":{"line":793,"column":53}},"445":{"start":{"line":794,"column":4},"end":{"line":794,"column":57}},"446":{"start":{"line":795,"column":4},"end":{"line":795,"column":46}},"447":{"start":{"line":796,"column":4},"end":{"line":805,"column":6}},"448":{"start":{"line":797,"column":8},"end":{"line":804,"column":9}},"449":{"start":{"line":798,"column":12},"end":{"line":798,"column":57}},"450":{"start":{"line":800,"column":12},"end":{"line":802,"column":13}},"451":{"start":{"line":801,"column":16},"end":{"line":801,"column":46}},"452":{"start":{"line":803,"column":12},"end":{"line":803,"column":20}},"453":{"start":{"line":807,"column":4},"end":{"line":807,"column":67}},"454":{"start":{"line":808,"column":4},"end":{"line":808,"column":51}},"455":{"start":{"line":809,"column":4},"end":{"line":809,"column":53}},"456":{"start":{"line":810,"column":4},"end":{"line":810,"column":33}},"457":{"start":{"line":811,"column":4},"end":{"line":811,"column":44}},"458":{"start":{"line":812,"column":4},"end":{"line":812,"column":67}},"459":{"start":{"line":813,"column":4},"end":{"line":813,"column":59}},"460":{"start":{"line":814,"column":4},"end":{"line":814,"column":67}},"461":{"start":{"line":815,"column":4},"end":{"line":815,"column":57}},"462":{"start":{"line":816,"column":4},"end":{"line":816,"column":40}},"463":{"start":{"line":817,"column":4},"end":{"line":817,"column":53}},"464":{"start":{"line":818,"column":4},"end":{"line":818,"column":59}},"465":{"start":{"line":819,"column":4},"end":{"line":819,"column":46}},"466":{"start":{"line":820,"column":4},"end":{"line":820,"column":72}},"467":{"start":{"line":821,"column":4},"end":{"line":821,"column":38}},"468":{"start":{"line":822,"column":4},"end":{"line":822,"column":67}},"469":{"start":{"line":824,"column":4},"end":{"line":824,"column":71}},"470":{"start":{"line":826,"column":4},"end":{"line":826,"column":18}},"471":{"start":{"line":829,"column":0},"end":{"line":835,"column":1}},"472":{"start":{"line":830,"column":4},"end":{"line":834,"column":35}},"473":{"start":{"line":831,"column":8},"end":{"line":831,"column":39}},"474":{"start":{"line":832,"column":8},"end":{"line":832,"column":39}},"475":{"start":{"line":833,"column":8},"end":{"line":833,"column":22}},"476":{"start":{"line":837,"column":0},"end":{"line":920,"column":2}},"477":{"start":{"line":838,"column":4},"end":{"line":838,"column":67}},"478":{"start":{"line":839,"column":4},"end":{"line":860,"column":5}},"479":{"start":{"line":840,"column":8},"end":{"line":859,"column":11}},"480":{"start":{"line":842,"column":16},"end":{"line":844,"column":18}},"481":{"start":{"line":843,"column":20},"end":{"line":843,"column":52}},"482":{"start":{"line":845,"column":16},"end":{"line":847,"column":18}},"483":{"start":{"line":846,"column":20},"end":{"line":846,"column":51}},"484":{"start":{"line":848,"column":16},"end":{"line":849,"column":35}},"485":{"start":{"line":850,"column":16},"end":{"line":850,"column":78}},"486":{"start":{"line":851,"column":16},"end":{"line":854,"column":31}},"487":{"start":{"line":852,"column":20},"end":{"line":852,"column":55}},"488":{"start":{"line":853,"column":20},"end":{"line":853,"column":34}},"489":{"start":{"line":855,"column":16},"end":{"line":857,"column":19}},"490":{"start":{"line":856,"column":20},"end":{"line":856,"column":67}},"491":{"start":{"line":862,"column":4},"end":{"line":862,"column":33}},"492":{"start":{"line":863,"column":4},"end":{"line":863,"column":56}},"493":{"start":{"line":864,"column":4},"end":{"line":864,"column":20}},"494":{"start":{"line":866,"column":4},"end":{"line":880,"column":5}},"495":{"start":{"line":867,"column":8},"end":{"line":867,"column":68}},"496":{"start":{"line":868,"column":8},"end":{"line":868,"column":68}},"497":{"start":{"line":869,"column":8},"end":{"line":871,"column":9}},"498":{"start":{"line":870,"column":12},"end":{"line":870,"column":21}},"499":{"start":{"line":872,"column":8},"end":{"line":874,"column":9}},"500":{"start":{"line":873,"column":12},"end":{"line":873,"column":22}},"501":{"start":{"line":875,"column":8},"end":{"line":877,"column":9}},"502":{"start":{"line":876,"column":12},"end":{"line":876,"column":21}},"503":{"start":{"line":879,"column":8},"end":{"line":879,"column":84}},"504":{"start":{"line":882,"column":4},"end":{"line":889,"column":13}},"505":{"start":{"line":883,"column":8},"end":{"line":883,"column":66}},"506":{"start":{"line":885,"column":8},"end":{"line":888,"column":11}},"507":{"start":{"line":891,"column":4},"end":{"line":911,"column":10}},"508":{"start":{"line":892,"column":8},"end":{"line":892,"column":34}},"509":{"start":{"line":893,"column":8},"end":{"line":895,"column":9}},"510":{"start":{"line":894,"column":12},"end":{"line":894,"column":21}},"511":{"start":{"line":897,"column":8},"end":{"line":901,"column":9}},"512":{"start":{"line":898,"column":12},"end":{"line":898,"column":22}},"513":{"start":{"line":900,"column":12},"end":{"line":900,"column":21}},"514":{"start":{"line":903,"column":8},"end":{"line":903,"column":71}},"515":{"start":{"line":905,"column":8},"end":{"line":905,"column":60}},"516":{"start":{"line":906,"column":8},"end":{"line":908,"column":9}},"517":{"start":{"line":907,"column":12},"end":{"line":907,"column":21}},"518":{"start":{"line":910,"column":8},"end":{"line":910,"column":33}},"519":{"start":{"line":913,"column":4},"end":{"line":919,"column":7}},"520":{"start":{"line":916,"column":12},"end":{"line":917,"column":86}},"521":{"start":{"line":922,"column":0},"end":{"line":1000,"column":2}},"522":{"start":{"line":923,"column":4},"end":{"line":923,"column":20}},"523":{"start":{"line":924,"column":4},"end":{"line":926,"column":5}},"524":{"start":{"line":925,"column":8},"end":{"line":925,"column":93}},"525":{"start":{"line":927,"column":4},"end":{"line":927,"column":58}},"526":{"start":{"line":928,"column":4},"end":{"line":930,"column":5}},"527":{"start":{"line":929,"column":8},"end":{"line":929,"column":20}},"528":{"start":{"line":931,"column":4},"end":{"line":931,"column":25}},"529":{"start":{"line":933,"column":4},"end":{"line":940,"column":5}},"530":{"start":{"line":934,"column":8},"end":{"line":934,"column":36}},"531":{"start":{"line":935,"column":8},"end":{"line":938,"column":9}},"532":{"start":{"line":936,"column":12},"end":{"line":936,"column":42}},"533":{"start":{"line":937,"column":12},"end":{"line":937,"column":36}},"534":{"start":{"line":939,"column":8},"end":{"line":939,"column":20}},"535":{"start":{"line":942,"column":4},"end":{"line":957,"column":5}},"536":{"start":{"line":943,"column":8},"end":{"line":945,"column":9}},"537":{"start":{"line":944,"column":12},"end":{"line":944,"column":24}},"538":{"start":{"line":947,"column":8},"end":{"line":956,"column":9}},"539":{"start":{"line":948,"column":12},"end":{"line":952,"column":13}},"540":{"start":{"line":949,"column":16},"end":{"line":951,"column":19}},"541":{"start":{"line":950,"column":20},"end":{"line":950,"column":91}},"542":{"start":{"line":953,"column":12},"end":{"line":953,"column":49}},"543":{"start":{"line":955,"column":12},"end":{"line":955,"column":60}},"544":{"start":{"line":959,"column":4},"end":{"line":983,"column":5}},"545":{"start":{"line":960,"column":8},"end":{"line":962,"column":9}},"546":{"start":{"line":961,"column":12},"end":{"line":961,"column":25}},"547":{"start":{"line":963,"column":8},"end":{"line":965,"column":9}},"548":{"start":{"line":964,"column":12},"end":{"line":964,"column":25}},"549":{"start":{"line":967,"column":8},"end":{"line":967,"column":67}},"550":{"start":{"line":969,"column":8},"end":{"line":973,"column":9}},"551":{"start":{"line":970,"column":12},"end":{"line":970,"column":25}},"552":{"start":{"line":971,"column":15},"end":{"line":973,"column":9}},"553":{"start":{"line":972,"column":12},"end":{"line":972,"column":24}},"554":{"start":{"line":975,"column":8},"end":{"line":975,"column":68}},"555":{"start":{"line":976,"column":8},"end":{"line":982,"column":11}},"556":{"start":{"line":977,"column":12},"end":{"line":981,"column":13}},"557":{"start":{"line":978,"column":16},"end":{"line":978,"column":70}},"558":{"start":{"line":980,"column":16},"end":{"line":980,"column":70}},"559":{"start":{"line":985,"column":4},"end":{"line":985,"column":19}},"560":{"start":{"line":986,"column":4},"end":{"line":991,"column":5}},"561":{"start":{"line":987,"column":8},"end":{"line":987,"column":30}},"562":{"start":{"line":988,"column":8},"end":{"line":990,"column":9}},"563":{"start":{"line":989,"column":12},"end":{"line":989,"column":27}},"564":{"start":{"line":992,"column":4},"end":{"line":997,"column":5}},"565":{"start":{"line":993,"column":8},"end":{"line":993,"column":30}},"566":{"start":{"line":994,"column":8},"end":{"line":996,"column":9}},"567":{"start":{"line":995,"column":12},"end":{"line":995,"column":27}},"568":{"start":{"line":999,"column":4},"end":{"line":999,"column":16}},"569":{"start":{"line":1002,"column":0},"end":{"line":1006,"column":1}},"570":{"start":{"line":1003,"column":4},"end":{"line":1003,"column":69}},"571":{"start":{"line":1004,"column":4},"end":{"line":1004,"column":31}},"572":{"start":{"line":1005,"column":4},"end":{"line":1005,"column":18}},"573":{"start":{"line":1008,"column":0},"end":{"line":1010,"column":2}},"574":{"start":{"line":1009,"column":4},"end":{"line":1009,"column":46}},"575":{"start":{"line":1012,"column":0},"end":{"line":1128,"column":2}},"576":{"start":{"line":1013,"column":4},"end":{"line":1013,"column":20}},"577":{"start":{"line":1014,"column":4},"end":{"line":1016,"column":5}},"578":{"start":{"line":1015,"column":8},"end":{"line":1015,"column":81}},"579":{"start":{"line":1018,"column":4},"end":{"line":1021,"column":6}},"580":{"start":{"line":1023,"column":4},"end":{"line":1093,"column":5}},"581":{"start":{"line":1024,"column":8},"end":{"line":1024,"column":91}},"582":{"start":{"line":1026,"column":8},"end":{"line":1042,"column":9}},"583":{"start":{"line":1027,"column":12},"end":{"line":1027,"column":58}},"584":{"start":{"line":1028,"column":12},"end":{"line":1038,"column":13}},"585":{"start":{"line":1029,"column":16},"end":{"line":1029,"column":58}},"586":{"start":{"line":1030,"column":16},"end":{"line":1030,"column":92}},"587":{"start":{"line":1031,"column":16},"end":{"line":1031,"column":108}},"588":{"start":{"line":1032,"column":16},"end":{"line":1037,"column":17}},"589":{"start":{"line":1034,"column":20},"end":{"line":1034,"column":51}},"590":{"start":{"line":1035,"column":20},"end":{"line":1035,"column":54}},"591":{"start":{"line":1036,"column":20},"end":{"line":1036,"column":26}},"592":{"start":{"line":1039,"column":12},"end":{"line":1041,"column":13}},"593":{"start":{"line":1040,"column":16},"end":{"line":1040,"column":87}},"594":{"start":{"line":1044,"column":8},"end":{"line":1044,"column":52}},"595":{"start":{"line":1045,"column":8},"end":{"line":1058,"column":10}},"596":{"start":{"line":1046,"column":12},"end":{"line":1046,"column":39}},"597":{"start":{"line":1047,"column":12},"end":{"line":1049,"column":22}},"598":{"start":{"line":1048,"column":16},"end":{"line":1048,"column":82}},"599":{"start":{"line":1051,"column":12},"end":{"line":1051,"column":55}},"600":{"start":{"line":1052,"column":12},"end":{"line":1054,"column":13}},"601":{"start":{"line":1053,"column":16},"end":{"line":1053,"column":43}},"602":{"start":{"line":1055,"column":12},"end":{"line":1057,"column":15}},"603":{"start":{"line":1056,"column":16},"end":{"line":1056,"column":75}},"604":{"start":{"line":1060,"column":8},"end":{"line":1060,"column":78}},"605":{"start":{"line":1062,"column":8},"end":{"line":1062,"column":50}},"606":{"start":{"line":1063,"column":8},"end":{"line":1063,"column":46}},"607":{"start":{"line":1064,"column":8},"end":{"line":1064,"column":64}},"608":{"start":{"line":1065,"column":8},"end":{"line":1065,"column":36}},"609":{"start":{"line":1066,"column":8},"end":{"line":1066,"column":40}},"610":{"start":{"line":1067,"column":8},"end":{"line":1067,"column":62}},"611":{"start":{"line":1068,"column":8},"end":{"line":1068,"column":34}},"612":{"start":{"line":1069,"column":8},"end":{"line":1069,"column":52}},"613":{"start":{"line":1071,"column":8},"end":{"line":1073,"column":10}},"614":{"start":{"line":1072,"column":12},"end":{"line":1072,"column":44}},"615":{"start":{"line":1074,"column":8},"end":{"line":1083,"column":11}},"616":{"start":{"line":1075,"column":12},"end":{"line":1075,"column":62}},"617":{"start":{"line":1076,"column":12},"end":{"line":1078,"column":13}},"618":{"start":{"line":1077,"column":16},"end":{"line":1077,"column":48}},"619":{"start":{"line":1080,"column":12},"end":{"line":1082,"column":14}},"620":{"start":{"line":1081,"column":16},"end":{"line":1081,"column":44}},"621":{"start":{"line":1087,"column":8},"end":{"line":1090,"column":9}},"622":{"start":{"line":1088,"column":12},"end":{"line":1088,"column":72}},"623":{"start":{"line":1089,"column":12},"end":{"line":1089,"column":66}},"624":{"start":{"line":1092,"column":8},"end":{"line":1092,"column":110}},"625":{"start":{"line":1095,"column":4},"end":{"line":1095,"column":47}},"626":{"start":{"line":1096,"column":4},"end":{"line":1098,"column":5}},"627":{"start":{"line":1097,"column":8},"end":{"line":1097,"column":35}},"628":{"start":{"line":1099,"column":4},"end":{"line":1127,"column":5}},"629":{"start":{"line":1100,"column":8},"end":{"line":1100,"column":73}},"630":{"start":{"line":1101,"column":8},"end":{"line":1114,"column":9}},"631":{"start":{"line":1102,"column":12},"end":{"line":1102,"column":41}},"632":{"start":{"line":1103,"column":12},"end":{"line":1108,"column":15}},"633":{"start":{"line":1104,"column":16},"end":{"line":1106,"column":17}},"634":{"start":{"line":1105,"column":20},"end":{"line":1105,"column":44}},"635":{"start":{"line":1107,"column":16},"end":{"line":1107,"column":24}},"636":{"start":{"line":1110,"column":12},"end":{"line":1110,"column":69}},"637":{"start":{"line":1111,"column":12},"end":{"line":1113,"column":13}},"638":{"start":{"line":1112,"column":16},"end":{"line":1112,"column":53}},"639":{"start":{"line":1115,"column":8},"end":{"line":1115,"column":57}},"640":{"start":{"line":1116,"column":8},"end":{"line":1116,"column":22}},"641":{"start":{"line":1118,"column":8},"end":{"line":1125,"column":9}},"642":{"start":{"line":1119,"column":12},"end":{"line":1119,"column":29}},"643":{"start":{"line":1120,"column":12},"end":{"line":1122,"column":13}},"644":{"start":{"line":1121,"column":16},"end":{"line":1121,"column":37}},"645":{"start":{"line":1123,"column":12},"end":{"line":1123,"column":43}},"646":{"start":{"line":1124,"column":12},"end":{"line":1124,"column":27}},"647":{"start":{"line":1126,"column":8},"end":{"line":1126,"column":16}},"648":{"start":{"line":1130,"column":0},"end":{"line":1177,"column":2}},"649":{"start":{"line":1131,"column":4},"end":{"line":1131,"column":20}},"650":{"start":{"line":1133,"column":4},"end":{"line":1144,"column":5}},"651":{"start":{"line":1134,"column":8},"end":{"line":1134,"column":30}},"652":{"start":{"line":1135,"column":8},"end":{"line":1143,"column":11}},"653":{"start":{"line":1136,"column":12},"end":{"line":1142,"column":31}},"654":{"start":{"line":1146,"column":4},"end":{"line":1148,"column":5}},"655":{"start":{"line":1147,"column":8},"end":{"line":1147,"column":77}},"656":{"start":{"line":1150,"column":4},"end":{"line":1176,"column":6}},"657":{"start":{"line":1151,"column":8},"end":{"line":1153,"column":9}},"658":{"start":{"line":1152,"column":12},"end":{"line":1152,"column":82}},"659":{"start":{"line":1154,"column":8},"end":{"line":1154,"column":29}},"660":{"start":{"line":1156,"column":8},"end":{"line":1159,"column":9}},"661":{"start":{"line":1157,"column":12},"end":{"line":1158,"column":77}},"662":{"start":{"line":1160,"column":8},"end":{"line":1160,"column":19}},"663":{"start":{"line":1161,"column":8},"end":{"line":1165,"column":9}},"664":{"start":{"line":1162,"column":12},"end":{"line":1162,"column":26}},"665":{"start":{"line":1164,"column":12},"end":{"line":1164,"column":34}},"666":{"start":{"line":1166,"column":8},"end":{"line":1168,"column":9}},"667":{"start":{"line":1167,"column":12},"end":{"line":1167,"column":104}},"668":{"start":{"line":1169,"column":8},"end":{"line":1175,"column":11}},"669":{"start":{"line":1170,"column":12},"end":{"line":1170,"column":34}},"670":{"start":{"line":1171,"column":12},"end":{"line":1171,"column":19}},"671":{"start":{"line":1173,"column":12},"end":{"line":1173,"column":34}},"672":{"start":{"line":1174,"column":12},"end":{"line":1174,"column":22}},"673":{"start":{"line":1179,"column":0},"end":{"line":1201,"column":2}},"674":{"start":{"line":1180,"column":4},"end":{"line":1180,"column":43}},"675":{"start":{"line":1181,"column":4},"end":{"line":1181,"column":20}},"676":{"start":{"line":1183,"column":4},"end":{"line":1183,"column":28}},"677":{"start":{"line":1184,"column":4},"end":{"line":1184,"column":77}},"678":{"start":{"line":1185,"column":4},"end":{"line":1192,"column":5}},"679":{"start":{"line":1187,"column":8},"end":{"line":1187,"column":26}},"680":{"start":{"line":1188,"column":8},"end":{"line":1190,"column":9}},"681":{"start":{"line":1189,"column":12},"end":{"line":1189,"column":66}},"682":{"start":{"line":1191,"column":8},"end":{"line":1191,"column":21}},"683":{"start":{"line":1194,"column":4},"end":{"line":1200,"column":8}},"684":{"start":{"line":1195,"column":8},"end":{"line":1195,"column":81}},"685":{"start":{"line":1197,"column":8},"end":{"line":1197,"column":56}},"686":{"start":{"line":1199,"column":8},"end":{"line":1199,"column":44}},"687":{"start":{"line":1203,"column":0},"end":{"line":1222,"column":2}},"688":{"start":{"line":12
[...]
n":12}},{"start":{"line":784,"column":12},"end":{"line":784,"column":12}}]},"57":{"line":786,"type":"if","locations":[{"start":{"line":786,"column":16},"end":{"line":786,"column":16}},{"start":{"line":786,"column":16},"end":{"line":786,"column":16}}]},"58":{"line":795,"type":"if","locations":[{"start":{"line":795,"column":12},"end":{"line":795,"column":12}},{"start":{"line":795,"column":12},"end":{"line":795,"column":12}}]},"59":{"line":797,"type":"if","locations":[{"start":{"line":797,"column":19},"end":{"line":797,"column":19}},{"start":{"line":797,"column":19},"end":{"line":797,"column":19}}]},"60":{"line":797,"type":"binary-expr","locations":[{"start":{"line":797,"column":23},"end":{"line":797,"column":47}},{"start":{"line":797,"column":51},"end":{"line":797,"column":77}}]},"61":{"line":800,"type":"if","locations":[{"start":{"line":800,"column":16},"end":{"line":800,"column":16}},{"start":{"line":800,"column":16},"end":{"line":800,"column":16}}]},"62":{"line":809,"type":"if","locations":[{"start":{"line":809,"column":12},"end":{"line":809,"column":12}},{"start":{"line":809,"column":12},"end":{"line":809,"column":12}}]},"63":{"line":812,"type":"if","locations":[{"start":{"line":812,"column":12},"end":{"line":812,"column":12}},{"start":{"line":812,"column":12},"end":{"line":812,"column":12}}]},"64":{"line":863,"type":"if","locations":[{"start":{"line":863,"column":4},"end":{"line":863,"column":4}},{"start":{"line":863,"column":4},"end":{"line":863,"column":4}}]},"65":{"line":880,"type":"if","locations":[{"start":{"line":880,"column":16},"end":{"line":880,"column":16}},{"start":{"line":880,"column":16},"end":{"line":880,"column":16}}]},"66":{"line":880,"type":"binary-expr","locations":[{"start":{"line":880,"column":20},"end":{"line":880,"column":22}},{"start":{"line":880,"column":26},"end":{"line":880,"column":42}}]},"67":{"line":945,"type":"if","locations":[{"start":{"line":945,"column":16},"end":{"line":945,"column":16}},{"start":{"line":945,"column":16},"end":{"line":945,"column":16}}]},"68":{"line":963,"type":"if","locations":[{"start":{"line":963,"column":20},"end":{"line":963,"column":20}},{"start":{"line":963,"column":20},"end":{"line":963,"column":20}}]},"69":{"line":964,"type":"binary-expr","locations":[{"start":{"line":964,"column":48},"end":{"line":964,"column":76}},{"start":{"line":964,"column":80},"end":{"line":964,"column":103}}]},"70":{"line":967,"type":"if","locations":[{"start":{"line":967,"column":16},"end":{"line":967,"column":16}},{"start":{"line":967,"column":16},"end":{"line":967,"column":16}}]},"71":{"line":967,"type":"binary-expr","locations":[{"start":{"line":967,"column":20},"end":{"line":967,"column":39}},{"start":{"line":967,"column":43},"end":{"line":967,"column":60}}]},"72":{"line":971,"type":"if","locations":[{"start":{"line":971,"column":24},"end":{"line":971,"column":24}},{"start":{"line":971,"column":24},"end":{"line":971,"column":24}}]},"73":{"line":973,"type":"cond-expr","locations":[{"start":{"line":973,"column":62},"end":{"line":973,"column":69}},{"start":{"line":973,"column":72},"end":{"line":973,"column":81}}]},"74":{"line":1000,"type":"binary-expr","locations":[{"start":{"line":1000,"column":49},"end":{"line":1000,"column":85}},{"start":{"line":1001,"column":20},"end":{"line":1001,"column":117}}]},"75":{"line":1004,"type":"binary-expr","locations":[{"start":{"line":1004,"column":46},"end":{"line":1004,"column":69}},{"start":{"line":1004,"column":73},"end":{"line":1004,"column":75}}]},"76":{"line":1006,"type":"if","locations":[{"start":{"line":1006,"column":20},"end":{"line":1006,"column":20}},{"start":{"line":1006,"column":20},"end":{"line":1006,"column":20}}]},"77":{"line":1018,"type":"if","locations":[{"start":{"line":1018,"column":20},"end":{"line":1018,"column":20}},{"start":{"line":1018,"column":20},"end":{"line":1018,"column":20}}]},"78":{"line":1027,"type":"if","locations":[{"start":{"line":1027,"column":16},"end":{"line":1027,"column":16}},{"start":{"line":1027,"column":16},"end":{"line":1027,"column":16}}]},"79":{"line":1030,"type":"binary-expr","locations":[{"start":{"line":1030,"column":54},"end":{"line":1030,"column":77}},{"start":{"line":1030,"column":81},"end":{"line":1030,"column":83}}]},"80":{"line":1032,"type":"if","locations":[{"start":{"line":1032,"column":28},"end":{"line":1032,"column":28}},{"start":{"line":1032,"column":28},"end":{"line":1032,"column":28}}]},"81":{"line":1058,"type":"cond-expr","locations":[{"start":{"line":1058,"column":70},"end":{"line":1058,"column":83}},{"start":{"line":1058,"column":86},"end":{"line":1058,"column":91}}]},"82":{"line":1063,"type":"cond-expr","locations":[{"start":{"line":1063,"column":61},"end":{"line":1063,"column":62}},{"start":{"line":1063,"column":65},"end":{"line":1063,"column":66}}]},"83":{"line":1065,"type":"if","locations":[{"start":{"line":1065,"column":28},"end":{"line":1065,"column":28}},{"start":{"line":1065,"column":28},"end":{"line":1065,"column":28}}]},"84":{"line":1070,"type":"cond-expr","locations":[{"start":{"line":1070,"column":54},"end":{"line":1070,"column":55}},{"start":{"line":1070,"column":58},"end":{"line":1070,"column":59}}]},"85":{"line":1072,"type":"if","locations":[{"start":{"line":1072,"column":36},"end":{"line":1072,"column":36}},{"start":{"line":1072,"column":36},"end":{"line":1072,"column":36}}]},"86":{"line":1074,"type":"cond-expr","locations":[{"start":{"line":1074,"column":102},"end":{"line":1074,"column":122}},{"start":{"line":1074,"column":125},"end":{"line":1074,"column":147}}]},"87":{"line":1075,"type":"if","locations":[{"start":{"line":1075,"column":44},"end":{"line":1075,"column":44}},{"start":{"line":1075,"column":44},"end":{"line":1075,"column":44}}]},"88":{"line":1080,"type":"if","locations":[{"start":{"line":1080,"column":56},"end":{"line":1080,"column":56}},{"start":{"line":1080,"column":56},"end":{"line":1080,"column":56}}]},"89":{"line":1092,"type":"if","locations":[{"start":{"line":1092,"column":44},"end":{"line":1092,"column":44}},{"start":{"line":1092,"column":44},"end":{"line":1092,"column":44}}]},"90":{"line":1094,"type":"if","locations":[{"start":{"line":1094,"column":51},"end":{"line":1094,"column":51}},{"start":{"line":1094,"column":51},"end":{"line":1094,"column":51}}]},"91":{"line":1098,"type":"binary-expr","locations":[{"start":{"line":1098,"column":64},"end":{"line":1098,"column":79}},{"start":{"line":1098,"column":83},"end":{"line":1098,"column":107}},{"start":{"line":1098,"column":111},"end":{"line":1098,"column":162}}]},"92":{"line":1099,"type":"if","locations":[{"start":{"line":1099,"column":48},"end":{"line":1099,"column":48}},{"start":{"line":1099,"column":48},"end":{"line":1099,"column":48}}]},"93":{"line":1099,"type":"binary-expr","locations":[{"start":{"line":1099,"column":52},"end":{"line":1099,"column":61}},{"start":{"line":1099,"column":65},"end":{"line":1099,"column":81}}]},"94":{"line":1105,"type":"if","locations":[{"start":{"line":1105,"column":56},"end":{"line":1105,"column":56}},{"start":{"line":1105,"column":56},"end":{"line":1105,"column":56}}]},"95":{"line":1108,"type":"if","locations":[{"start":{"line":1108,"column":60},"end":{"line":1108,"column":60}},{"start":{"line":1108,"column":60},"end":{"line":1108,"column":60}}]},"96":{"line":1121,"type":"if","locations":[{"start":{"line":1121,"column":28},"end":{"line":1121,"column":28}},{"start":{"line":1121,"column":28},"end":{"line":1121,"column":28}}]},"97":{"line":1126,"type":"cond-expr","locations":[{"start":{"line":1126,"column":61},"end":{"line":1126,"column":62}},{"start":{"line":1126,"column":65},"end":{"line":1126,"column":66}}]},"98":{"line":1141,"type":"if","locations":[{"start":{"line":1141,"column":8},"end":{"line":1141,"column":8}},{"start":{"line":1141,"column":8},"end":{"line":1141,"column":8}}]},"99":{"line":1144,"type":"if","locations":[{"start":{"line":1144,"column":8},"end":{"line":1144,"column":8}},{"start":{"line":1144,"column":8},"end":{"line":1144,"column":8}}]},"100":{"line":1144,"type":"binary-expr","locations":[{"start":{"line":1144,"column":12},"end":{"line":1144,"column":38}},{"start":{"line":1144,"column":42},"end":{"line":1144,"column":61}}]},"101":{"line":1151,"type":"if","locations":[{"start":{"line":1151,"column":8},"end":{"line":1151,"column":8}},{"start":{"line":1151,"column":8},"end":{"line":1151,"column":8}}]},"102":{"line":1154,"type":"if","locations":[{"start":{"line":1154,"column":16},"end":{"line":1154,"column":16}},{"start":{"line":1154,"column":16},"end":{"line":1154,"column":16}}]},"103":{"line":1154,"type":"binary-expr","locations":[{"start":{"line":1154,"column":20},"end":{"line":1154,"column":70}},{"start":{"line":1154,"column":74},"end":{"line":1154,"column":105}}]},"104":{"line":1163,"type":"if","locations":[{"start":{"line":1163,"column":16},"end":{"line":1163,"column":16}},{"start":{"line":1163,"column":16},"end":{"line":1163,"column":16}}]},"105":{"line":1173,"type":"if","locations":[{"start":{"line":1173,"column":16},"end":{"line":1173,"column":16}},{"start":{"line":1173,"column":16},"end":{"line":1173,"column":16}}]},"106":{"line":1191,"type":"cond-expr","locations":[{"start":{"line":1191,"column":57},"end":{"line":1191,"column":58}},{"start":{"line":1191,"column":61},"end":{"line":1191,"column":62}}]},"107":{"line":1193,"type":"if","locations":[{"start":{"line":1193,"column":24},"end":{"line":1193,"column":24}},{"start":{"line":1193,"column":24},"end":{"line":1193,"column":24}}]},"108":{"line":1197,"type":"cond-expr","locations":[{"start":{"line":1197,"column":50},"end":{"line":1197,"column":51}},{"start":{"line":1197,"column":54},"end":{"line":1197,"column":55}}]},"109":{"line":1202,"type":"if","locations":[{"start":{"line":1202,"column":32},"end":{"line":1202,"column":32}},{"start":{"line":1202,"column":32},"end":{"line":1202,"column":32}}]},"110":{"line":1202,"type":"binary-expr","locations":[{"start":{"line":1202,"column":36},"end":{"line":1202,"column":53}},{"start":{"line":1202,"column":57},"end":{"line":1202,"column":87}}]},"111":{"line":1206,"type":"binary-expr","locations":[{"start":{"line":1206,"column":56},"end":{"line":1206,"column":84}},{"start":{"line":1206,"column":88},"end":{"line":1206,"column":105}}]},"112":{"line":1211,"type":"if","locations":[{"start":{"line":1211,"column":32},"end":{"line":1211,"column":32}},{"start":{"line":1211,"column":32},"end":{"line":1211,"column":32}}]},"113":{"line":1212,"type":"if","locations":[{"start":{"line":1212,"column":36},"end":{"line":1212,"column":36}},{"start":{"line":1212,"column":36},"end":{"line":1212,"column":36}}]},"114":{"line":1217,"type":"if","locations":[{"start":{"line":1217,"column":39},"end":{"line":1217,"column":39}},{"start":{"line":1217,"column":39},"end":{"line":1217,"column":39}}]},"115":{"line":1218,"type":"if","locations":[{"start":{"line":1218,"column":36},"end":{"line":1218,"column":36}},{"start":{"line":1218,"column":36},"end":{"line":1218,"column":36}}]},"116":{"line":1219,"type":"if","locations":[{"start":{"line":1219,"column":40},"end":{"line":1219,"column":40}},{"start":{"line":1219,"column":40},"end":{"line":1219,"column":40}}]},"117":{"line":1227,"type":"if","locations":[{"start":{"line":1227,"column":39},"end":{"line":1227,"column":39}},{"start":{"line":1227,"column":39},"end":{"line":1227,"column":39}}]},"118":{"line":1227,"type":"binary-expr","locations":[{"start":{"line":1227,"column":43},"end":{"line":1227,"column":54}},{"start":{"line":1227,"column":58},"end":{"line":1227,"column":75}}]},"119":{"line":1228,"type":"binary-expr","locations":[{"start":{"line":1228,"column":50},"end":{"line":1228,"column":61}},{"start":{"line":1228,"column":65},"end":{"line":1228,"column":104}}]},"120":{"line":1229,"type":"binary-expr","locations":[{"start":{"line":1229,"column":51},"end":{"line":1229,"column":59}},{"start":{"line":1229,"column":63},"end":{"line":1229,"column":77}}]},"121":{"line":1230,"type":"if","locations":[{"start":{"line":1230,"column":36},"end":{"line":1230,"column":36}},{"start":{"line":1230,"column":36},"end":{"line":1230,"column":36}}]},"122":{"line":1233,"type":"if","locations":[{"start":{"line":1233,"column":36},"end":{"line":1233,"column":36}},{"start":{"line":1233,"column":36},"end":{"line":1233,"column":36}}]},"123":{"line":1233,"type":"binary-expr","locations":[{"start":{"line":1233,"column":40},"end":{"line":1233,"column":47}},{"start":{"line":1233,"column":51},"end":{"line":1233,"column":65}}]},"124":{"line":1235,"type":"if","locations":[{"start":{"line":1235,"column":43},"end":{"line":1235,"column":43}},{"start":{"line":1235,"column":43},"end":{"line":1235,"column":43}}]},"125":{"line":1238,"type":"if","locations":[{"start":{"line":1238,"column":43},"end":{"line":1238,"column":43}},{"start":{"line":1238,"column":43},"end":{"line":1238,"column":43}}]},"126":{"line":1238,"type":"binary-expr","locations":[{"start":{"line":1238,"column":47},"end":{"line":1238,"column":55}},{"start":{"line":1238,"column":60},"end":{"line":1238,"column":67}},{"start":{"line":1238,"column":71},"end":{"line":1238,"column":86}}]},"127":{"line":1239,"type":"binary-expr","locations":[{"start":{"line":1239,"column":58},"end":{"line":1239,"column":69}},{"start":{"line":1239,"column":73},"end":{"line":1239,"column":95}},{"start":{"line":1239,"column":100},"end":{"line":1239,"column":116}}]},"128":{"line":1242,"type":"if","locations":[{"start":{"line":1242,"column":40},"end":{"line":1242,"column":40}},{"start":{"line":1242,"column":40},"end":{"line":1242,"column":40}}]},"129":{"line":1250,"type":"if","locations":[{"start":{"line":1250,"column":32},"end":{"line":1250,"column":32}},{"start":{"line":1250,"column":32},"end":{"line":1250,"column":32}}]},"130":{"line":1251,"type":"if","locations":[{"start":{"line":1251,"column":36},"end":{"line":1251,"column":36}},{"start":{"line":1251,"column":36},"end":{"line":1251,"column":36}}]},"131":{"line":1251,"type":"binary-expr","locations":[{"start":{"line":1251,"column":40},"end":{"line":1251,"column":57}},{"start":{"line":1251,"column":61},"end":{"line":1251,"column":78}}]},"132":{"line":1259,"type":"binary-expr","locations":[{"start":{"line":1259,"column":36},"end":{"line":1259,"column":53}},{"start":{"line":1260,"column":36},"end":{"line":1260,"column":67}}]},"133":{"line":1262,"type":"if","locations":[{"start":{"line":1262,"column":32},"end":{"line":1262,"column":32}},{"start":{"line":1262,"column":32},"end":{"line":1262,"column":32}}]},"134":{"line":1266,"type":"binary-expr","locations":[{"start":{"line":1266,"column":59},"end":{"line":1266,"column":72}},{"start":{"line":1267,"column":36},"end":{"line":1267,"column":130}}]},"135":{"line":1269,"type":"if","locations":[{"start":{"line":1269,"column":32},"end":{"line":1269,"column":32}},{"start":{"line":1269,"column":32},"end":{"line":1269,"column":32}}]},"136":{"line":1270,"type":"if","locations":[{"start":{"line":1270,"column":36},"end":{"line":1270,"column":36}},{"start":{"line":1270,"column":36},"end":{"line":1270,"column":36}}]},"137":{"line":1271,"type":"if","locations":[{"start":{"line":1271,"column":40},"end":{"line":1271,"column":40}},{"start":{"line":1271,"column":40},"end":{"line":1271,"column":40}}]},"138":{"line":1283,"type":"if","locations":[{"start":{"line":1283,"column":32},"end":{"line":1283,"column":32}},{"start":{"line":1283,"column":32},"end":{"line":1283,"column":32}}]},"139":{"line":1291,"type":"if","locations":[{"start":{"line":1291,"column":24},"end":{"line":1291,"column":24}},{"start":{"line":1291,"column":24},"end":{"line":1291,"column":24}}]},"140":{"line":1296,"type":"cond-expr","locations":[{"start":{"line":1296,"column":57},"end":{"line":1296,"column":58}},{"start":{"line":1296,"column":61},"end":{"line":1296,"column":62}}]},"141":{"line":1306,"type":"if","locations":[{"start":{"line":1306,"column":8},"end":{"line":1306,"column":8}},{"start":{"line":1306,"column":8},"end":{"line":1306,"column":8}}]},"142":{"line":1366,"type":"if","locations":[{"start":{"line":1366,"column":8},"end":{"line":1366,"column":8}},{"start":{"line":1366,"column":8},"end":{"line":1366,"column":8}}]},"143":{"line":1376,"type":"cond-expr","locations":[{"start":{"line":1376,"column":59},"end":{"line":1376,"column":80}},{"start":{"line":1376,"column":83},"end":{"line":1376,"column":101}}]},"144":{"line":1386,"type":"if","locations":[{"start":{"line":1386,"column":8},"end":{"line":1386,"column":8}},{"start":{"line":1386,"column":8},"end":{"line":1386,"column":8}}]},"145":{"line":1396,"type":"cond-expr","locations":[{"start":{"line":1396,"column":59},"end":{"line":1396,"column":80}},{"start":{"line":1396,"column":83},"end":{"line":1396,"column":101}}]},"146":{"line":1407,"type":"if","locations":[{"start":{"line":1407,"column":16},"end":{"line":1407,"column":16}},{"start":{"line":1407,"column":16},"end":{"line":1407,"column":16}}]},"147":{"line":1426,"type":"if","locations":[{"start":{"line":1426,"column":12},"end":{"line":1426,"column":12}},{"start":{"line":1426,"column":12},"end":{"line":1426,"column":12}}]},"148":{"line":1426,"type":"binary-expr","locations":[{"start":{"line":1426,"column":16},"end":{"line":1426,"column":19}},{"start":{"line":1426,"column":23},"end":{"line":1426,"column":40}},{"start":{"line":1426,"column":45},"end":{"line":1426,"column":70}},{"start":{"line":1426,"column":74},"end":{"line":1426,"column":89}}]},"149":{"line":1454,"type":"if","locations":[{"start":{"line":1454,"column":16},"end":{"line":1454,"column":16}},{"start":{"line":1454,"column":16},"end":{"line":1454,"column":16}}]},"150":{"line":1489,"type":"if","locations":[{"start":{"line":1489,"column":12},"end":{"line":1489,"column":12}},{"start":{"line":1489,"column":12},"end":{"line":1489,"column":12}}]},"151":{"line":1493,"type":"if","locations":[{"start":{"line":1493,"column":20},"end":{"line":1493,"column":20}},{"start":{"line":1493,"column":20},"end":{"line":1493,"column":20}}]},"152":{"line":1500,"type":"if","locations":[{"start":{"line":1500,"column":16},"end":{"line":1500,"column":16}},{"start":{"line":1500,"column":16},"end":{"line":1500,"column":16}}]},"153":{"line":1527,"type":"if","locations":[{"start":{"line":1527,"column":16},"end":{"line":1527,"column":16}},{"start":{"line":1527,"column":16},"end":{"line":1527,"column":16}}]},"154":{"line":1533,"type":"if","locations":[{"start":{"line":1533,"column":16},"end":{"line":1533,"column":16}},{"start":{"line":1533,"column":16},"end":{"line":1533,"column":16}}]},"155":{"line":1554,"type":"if","locations":[{"start":{"line":1554,"column":16},"end":{"line":1554,"column":16}},{"start":{"line":1554,"column":16},"end":{"line":1554,"column":16}}]},"156":{"line":1559,"type":"if","locations":[{"start":{"line":1559,"column":16},"end":{"line":1559,"column":16}},{"start":{"line":1559,"column":16},"end":{"line":1559,"column":16}}]},"157":{"line":1565,"type":"if","locations":[{"start":{"line":1565,"column":16},"end":{"line":1565,"column":16}},{"start":{"line":1565,"column":16},"end":{"line":1565,"column":16}}]},"158":{"line":1575,"type":"if","locations":[{"start":{"line":1575,"column":12},"end":{"line":1575,"column":12}},{"start":{"line":1575,"column":12},"end":{"line":1575,"column":12}}]},"159":{"line":1584,"type":"if","locations":[{"start":{"line":1584,"column":12},"end":{"line":1584,"column":12}},{"start":{"line":1584,"column":12},"end":{"line":1584,"column":12}}]},"160":{"line":1589,"type":"if","locations":[{"start":{"line":1589,"column":24},"end":{"line":1589,"column":24}},{"start":{"line":1589,"column":24},"end":{"line":1589,"column":24}}]},"161":{"line":1612,"type":"if","locations":[{"start":{"line":1612,"column":12},"end":{"line":1612,"column":12}},{"start":{"line":1612,"column":12},"end":{"line":1612,"column":12}}]},"162":{"line":1612,"type":"binary-expr","locations":[{"start":{"line":1612,"column":16},"end":{"line":1612,"column":19}},{"start":{"line":1612,"column":23},"end":{"line":1612,"column":40}},{"start":{"line":1612,"column":45},"end":{"line":1612,"column":70}},{"start":{"line":1612,"column":74},"end":{"line":1612,"column":89}}]}}}}