{"/home/andreas/work/unexpected/lib/index.js":{"path":"/home/andreas/work/unexpected/lib/index.js","s":{"1":1,"2":1,"3":0,"4":0,"5":0,"6":1,"7":0,"8":0,"9":1,"10":1,"11":5},"b":{"1":[0,1],"2":[1,0,0]},"f":{"1":0,"2":0,"3":5},"fnMap":{"1":{"name":"applyTestFrameworkPatchWhenLoaded","line":3,"loc":{"start":{"line":3,"column":0},"end":{"line":3,"column":48}}},"2":{"name":"(anonymous_2)","line":5,"loc":{"start":{"line":5,"column":13},"end":{"line":5,"column":25}}},"3":{"name":"(anonymous_3)","line":27,"loc":{"start":{"line":27,"column":40},"end":{"line":27,"column":52}}}},"statementMap":{"1":{"start":{"line":1,"column":0},"end":{"line":1,"column":57}},"2":{"start":{"line":3,"column":0},"end":{"line":10,"column":1}},"3":{"start":{"line":4,"column":4},"end":{"line":9,"column":7}},"4":{"start":{"line":6,"column":12},"end":{"line":6,"column":44}},"5":{"start":{"line":7,"column":12},"end":{"line":7,"column":23}},"6":{"start":{"line":12,"column":0},"end":{"line":19,"column":1}},"7":{"start":{"line":16,"column":4},"end":{"line":18,"column":5}},"8":{"start":{"line":17,"column":8},"end":{"line":17,"column":47}},"9":{"start":{"line":21,"column":0},"end":{"line":24,"column":34}},"10":{"start":{"line":27,"column":0},"end":{"line":29,"column":2}},"11":{"start":{"line":28,"column":4},"end":{"line":28,"column":107}}},"branchMap":{"1":{"line":12,"type":"if","locations":[{"start":{"line":12,"column":0},"end":{"line":12,"column":0}},{"start":{"line":12,"column":0},"end":{"line":12,"column":0}}]},"2":{"line":12,"type":"binary-expr","locations":[{"start":{"line":12,"column":4},"end":{"line":12,"column":35}},{"start":{"line":12,"column":39},"end":{"line":12,"column":68}},{"start":{"line":12,"column":72},"end":{"line":12,"column":85}}]}}},"/home/andreas/work/unexpected/lib/Unexpected.js":{"path":"/home/andreas/work/unexpected/lib/Unexpected.js","s":{"1":1,"2":1,"3":1,"4":1,"5":1,"6":1,"7":1,"8":1,"9":1,"10":1,"11":1,"12":1,"13":1,"14":1,"15":1,"16":1,"17":43,"18":0,"19":0,"20":0,"21":244,"22":68014,"23":68014,"24":3824,"25":64190,"26":68014,"27":68014,"28":67633,"29":381,"30":381,"31":24,"32":357,"33":335,"34":381,"35":381,"36":1,"37":201,"38":201,"39":201,"40":201,"41":201,"42":201,"43":201,"44":201,"45":201,"46":76,"47":1767,"48":201,"49":32694,"50":336423,"51":201,"52":4243,"53":4243,"54":4243,"55":9205,"56":9205,"57":4243,"58":4243,"59":4532,"60":4243,"61":289,"62":201,"63":1,"64":1,"65":168,"66":168,"67":297,"68":38,"69":259,"70":168,"71":1,"72":160,"73":206,"74":206,"75":206,"76":206,"77":1,"78":116,"79":116,"80":140,"81":116,"82":149,"83":33,"84":12,"85":21,"86":33,"87":149,"88":149,"89":188,"90":39,"91":188,"92":188,"93":149,"94":149,"95":149,"96":82,"97":149,"98":149,"99":39,"100":39,"101":8,"102":8,"103":31,"104":31,"105":39,"106":39,"107":39,"108":39,"109":39,"110":39,"111":39,"112":10,"113":10,"114":39,"115":39,"116":1,"117":168,"118":1,"119":133,"120":133,"121":133,"122":160,"123":160,"124":206,"125":160,"126":133,"127":132,"128":155,"129":193,"130":132,"131":44,"132":116,"133":168,"134":168,"135":168,"136":168,"137":34,"138":34,"139":34,"140":168,"141":27,"142":27,"143":27,"144":168,"145":1,"146":107,"147":1,"148":3031,"149":3031,"150":3031,"151":2,"152":2,"153":1,"154":1,"155":3030,"156":417,"157":1,"158":4070,"159":4070,"160":4070,"161":6526,"162":6526,"163":17,"164":6509,"165":6509,"166":6,"167":6503,"168":2456,"169":2456,"170":2456,"171":2341,"172":2456,"173":4070,"174":4070,"175":4070,"176":1,"177":238,"178":1,"179":416,"180":200,"181":216,"182":216,"183":220,"184":220,"185":20,"186":39,"187":200,"188":24,"189":24,"190":24,"191":7,"192":176,"193":216,"194":238,"195":238,"196":251,"197":196,"198":231,"199":55,"200":238,"201":1,"202":247,"203":247,"204":247,"205":1,"206":485,"207":28,"208":457,"209":457,"210":1,"211":456,"212":1,"213":465,"214":485,"215":485,"216":0,"217":485,"218":485,"219":1,"220":266,"221":279,"222":247,"223":541,"224":0,"225":541,"226":295,"227":246,"228":540,"229":246,"230":246,"231":85,"232":161,"233":246,"234":1,"235":245,"236":1,"237":244,"238":1,"239":243,"240":1,"241":242,"242":263,"243":276,"244":2,"245":240,"246":240,"247":193,"248":240,"249":1,"250":239,"251":25,"252":1,"253":238,"254":1,"255":1,"256":1,"257":1151,"258":18,"259":18,"260":1133,"261":1,"262":1132,"263":1132,"264":85,"265":85,"266":1047,"267":505,"268":505,"269":505,"270":154,"271":150,"272":1,"273":149,"274":148,"275":1,"276":4,"277":505,"278":505,"279":505,"280":866,"281":866,"282":433,"283":433,"284":309,"285":505,"286":742,"287":542,"288":542,"289":542,"290":31,"291":31,"292":31,"293":63,"294":63,"295":16,"296":16,"297":14,"298":14,"299":2,"300":12,"301":2,"302":47,"303":1132,"304":1,"305":484,"306":742,"307":742,"308":353,"309":131,"310":1,"311":472,"312":475,"313":475,"314":1,"315":232,"316":4,"317":4,"318":2,"319":4,"320":228,"321":228,"322":235,"323":1,"324":234,"325":3,"326":224,"327":224,"328":224,"329":224,"330":224,"331":231,"332":231,"333":273,"334":260,"335":259,"336":472,"337":384,"338":472,"339":210,"340":472,"341":472,"342":472,"343":472,"344":294,"345":178,"346":178,"347":312,"348":178,"349":210,"350":1,"351":82,"352":82,"353":82,"354":4,"355":78,"356":3,"357":75,"358":2,"359":73,"360":47,"361":845,"362":47,"363":0,"364":26,"365":73,"366":73,"367":0,"368":0,"369":0,"370":0,"371":73,"372":45,"373":0,"374":45,"375":2,"376":2,"377":73,"378":188,"379":73,"380":73,"381":73,"382":6939,"383":0,"384":6939,"385":73,"386":3,"387":70,"388":73,"389":73,"390":73,"391":73,"392":1,"393":15,"394":1,"395":3,"396":1,"397":31,"398":98,"399":4,"400":94,"401":22,"402":22,"403":72,"404":31,"405":9,"406":5,"407":4,"408":22,"409":1,"410":21,"411":0,"412":21,"413":5,"414":5,"415":8,"416":26,"417":5,"418":1,"419":4,"420":2,"421":18,"422":18,"423":6,"424":12,"425":18,"426":1,"427":1,"428":201,"429":201,"430":201,"431":201,"432":201,"433":201,"434":71,"435":71,"436":71,"437":70,"438":71,"439":201,"440":201,"441":201,"442":201,"443":201,"444":201,"445":201,"446":201,"447":201,"448":201,"449":201,"450":201,"451":201,"452":201,"453":201,"454":201,"455":201,"456":1,"457":16975,"458":13064,"459":13064,"460":13064,"461":1,"462":9,"463":9,"464":9,"465":1,"466":90,"467":90,"468":14,"469":1,"470":45,"471":45,"472":45,"473":5,"474":40,"475":4,"476":36,"477":0,"478":36,"479":9,"480":1566,"481":1566,"482":9,"483":11174,"484":11174,"485":7640,"486":3534,"487":1430,"488":2104,"489":90,"490":45,"491":45,"492":30,"493":15,"494":9,"495":18,"496":1,"497":9876,"498":9876,"499":1,"500":9875,"501":9875,"502":9,"503":9866,"504":1,"505":43111,"506":43111,"507":15487,"508":15487,"509":43111,"510":1,"511":43356,"512":93,"513":43263,"514":152,"515":9,"516":254,"517":143,"518":43111,"519":1,"520":34041,"521":17066,"522":16975,"523":16975,"524":3536,"525":13439,"526":4378,"527":9061,"528":9061,"529":9315,"530":329,"531":8986,"532":9866,"533":9866,"534":33934,"535":33934,"536":9811,"537":55,"538":107,"539":107,"540":0,"541":55,"542":78,"543":78,"544":78,"545":78,"546":78,"547":78,"548":78,"549":143,"550":143,"551":78,"552":115,"553":1,"554":201,"555":201,"556":201,"557":1,"558":741,"559":1,"560":2322,"561":2322,"562":2,"563":2320,"564":1,"565":9786,"566":9735,"567":9735,"568":7466,"569":7466,"570":2711,"571":7466,"572":7466,"573":7466,"574":9735,"575":9735,"576":9735,"577":9735,"578":9735,"579":9735,"580":9735,"581":9735,"582":9735,"583":9735,"584":1446,"585":9735,"586":5673,"587":5673,"588":98,"589":5575,"590":1021,"591":9735,"592":0,"593":0,"594":9735,"595":2320,"596":2320,"597":2320,"598":1783,"599":212,"600":212,"601":80,"602":79,"603":80,"604":1571,"605":1571,"606":803,"607":1783,"608":1783,"609":537,"610":525,"611":525,"612":0,"613":525,"614":524,"615":12,"616":1,"617":10,"618":1,"619":7,"620":7,"621":14,"622":10,"623":2,"624":8,"625":8,"626":1,"627":7,"628":7,"629":2,"630":5,"631":5,"632":5,"633":5,"634":4,"635":2,"636":2,"637":2,"638":2,"639":0,"640":0,"641":1,"642":938,"643":938,"644":938,"645":938,"646":938,"647":4,"648":4,"649":1,"650":3,"651":937,"652":432,"653":519,"654":1192,"655":1,"656":6,"657":6,"658":6,"659":6,"660":6,"661":1040,"662":1958,"663":658,"664":658,"665":6,"666":658,"667":6,"668":1,"669":200,"670":200,"671":33938,"672":200,"673":200,"674":1,"675":941,"676":941,"677":0,"678":0,"679":1,"680":2120,"681":2120,"682":2120,"683":4008,"684":2120,"685":1,"686":1,"687":1,"688":1,"689":1,"690":459,"691":1,"692":320,"693":1,"694":260,"695":582,"696":1,"697":719,"698":260,"699":459,"700":459,"701":459,"702":139,"703":139,"704":176,"705":176,"706":176,"707":176,"708":176,"709":176,"710":320,"711":22,"712":57,"713":64,"714":298,"715":400,"716":1,"717":260,"718":260,"719":260,"720":260,"721":260,"722":260,"723":161,"724":161,"725":161,"726":260,"727":260,"728":260,"729":260,"730":476,"731":476,"732":1,"733":259,"734":1,"735":273,"736":273,"737":6184,"738":6184,"739":352,"740":6184,"741":144,"742":2,"743":142,"744":2,"745":140,"746":1,"747":6040,"748":26,"749":2,"750":24,"751":2,"752":264,"753":2,"754":262,"755":2,"756":1,"757":273,"758":0,"759":273,"760":0,"761":273,"762":0,"763":273,"764":1},"b":{"1":[0,0],"2":[0,0],"3":[3824,64190],"4":[67633,381],"5":[24,357],"6":[335,22],"7":[201,1],"8":[201,1],"9":[201,1],"10":[201,1],"11":[201,1],"12":[201,1],"13":[201,1],"14":[32694,0],"15":[4243,289],"16":[38,259],"17":[33,116],"18":[12,21],"19":[39,149],"20":[149,39],"21":[188,157],"22":[82,67],"23":[149,107],"24":[8,31],"25":[44,88],"26":[417,2614],"27":[2,3029],"28":[2,1],"29":[1,1],"30":[17,6509],"31":[6526,39,17],"32":[6509,0],"33":[6,6503],"34":[2341,115],"35":[2456,2421],"36":[0,4070],"37":[4070,62],"38":[4070,3995],"39":[570,3500],"40":[200,216],"41":[20,200],"42":[24,176],"43":[7,17],"44":[196,55],"45":[28,457],"46":[1,456],"47":[0,485],"48":[381,104],"49":[485,117],"50":[107,378],"51":[485,391],"52":[279,277],"53":[0,541],"54":[295,246],"55":[85,161],"56":[246,85],"57":[1,245],"58":[1,244],"59":[1,243],"60":[1,242],"61":[2,240],"62":[240,51],"63":[1,239],"64":[240,26],"65":[1,238],"66":[18,1133],"67":[1,1132],"68":[85,1047],"69":[505,542],"70":[1047,517],"71":[505,0],"72":[150,4],"73":[1,149],"74":[148,1],"75":[505,0],"76":[505,505],"77":[433,433],"78":[309,124],"79":[27,4],"80":[16,47],"81":[14,2],"82":[2,12],"83":[14,6],"84":[353,389],"85":[323,152],"86":[475,346],"87":[4,228],"88":[232,230,229,8],"89":[2,2],"90":[4,2,2],"91":[7,221],"92":[1,234],"93":[235,235],"94":[3,231],"95":[294,178],"96":[490,448],"97":[4,78],"98":[82,81],"99":[3,75],"100":[78,8],"101":[2,73],"102":[75,74],"103":[47,26],"104":[0,47],"105":[0,0],"106":[0,0],"107":[0,45],"108":[45,45],"109":[0,6939],"110":[3,70],"111":[4,94],"112":[22,72],"113":[94,22],"114":[22,13],"115":[9,22],"116":[5,4],"117":[9,5,2],"118":[2,2],"119":[1,1],"120":[1,21],"121":[22,16,16,21,21,21,5],"122":[0,21],"123":[5,16],"124":[1,4],"125":[2,2],"126":[6,12],"127":[70,1],"128":[71,71],"129":[5,40],"130":[45,5],"131":[4,36],"132":[40,40],"133":[0,36],"134":[36,0],"135":[7640,3534],"136":[1430,2104],"137":[30,15],"138":[1,9875],"139":[9,9866],"140":[15487,27624],"141":[93,43263],"142":[43356,95],"143":[152,43111],"144":[9,143],"145":[254,230,81],"146":[17066,16975],"147":[3536,13439],"148":[16975,13551],"149":[4378,9061],"150":[13439,4485],"151":[329,8986],"152":[9811,24123],"153":[0,107],"154":[37,78],"155":[2,2320],"156":[877,1834],"157":[98,5575],"158":[5673,3286,3255,3193],"159":[0,9735],"160":[212,1571],"161":[79,1],"162":[80,80],"163":[803,768],"164":[1571,800],"165":[525,12],"166":[537,537],"167":[0,525],"168":[2,8],"169":[10,8],"170":[1,7],"171":[2,5],"172":[2,2],"173":[4,3],"174":[938,0],"175":[432,506],"176":[4,934],"177":[4,2],"178":[1,3],"179":[658,1300],"180":[941,0],"181":[2120,62],"182":[459,139],"183":[320,22],"184":[260,459],"185":[139,320],"186":[22,298],"187":[61,3],"188":[1,475],"189":[352,5832],"190":[144,6040],"191":[6184,146],"192":[2,142],"193":[2,140],"194":[1,139],"195":[26,6014],"196":[6040,28],"197":[2,24],"198":[2,22],"199":[2,262],"200":[2,260],"201":[0,273],"202":[273,273],"203":[0,273],"204":[0,273]},"f":{"1":43,"2":0,"3":244,"4":68014,"5":201,"6":76,"7":1767,"8":32694,"9":336423,"10":4243,"11":168,"12":297,"13":160,"14":206,"15":206,"16":116,"17":140,"18":149,"19":188,"20":149,"21":39,"22":39,"23":10,"24":10,"25":168,"26":133,"27":160,"28":206,"29":132,"30":155,"31":193,"32":116,"33":34,"34":27,"35":107,"36":3031,"37":417,"38":4070,"39":6526,"40":2456,"41":238,"42":416,"43":220,"44":39,"45":251,"46":231,"47":247,"48":485,"49":465,"50":485,"51":266,"52":279,"53":541,"54":263,"55":276,"56":193,"57":25,"58":1151,"59":154,"60":866,"61":742,"62":31,"63":63,"64":484,"65":472,"66":475,"67":232,"68":235,"69":231,"70":273,"71":472,"72":384,"73":472,"74":82,"75":845,"76":0,"77":0,"78":45,"79":2,"80":2,"81":188,"82":6939,"83":15,"84":3,"85":31,"86":98,"87":8,"88":26,"89":201,"90":71,"91":16975,"92":13064,"93":9,"94":90,"95":45,"96":1566,"97":11174,"98":90,"99":45,"100":18,"101":9876,"102":43111,"103":43356,"104":254,"105":34041,"106":9315,"107":78,"108":78,"109":78,"110":143,"111":115,"112":201,"113":741,"114":2322,"115":9786,"116":7466,"117":2711,"118":7466,"119":1446,"120":5673,"121":1021,"122":80,"123":10,"124":7,"125":14,"126":8,"127":2,"128":0,"129":938,"130":432,"131":519,"132":1192,"133":6,"134":1040,"135":1958,"136":658,"137":200,"138":33938,"139":941,"140":2120,"141":4008,"142":1,"143":1,"144":459,"145":320,"146":260,"147":582,"148":719,"149":176,"150":176,"151":57,"152":64,"153":400,"154":260,"155":476,"156":273,"157":273},"fnMap":{"1":{"name":"(anonymous_1)","line":21,"loc":{"start":{"line":21,"column":14},"end":{"line":21,"column":26}}},"2":{"name":"(anonymous_2)","line":25,"loc":{"start":{"line":25,"column":13},"end":{"line":25,"column":45}}},"3":{"name":"(anonymous_3)","line":33,"loc":{"start":{"line":33,"column":10},"end":{"line":33,"column":61}}},"4":{"name":"(anonymous_4)","line":37,"loc":{"start":{"line":37,"column":8},"end":{"line":37,"column":34}}},"5":{"name":"Unexpected","line":62,"loc":{"start":{"line":62,"column":0},"end":{"line":62,"column":29}}},"6":{"name":"(anonymous_6)","line":73,"loc":{"start":{"line":73,"column":19},"end":{"line":73,"column":39}}},"7":{"name":"(anonymous_7)","line":74,"loc":{"start":{"line":74,"column":43},"end":{"line":74,"column":59}}},"8":{"name":"(anonymous_8)","line":78,"loc":{"start":{"line":78,"column":22},"end":{"line":78,"column":37}}},"9":{"name":"(anonymous_9)","line":79,"loc":{"start":{"line":79,"column":49},"end":{"line":79,"column":65}}},"10":{"name":"(anonymous_10)","line":83,"loc":{"start":{"line":83,"column":26},"end":{"line":83,"column":42}}},"11":{"name":"getOrGroups","line":102,"loc":{"start":{"line":102,"column":0},"end":{"line":102,"column":35}}},"12":{"name":"(anonymous_12)","line":104,"loc":{"start":{"line":104,"column":25},"end":{"line":104,"column":48}}},"13":{"name":"evaluateGroup","line":114,"loc":{"start":{"line":114,"column":0},"end":{"line":114,"column":49}}},"14":{"name":"(anonymous_14)","line":115,"loc":{"start":{"line":115,"column":23},"end":{"line":115,"column":46}}},"15":{"name":"(anonymous_15)","line":120,"loc":{"start":{"line":120,"column":33},"end":{"line":120,"column":45}}},"16":{"name":"writeGroupEvaluationsToOutput","line":127,"loc":{"start":{"line":127,"column":0},"end":{"line":127,"column":73}}},"17":{"name":"(anonymous_17)","line":129,"loc":{"start":{"line":129,"column":46},"end":{"line":129,"column":73}}},"18":{"name":"(anonymous_18)","line":132,"loc":{"start":{"line":132,"column":29},"end":{"line":132,"column":59}}},"19":{"name":"(anonymous_19)","line":143,"loc":{"start":{"line":143,"column":32},"end":{"line":143,"column":57}}},"20":{"name":"(anonymous_20)","line":156,"loc":{"start":{"line":156,"column":29},"end":{"line":156,"column":47}}},"21":{"name":"(anonymous_21)","line":170,"loc":{"start":{"line":170,"column":29},"end":{"line":170,"column":47}}},"22":{"name":"(anonymous_22)","line":172,"loc":{"start":{"line":172,"column":40},"end":{"line":172,"column":58}}},"23":{"name":"(anonymous_23)","line":176,"loc":{"start":{"line":176,"column":46},"end":{"line":176,"column":61}}},"24":{"name":"(anonymous_24)","line":177,"loc":{"start":{"line":177,"column":31},"end":{"line":177,"column":49}}},"25":{"name":"createExpectIt","line":191,"loc":{"start":{"line":191,"column":0},"end":{"line":191,"column":46}}},"26":{"name":"expectIt","line":194,"loc":{"start":{"line":194,"column":4},"end":{"line":194,"column":31}}},"27":{"name":"(anonymous_27)","line":197,"loc":{"start":{"line":197,"column":25},"end":{"line":197,"column":44}}},"28":{"name":"(anonymous_28)","line":199,"loc":{"start":{"line":199,"column":32},"end":{"line":199,"column":54}}},"29":{"name":"(anonymous_29)","line":205,"loc":{"start":{"line":205,"column":64},"end":{"line":205,"column":76}}},"30":{"name":"(anonymous_30)","line":206,"loc":{"start":{"line":206,"column":53},"end":{"line":206,"column":80}}},"31":{"name":"(anonymous_31)","line":207,"loc":{"start":{"line":207,"column":45},"end":{"line":207,"column":67}}},"32":{"name":"(anonymous_32)","line":213,"loc":{"start":{"line":213,"column":28},"end":{"line":213,"column":46}}},"33":{"name":"(anonymous_33)","line":222,"loc":{"start":{"line":222,"column":19},"end":{"line":222,"column":31}}},"34":{"name":"(anonymous_34)","line":227,"loc":{"start":{"line":227,"column":18},"end":{"line":227,"column":30}}},"35":{"name":"(anonymous_35)","line":235,"loc":{"start":{"line":235,"column":26},"end":{"line":235,"column":38}}},"36":{"name":"(anonymous_36)","line":239,"loc":{"start":{"line":239,"column":29},"end":{"line":239,"column":70}}},"37":{"name":"(anonymous_37)","line":252,"loc":{"start":{"line":252,"column":73},"end":{"line":252,"column":89}}},"38":{"name":"(anonymous_38)","line":257,"loc":{"start":{"line":257,"column":31},"end":{"line":257,"column":69}}},"39":{"name":"(anonymous_39)","line":260,"loc":{"start":{"line":260,"column":22},"end":{"line":260,"column":59}}},"40":{"name":"(anonymous_40)","line":271,"loc":{"start":{"line":271,"column":58},"end":{"line":271,"column":83}}},"41":{"name":"(anonymous_41)","line":286,"loc":{"start":{"line":286,"column":46},"end":{"line":286,"column":67}}},"42":{"name":"createPermutations","line":288,"loc":{"start":{"line":288,"column":4},"end":{"line":288,"column":41}}},"43":{"name":"(anonymous_43)","line":294,"loc":{"start":{"line":294,"column":24},"end":{"line":294,"column":39}}},"44":{"name":"(anonymous_44)","line":297,"loc":{"start":{"line":297,"column":30},"end":{"line":297,"column":46}}},"45":{"name":"(anonymous_45)","line":318,"loc":{"start":{"line":318,"column":30},"end":{"line":318,"column":60}}},"46":{"name":"(anonymous_46)","line":320,"loc":{"start":{"line":320,"column":58},"end":{"line":320,"column":74}}},"47":{"name":"(anonymous_47)","line":336,"loc":{"start":{"line":336,"column":38},"end":{"line":336,"column":65}}},"48":{"name":"lookupType","line":341,"loc":{"start":{"line":341,"column":4},"end":{"line":341,"column":34}}},"49":{"name":"parseType","line":352,"loc":{"start":{"line":352,"column":4},"end":{"line":352,"column":40}}},"50":{"name":"(anonymous_50)","line":353,"loc":{"start":{"line":353,"column":46},"end":{"line":353,"column":62}}},"51":{"name":"hasVarargs","line":367,"loc":{"start":{"line":367,"column":4},"end":{"line":367,"column":31}}},"52":{"name":"(anonymous_52)","line":368,"loc":{"start":{"line":368,"column":26},"end":{"line":368,"column":42}}},"53":{"name":"(anonymous_53)","line":372,"loc":{"start":{"line":372,"column":143},"end":{"line":372,"column":172}}},"54":{"name":"(anonymous_54)","line":412,"loc":{"start":{"line":412,"column":69},"end":{"line":412,"column":96}}},"55":{"name":"(anonymous_55)","line":413,"loc":{"start":{"line":413,"column":36},"end":{"line":413,"column":62}}},"56":{"name":"(anonymous_56)","line":421,"loc":{"start":{"line":421,"column":59},"end":{"line":421,"column":85}}},"57":{"name":"(anonymous_57)","line":429,"loc":{"start":{"line":429,"column":35},"end":{"line":429,"column":61}}},"58":{"name":"(anonymous_58)","line":440,"loc":{"start":{"line":440,"column":28},"end":{"line":440,"column":43}}},"59":{"name":"(anonymous_59)","line":460,"loc":{"start":{"line":460,"column":23},"end":{"line":460,"column":41}}},"60":{"name":"(anonymous_60)","line":475,"loc":{"start":{"line":475,"column":37},"end":{"line":475,"column":52}}},"61":{"name":"(anonymous_61)","line":485,"loc":{"start":{"line":485,"column":50},"end":{"line":485,"column":65}}},"62":{"name":"(anonymous_62)","line":491,"loc":{"start":{"line":491,"column":23},"end":{"line":491,"column":41}}},"63":{"name":"(anonymous_63)","line":494,"loc":{"start":{"line":494,"column":27},"end":{"line":494,"column":44}}},"64":{"name":"compareSpecificities","line":519,"loc":{"start":{"line":519,"column":0},"end":{"line":519,"column":36}}},"65":{"name":"calculateAssertionSpecificity","line":529,"loc":{"start":{"line":529,"column":0},"end":{"line":529,"column":50}}},"66":{"name":"(anonymous_66)","line":530,"loc":{"start":{"line":530,"column":68},"end":{"line":530,"column":94}}},"67":{"name":"(anonymous_67)","line":539,"loc":{"start":{"line":539,"column":36},"end":{"line":539,"column":74}}},"68":{"name":"(anonymous_68)","line":550,"loc":{"start":{"line":550,"column":21},"end":{"line":550,"column":40}}},"69":{"name":"(anonymous_69)","line":565,"loc":{"start":{"line":565,"column":21},"end":{"line":565,"column":40}}},"70":{"name":"(anonymous_70)","line":567,"loc":{"start":{"line":567,"column":38},"end":{"line":567,"column":70}}},"71":{"name":"(anonymous_71)","line":570,"loc":{"start":{"line":570,"column":39},"end":{"line":570,"column":68}}},"72":{"name":"(anonymous_72)","line":571,"loc":{"start":{"line":571,"column":61},"end":{"line":571,"column":77}}},"73":{"name":"(anonymous_73)","line":588,"loc":{"start":{"line":588,"column":30},"end":{"line":588,"column":49}}},"74":{"name":"(anonymous_74)","line":608,"loc":{"start":{"line":608,"column":31},"end":{"line":608,"column":47}}},"75":{"name":"(anonymous_75)","line":624,"loc":{"start":{"line":624,"column":47},"end":{"line":624,"column":60}}},"76":{"name":"(anonymous_76)","line":636,"loc":{"start":{"line":636,"column":31},"end":{"line":636,"column":63}}},"77":{"name":"(anonymous_77)","line":641,"loc":{"start":{"line":641,"column":62},"end":{"line":641,"column":86}}},"78":{"name":"(anonymous_78)","line":646,"loc":{"start":{"line":646,"column":28},"end":{"line":646,"column":64}}},"79":{"name":"(anonymous_79)","line":653,"loc":{"start":{"line":653,"column":22},"end":{"line":653,"column":50}}},"80":{"name":"(anonymous_80)","line":656,"loc":{"start":{"line":656,"column":22},"end":{"line":656,"column":46}}},"81":{"name":"(anonymous_81)","line":662,"loc":{"start":{"line":662,"column":29},"end":{"line":662,"column":57}}},"82":{"name":"(anonymous_82)","line":669,"loc":{"start":{"line":669,"column":27},"end":{"line":669,"column":66}}},"83":{"name":"(anonymous_83)","line":689,"loc":{"start":{"line":689,"column":32},"end":{"line":689,"column":44}}},"84":{"name":"(anonymous_84)","line":693,"loc":{"start":{"line":693,"column":36},"end":{"line":693,"column":48}}},"85":{"name":"(anonymous_85)","line":697,"loc":{"start":{"line":697,"column":27},"end":{"line":697,"column":45}}},"86":{"name":"(anonymous_86)","line":698,"loc":{"start":{"line":698,"column":64},"end":{"line":698,"column":91}}},"87":{"name":"(anonymous_87)","line":743,"loc":{"start":{"line":743,"column":65},"end":{"line":743,"column":87}}},"88":{"name":"(anonymous_88)","line":744,"loc":{"start":{"line":744,"column":42},"end":{"line":744,"column":60}}},"89":{"name":"installExpectMethods","line":770,"loc":{"start":{"line":770,"column":0},"end":{"line":770,"column":58}}},"90":{"name":"(anonymous_90)","line":776,"loc":{"start":{"line":776,"column":18},"end":{"line":776,"column":30}}},"91":{"name":"calculateLimits","line":808,"loc":{"start":{"line":808,"column":0},"end":{"line":808,"column":32}}},"92":{"name":"(anonymous_92)","line":809,"loc":{"start":{"line":809,"column":24},"end":{"line":809,"column":48}}},"93":{"name":"(anonymous_93)","line":816,"loc":{"start":{"line":816,"column":51},"end":{"line":816,"column":99}}},"94":{"name":"lookup","line":821,"loc":{"start":{"line":821,"column":4},"end":{"line":821,"column":37}}},"95":{"name":"compareAssertions","line":829,"loc":{"start":{"line":829,"column":4},"end":{"line":829,"column":37}}},"96":{"name":"(anonymous_96)","line":845,"loc":{"start":{"line":845,"column":29},"end":{"line":845,"column":56}}},"97":{"name":"(anonymous_97)","line":854,"loc":{"start":{"line":854,"column":45},"end":{"line":854,"column":61}}},"98":{"name":"(anonymous_98)","line":865,"loc":{"start":{"line":865,"column":27},"end":{"line":865,"column":66}}},"99":{"name":"(anonymous_99)","line":867,"loc":{"start":{"line":867,"column":12},"end":{"line":867,"column":28}}},"100":{"name":"(anonymous_100)","line":878,"loc":{"start":{"line":878,"column":17},"end":{"line":878,"column":35}}},"101":{"name":"(anonymous_101)","line":886,"loc":{"start":{"line":886,"column":43},"end":{"line":886,"column":91}}},"102":{"name":"findTypeOf","line":898,"loc":{"start":{"line":898,"column":4},"end":{"line":898,"column":36}}},"103":{"name":"matches","line":907,"loc":{"start":{"line":907,"column":4},"end":{"line":907,"column":57}}},"104":{"name":"(anonymous_104)","line":914,"loc":{"start":{"line":914,"column":39},"end":{"line":914,"column":55}}},"105":{"name":"matchesHandler","line":924,"loc":{"start":{"line":924,"column":4},"end":{"line":924,"column":46}}},"106":{"name":"(anonymous_106)","line":938,"loc":{"start":{"line":938,"column":26},"end":{"line":938,"column":44}}},"107":{"name":"(anonymous_107)","line":963,"loc":{"start":{"line":963,"column":17},"end":{"line":963,"column":35}}},"108":{"name":"(anonymous_108)","line":964,"loc":{"start":{"line":964,"column":32},"end":{"line":964,"column":50}}},"109":{"name":"(anonymous_109)","line":967,"loc":{"start":{"line":967,"column":29},"end":{"line":967,"column":47}}},"110":{"name":"(anonymous_110)","line":973,"loc":{"start":{"line":973,"column":68},"end":{"line":973,"column":95}}},"111":{"name":"(anonymous_111)","line":977,"loc":{"start":{"line":977,"column":42},"end":{"line":977,"column":68}}},"112":{"name":"makeExpectFunction","line":984,"loc":{"start":{"line":984,"column":0},"end":{"line":984,"column":40}}},"113":{"name":"(anonymous_113)","line":990,"loc":{"start":{"line":990,"column":39},"end":{"line":990,"column":54}}},"114":{"name":"expect","line":994,"loc":{"start":{"line":994,"column":30},"end":{"line":994,"column":78}}},"115":{"name":"executeExpect","line":1005,"loc":{"start":{"line":1005,"column":4},"end":{"line":1005,"column":65}}},"116":{"name":"(anonymous_116)","line":1008,"loc":{"start":{"line":1008,"column":28},"end":{"line":1008,"column":40}}},"117":{"name":"(anonymous_117)","line":1010,"loc":{"start":{"line":1010,"column":84},"end":{"line":1010,"column":115}}},"118":{"name":"(anonymous_118)","line":1015,"loc":{"start":{"line":1015,"column":53},"end":{"line":1015,"column":65}}},"119":{"name":"(anonymous_119)","line":1031,"loc":{"start":{"line":1031,"column":38},"end":{"line":1031,"column":56}}},"120":{"name":"(anonymous_120)","line":1034,"loc":{"start":{"line":1034,"column":44},"end":{"line":1034,"column":62}}},"121":{"name":"(anonymous_121)","line":1040,"loc":{"start":{"line":1040,"column":19},"end":{"line":1040,"column":37}}},"122":{"name":"(anonymous_122)","line":1060,"loc":{"start":{"line":1060,"column":44},"end":{"line":1060,"column":57}}},"123":{"name":"(anonymous_123)","line":1087,"loc":{"start":{"line":1087,"column":29},"end":{"line":1087,"column":43}}},"124":{"name":"asyncMisusage","line":1090,"loc":{"start":{"line":1090,"column":4},"end":{"line":1090,"column":36}}},"125":{"name":"(anonymous_125)","line":1092,"loc":{"start":{"line":1092,"column":25},"end":{"line":1092,"column":43}}},"126":{"name":"(anonymous_126)","line":1107,"loc":{"start":{"line":1107,"column":11},"end":{"line":1107,"column":27}}},"127":{"name":"(anonymous_127)","line":1126,"loc":{"start":{"line":1126,"column":20},"end":{"line":1126,"column":32}}},"128":{"name":"(anonymous_128)","line":1129,"loc":{"start":{"line":1129,"column":11},"end":{"line":1129,"column":26}}},"129":{"name":"(anonymous_129)","line":1136,"loc":{"start":{"line":1136,"column":28},"end":{"line":1136,"column":70}}},"130":{"name":"(anonymous_130)","line":1151,"loc":{"start":{"line":1151,"column":56},"end":{"line":1151,"column":84}}},"131":{"name":"(anonymous_131)","line":1153,"loc":{"start":{"line":1153,"column":7},"end":{"line":1153,"column":27}}},"132":{"name":"(anonymous_132)","line":1155,"loc":{"start":{"line":1155,"column":7},"end":{"line":1155,"column":35}}},"133":{"name":"(anonymous_133)","line":1160,"loc":{"start":{"line":1160,"column":32},"end":{"line":1160,"column":44}}},"134":{"name":"(anonymous_134)","line":1166,"loc":{"start":{"line":1166,"column":43},"end":{"line":1166,"column":58}}},"135":{"name":"(anonymous_135)","line":1167,"loc":{"start":{"line":1167,"column":32},"end":{"line":1167,"column":53}}},"136":{"name":"(anonymous_136)","line":1175,"loc":{"start":{"line":1175,"column":25},"end":{"line":1175,"column":48}}},"137":{"name":"(anonymous_137)","line":1181,"loc":{"start":{"line":1181,"column":29},"end":{"line":1181,"column":41}}},"138":{"name":"(anonymous_138)","line":1183,"loc":{"start":{"line":1183,"column":41},"end":{"line":1183,"column":62}}},"139":{"name":"(anonymous_139)","line":1198,"loc":{"start":{"line":1198,"column":36},"end":{"line":1198,"column":54}}},"140":{"name":"(anonymous_140)","line":1207,"loc":{"start":{"line":1207,"column":36},"end":{"line":1207,"column":54}}},"141":{"name":"(anonymous_141)","line":1210,"loc":{"start":{"line":1210,"column":39},"end":{"line":1210,"column":63}}},"142":{"name":"(anonymous_142)","line":1216,"loc":{"start":{"line":1216,"column":20},"end":{"line":1216,"column":32}}},"143":{"name":"(anonymous_143)","line":1221,"loc":{"start":{"line":1221,"column":23},"end":{"line":1221,"column":35}}},"144":{"name":"isFlag","line":1222,"loc":{"start":{"line":1222,"column":4},"end":{"line":1222,"column":27}}},"145":{"name":"isAlternation","line":1225,"loc":{"start":{"line":1225,"column":4},"end":{"line":1225,"column":34}}},"146":{"name":"removeEmptyStrings","line":1228,"loc":{"start":{"line":1228,"column":4},"end":{"line":1228,"column":39}}},"147":{"name":"(anonymous_147)","line":1229,"loc":{"start":{"line":1229,"column":28},"end":{"line":1229,"column":44}}},"148":{"name":"createPermutations","line":1233,"loc":{"start":{"line":1233,"column":4},"end":{"line":1233,"column":47}}},"149":{"name":"(anonymous_149)","line":1242,"loc":{"start":{"line":1242,"column":28},"end":{"line":1242,"column":47}}},"150":{"name":"(anonymous_150)","line":1250,"loc":{"start":{"line":1250,"column":31},"end":{"line":1250,"column":50}}},"151":{"name":"(anonymous_151)","line":1263,"loc":{"start":{"line":1263,"column":24},"end":{"line":1263,"column":55}}},"152":{"name":"(anonymous_152)","line":1264,"loc":{"start":{"line":1264,"column":50},"end":{"line":1264,"column":69}}},"153":{"name":"(anonymous_153)","line":1274,"loc":{"start":{"line":1274,"column":28},"end":{"line":1274,"column":47}}},"154":{"name":"(anonymous_154)","line":1283,"loc":{"start":{"line":1283,"column":11},"end":{"line":1283,"column":30}}},"155":{"name":"(anonymous_155)","line":1297,"loc":{"start":{"line":1297,"column":29},"end":{"line":1297,"column":52}}},"156":{"name":"ensureValidUseOfParenthesesOrBrackets","line":1309,"loc":{"start":{"line":1309,"column":0},"end":{"line":1309,"column":56}}},"157":{"name":"ensureValidAssertionPattern","line":1353,"loc":{"start":{"line":1353,"column":0},"end":{"line":1353,"column":46}}}},"statementMap":{"1":{"start":{"line":1,"column":0},"end":{"line":1,"column":73}},"2":{"start":{"line":2,"column":0},"end":{"line":2,"column":31}},"3":{"start":{"line":3,"column":0},"end":{"line":3,"column":35}},"4":{"start":{"line":4,"column":0},"end":{"line":4,"column":26}},"5":{"start":{"line":5,"column":0},"end":{"line":5,"column":29}},"6":{"start":{"line":6,"column":0},"end":{"line":6,"column":43}},"7":{"start":{"line":7,"column":0},"end":{"line":7,"column":47}},"8":{"start":{"line":8,"column":0},"end":{"line":8,"column":53}},"9":{"start":{"line":9,"column":0},"end":{"line":9,"column":43}},"10":{"start":{"line":10,"column":0},"end":{"line":10,"column":51}},"11":{"start":{"line":11,"column":0},"end":{"line":11,"column":57}},"12":{"start":{"line":12,"column":0},"end":{"line":12,"column":45}},"13":{"start":{"line":13,"column":0},"end":{"line":13,"column":69}},"14":{"start":{"line":14,"column":0},"end":{"line":14,"column":51}},"15":{"start":{"line":15,"column":0},"end":{"line":15,"column":59}},"16":{"start":{"line":17,"column":0},"end":{"line":59,"column":2}},"17":{"start":{"line":22,"column":8},"end":{"line":22,"column":20}},"18":{"start":{"line":26,"column":8},"end":{"line":31,"column":9}},"19":{"start":{"line":27,"column":12},"end":{"line":27,"column":38}},"20":{"start":{"line":30,"column":12},"end":{"line":30,"column":40}},"21":{"start":{"line":34,"column":8},"end":{"line":34,"column":20}},"22":{"start":{"line":38,"column":8},"end":{"line":38,"column":21}},"23":{"start":{"line":39,"column":8},"end":{"line":43,"column":9}},"24":{"start":{"line":40,"column":12},"end":{"line":40,"column":38}},"25":{"start":{"line":42,"column":12},"end":{"line":42,"column":43}},"26":{"start":{"line":45,"column":8},"end":{"line":45,"column":59}},"27":{"start":{"line":46,"column":8},"end":{"line":48,"column":9}},"28":{"start":{"line":47,"column":12},"end":{"line":47,"column":31}},"29":{"start":{"line":50,"column":8},"end":{"line":50,"column":27}},"30":{"start":{"line":51,"column":8},"end":{"line":55,"column":9}},"31":{"start":{"line":52,"column":12},"end":{"line":52,"column":26}},"32":{"start":{"line":53,"column":15},"end":{"line":55,"column":9}},"33":{"start":{"line":54,"column":12},"end":{"line":54,"column":48}},"34":{"start":{"line":56,"column":8},"end":{"line":56,"column":50}},"35":{"start":{"line":57,"column":8},"end":{"line":57,"column":22}},"36":{"start":{"line":62,"column":0},"end":{"line":99,"column":1}},"37":{"start":{"line":63,"column":4},"end":{"line":63,"column":28}},"38":{"start":{"line":64,"column":4},"end":{"line":64,"column":47}},"39":{"start":{"line":65,"column":4},"end":{"line":65,"column":59}},"40":{"start":{"line":66,"column":4},"end":{"line":66,"column":44}},"41":{"start":{"line":67,"column":4},"end":{"line":67,"column":47}},"42":{"start":{"line":68,"column":4},"end":{"line":68,"column":66}},"43":{"start":{"line":69,"column":4},"end":{"line":69,"column":59}},"44":{"start":{"line":72,"column":4},"end":{"line":72,"column":20}},"45":{"start":{"line":73,"column":4},"end":{"line":77,"column":6}},"46":{"start":{"line":74,"column":8},"end":{"line":76,"column":11}},"47":{"start":{"line":75,"column":12},"end":{"line":75,"column":42}},"48":{"start":{"line":78,"column":4},"end":{"line":82,"column":6}},"49":{"start":{"line":79,"column":8},"end":{"line":81,"column":11}},"50":{"start":{"line":80,"column":12},"end":{"line":80,"column":38}},"51":{"start":{"line":83,"column":4},"end":{"line":97,"column":6}},"52":{"start":{"line":84,"column":8},"end":{"line":84,"column":32}},"53":{"start":{"line":85,"column":8},"end":{"line":85,"column":41}},"54":{"start":{"line":86,"column":8},"end":{"line":89,"column":9}},"55":{"start":{"line":87,"column":12},"end":{"line":87,"column":51}},"56":{"start":{"line":88,"column":12},"end":{"line":88,"column":39}},"57":{"start":{"line":90,"column":8},"end":{"line":90,"column":37}},"58":{"start":{"line":91,"column":8},"end":{"line":96,"column":9}},"59":{"start":{"line":92,"column":12},"end":{"line":94,"column":13}},"60":{"start":{"line":93,"column":16},"end":{"line":93,"column":31}},"61":{"start":{"line":95,"column":12},"end":{"line":95,"column":39}},"62":{"start":{"line":98,"column":4},"end":{"line":98,"column":62}},"63":{"start":{"line":101,"column":0},"end":{"line":101,"column":12}},"64":{"start":{"line":102,"column":0},"end":{"line":112,"column":1}},"65":{"start":{"line":103,"column":4},"end":{"line":103,"column":24}},"66":{"start":{"line":104,"column":4},"end":{"line":110,"column":7}},"67":{"start":{"line":105,"column":8},"end":{"line":109,"column":9}},"68":{"start":{"line":106,"column":12},"end":{"line":106,"column":30}},"69":{"start":{"line":108,"column":12},"end":{"line":108,"column":60}},"70":{"start":{"line":111,"column":4},"end":{"line":111,"column":20}},"71":{"start":{"line":114,"column":0},"end":{"line":125,"column":1}},"72":{"start":{"line":115,"column":4},"end":{"line":124,"column":7}},"73":{"start":{"line":116,"column":8},"end":{"line":116,"column":59}},"74":{"start":{"line":117,"column":8},"end":{"line":117,"column":30}},"75":{"start":{"line":118,"column":8},"end":{"line":123,"column":10}},"76":{"start":{"line":121,"column":16},"end":{"line":121,"column":50}},"77":{"start":{"line":127,"column":0},"end":{"line":189,"column":1}},"78":{"start":{"line":128,"column":4},"end":{"line":128,"column":51}},"79":{"start":{"line":129,"column":4},"end":{"line":131,"column":7}},"80":{"start":{"line":130,"column":8},"end":{"line":130,"column":42}},"81":{"start":{"line":132,"column":4},"end":{"line":188,"column":7}},"82":{"start":{"line":133,"column":8},"end":{"line":140,"column":9}},"83":{"start":{"line":134,"column":12},"end":{"line":138,"column":13}},"84":{"start":{"line":135,"column":16},"end":{"line":135,"column":28}},"85":{"start":{"line":137,"column":16},"end":{"line":137,"column":28}},"86":{"start":{"line":139,"column":12},"end":{"line":139,"column":40}},"87":{"start":{"line":142,"column":8},"end":{"line":142,"column":32}},"88":{"start":{"line":143,"column":8},"end":{"line":187,"column":11}},"89":{"start":{"line":144,"column":12},"end":{"line":146,"column":13}},"90":{"start":{"line":145,"column":16},"end":{"line":145,"column":46}},"91":{"start":{"line":147,"column":12},"end":{"line":147,"column":61}},"92":{"start":{"line":148,"column":12},"end":{"line":186,"column":13}},"93":{"start":{"line":149,"column":16},"end":{"line":149,"column":35}},"94":{"start":{"line":150,"column":16},"end":{"line":150,"column":54}},"95":{"start":{"line":152,"column":16},"end":{"line":154,"column":17}},"96":{"start":{"line":153,"column":20},"end":{"line":153,"column":39}},"97":{"start":{"line":156,"column":16},"end":{"line":158,"column":19}},"98":{"start":{"line":157,"column":20},"end":{"line":157,"column":63}},"99":{"start":{"line":160,"column":16},"end":{"line":160,"column":26}},"100":{"start":{"line":161,"column":16},"end":{"line":167,"column":17}},"101":{"start":{"line":162,"column":20},"end":{"line":162,"column":36}},"102":{"start":{"line":163,"column":20},"end":{"line":163,"column":39}},"103":{"start":{"line":165,"column":20},"end":{"line":165,"column":38}},"104":{"start":{"line":166,"column":20},"end":{"line":166,"column":41}},"105":{"start":{"line":169,"column":16},"end":{"line":169,"column":57}},"106":{"start":{"line":170,"column":16},"end":{"line":185,"column":19}},"107":{"start":{"line":171,"column":20},"end":{"line":171,"column":49}},"108":{"start":{"line":172,"column":20},"end":{"line":174,"column":22}},"109":{"start":{"line":173,"column":24},"end":{"line":173,"column":56}},"110":{"start":{"line":175,"column":20},"end":{"line":175,"column":52}},"111":{"start":{"line":176,"column":20},"end":{"line":180,"column":23}},"112":{"start":{"line":177,"column":24},"end":{"line":179,"column":26}},"113":{"start":{"line":178,"column":28},"end":{"line":178,"column":56}},"114":{"start":{"line":181,"column":20},"end":{"line":181,"column":57}},"115":{"start":{"line":182,"column":20},"end":{"line":184,"column":23}},"116":{"start":{"line":191,"column":0},"end":{"line":233,"column":1}},"117":{"start":{"line":192,"column":4},"end":{"line":192,"column":45}},"118":{"start":{"line":194,"column":4},"end":{"line":218,"column":5}},"119":{"start":{"line":195,"column":8},"end":{"line":195,"column":34}},"120":{"start":{"line":196,"column":8},"end":{"line":196,"column":26}},"121":{"start":{"line":197,"column":8},"end":{"line":203,"column":11}},"122":{"start":{"line":198,"column":12},"end":{"line":198,"column":70}},"123":{"start":{"line":199,"column":12},"end":{"line":201,"column":15}},"124":{"start":{"line":200,"column":16},"end":{"line":200,"column":50}},"125":{"start":{"line":202,"column":12},"end":{"line":202,"column":47}},"126":{"start":{"line":205,"column":8},"end":{"line":217,"column":12}},"127":{"start":{"line":206,"column":12},"end":{"line":210,"column":15}},"128":{"start":{"line":207,"column":16},"end":{"line":209,"column":19}},"129":{"start":{"line":208,"column":20},"end":{"line":208,"column":60}},"130":{"start":{"line":212,"column":12},"end":{"line":216,"column":13}},"131":{"start":{"line":213,"column":16},"end":{"line":215,"column":19}},"132":{"start":{"line":214,"column":20},"end":{"line":214,"column":84}},"133":{"start":{"line":219,"column":4},"end":{"line":219,"column":30}},"134":{"start":{"line":220,"column":4},"end":{"line":220,"column":42}},"135":{"start":{"line":221,"column":4},"end":{"line":221,"column":22}},"136":{"start":{"line":222,"column":4},"end":{"line":226,"column":6}},"137":{"start":{"line":223,"column":8},"end":{"line":223,"column":54}},"138":{"start":{"line":224,"column":8},"end":{"line":224,"column":43}},"139":{"start":{"line":225,"column":8},"end":{"line":225,"column":58}},"140":{"start":{"line":227,"column":4},"end":{"line":231,"column":6}},"141":{"start":{"line":228,"column":8},"end":{"line":228,"column":54}},"142":{"start":{"line":229,"column":8},"end":{"line":229,"column":47}},"143":{"start":{"line":230,"column":8},"end":{"line":230,"column":58}},"144":{"start":{"line":232,"column":4},"end":{"line":232,"column":20}},"145":{"start":{"line":235,"column":0},"end":{"line":237,"column":2}},"146":{"start":{"line":236,"column":4},"end":{"line":236,"column":52}},"147":{"start":{"line":239,"column":0},"end":{"line":255,"column":2}},"148":{"start":{"line":240,"column":4},"end":{"line":240,"column":20}},"149":{"start":{"line":242,"column":4},"end":{"line":242,"column":52}},"150":{"start":{"line":243,"column":4},"end":{"line":250,"column":5}},"151":{"start":{"line":245,"column":8},"end":{"line":245,"column":26}},"152":{"start":{"line":246,"column":8},"end":{"line":248,"column":9}},"153":{"start":{"line":247,"column":12},"end":{"line":247,"column":66}},"154":{"start":{"line":249,"column":8},"end":{"line":249,"column":26}},"155":{"start":{"line":252,"column":4},"end":{"line":254,"column":7}},"156":{"start":{"line":253,"column":8},"end":{"line":253,"column":49}},"157":{"start":{"line":257,"column":0},"end":{"line":284,"column":2}},"158":{"start":{"line":258,"column":4},"end":{"line":258,"column":18}},"159":{"start":{"line":259,"column":4},"end":{"line":259,"column":20}},"160":{"start":{"line":260,"column":4},"end":{"line":279,"column":6}},"161":{"start":{"line":261,"column":8},"end":{"line":261,"column":43}},"162":{"start":{"line":262,"column":8},"end":{"line":264,"column":9}},"163":{"start":{"line":263,"column":12},"end":{"line":263,"column":38}},"164":{"start":{"line":266,"column":8},"end":{"line":266,"column":26}},"165":{"start":{"line":267,"column":8},"end":{"line":269,"column":9}},"166":{"start":{"line":268,"column":12},"end":{"line":268,"column":45}},"167":{"start":{"line":271,"column":8},"end":{"line":278,"column":11}},"168":{"start":{"line":272,"column":12},"end":{"line":272,"column":36}},"169":{"start":{"line":273,"column":12},"end":{"line":273,"column":27}},"170":{"start":{"line":274,"column":12},"end":{"line":276,"column":13}},"171":{"start":{"line":275,"column":16},"end":{"line":275,"column":46}},"172":{"start":{"line":277,"column":12},"end":{"line":277,"column":64}},"173":{"start":{"line":281,"column":4},"end":{"line":281,"column":105}},"174":{"start":{"line":282,"column":4},"end":{"line":282,"column":43}},"175":{"start":{"line":283,"column":4},"end":{"line":283,"column":96}},"176":{"start":{"line":286,"column":0},"end":{"line":334,"column":2}},"177":{"start":{"line":287,"column":4},"end":{"line":287,"column":20}},"178":{"start":{"line":288,"column":4},"end":{"line":316,"column":5}},"179":{"start":{"line":289,"column":8},"end":{"line":291,"column":9}},"180":{"start":{"line":290,"column":12},"end":{"line":290,"column":22}},"181":{"start":{"line":293,"column":8},"end":{"line":293,"column":24}},"182":{"start":{"line":294,"column":8},"end":{"line":314,"column":11}},"183":{"start":{"line":295,"column":12},"end":{"line":295,"column":56}},"184":{"start":{"line":296,"column":12},"end":{"line":313,"column":13}},"185":{"start":{"line":297,"column":16},"end":{"line":299,"column":19}},"186":{"start":{"line":298,"column":20},"end":{"line":298,"column":52}},"187":{"start":{"line":300,"column":19},"end":{"line":313,"column":13}},"188":{"start":{"line":301,"column":16},"end":{"line":304,"column":19}},"189":{"start":{"line":305,"column":16},"end":{"line":307,"column":19}},"190":{"start":{"line":308,"column":16},"end":{"line":310,"column":17}},"191":{"start":{"line":309,"column":20},"end":{"line":309,"column":36}},"192":{"start":{"line":312,"column":16},"end":{"line":312,"column":35}},"193":{"start":{"line":315,"column":8},"end":{"line":315,"column":22}},"194":{"start":{"line":317,"column":4},"end":{"line":317,"column":20}},"195":{"start":{"line":318,"column":4},"end":{"line":332,"column":7}},"196":{"start":{"line":319,"column":8},"end":{"line":331,"column":9}},"197":{"start":{"line":320,"column":12},"end":{"line":325,"column":15}},"198":{"start":{"line":321,"column":16},"end":{"line":324,"column":20}},"199":{"start":{"line":327,"column":12},"end":{"line":330,"column":16}},"200":{"start":{"line":333,"column":4},"end":{"line":333,"column":18}},"201":{"start":{"line":336,"column":0},"end":{"line":436,"column":2}},"202":{"start":{"line":337,"column":4},"end":{"line":337,"column":20}},"203":{"start":{"line":338,"column":4},"end":{"line":338,"column":20}},"204":{"start":{"line":339,"column":4},"end":{"line":339,"column":22}},"205":{"start":{"line":341,"column":4},"end":{"line":350,"column":5}},"206":{"start":{"line":342,"column":8},"end":{"line":344,"column":9}},"207":{"start":{"line":343,"column":12},"end":{"line":343,"column":39}},"208":{"start":{"line":345,"column":8},"end":{"line":345,"column":47}},"209":{"start":{"line":346,"column":8},"end":{"line":348,"column":9}},"210":{"start":{"line":347,"column":12},"end":{"line":347,"column":84}},"211":{"start":{"line":349,"column":8},"end":{"line":349,"column":22}},"212":{"start":{"line":352,"column":4},"end":{"line":365,"column":5}},"213":{"start":{"line":353,"column":8},"end":{"line":364,"column":11}},"214":{"start":{"line":354,"column":12},"end":{"line":354,"column":99}},"215":{"start":{"line":355,"column":12},"end":{"line":357,"column":13}},"216":{"start":{"line":356,"column":16},"end":{"line":356,"column":79}},"217":{"start":{"line":358,"column":12},"end":{"line":358,"column":51}},"218":{"start":{"line":359,"column":12},"end":{"line":363,"column":14}},"219":{"start":{"line":367,"column":4},"end":{"line":371,"column":5}},"220":{"start":{"line":368,"column":8},"end":{"line":370,"column":11}},"221":{"start":{"line":369,"column":12},"end":{"line":369,"column":60}},"222":{"start":{"line":372,"column":4},"end":{"line":383,"column":7}},"223":{"start":{"line":374,"column":8},"end":{"line":376,"column":9}},"224":{"start":{"line":375,"column":12},"end":{"line":375,"column":105}},"225":{"start":{"line":377,"column":8},"end":{"line":381,"column":9}},"226":{"start":{"line":378,"column":12},"end":{"line":378,"column":39}},"227":{"start":{"line":380,"column":12},"end":{"line":380,"column":35}},"228":{"start":{"line":382,"column":8},"end":{"line":382,"column":31}},"229":{"start":{"line":385,"column":4},"end":{"line":385,"column":18}},"230":{"start":{"line":386,"column":4},"end":{"line":398,"column":5}},"231":{"start":{"line":387,"column":8},"end":{"line":391,"column":10}},"232":{"start":{"line":393,"column":8},"end":{"line":397,"column":10}},"233":{"start":{"line":400,"column":4},"end":{"line":402,"column":5}},"234":{"start":{"line":401,"column":8},"end":{"line":401,"column":76}},"235":{"start":{"line":403,"column":4},"end":{"line":405,"column":5}},"236":{"start":{"line":404,"column":8},"end":{"line":404,"column":73}},"237":{"start":{"line":406,"column":4},"end":{"line":408,"column":5}},"238":{"start":{"line":407,"column":8},"end":{"line":407,"column":90}},"239":{"start":{"line":409,"column":4},"end":{"line":411,"column":5}},"240":{"start":{"line":410,"column":8},"end":{"line":410,"column":98}},"241":{"start":{"line":412,"column":4},"end":{"line":418,"column":5}},"242":{"start":{"line":413,"column":8},"end":{"line":415,"column":11}},"243":{"start":{"line":414,"column":12},"end":{"line":414,"column":63}},"244":{"start":{"line":417,"column":8},"end":{"line":417,"column":100}},"245":{"start":{"line":420,"column":4},"end":{"line":420,"column":78}},"246":{"start":{"line":421,"column":4},"end":{"line":423,"column":7}},"247":{"start":{"line":422,"column":8},"end":{"line":422,"column":59}},"248":{"start":{"line":425,"column":4},"end":{"line":427,"column":5}},"249":{"start":{"line":426,"column":8},"end":{"line":426,"column":103}},"250":{"start":{"line":429,"column":4},"end":{"line":433,"column":5}},"251":{"start":{"line":430,"column":8},"end":{"line":430,"column":44}},"252":{"start":{"line":432,"column":8},"end":{"line":432,"column":99}},"253":{"start":{"line":435,"column":4},"end":{"line":435,"column":50}},"254":{"start":{"line":438,"column":0},"end":{"line":438,"column":46}},"255":{"start":{"line":439,"column":0},"end":{"line":439,"column":36}},"256":{"start":{"line":440,"column":0},"end":{"line":517,"column":2}},"257":{"start":{"line":441,"column":4},"end":{"line":444,"column":5}},"258":{"start":{"line":442,"column":8},"end":{"line":442,"column":47}},"259":{"start":{"line":443,"column":8},"end":{"line":443,"column":18}},"260":{"start":{"line":446,"column":4},"end":{"line":448,"column":5}},"261":{"start":{"line":447,"column":8},"end":{"line":447,"column":18}},"262":{"start":{"line":450,"column":4},"end":{"line":450,"column":49}},"263":{"start":{"line":452,"column":4},"end":{"line":514,"column":5}},"264":{"start":{"line":453,"column":8},"end":{"line":453,"column":35}},"265":{"start":{"line":454,"column":8},"end":{"line":454,"column":27}},"266":{"start":{"line":455,"column":11},"end":{"line":514,"column":5}},"267":{"start":{"line":456,"column":8},"end":{"line":458,"column":9}},"268":{"start":{"line":457,"column":12},"end":{"line":457,"column":39}},"269":{"start":{"line":460,"column":8},"end":{"line":472,"column":10}},"270":{"start":{"line":461,"column":12},"end":{"line":471,"column":13}},"271":{"start":{"line":462,"column":16},"end":{"line":468,"column":17}},"272":{"start":{"line":463,"column":20},"end":{"line":463,"column":47}},"273":{"start":{"line":464,"column":23},"end":{"line":468,"column":17}},"274":{"start":{"line":465,"column":20},"end":{"line":465,"column":53}},"275":{"start":{"line":467,"column":20},"end":{"line":467,"column":53}},"276":{"start":{"line":470,"column":16},"end":{"line":470,"column":49}},"277":{"start":{"line":473,"column":8},"end":{"line":473,"column":38}},"278":{"start":{"line":474,"column":8},"end":{"line":483,"column":9}},"279":{"start":{"line":475,"column":12},"end":{"line":482,"column":15}},"280":{"start":{"line":476,"column":16},"end":{"line":476,"column":37}},"281":{"start":{"line":477,"column":16},"end":{"line":481,"column":17}},"282":{"start":{"line":478,"column":20},"end":{"line":478,"column":60}},"283":{"start":{"line":479,"column":23},"end":{"line":481,"column":17}},"284":{"start":{"line":480,"column":20},"end":{"line":480,"column":54}},"285":{"start":{"line":485,"column":8},"end":{"line":487,"column":11}},"286":{"start":{"line":486,"column":12},"end":{"line":486,"column":51}},"287":{"start":{"line":489,"column":8},"end":{"line":489,"column":71}},"288":{"start":{"line":490,"column":8},"end":{"line":490,"column":35}},"289":{"start":{"line":491,"column":8},"end":{"line":513,"column":10}},"290":{"start":{"line":492,"column":12},"end":{"line":492,"column":65}},"291":{"start":{"line":493,"column":12},"end":{"line":493,"column":63}},"292":{"start":{"line":494,"column":12},"end":{"line":512,"column":15}},"293":{"start":{"line":495,"column":16},"end":{"line":495,"column":58}},"294":{"start":{"line":496,"column":16},"end":{"line":511,"column":17}},"295":{"start":{"line":497,"column":20},"end":{"line":497,"column":41}},"296":{"start":{"line":498,"column":20},"end":{"line":507,"column":21}},"297":{"start":{"line":499,"column":24},"end":{"line":499,"column":68}},"298":{"start":{"line":500,"column":24},"end":{"line":504,"column":25}},"299":{"start":{"line":501,"column":28},"end":{"line":501,"column":58}},"300":{"start":{"line":503,"column":28},"end":{"line":503,"column":67}},"301":{"start":{"line":506,"column":24},"end":{"line":506,"column":46}},"302":{"start":{"line":510,"column":20},"end":{"line":510,"column":40}},"303":{"start":{"line":516,"column":4},"end":{"line":516,"column":16}},"304":{"start":{"line":519,"column":0},"end":{"line":527,"column":1}},"305":{"start":{"line":520,"column":4},"end":{"line":525,"column":5}},"306":{"start":{"line":521,"column":8},"end":{"line":521,"column":28}},"307":{"start":{"line":522,"column":8},"end":{"line":524,"column":9}},"308":{"start":{"line":523,"column":12},"end":{"line":523,"column":21}},"309":{"start":{"line":526,"column":4},"end":{"line":526,"column":31}},"310":{"start":{"line":529,"column":0},"end":{"line":535,"column":1}},"311":{"start":{"line":530,"column":4},"end":{"line":534,"column":8}},"312":{"start":{"line":531,"column":8},"end":{"line":532,"column":20}},"313":{"start":{"line":533,"column":8},"end":{"line":533,"column":49}},"314":{"start":{"line":539,"column":0},"end":{"line":606,"column":2}},"315":{"start":{"line":540,"column":4},"end":{"line":548,"column":5}},"316":{"start":{"line":541,"column":8},"end":{"line":541,"column":123}},"317":{"start":{"line":542,"column":8},"end":{"line":546,"column":9}},"318":{"start":{"line":543,"column":12},"end":{"line":545,"column":84}},"319":{"start":{"line":547,"column":8},"end":{"line":547,"column":38}},"320":{"start":{"line":549,"column":4},"end":{"line":549,"column":96}},"321":{"start":{"line":550,"column":4},"end":{"line":558,"column":7}},"322":{"start":{"line":551,"column":8},"end":{"line":557,"column":9}},"323":{"start":{"line":552,"column":12},"end":{"line":552,"column":77}},"324":{"start":{"line":554,"column":12},"end":{"line":556,"column":13}},"325":{"start":{"line":555,"column":16},"end":{"line":555,"column":89}},"326":{"start":{"line":560,"column":4},"end":{"line":560,"column":20}},"327":{"start":{"line":561,"column":4},"end":{"line":561,"column":37}},"328":{"start":{"line":563,"column":4},"end":{"line":563,"column":32}},"329":{"start":{"line":564,"column":4},"end":{"line":564,"column":31}},"330":{"start":{"line":565,"column":4},"end":{"line":586,"column":7}},"331":{"start":{"line":566,"column":8},"end":{"line":566,"column":65}},"332":{"start":{"line":567,"column":8},"end":{"line":585,"column":11}},"333":{"start":{"line":568,"column":12},"end":{"line":568,"column":72}},"334":{"start":{"line":569,"column":12},"end":{"line":569,"column":85}},"335":{"start":{"line":570,"column":12},"end":{"line":584,"column":15}},"336":{"start":{"line":571,"column":16},"end":{"line":573,"column":19}},"337":{"start":{"line":572,"column":20},"end":{"line":572,"column":53}},"338":{"start":{"line":575,"column":16},"end":{"line":583,"column":19}},"339":{"start":{"line":588,"column":4},"end":{"line":603,"column":7}},"340":{"start":{"line":590,"column":8},"end":{"line":590,"column":70}},"341":{"start":{"line":592,"column":8},"end":{"line":592,"column":74}},"342":{"start":{"line":593,"column":8},"end":{"line":593,"column":69}},"343":{"start":{"line":594,"column":8},"end":{"line":602,"column":9}},"344":{"start":{"line":595,"column":12},"end":{"line":595,"column":66}},"345":{"start":{"line":597,"column":12},"end":{"line":597,"column":22}},"346":{"start":{"line":598,"column":12},"end":{"line":600,"column":13}},"347":{"start":{"line":599,"column":16},"end":{"line":599,"column":23}},"348":{"start":{"line":601,"column":12},"end":{"line":601,"column":52}},"349":{"start":{"line":605,"column":4},"end":{"line":605,"column":23}},"350":{"start":{"line":608,"column":0},"end":{"line":687,"column":2}},"351":{"start":{"line":609,"column":4},"end":{"line":609,"column":20}},"352":{"start":{"line":610,"column":4},"end":{"line":610,"column":17}},"353":{"start":{"line":611,"column":4},"end":{"line":613,"column":5}},"354":{"start":{"line":612,"column":8},"end":{"line":612,"column":115}},"355":{"start":{"line":615,"column":4},"end":{"line":617,"column":5}},"356":{"start":{"line":616,"column":8},"end":{"line":616,"column":137}},"357":{"start":{"line":619,"column":4},"end":{"line":621,"column":5}},"358":{"start":{"line":620,"column":8},"end":{"line":620,"column":83}},"359":{"start":{"line":623,"column":4},"end":{"line":633,"column":5}},"360":{"start":{"line":624,"column":8},"end":{"line":626,"column":11}},"361":{"start":{"line":625,"column":12},"end":{"line":625,"column":40}},"362":{"start":{"line":628,"column":8},"end":{"line":630,"column":9}},"363":{"start":{"line":629,"column":12},"end":{"line":629,"column":63}},"364":{"start":{"line":632,"column":8},"end":{"line":632,"column":27}},"365":{"start":{"line":635,"column":4},"end":{"line":635,"column":51}},"366":{"start":{"line":636,"column":4},"end":{"line":644,"column":6}},"367":{"start":{"line":637,"column":8},"end":{"line":639,"column":9}},"368":{"start":{"line":638,"column":12},"end":{"line":638,"column":104}},"369":{"start":{"line":641,"column":8},"end":{"line":643,"column":11}},"370":{"start":{"line":642,"column":12},"end":{"line":642,"column":64}},"371":{"start":{"line":646,"column":4},"end":{"line":660,"column":6}},"372":{"start":{"line":647,"column":8},"end":{"line":649,"column":9}},"373":{"start":{"line":648,"column":12},"end":{"line":648,"column":101}},"374":{"start":{"line":651,"column":8},"end":{"line":659,"column":45}},"375":{"start":{"line":654,"column":26},"end":{"line":654,"column":77}},"376":{"start":{"line":657,"column":26},"end":{"line":657,"column":78}},"377":{"start":{"line":662,"column":4},"end":{"line":664,"column":6}},"378":{"start":{"line":663,"column":8},"end":{"line":663,"column":71}},"379":{"start":{"line":666,"column":4},"end":{"line":666,"column":82}},"380":{"start":{"line":667,"column":4},"end":{"line":667,"column":47}},"381":{"start":{"line":669,"column":4},"end":{"line":675,"column":6}},"382":{"start":{"line":670,"column":8},"end":{"line":674,"column":9}},"383":{"start":{"line":671,"column":12},"end":{"line":671,"column":40}},"384":{"start":{"line":673,"column":12},"end":{"line":673,"column":75}},"385":{"start":{"line":676,"column":4},"end":{"line":680,"column":5}},"386":{"start":{"line":677,"column":8},"end":{"line":677,"column":38}},"387":{"start":{"line":679,"column":8},"end":{"line":679,"column":41}},"388":{"start":{"line":682,"column":4},"end":{"line":682,"column":44}},"389":{"start":{"line":683,"column":4},"end":{"line":683,"column":40}},"390":{"start":{"line":684,"column":4},"end":{"line":684,"column":54}},"391":{"start":{"line":686,"column":4},"end":{"line":686,"column":23}},"392":{"start":{"line":689,"column":0},"end":{"line":691,"column":2}},"393":{"start":{"line":690,"column":4},"end":{"line":690,"column":62}},"394":{"start":{"line":693,"column":0},"end":{"line":695,"column":2}},"395":{"start":{"line":694,"column":4},"end":{"line":694,"column":66}},"396":{"start":{"line":697,"column":0},"end":{"line":766,"column":2}},"397":{"start":{"line":698,"column":4},"end":{"line":707,"column":7}},"398":{"start":{"line":699,"column":8},"end":{"line":706,"column":9}},"399":{"start":{"line":700,"column":12},"end":{"line":700,"column":24}},"400":{"start":{"line":701,"column":15},"end":{"line":706,"column":9}},"401":{"start":{"line":702,"column":12},"end":{"line":702,"column":59}},"402":{"start":{"line":703,"column":12},"end":{"line":703,"column":94}},"403":{"start":{"line":705,"column":12},"end":{"line":705,"column":56}},"404":{"start":{"line":709,"column":4},"end":{"line":723,"column":5}},"405":{"start":{"line":710,"column":8},"end":{"line":722,"column":9}},"406":{"start":{"line":712,"column":12},"end":{"line":712,"column":31}},"407":{"start":{"line":714,"column":12},"end":{"line":721,"column":99}},"408":{"start":{"line":725,"column":4},"end":{"line":735,"column":5}},"409":{"start":{"line":728,"column":8},"end":{"line":734,"column":29}},"410":{"start":{"line":737,"column":4},"end":{"line":739,"column":5}},"411":{"start":{"line":738,"column":8},"end":{"line":738,"column":148}},"412":{"start":{"line":741,"column":4},"end":{"line":756,"column":5}},"413":{"start":{"line":742,"column":8},"end":{"line":742,"column":53}},"414":{"start":{"line":743,"column":8},"end":{"line":747,"column":11}},"415":{"start":{"line":744,"column":12},"end":{"line":746,"column":15}},"416":{"start":{"line":745,"column":16},"end":{"line":745,"column":50}},"417":{"start":{"line":749,"column":8},"end":{"line":755,"column":9}},"418":{"start":{"line":750,"column":12},"end":{"line":750,"column":92}},"419":{"start":{"line":751,"column":15},"end":{"line":755,"column":9}},"420":{"start":{"line":752,"column":12},"end":{"line":754,"column":99}},"421":{"start":{"line":758,"column":4},"end":{"line":758,"column":39}},"422":{"start":{"line":759,"column":4},"end":{"line":763,"column":5}},"423":{"start":{"line":760,"column":8},"end":{"line":760,"column":28}},"424":{"start":{"line":762,"column":8},"end":{"line":762,"column":40}},"425":{"start":{"line":765,"column":4},"end":{"line":765,"column":23}},"426":{"start":{"line":768,"column":0},"end":{"line":768,"column":62}},"427":{"start":{"line":770,"column":0},"end":{"line":806,"column":1}},"428":{"start":{"line":771,"column":4},"end":{"line":771,"column":49}},"429":{"start":{"line":772,"column":4},"end":{"line":772,"column":47}},"430":{"start":{"line":773,"column":4},"end":{"line":773,"column":53}},"431":{"start":{"line":774,"column":4},"end":{"line":774,"column":57}},"432":{"start":{"line":775,"column":4},"end":{"line":775,"column":46}},"433":{"start":{"line":776,"column":4},"end":{"line":785,"column":6}},"434":{"start":{"line":777,"column":8},"end":{"line":784,"column":9}},"435":{"start":{"line":778,"column":12},"end":{"line":778,"column":57}},"436":{"start":{"line":780,"column":12},"end":{"line":782,"column":13}},"437":{"start":{"line":781,"column":16},"end":{"line":781,"column":46}},"438":{"start":{"line":783,"column":12},"end":{"line":783,"column":20}},"439":{"start":{"line":787,"column":4},"end":{"line":787,"column":67}},"440":{"start":{"line":788,"column":4},"end":{"line":788,"column":51}},"441":{"start":{"line":789,"column":4},"end":{"line":789,"column":53}},"442":{"start":{"line":790,"column":4},"end":{"line":790,"column":33}},"443":{"start":{"line":791,"column":4},"end":{"line":791,"column":67}},"444":{"start":{"line":792,"column":4},"end":{"line":792,"column":59}},"445":{"start":{"line":793,"column":4},"end":{"line":793,"column":67}},"446":{"start":{"line":794,"column":4},"end":{"line":794,"column":57}},"447":{"start":{"line":795,"column":4},"end":{"line":795,"column":40}},"448":{"start":{"line":796,"column":4},"end":{"line":796,"column":53}},"449":{"start":{"line":797,"column":4},"end":{"line":797,"column":59}},"450":{"start":{"line":798,"column":4},"end":{"line":798,"column":46}},"451":{"start":{"line":799,"column":4},"end":{"line":799,"column":72}},"452":{"start":{"line":800,"column":4},"end":{"line":800,"column":38}},"453":{"start":{"line":801,"column":4},"end":{"line":801,"column":67}},"454":{"start":{"line":803,"column":4},"end":{"line":803,"column":71}},"455":{"start":{"line":805,"column":4},"end":{"line":805,"column":18}},"456":{"start":{"line":808,"column":0},"end":{"line":814,"column":1}},"457":{"start":{"line":809,"column":4},"end":{"line":813,"column":35}},"458":{"start":{"line":810,"column":8},"end":{"line":810,"column":39}},"459":{"start":{"line":811,"column":8},"end":{"line":811,"column":39}},"460":{"start":{"line":812,"column":8},"end":{"line":812,"column":22}},"461":{"start":{"line":816,"column":0},"end":{"line":884,"column":2}},"462":{"start":{"line":817,"column":4},"end":{"line":817,"column":33}},"463":{"start":{"line":818,"column":4},"end":{"line":818,"column":56}},"464":{"start":{"line":819,"column":4},"end":{"line":819,"column":20}},"465":{"start":{"line":821,"column":4},"end":{"line":827,"column":5}},"466":{"start":{"line":822,"column":8},"end":{"line":826,"column":9}},"467":{"start":{"line":823,"column":12},"end":{"line":823,"column":76}},"468":{"start":{"line":825,"column":12},"end":{"line":825,"column":24}},"469":{"start":{"line":829,"column":4},"end":{"line":843,"column":5}},"470":{"start":{"line":830,"column":8},"end":{"line":830,"column":35}},"471":{"start":{"line":831,"column":8},"end":{"line":831,"column":35}},"472":{"start":{"line":832,"column":8},"end":{"line":834,"column":9}},"473":{"start":{"line":833,"column":12},"end":{"line":833,"column":21}},"474":{"start":{"line":835,"column":8},"end":{"line":837,"column":9}},"475":{"start":{"line":836,"column":12},"end":{"line":836,"column":22}},"476":{"start":{"line":838,"column":8},"end":{"line":840,"column":9}},"477":{"start":{"line":839,"column":12},"end":{"line":839,"column":21}},"478":{"start":{"line":842,"column":8},"end":{"line":842,"column":84}},"479":{"start":{"line":845,"column":4},"end":{"line":852,"column":13}},"480":{"start":{"line":846,"column":8},"end":{"line":846,"column":66}},"481":{"start":{"line":848,"column":8},"end":{"line":851,"column":11}},"482":{"start":{"line":854,"column":4},"end":{"line":874,"column":10}},"483":{"start":{"line":855,"column":8},"end":{"line":855,"column":34}},"484":{"start":{"line":856,"column":8},"end":{"line":858,"column":9}},"485":{"start":{"line":857,"column":12},"end":{"line":857,"column":21}},"486":{"start":{"line":860,"column":8},"end":{"line":864,"column":9}},"487":{"start":{"line":861,"column":12},"end":{"line":861,"column":22}},"488":{"start":{"line":863,"column":12},"end":{"line":863,"column":21}},"489":{"start":{"line":866,"column":8},"end":{"line":866,"column":71}},"490":{"start":{"line":868,"column":8},"end":{"line":868,"column":60}},"491":{"start":{"line":869,"column":8},"end":{"line":871,"column":9}},"492":{"start":{"line":870,"column":12},"end":{"line":870,"column":21}},"493":{"start":{"line":873,"column":8},"end":{"line":873,"column":33}},"494":{"start":{"line":876,"column":4},"end":{"line":883,"column":7}},"495":{"start":{"line":880,"column":12},"end":{"line":881,"column":86}},"496":{"start":{"line":886,"column":0},"end":{"line":982,"column":2}},"497":{"start":{"line":887,"column":4},"end":{"line":887,"column":20}},"498":{"start":{"line":888,"column":4},"end":{"line":890,"column":5}},"499":{"start":{"line":889,"column":8},"end":{"line":889,"column":93}},"500":{"start":{"line":892,"column":4},"end":{"line":892,"column":58}},"501":{"start":{"line":893,"column":4},"end":{"line":895,"column":5}},"502":{"start":{"line":894,"column":8},"end":{"line":894,"column":79}},"503":{"start":{"line":896,"column":4},"end":{"line":896,"column":25}},"504":{"start":{"line":898,"column":4},"end":{"line":905,"column":5}},"505":{"start":{"line":899,"column":8},"end":{"line":899,"column":36}},"506":{"start":{"line":900,"column":8},"end":{"line":903,"column":9}},"507":{"start":{"line":901,"column":12},"end":{"line":901,"column":42}},"508":{"start":{"line":902,"column":12},"end":{"line":902,"column":36}},"509":{"start":{"line":904,"column":8},"end":{"line":904,"column":20}},"510":{"start":{"line":907,"column":4},"end":{"line":922,"column":5}},"511":{"start":{"line":908,"column":8},"end":{"line":910,"column":9}},"512":{"start":{"line":909,"column":12},"end":{"line":909,"column":24}},"513":{"start":{"line":912,"column":8},"end":{"line":921,"column":9}},"514":{"start":{"line":913,"column":12},"end":{"line":917,"column":13}},"515":{"start":{"line":914,"column":16},"end":{"line":916,"column":19}},"516":{"start":{"line":915,"column":20},"end":{"line":915,"column":91}},"517":{"start":{"line":918,"column":12},"end":{"line":918,"column":49}},"518":{"start":{"line":920,"column":12},"end":{"line":920,"column":60}},"519":{"start":{"line":924,"column":4},"end":{"line":945,"column":5}},"520":{"start":{"line":925,"column":8},"end":{"line":927,"column":9}},"521":{"start":{"line":926,"column":12},"end":{"line":926,"column":25}},"522":{"start":{"line":929,"column":8},"end":{"line":929,"column":67}},"523":{"start":{"line":931,"column":8},"end":{"line":935,"column":9}},"524":{"start":{"line":932,"column":12},"end":{"line":932,"column":25}},"525":{"start":{"line":933,"column":15},"end":{"line":935,"column":9}},"526":{"start":{"line":934,"column":12},"end":{"line":934,"column":24}},"527":{"start":{"line":937,"column":8},"end":{"line":937,"column":68}},"528":{"start":{"line":938,"column":8},"end":{"line":944,"column":11}},"529":{"start":{"line":939,"column":12},"end":{"line":943,"column":13}},"530":{"start":{"line":940,"column":16},"end":{"line":940,"column":70}},"531":{"start":{"line":942,"column":16},"end":{"line":942,"column":70}},"532":{"start":{"line":947,"column":4},"end":{"line":947,"column":19}},"533":{"start":{"line":948,"column":4},"end":{"line":953,"column":5}},"534":{"start":{"line":949,"column":8},"end":{"line":949,"column":30}},"535":{"start":{"line":950,"column":8},"end":{"line":952,"column":9}},"536":{"start":{"line":951,"column":12},"end":{"line":951,"column":27}},"537":{"start":{"line":954,"column":4},"end":{"line":959,"column":5}},"538":{"start":{"line":955,"column":8},"end":{"line":955,"column":30}},"539":{"start":{"line":956,"column":8},"end":{"line":958,"column":9}},"540":{"start":{"line":957,"column":12},"end":{"line":957,"column":27}},"541":{"start":{"line":961,"column":4},"end":{"line":981,"column":7}},"542":{"start":{"line":964,"column":12},"end":{"line":966,"column":14}},"543":{"start":{"line":965,"column":16},"end":{"line":965,"column":48}},"544":{"start":{"line":967,"column":12},"end":{"line":969,"column":14}},"545":{"start":{"line":968,"column":16},"end":{"line":968,"column":47}},"546":{"start":{"line":970,"column":12},"end":{"line":971,"column":31}},"547":{"start":{"line":972,"column":12},"end":{"line":972,"column":74}},"548":{"start":{"line":973,"column":12},"end":{"line":976,"column":27}},"549":{"start":{"line":974,"column":16},"end":{"line":974,"column":51}},"550":{"start":{"line":975,"column":16},"end":{"line":975,"column":30}},"551":{"start":{"line":977,"column":12},"end":{"line":979,"column":15}},"552":{"start":{"line":978,"column":16},"end":{"line":978,"column":63}},"553":{"start":{"line":984,"column":0},"end":{"line":988,"column":1}},"554":{"start":{"line":985,"column":4},"end":{"line":985,"column":69}},"555":{"start":{"line":986,"column":4},"end":{"line":986,"column":31}},"556":{"start":{"line":987,"column":4},"end":{"line":987,"column":18}},"557":{"start":{"line":990,"column":0},"end":{"line":992,"column":2}},"558":{"start":{"line":991,"column":4},"end":{"line":991,"column":46}},"559":{"start":{"line":994,"column":0},"end":{"line":1085,"column":2}},"560":{"start":{"line":995,"column":4},"end":{"line":995,"column":20}},"561":{"start":{"line":996,"column":4},"end":{"line":998,"column":5}},"562":{"start":{"line":997,"column":8},"end":{"line":997,"column":81}},"563":{"start":{"line":1000,"column":4},"end":{"line":1003,"column":6}},"564":{"start":{"line":1005,"column":4},"end":{"line":1053,"column":5}},"565":{"start":{"line":1006,"column":8},"end":{"line":1006,"column":91}},"566":{"start":{"line":1007,"column":8},"end":{"line":1007,"column":52}},"567":{"start":{"line":1008,"column":8},"end":{"line":1018,"column":10}},"568":{"start":{"line":1009,"column":12},"end":{"line":1009,"column":39}},"569":{"start":{"line":1010,"column":12},"end":{"line":1012,"column":22}},"570":{"start":{"line":1011,"column":16},"end":{"line":1011,"column":82}},"571":{"start":{"line":1014,"column":12},"end":{"line":1014,"column":64}},"572":{"start":{"line":1015,"column":12},"end":{"line":1017,"column":15}},"573":{"start":{"line":1016,"column":16},"end":{"line":1016,"column":75}},"574":{"start":{"line":1020,"column":8},"end":{"line":1020,"column":78}},"575":{"start":{"line":1022,"column":8},"end":{"line":1022,"column":50}},"576":{"start":{"line":1023,"column":8},"end":{"line":1023,"column":46}},"577":{"start":{"line":1024,"column":8},"end":{"line":1024,"column":64}},"578":{"start":{"line":1025,"column":8},"end":{"line":1025,"column":36}},"579":{"start":{"line":1026,"column":8},"end":{"line":1026,"column":40}},"580":{"start":{"line":1027,"column":8},"end":{"line":1027,"column":62}},"581":{"start":{"line":1028,"column":8},"end":{"line":1028,"column":34}},"582":{"start":{"line":1029,"column":8},"end":{"line":1029,"column":52}},"583":{"start":{"line":1031,"column":8},"end":{"line":1033,"column":10}},"584":{"start":{"line":1032,"column":12},"end":{"line":1032,"column":44}},"585":{"start":{"line":1034,"column":8},"end":{"line":1043,"column":11}},"586":{"start":{"line":1035,"column":12},"end":{"line":1035,"column":62}},"587":{"start":{"line":1036,"column":12},"end":{"line":1038,"column":13}},"588":{"start":{"line":1037,"column":16},"end":{"line":1037,"column":48}},"589":{"start":{"line":1040,"column":12},"end":{"line":1042,"column":14}},"590":{"start":{"line":1041,"column":16},"end":{"line":1041,"column":44}},"591":{"start":{"line":1047,"column":8},"end":{"line":1050,"column":9}},"592":{"start":{"line":1048,"column":12},"end":{"line":1048,"column":72}},"593":{"start":{"line":1049,"column":12},"end":{"line":1049,"column":66}},"594":{"start":{"line":1052,"column":8},"end":{"line":1052,"column":110}},"595":{"start":{"line":1055,"column":4},"end":{"line":1055,"column":56}},"596":{"start":{"line":1056,"column":4},"end":{"line":1084,"column":5}},"597":{"start":{"line":1057,"column":8},"end":{"line":1057,"column":73}},"598":{"start":{"line":1058,"column":8},"end":{"line":1071,"column":9}},"599":{"start":{"line":1059,"column":12},"end":{"line":1059,"column":48}},"600":{"start":{"line":1060,"column":12},"end":{"line":1065,"column":15}},"601":{"start":{"line":1061,"column":16},"end":{"line":1063,"column":17}},"602":{"start":{"line":1062,"column":20},"end":{"line":1062,"column":44}},"603":{"start":{"line":1064,"column":16},"end":{"line":1064,"column":24}},"604":{"start":{"line":1067,"column":12},"end":{"line":1067,"column":69}},"605":{"start":{"line":1068,"column":12},"end":{"line":1070,"column":13}},"606":{"start":{"line":1069,"column":16},"end":{"line":1069,"column":53}},"607":{"start":{"line":1072,"column":8},"end":{"line":1072,"column":57}},"608":{"start":{"line":1073,"column":8},"end":{"line":1073,"column":22}},"609":{"start":{"line":1075,"column":8},"end":{"line":1082,"column":9}},"610":{"start":{"line":1076,"column":12},"end":{"line":1076,"column":29}},"611":{"start":{"line":1077,"column":12},"end":{"line":1079,"column":13}},"612":{"start":{"line":1078,"column":16},"end":{"line":1078,"column":37}},"613":{"start":{"line":1080,"column":12},"end":{"line":1080,"column":43}},"614":{"start":{"line":1081,"column":12},"end":{"line":1081,"column":27}},"615":{"start":{"line":1083,"column":8},"end":{"line":1083,"column":16}},"616":{"start":{"line":1087,"column":0},"end":{"line":1134,"column":2}},"617":{"start":{"line":1088,"column":4},"end":{"line":1088,"column":20}},"618":{"start":{"line":1090,"column":4},"end":{"line":1101,"column":5}},"619":{"start":{"line":1091,"column":8},"end":{"line":1091,"column":30}},"620":{"start":{"line":1092,"column":8},"end":{"line":1100,"column":11}},"621":{"start":{"line":1093,"column":12},"end":{"line":1099,"column":31}},"622":{"start":{"line":1103,"column":4},"end":{"line":1105,"column":5}},"623":{"start":{"line":1104,"column":8},"end":{"line":1104,"column":77}},"624":{"start":{"line":1107,"column":4},"end":{"line":1133,"column":6}},"625":{"start":{"line":1108,"column":8},"end":{"line":1110,"column":9}},"626":{"start":{"line":1109,"column":12},"end":{"line":1109,"column":82}},"627":{"start":{"line":1111,"column":8},"end":{"line":1111,"column":29}},"628":{"start":{"line":1113,"column":8},"end":{"line":1116,"column":9}},"629":{"start":{"line":1114,"column":12},"end":{"line":1115,"column":77}},"630":{"start":{"line":1117,"column":8},"end":{"line":1117,"column":19}},"631":{"start":{"line":1118,"column":8},"end":{"line":1122,"column":9}},"632":{"start":{"line":1119,"column":12},"end":{"line":1119,"column":26}},"633":{"start":{"line":1121,"column":12},"end":{"line":1121,"column":34}},"634":{"start":{"line":1123,"column":8},"end":{"line":1125,"column":9}},"635":{"start":{"line":1124,"column":12},"end":{"line":1124,"column":104}},"636":{"start":{"line":1126,"column":8},"end":{"line":1132,"column":11}},"637":{"start":{"line":1127,"column":12},"end":{"line":1127,"column":34}},"638":{"start":{"line":1128,"column":12},"end":{"line":1128,"column":19}},"639":{"start":{"line":1130,"column":12},"end":{"line":1130,"column":34}},"640":{"start":{"line":1131,"column":12},"end":{"line":1131,"column":22}},"641":{"start":{"line":1136,"column":0},"end":{"line":1158,"column":2}},"642":{"start":{"line":1137,"column":4},"end":{"line":1137,"column":43}},"643":{"start":{"line":1138,"column":4},"end":{"line":1138,"column":20}},"644":{"start":{"line":1140,"column":4},"end":{"line":1140,"column":28}},"645":{"start":{"line":1141,"column":4},"end":{"line":1141,"column":77}},"646":{"start":{"line":1142,"column":4},"end":{"line":1149,"column":5}},"647":{"start":{"line":1144,"column":8},"end":{"line":1144,"column":26}},"648":{"start":{"line":1145,"column":8},"end":{"line":1147,"column":9}},"649":{"start":{"line":1146,"column":12},"end":{"line":1146,"column":66}},"650":{"start":{"line":1148,"column":8},"end":{"line":1148,"column":21}},"651":{"start":{"line":1151,"column":4},"end":{"line":1157,"column":7}},"652":{"start":{"line":1152,"column":8},"end":{"line":1152,"column":81}},"653":{"start":{"line":1154,"column":8},"end":{"line":1154,"column":56}},"654":{"start":{"line":1156,"column":8},"end":{"line":1156,"column":44}},"655":{"start":{"line":1160,"column":0},"end":{"line":1179,"column":2}},"656":{"start":{"line":1161,"column":4},"end":{"line":1161,"column":37}},"657":{"start":{"line":1163,"column":4},"end":{"line":1163,"column":18}},"658":{"start":{"line":1164,"column":4},"end":{"line":1164,"column":26}},"659":{"start":{"line":1165,"column":4},"end":{"line":1165,"column":25}},"660":{"start":{"line":1166,"column":4},"end":{"line":1173,"column":7}},"661":{"start":{"line":1167,"column":8},"end":{"line":1172,"column":11}},"662":{"start":{"line":1168,"column":12},"end":{"line":1171,"column":13}},"663":{"start":{"line":1169,"column":16},"end":{"line":1169,"column":57}},"664":{"start":{"line":1170,"column":16},"end":{"line":1170,"column":51}},"665":{"start":{"line":1175,"column":4},"end":{"line":1177,"column":7}},"666":{"start":{"line":1176,"column":8},"end":{"line":1176,"column":35}},"667":{"start":{"line":1178,"column":4},"end":{"line":1178,"column":26}},"668":{"start":{"line":1181,"column":0},"end":{"line":1196,"column":2}},"669":{"start":{"line":1182,"column":4},"end":{"line":1182,"column":30}},"670":{"start":{"line":1183,"column":4},"end":{"line":1185,"column":13}},"671":{"start":{"line":1184,"column":8},"end":{"line":1184,"column":76}},"672":{"start":{"line":1186,"column":4},"end":{"line":1193,"column":7}},"673":{"start":{"line":1195,"column":4},"end":{"line":1195,"column":42}},"674":{"start":{"line":1198,"column":0},"end":{"line":1205,"column":2}},"675":{"start":{"line":1199,"column":4},"end":{"line":1204,"column":5}},"676":{"start":{"line":1200,"column":8},"end":{"line":1200,"column":34}},"677":{"start":{"line":1202,"column":8},"end":{"line":1202,"column":36}},"678":{"start":{"line":1203,"column":8},"end":{"line":1203,"column":20}},"679":{"start":{"line":1207,"column":0},"end":{"line":1214,"column":2}},"680":{"start":{"line":1208,"column":4},"end":{"line":1208,"column":20}},"681":{"start":{"line":1209,"column":4},"end":{"line":1209,"column":53}},"682":{"start":{"line":1210,"column":4},"end
[...]
column":12},"end":{"line":293,"column":12}}]},"22":{"line":306,"type":"if","locations":[{"start":{"line":306,"column":24},"end":{"line":306,"column":24}},{"start":{"line":306,"column":24},"end":{"line":306,"column":24}}]},"23":{"line":311,"type":"if","locations":[{"start":{"line":311,"column":20},"end":{"line":311,"column":20}},{"start":{"line":311,"column":20},"end":{"line":311,"column":20}}]},"24":{"line":331,"type":"if","locations":[{"start":{"line":331,"column":36},"end":{"line":331,"column":36}},{"start":{"line":331,"column":36},"end":{"line":331,"column":36}}]},"25":{"line":341,"type":"if","locations":[{"start":{"line":341,"column":32},"end":{"line":341,"column":32}},{"start":{"line":341,"column":32},"end":{"line":341,"column":32}}]},"26":{"line":354,"type":"if","locations":[{"start":{"line":354,"column":28},"end":{"line":354,"column":28}},{"start":{"line":354,"column":28},"end":{"line":354,"column":28}}]},"27":{"line":355,"type":"if","locations":[{"start":{"line":355,"column":32},"end":{"line":355,"column":32}},{"start":{"line":355,"column":32},"end":{"line":355,"column":32}}]},"28":{"line":375,"type":"binary-expr","locations":[{"start":{"line":375,"column":23},"end":{"line":375,"column":30}},{"start":{"line":375,"column":34},"end":{"line":377,"column":18}}]},"29":{"line":381,"type":"binary-expr","locations":[{"start":{"line":381,"column":22},"end":{"line":381,"column":38}},{"start":{"line":381,"column":42},"end":{"line":387,"column":17}}]},"30":{"line":393,"type":"if","locations":[{"start":{"line":393,"column":8},"end":{"line":393,"column":8}},{"start":{"line":393,"column":8},"end":{"line":393,"column":8}}]},"31":{"line":401,"type":"if","locations":[{"start":{"line":401,"column":20},"end":{"line":401,"column":20}},{"start":{"line":401,"column":20},"end":{"line":401,"column":20}}]},"32":{"line":408,"type":"if","locations":[{"start":{"line":408,"column":24},"end":{"line":408,"column":24}},{"start":{"line":408,"column":24},"end":{"line":408,"column":24}}]},"33":{"line":424,"type":"if","locations":[{"start":{"line":424,"column":8},"end":{"line":424,"column":8}},{"start":{"line":424,"column":8},"end":{"line":424,"column":8}}]},"34":{"line":432,"type":"if","locations":[{"start":{"line":432,"column":20},"end":{"line":432,"column":20}},{"start":{"line":432,"column":20},"end":{"line":432,"column":20}}]},"35":{"line":439,"type":"if","locations":[{"start":{"line":439,"column":24},"end":{"line":439,"column":24}},{"start":{"line":439,"column":24},"end":{"line":439,"column":24}}]},"36":{"line":458,"type":"binary-expr","locations":[{"start":{"line":458,"column":15},"end":{"line":458,"column":30}},{"start":{"line":458,"column":34},"end":{"line":458,"column":52}}]},"37":{"line":465,"type":"binary-expr","locations":[{"start":{"line":465,"column":15},"end":{"line":465,"column":31}},{"start":{"line":465,"column":35},"end":{"line":465,"column":52}}]},"38":{"line":472,"type":"binary-expr","locations":[{"start":{"line":472,"column":15},"end":{"line":472,"column":31}},{"start":{"line":472,"column":35},"end":{"line":472,"column":52}}]},"39":{"line":554,"type":"if","locations":[{"start":{"line":554,"column":12},"end":{"line":554,"column":12}},{"start":{"line":554,"column":12},"end":{"line":554,"column":12}}]},"40":{"line":554,"type":"binary-expr","locations":[{"start":{"line":554,"column":16},"end":{"line":554,"column":34}},{"start":{"line":554,"column":39},"end":{"line":554,"column":62}},{"start":{"line":554,"column":66},"end":{"line":554,"column":79}}]},"41":{"line":574,"type":"cond-expr","locations":[{"start":{"line":574,"column":37},"end":{"line":574,"column":44}},{"start":{"line":574,"column":47},"end":{"line":574,"column":79}}]},"42":{"line":591,"type":"if","locations":[{"start":{"line":591,"column":8},"end":{"line":591,"column":8}},{"start":{"line":591,"column":8},"end":{"line":591,"column":8}}]},"43":{"line":610,"type":"binary-expr","locations":[{"start":{"line":610,"column":31},"end":{"line":610,"column":36}},{"start":{"line":610,"column":40},"end":{"line":610,"column":59}}]},"44":{"line":614,"type":"if","locations":[{"start":{"line":614,"column":12},"end":{"line":614,"column":12}},{"start":{"line":614,"column":12},"end":{"line":614,"column":12}}]},"45":{"line":614,"type":"binary-expr","locations":[{"start":{"line":614,"column":16},"end":{"line":614,"column":28}},{"start":{"line":614,"column":33},"end":{"line":614,"column":56}},{"start":{"line":614,"column":60},"end":{"line":614,"column":73}}]},"46":{"line":635,"type":"cond-expr","locations":[{"start":{"line":635,"column":48},"end":{"line":635,"column":50}},{"start":{"line":635,"column":53},"end":{"line":635,"column":55}}]},"47":{"line":637,"type":"if","locations":[{"start":{"line":637,"column":12},"end":{"line":637,"column":12}},{"start":{"line":637,"column":12},"end":{"line":637,"column":12}}]},"48":{"line":641,"type":"if","locations":[{"start":{"line":641,"column":19},"end":{"line":641,"column":19}},{"start":{"line":641,"column":19},"end":{"line":641,"column":19}}]},"49":{"line":710,"type":"if","locations":[{"start":{"line":710,"column":16},"end":{"line":710,"column":16}},{"start":{"line":710,"column":16},"end":{"line":710,"column":16}}]},"50":{"line":714,"type":"if","locations":[{"start":{"line":714,"column":12},"end":{"line":714,"column":12}},{"start":{"line":714,"column":12},"end":{"line":714,"column":12}}]},"51":{"line":714,"type":"binary-expr","locations":[{"start":{"line":714,"column":16},"end":{"line":714,"column":19}},{"start":{"line":714,"column":23},"end":{"line":714,"column":46}}]},"52":{"line":730,"type":"binary-expr","locations":[{"start":{"line":730,"column":21},"end":{"line":730,"column":43}},{"start":{"line":730,"column":47},"end":{"line":730,"column":53}}]},"53":{"line":732,"type":"if","locations":[{"start":{"line":732,"column":8},"end":{"line":732,"column":8}},{"start":{"line":732,"column":8},"end":{"line":732,"column":8}}]},"54":{"line":734,"type":"if","locations":[{"start":{"line":734,"column":12},"end":{"line":734,"column":12}},{"start":{"line":734,"column":12},"end":{"line":734,"column":12}}]},"55":{"line":736,"type":"if","locations":[{"start":{"line":736,"column":16},"end":{"line":736,"column":16}},{"start":{"line":736,"column":16},"end":{"line":736,"column":16}}]},"56":{"line":736,"type":"binary-expr","locations":[{"start":{"line":736,"column":20},"end":{"line":736,"column":30}},{"start":{"line":736,"column":34},"end":{"line":736,"column":49}}]},"57":{"line":745,"type":"if","locations":[{"start":{"line":745,"column":12},"end":{"line":745,"column":12}},{"start":{"line":745,"column":12},"end":{"line":745,"column":12}}]},"58":{"line":747,"type":"if","locations":[{"start":{"line":747,"column":19},"end":{"line":747,"column":19}},{"start":{"line":747,"column":19},"end":{"line":747,"column":19}}]},"59":{"line":747,"type":"binary-expr","locations":[{"start":{"line":747,"column":23},"end":{"line":747,"column":47}},{"start":{"line":747,"column":51},"end":{"line":747,"column":77}}]},"60":{"line":750,"type":"if","locations":[{"start":{"line":750,"column":16},"end":{"line":750,"column":16}},{"start":{"line":750,"column":16},"end":{"line":750,"column":16}}]},"61":{"line":759,"type":"if","locations":[{"start":{"line":759,"column":12},"end":{"line":759,"column":12}},{"start":{"line":759,"column":12},"end":{"line":759,"column":12}}]},"62":{"line":762,"type":"if","locations":[{"start":{"line":762,"column":12},"end":{"line":762,"column":12}},{"start":{"line":762,"column":12},"end":{"line":762,"column":12}}]},"63":{"line":820,"type":"if","locations":[{"start":{"line":820,"column":4},"end":{"line":820,"column":4}},{"start":{"line":820,"column":4},"end":{"line":820,"column":4}}]},"64":{"line":837,"type":"if","locations":[{"start":{"line":837,"column":16},"end":{"line":837,"column":16}},{"start":{"line":837,"column":16},"end":{"line":837,"column":16}}]},"65":{"line":837,"type":"binary-expr","locations":[{"start":{"line":837,"column":20},"end":{"line":837,"column":22}},{"start":{"line":837,"column":26},"end":{"line":837,"column":42}}]},"66":{"line":906,"type":"if","locations":[{"start":{"line":906,"column":16},"end":{"line":906,"column":16}},{"start":{"line":906,"column":16},"end":{"line":906,"column":16}}]},"67":{"line":916,"type":"if","locations":[{"start":{"line":916,"column":16},"end":{"line":916,"column":16}},{"start":{"line":916,"column":16},"end":{"line":916,"column":16}}]},"68":{"line":916,"type":"binary-expr","locations":[{"start":{"line":916,"column":20},"end":{"line":916,"column":47}},{"start":{"line":916,"column":51},"end":{"line":916,"column":76}}]},"69":{"line":934,"type":"if","locations":[{"start":{"line":934,"column":28},"end":{"line":934,"column":28}},{"start":{"line":934,"column":28},"end":{"line":934,"column":28}}]},"70":{"line":950,"type":"if","locations":[{"start":{"line":950,"column":32},"end":{"line":950,"column":32}},{"start":{"line":950,"column":32},"end":{"line":950,"column":32}}]},"71":{"line":950,"type":"binary-expr","locations":[{"start":{"line":950,"column":36},"end":{"line":950,"column":53}},{"start":{"line":950,"column":57},"end":{"line":950,"column":87}}]},"72":{"line":954,"type":"binary-expr","locations":[{"start":{"line":954,"column":56},"end":{"line":954,"column":84}},{"start":{"line":954,"column":88},"end":{"line":954,"column":105}}]},"73":{"line":955,"type":"binary-expr","locations":[{"start":{"line":955,"column":58},"end":{"line":955,"column":74}},{"start":{"line":955,"column":79},"end":{"line":955,"column":102}},{"start":{"line":955,"column":106},"end":{"line":955,"column":127}}]},"74":{"line":961,"type":"if","locations":[{"start":{"line":961,"column":32},"end":{"line":961,"column":32}},{"start":{"line":961,"column":32},"end":{"line":961,"column":32}}]},"75":{"line":962,"type":"if","locations":[{"start":{"line":962,"column":36},"end":{"line":962,"column":36}},{"start":{"line":962,"column":36},"end":{"line":962,"column":36}}]},"76":{"line":962,"type":"binary-expr","locations":[{"start":{"line":962,"column":40},"end":{"line":962,"column":67}},{"start":{"line":962,"column":71},"end":{"line":962,"column":96}}]},"77":{"line":967,"type":"if","locations":[{"start":{"line":967,"column":39},"end":{"line":967,"column":39}},{"start":{"line":967,"column":39},"end":{"line":967,"column":39}}]},"78":{"line":967,"type":"binary-expr","locations":[{"start":{"line":967,"column":43},"end":{"line":967,"column":54}},{"start":{"line":967,"column":58},"end":{"line":967,"column":77}},{"start":{"line":967,"column":81},"end":{"line":967,"column":98}}]},"79":{"line":968,"type":"binary-expr","locations":[{"start":{"line":968,"column":50},"end":{"line":968,"column":61}},{"start":{"line":968,"column":65},"end":{"line":968,"column":104}}]},"80":{"line":969,"type":"binary-expr","locations":[{"start":{"line":969,"column":51},"end":{"line":969,"column":59}},{"start":{"line":969,"column":63},"end":{"line":969,"column":77}}]},"81":{"line":970,"type":"binary-expr","locations":[{"start":{"line":970,"column":49},"end":{"line":970,"column":68}},{"start":{"line":970,"column":72},"end":{"line":970,"column":89}}]},"82":{"line":971,"type":"if","locations":[{"start":{"line":971,"column":36},"end":{"line":971,"column":36}},{"start":{"line":971,"column":36},"end":{"line":971,"column":36}}]},"83":{"line":971,"type":"binary-expr","locations":[{"start":{"line":971,"column":40},"end":{"line":971,"column":47}},{"start":{"line":971,"column":51},"end":{"line":971,"column":63}},{"start":{"line":971,"column":67},"end":{"line":971,"column":81}}]},"84":{"line":973,"type":"if","locations":[{"start":{"line":973,"column":43},"end":{"line":973,"column":43}},{"start":{"line":973,"column":43},"end":{"line":973,"column":43}}]},"85":{"line":976,"type":"if","locations":[{"start":{"line":976,"column":43},"end":{"line":976,"column":43}},{"start":{"line":976,"column":43},"end":{"line":976,"column":43}}]},"86":{"line":976,"type":"binary-expr","locations":[{"start":{"line":976,"column":47},"end":{"line":976,"column":55}},{"start":{"line":976,"column":60},"end":{"line":976,"column":67}},{"start":{"line":976,"column":71},"end":{"line":976,"column":86}}]},"87":{"line":977,"type":"binary-expr","locations":[{"start":{"line":977,"column":58},"end":{"line":977,"column":69}},{"start":{"line":977,"column":73},"end":{"line":977,"column":95}},{"start":{"line":977,"column":100},"end":{"line":977,"column":116}}]},"88":{"line":980,"type":"if","locations":[{"start":{"line":980,"column":40},"end":{"line":980,"column":40}},{"start":{"line":980,"column":40},"end":{"line":980,"column":40}}]},"89":{"line":988,"type":"if","locations":[{"start":{"line":988,"column":32},"end":{"line":988,"column":32}},{"start":{"line":988,"column":32},"end":{"line":988,"column":32}}]},"90":{"line":989,"type":"if","locations":[{"start":{"line":989,"column":36},"end":{"line":989,"column":36}},{"start":{"line":989,"column":36},"end":{"line":989,"column":36}}]},"91":{"line":989,"type":"binary-expr","locations":[{"start":{"line":989,"column":41},"end":{"line":989,"column":57}},{"start":{"line":989,"column":61},"end":{"line":989,"column":82}},{"start":{"line":989,"column":87},"end":{"line":989,"column":104}}]},"92":{"line":996,"type":"if","locations":[{"start":{"line":996,"column":32},"end":{"line":996,"column":32}},{"start":{"line":996,"column":32},"end":{"line":996,"column":32}}]},"93":{"line":1001,"type":"cond-expr","locations":[{"start":{"line":1003,"column":40},"end":{"line":1003,"column":71}},{"start":{"line":1004,"column":40},"end":{"line":1004,"column":65}}]},"94":{"line":1001,"type":"binary-expr","locations":[{"start":{"line":1001,"column":36},"end":{"line":1001,"column":53}},{"start":{"line":1002,"column":36},"end":{"line":1002,"column":64}}]},"95":{"line":1006,"type":"if","locations":[{"start":{"line":1006,"column":32},"end":{"line":1006,"column":32}},{"start":{"line":1006,"column":32},"end":{"line":1006,"column":32}}]},"96":{"line":1010,"type":"if","locations":[{"start":{"line":1010,"column":32},"end":{"line":1010,"column":32}},{"start":{"line":1010,"column":32},"end":{"line":1010,"column":32}}]},"97":{"line":1011,"type":"if","locations":[{"start":{"line":1011,"column":36},"end":{"line":1011,"column":36}},{"start":{"line":1011,"column":36},"end":{"line":1011,"column":36}}]},"98":{"line":1011,"type":"binary-expr","locations":[{"start":{"line":1011,"column":40},"end":{"line":1011,"column":61}},{"start":{"line":1011,"column":65},"end":{"line":1011,"column":90}}]},"99":{"line":1019,"type":"binary-expr","locations":[{"start":{"line":1019,"column":59},"end":{"line":1019,"column":72}},{"start":{"line":1020,"column":36},"end":{"line":1020,"column":130}}]},"100":{"line":1021,"type":"if","locations":[{"start":{"line":1021,"column":32},"end":{"line":1021,"column":32}},{"start":{"line":1021,"column":32},"end":{"line":1021,"column":32}}]},"101":{"line":1022,"type":"if","locations":[{"start":{"line":1022,"column":36},"end":{"line":1022,"column":36}},{"start":{"line":1022,"column":36},"end":{"line":1022,"column":36}}]},"102":{"line":1023,"type":"if","locations":[{"start":{"line":1023,"column":40},"end":{"line":1023,"column":40}},{"start":{"line":1023,"column":40},"end":{"line":1023,"column":40}}]},"103":{"line":1031,"type":"if","locations":[{"start":{"line":1031,"column":40},"end":{"line":1031,"column":40}},{"start":{"line":1031,"column":40},"end":{"line":1031,"column":40}}]},"104":{"line":1039,"type":"if","locations":[{"start":{"line":1039,"column":32},"end":{"line":1039,"column":32}},{"start":{"line":1039,"column":32},"end":{"line":1039,"column":32}}]},"105":{"line":1059,"type":"if","locations":[{"start":{"line":1059,"column":8},"end":{"line":1059,"column":8}},{"start":{"line":1059,"column":8},"end":{"line":1059,"column":8}}]},"106":{"line":1114,"type":"if","locations":[{"start":{"line":1114,"column":8},"end":{"line":1114,"column":8}},{"start":{"line":1114,"column":8},"end":{"line":1114,"column":8}}]},"107":{"line":1124,"type":"cond-expr","locations":[{"start":{"line":1124,"column":59},"end":{"line":1124,"column":80}},{"start":{"line":1124,"column":83},"end":{"line":1124,"column":101}}]},"108":{"line":1134,"type":"if","locations":[{"start":{"line":1134,"column":8},"end":{"line":1134,"column":8}},{"start":{"line":1134,"column":8},"end":{"line":1134,"column":8}}]},"109":{"line":1144,"type":"cond-expr","locations":[{"start":{"line":1144,"column":59},"end":{"line":1144,"column":80}},{"start":{"line":1144,"column":83},"end":{"line":1144,"column":101}}]},"110":{"line":1153,"type":"if","locations":[{"start":{"line":1153,"column":16},"end":{"line":1153,"column":16}},{"start":{"line":1153,"column":16},"end":{"line":1153,"column":16}}]},"111":{"line":1165,"type":"if","locations":[{"start":{"line":1165,"column":12},"end":{"line":1165,"column":12}},{"start":{"line":1165,"column":12},"end":{"line":1165,"column":12}}]},"112":{"line":1165,"type":"binary-expr","locations":[{"start":{"line":1165,"column":16},"end":{"line":1165,"column":19}},{"start":{"line":1165,"column":23},"end":{"line":1165,"column":40}},{"start":{"line":1165,"column":45},"end":{"line":1165,"column":70}},{"start":{"line":1165,"column":74},"end":{"line":1165,"column":89}}]},"113":{"line":1180,"type":"if","locations":[{"start":{"line":1180,"column":16},"end":{"line":1180,"column":16}},{"start":{"line":1180,"column":16},"end":{"line":1180,"column":16}}]},"114":{"line":1197,"type":"if","locations":[{"start":{"line":1197,"column":12},"end":{"line":1197,"column":12}},{"start":{"line":1197,"column":12},"end":{"line":1197,"column":12}}]},"115":{"line":1201,"type":"if","locations":[{"start":{"line":1201,"column":20},"end":{"line":1201,"column":20}},{"start":{"line":1201,"column":20},"end":{"line":1201,"column":20}}]},"116":{"line":1208,"type":"if","locations":[{"start":{"line":1208,"column":16},"end":{"line":1208,"column":16}},{"start":{"line":1208,"column":16},"end":{"line":1208,"column":16}}]},"117":{"line":1220,"type":"if","locations":[{"start":{"line":1220,"column":12},"end":{"line":1220,"column":12}},{"start":{"line":1220,"column":12},"end":{"line":1220,"column":12}}]},"118":{"line":1235,"type":"if","locations":[{"start":{"line":1235,"column":16},"end":{"line":1235,"column":16}},{"start":{"line":1235,"column":16},"end":{"line":1235,"column":16}}]},"119":{"line":1241,"type":"if","locations":[{"start":{"line":1241,"column":16},"end":{"line":1241,"column":16}},{"start":{"line":1241,"column":16},"end":{"line":1241,"column":16}}]},"120":{"line":1255,"type":"if","locations":[{"start":{"line":1255,"column":16},"end":{"line":1255,"column":16}},{"start":{"line":1255,"column":16},"end":{"line":1255,"column":16}}]},"121":{"line":1260,"type":"if","locations":[{"start":{"line":1260,"column":16},"end":{"line":1260,"column":16}},{"start":{"line":1260,"column":16},"end":{"line":1260,"column":16}}]},"122":{"line":1266,"type":"if","locations":[{"start":{"line":1266,"column":16},"end":{"line":1266,"column":16}},{"start":{"line":1266,"column":16},"end":{"line":1266,"column":16}}]},"123":{"line":1276,"type":"if","locations":[{"start":{"line":1276,"column":12},"end":{"line":1276,"column":12}},{"start":{"line":1276,"column":12},"end":{"line":1276,"column":12}}]},"124":{"line":1285,"type":"if","locations":[{"start":{"line":1285,"column":12},"end":{"line":1285,"column":12}},{"start":{"line":1285,"column":12},"end":{"line":1285,"column":12}}]},"125":{"line":1290,"type":"if","locations":[{"start":{"line":1290,"column":24},"end":{"line":1290,"column":24}},{"start":{"line":1290,"column":24},"end":{"line":1290,"column":24}}]},"126":{"line":1313,"type":"if","locations":[{"start":{"line":1313,"column":12},"end":{"line":1313,"column":12}},{"start":{"line":1313,"column":12},"end":{"line":1313,"column":12}}]},"127":{"line":1313,"type":"binary-expr","locations":[{"start":{"line":1313,"column":16},"end":{"line":1313,"column":19}},{"start":{"line":1313,"column":23},"end":{"line":1313,"column":40}},{"start":{"line":1313,"column":45},"end":{"line":1313,"column":70}},{"start":{"line":1313,"column":74},"end":{"line":1313,"column":89}}]}}}}