{"/home/andreas/work/unexpected/lib/index.js":{"path":"/home/andreas/work/unexpected/lib/index.js","s":{"1":1,"2":1,"3":5},"b":{},"f":{"1":5},"fnMap":{"1":{"name":"(anonymous_1)","line":7,"loc":{"start":{"line":7,"column":40},"end":{"line":7,"column":52}}}},"statementMap":{"1":{"start":{"line":1,"column":0},"end":{"line":4,"column":34}},"2":{"start":{"line":7,"column":0},"end":{"line":9,"column":2}},"3":{"start":{"line":8,"column":4},"end":{"line":8,"column":107}}},"branchMap":{}},"/home/andreas/work/unexpected/lib/Unexpected.js":{"path":"/home/andreas/work/unexpected/lib/Unexpected.js","s":{"1":1,"2":1,"3":1,"4":1,"5":1,"6":1,"7":1,"8":1,"9":1,"10":1,"11":1,"12":1,"13":1,"14":18,"15":0,"16":0,"17":0,"18":225,"19":13625,"20":13625,"21":13625,"22":0,"23":13625,"24":1296,"25":12329,"26":6559,"27":5770,"28":1,"29":176,"30":176,"31":176,"32":176,"33":176,"34":176,"35":176,"36":176,"37":176,"38":176,"39":67,"40":1468,"41":176,"42":28449,"43":292087,"44":176,"45":4423,"46":4423,"47":4423,"48":9417,"49":9417,"50":4423,"51":4423,"52":4680,"53":4423,"54":257,"55":1,"56":1,"57":162,"58":162,"59":291,"60":38,"61":253,"62":162,"63":1,"64":156,"65":202,"66":202,"67":202,"68":202,"69":1,"70":113,"71":113,"72":137,"73":113,"74":146,"75":33,"76":12,"77":21,"78":33,"79":146,"80":146,"81":185,"82":39,"83":185,"84":185,"85":146,"86":146,"87":146,"88":82,"89":146,"90":146,"91":39,"92":39,"93":8,"94":8,"95":31,"96":31,"97":39,"98":39,"99":39,"100":39,"101":39,"102":39,"103":10,"104":1,"105":162,"106":1,"107":129,"108":129,"109":129,"110":156,"111":156,"112":202,"113":156,"114":129,"115":128,"116":151,"117":189,"118":128,"119":43,"120":113,"121":162,"122":162,"123":162,"124":162,"125":34,"126":34,"127":34,"128":162,"129":27,"130":27,"131":27,"132":162,"133":1,"134":101,"135":1,"136":2746,"137":2746,"138":2746,"139":2,"140":2,"141":1,"142":1,"143":2745,"144":403,"145":1,"146":3878,"147":3878,"148":3878,"149":6204,"150":6204,"151":19,"152":6185,"153":6185,"154":6,"155":6179,"156":2326,"157":2326,"158":2326,"159":2215,"160":2326,"161":3878,"162":3878,"163":1,"164":1,"165":1,"166":1063,"167":1,"168":1,"169":1062,"170":1,"171":1061,"172":1061,"173":85,"174":976,"175":464,"176":125,"177":121,"178":1,"179":120,"180":119,"181":1,"182":4,"183":464,"184":464,"185":464,"186":789,"187":789,"188":425,"189":364,"190":296,"191":464,"192":721,"193":512,"194":512,"195":27,"196":27,"197":27,"198":59,"199":59,"200":16,"201":16,"202":14,"203":14,"204":2,"205":12,"206":2,"207":43,"208":1061,"209":1,"210":176,"211":0,"212":176,"213":113,"214":113,"215":113,"216":63,"217":63,"218":72,"219":72,"220":72,"221":0,"222":0,"223":176,"224":176,"225":176,"226":185,"227":185,"228":185,"229":0,"230":185,"231":185,"232":166,"233":165,"234":165,"235":181,"236":343,"237":246,"238":165,"239":181,"240":342,"241":7,"242":2,"243":335,"244":335,"245":154,"246":1,"247":70,"248":70,"249":70,"250":4,"251":66,"252":1,"253":65,"254":65,"255":65,"256":38,"257":709,"258":38,"259":0,"260":27,"261":65,"262":65,"263":0,"264":0,"265":0,"266":0,"267":65,"268":40,"269":0,"270":40,"271":2,"272":2,"273":65,"274":173,"275":65,"276":65,"277":65,"278":6597,"279":0,"280":6597,"281":65,"282":3,"283":54,"284":3,"285":62,"286":65,"287":1,"288":14,"289":1,"290":3,"291":1,"292":25,"293":77,"294":4,"295":73,"296":22,"297":22,"298":51,"299":25,"300":6,"301":4,"302":2,"303":19,"304":1,"305":18,"306":0,"307":18,"308":5,"309":5,"310":8,"311":26,"312":5,"313":1,"314":4,"315":2,"316":15,"317":15,"318":6,"319":9,"320":15,"321":1,"322":1,"323":176,"324":176,"325":176,"326":176,"327":176,"328":176,"329":70,"330":70,"331":70,"332":69,"333":70,"334":176,"335":176,"336":176,"337":176,"338":176,"339":176,"340":176,"341":176,"342":176,"343":176,"344":176,"345":176,"346":176,"347":176,"348":176,"349":176,"350":1,"351":176,"352":176,"353":176,"354":1,"355":703,"356":1,"357":0,"358":1,"359":7373,"360":14,"361":1,"362":12,"363":4,"364":8,"365":14,"366":7,"367":7,"368":1,"369":2235,"370":2235,"371":2,"372":2233,"373":1,"374":8885,"375":1,"376":8884,"377":8884,"378":8884,"379":8884,"380":8540,"381":8540,"382":8884,"383":8849,"384":8849,"385":7610,"386":7610,"387":5658,"388":86,"389":86,"390":37,"391":36,"392":1,"393":5572,"394":5172,"395":5658,"396":5658,"397":1952,"398":1951,"399":1951,"400":64,"401":1951,"402":1,"403":8849,"404":6652,"405":6652,"406":3749,"407":6652,"408":6652,"409":3260,"410":6652,"411":6652,"412":8849,"413":8849,"414":8849,"415":8849,"416":8849,"417":8849,"418":8849,"419":8849,"420":8849,"421":8849,"422":958,"423":958,"424":958,"425":8849,"426":8849,"427":1516,"428":356,"429":354,"430":8849,"431":8849,"432":8849,"433":8849,"434":8849,"435":7460,"436":35,"437":65,"438":1844,"439":65,"440":47,"441":47,"442":47,"443":30,"444":30,"445":47,"446":47,"447":29,"448":18,"449":18,"450":36,"451":18,"452":36,"453":18,"454":18,"455":18,"456":528,"457":528,"458":54,"459":54,"460":528,"461":3996,"462":18,"463":28930,"464":28930,"465":20654,"466":8276,"467":3332,"468":4944,"469":4632,"470":312,"471":18,"472":2233,"473":2233,"474":2233,"475":1715,"476":207,"477":207,"478":80,"479":79,"480":80,"481":1508,"482":1508,"483":802,"484":1715,"485":1715,"486":518,"487":491,"488":491,"489":0,"490":491,"491":490,"492":27,"493":1,"494":10,"495":1,"496":7,"497":7,"498":14,"499":10,"500":2,"501":8,"502":8,"503":1,"504":7,"505":7,"506":2,"507":5,"508":5,"509":5,"510":5,"511":4,"512":2,"513":2,"514":2,"515":2,"516":0,"517":0,"518":1,"519":887,"520":887,"521":887,"522":887,"523":4,"524":4,"525":1,"526":3,"527":886,"528":416,"529":491,"530":1116,"531":1,"532":6,"533":6,"534":6,"535":168,"536":168,"537":1328,"538":6,"539":6,"540":168,"541":168,"542":78,"543":78,"544":78,"545":1328,"546":78,"547":6,"548":1,"549":175,"550":175,"551":4900,"552":175,"553":175,"554":1,"555":878,"556":878,"557":0,"558":0,"559":1,"560":2009,"561":2009,"562":2009,"563":3825,"564":2009,"565":1,"566":1,"567":1,"568":1,"569":1,"570":302,"571":1,"572":221,"573":1,"574":182,"575":396,"576":1,"577":484,"578":182,"579":302,"580":302,"581":302,"582":81,"583":81,"584":117,"585":117,"586":117,"587":117,"588":117,"589":117,"590":221,"591":26,"592":69,"593":76,"594":195,"595":269,"596":1,"597":182,"598":182,"599":182,"600":182,"601":182,"602":182,"603":107,"604":107,"605":107,"606":182,"607":182,"608":182,"609":182,"610":347,"611":347,"612":1,"613":181,"614":1,"615":195,"616":195,"617":4302,"618":4302,"619":244,"620":4302,"621":86,"622":2,"623":84,"624":2,"625":82,"626":1,"627":4216,"628":30,"629":2,"630":28,"631":2,"632":186,"633":2,"634":184,"635":2,"636":1,"637":201,"638":2,"639":199,"640":1,"641":198,"642":3,"643":195,"644":1},"b":{"1":[0,0],"2":[0,0],"3":[13625,0],"4":[1296,12329],"5":[6559,5770],"6":[176,1],"7":[176,1],"8":[176,1],"9":[176,1],"10":[176,1],"11":[176,1],"12":[176,1],"13":[28449,0],"14":[4423,257],"15":[38,253],"16":[33,113],"17":[12,21],"18":[39,146],"19":[146,39],"20":[185,154],"21":[82,64],"22":[146,104],"23":[8,31],"24":[43,85],"25":[403,2343],"26":[2,2744],"27":[2,1],"28":[1,1],"29":[19,6185],"30":[6204,49,19],"31":[6185,0],"32":[6,6179],"33":[2215,111],"34":[2326,2287],"35":[3878,53],"36":[3878,3795],"37":[3878,3026],"38":[1,1062],"39":[1,1061],"40":[85,976],"41":[464,512],"42":[976,474],"43":[121,4],"44":[1,120],"45":[119,1],"46":[464,0],"47":[464,464],"48":[425,364],"49":[296,68],"50":[23,4],"51":[16,43],"52":[14,2],"53":[2,12],"54":[14,6],"55":[0,176],"56":[176,63],"57":[113,63],"58":[9,54],"59":[72,0],"60":[72,0],"61":[13,163],"62":[0,185],"63":[7,335],"64":[2,5],"65":[2,0],"66":[4,66],"67":[70,69],"68":[1,65],"69":[38,27],"70":[0,38],"71":[0,0],"72":[0,0],"73":[0,40],"74":[40,40],"75":[0,6597],"76":[3,62],"77":[4,73],"78":[22,51],"79":[73,22],"80":[22,13],"81":[6,19],"82":[4,2],"83":[1,18],"84":[19,13,13,18,18,18,5],"85":[0,18],"86":[5,13],"87":[1,4],"88":[2,2],"89":[6,9],"90":[69,1],"91":[70,70],"92":[4,8],"93":[7,7],"94":[2,2233],"95":[1,8884],"96":[17424,8575],"97":[8849,35],"98":[86,5572],"99":[36,1],"100":[37,37],"101":[5172,400],"102":[5572,400],"103":[1951,1],"104":[1952,1952],"105":[64,1887],"106":[716,3033],"107":[47,18],"108":[29,18],"109":[18,18],"110":[54,474],"111":[20654,8276],"112":[3332,4944],"113":[4632,312],"114":[207,1508],"115":[79,1],"116":[80,80],"117":[802,706],"118":[1508,707],"119":[491,27],"120":[518,518],"121":[0,491],"122":[2,8],"123":[10,8],"124":[1,7],"125":[2,5],"126":[2,2],"127":[4,3],"128":[887,0],"129":[416,471],"130":[4,883],"131":[4,2],"132":[1,3],"133":[491,254],"134":[78,90],"135":[878,0],"136":[2009,53],"137":[302,81],"138":[221,26],"139":[182,302],"140":[81,221],"141":[26,195],"142":[72,4],"143":[1,346],"144":[244,4058],"145":[86,4216],"146":[4302,88],"147":[2,84],"148":[2,82],"149":[1,81],"150":[30,4186],"151":[4216,32],"152":[2,28],"153":[2,26],"154":[2,184],"155":[2,182],"156":[2,199],"157":[201,200],"158":[1,198],"159":[3,195]},"f":{"1":18,"2":0,"3":225,"4":13625,"5":176,"6":67,"7":1468,"8":28449,"9":292087,"10":4423,"11":162,"12":291,"13":156,"14":202,"15":202,"16":113,"17":137,"18":146,"19":185,"20":146,"21":39,"22":10,"23":162,"24":129,"25":156,"26":202,"27":128,"28":151,"29":189,"30":113,"31":34,"32":27,"33":101,"34":2746,"35":403,"36":3878,"37":6204,"38":2326,"39":1063,"40":125,"41":789,"42":721,"43":27,"44":59,"45":176,"46":72,"47":185,"48":181,"49":343,"50":246,"51":181,"52":342,"53":70,"54":709,"55":0,"56":0,"57":40,"58":2,"59":2,"60":173,"61":6597,"62":54,"63":14,"64":3,"65":25,"66":77,"67":8,"68":26,"69":176,"70":70,"71":176,"72":703,"73":0,"74":7373,"75":14,"76":12,"77":2235,"78":8885,"79":7610,"80":37,"81":6652,"82":3749,"83":6652,"84":958,"85":958,"86":1516,"87":356,"88":65,"89":1844,"90":47,"91":30,"92":30,"93":36,"94":528,"95":3996,"96":28930,"97":80,"98":10,"99":7,"100":14,"101":8,"102":2,"103":0,"104":887,"105":416,"106":491,"107":1116,"108":6,"109":168,"110":1328,"111":168,"112":1328,"113":175,"114":4900,"115":878,"116":2009,"117":3825,"118":1,"119":1,"120":302,"121":221,"122":182,"123":396,"124":484,"125":117,"126":117,"127":69,"128":76,"129":269,"130":182,"131":347,"132":195,"133":201},"fnMap":{"1":{"name":"(anonymous_1)","line":16,"loc":{"start":{"line":16,"column":14},"end":{"line":16,"column":26}}},"2":{"name":"(anonymous_2)","line":20,"loc":{"start":{"line":20,"column":13},"end":{"line":20,"column":45}}},"3":{"name":"(anonymous_3)","line":28,"loc":{"start":{"line":28,"column":10},"end":{"line":28,"column":61}}},"4":{"name":"(anonymous_4)","line":31,"loc":{"start":{"line":31,"column":8},"end":{"line":31,"column":34}}},"5":{"name":"Unexpected","line":49,"loc":{"start":{"line":49,"column":0},"end":{"line":49,"column":29}}},"6":{"name":"(anonymous_6)","line":61,"loc":{"start":{"line":61,"column":19},"end":{"line":61,"column":39}}},"7":{"name":"(anonymous_7)","line":62,"loc":{"start":{"line":62,"column":43},"end":{"line":62,"column":59}}},"8":{"name":"(anonymous_8)","line":66,"loc":{"start":{"line":66,"column":22},"end":{"line":66,"column":37}}},"9":{"name":"(anonymous_9)","line":67,"loc":{"start":{"line":67,"column":49},"end":{"line":67,"column":65}}},"10":{"name":"(anonymous_10)","line":71,"loc":{"start":{"line":71,"column":26},"end":{"line":71,"column":42}}},"11":{"name":"getOrGroups","line":89,"loc":{"start":{"line":89,"column":0},"end":{"line":89,"column":35}}},"12":{"name":"(anonymous_12)","line":91,"loc":{"start":{"line":91,"column":25},"end":{"line":91,"column":48}}},"13":{"name":"evaluateGroup","line":101,"loc":{"start":{"line":101,"column":0},"end":{"line":101,"column":49}}},"14":{"name":"(anonymous_14)","line":102,"loc":{"start":{"line":102,"column":23},"end":{"line":102,"column":46}}},"15":{"name":"(anonymous_15)","line":107,"loc":{"start":{"line":107,"column":33},"end":{"line":107,"column":45}}},"16":{"name":"writeGroupEvaluationsToOutput","line":114,"loc":{"start":{"line":114,"column":0},"end":{"line":114,"column":73}}},"17":{"name":"(anonymous_17)","line":116,"loc":{"start":{"line":116,"column":46},"end":{"line":116,"column":73}}},"18":{"name":"(anonymous_18)","line":119,"loc":{"start":{"line":119,"column":29},"end":{"line":119,"column":59}}},"19":{"name":"(anonymous_19)","line":130,"loc":{"start":{"line":130,"column":32},"end":{"line":130,"column":57}}},"20":{"name":"(anonymous_20)","line":143,"loc":{"start":{"line":143,"column":29},"end":{"line":143,"column":47}}},"21":{"name":"(anonymous_21)","line":157,"loc":{"start":{"line":157,"column":29},"end":{"line":157,"column":47}}},"22":{"name":"(anonymous_22)","line":161,"loc":{"start":{"line":161,"column":49},"end":{"line":161,"column":62}}},"23":{"name":"createExpectIt","line":170,"loc":{"start":{"line":170,"column":0},"end":{"line":170,"column":46}}},"24":{"name":"expectIt","line":173,"loc":{"start":{"line":173,"column":4},"end":{"line":173,"column":31}}},"25":{"name":"(anonymous_25)","line":176,"loc":{"start":{"line":176,"column":25},"end":{"line":176,"column":44}}},"26":{"name":"(anonymous_26)","line":178,"loc":{"start":{"line":178,"column":32},"end":{"line":178,"column":54}}},"27":{"name":"(anonymous_27)","line":184,"loc":{"start":{"line":184,"column":64},"end":{"line":184,"column":76}}},"28":{"name":"(anonymous_28)","line":185,"loc":{"start":{"line":185,"column":53},"end":{"line":185,"column":80}}},"29":{"name":"(anonymous_29)","line":186,"loc":{"start":{"line":186,"column":45},"end":{"line":186,"column":67}}},"30":{"name":"(anonymous_30)","line":192,"loc":{"start":{"line":192,"column":28},"end":{"line":192,"column":46}}},"31":{"name":"(anonymous_31)","line":201,"loc":{"start":{"line":201,"column":19},"end":{"line":201,"column":31}}},"32":{"name":"(anonymous_32)","line":206,"loc":{"start":{"line":206,"column":18},"end":{"line":206,"column":30}}},"33":{"name":"(anonymous_33)","line":214,"loc":{"start":{"line":214,"column":26},"end":{"line":214,"column":38}}},"34":{"name":"(anonymous_34)","line":218,"loc":{"start":{"line":218,"column":29},"end":{"line":218,"column":70}}},"35":{"name":"(anonymous_35)","line":231,"loc":{"start":{"line":231,"column":73},"end":{"line":231,"column":89}}},"36":{"name":"(anonymous_36)","line":236,"loc":{"start":{"line":236,"column":31},"end":{"line":236,"column":61}}},"37":{"name":"(anonymous_37)","line":239,"loc":{"start":{"line":239,"column":22},"end":{"line":239,"column":59}}},"38":{"name":"(anonymous_38)","line":250,"loc":{"start":{"line":250,"column":58},"end":{"line":250,"column":83}}},"39":{"name":"(anonymous_39)","line":266,"loc":{"start":{"line":266,"column":28},"end":{"line":266,"column":43}}},"40":{"name":"(anonymous_40)","line":281,"loc":{"start":{"line":281,"column":23},"end":{"line":281,"column":41}}},"41":{"name":"(anonymous_41)","line":296,"loc":{"start":{"line":296,"column":37},"end":{"line":296,"column":52}}},"42":{"name":"(anonymous_42)","line":306,"loc":{"start":{"line":306,"column":50},"end":{"line":306,"column":65}}},"43":{"name":"(anonymous_43)","line":311,"loc":{"start":{"line":311,"column":23},"end":{"line":311,"column":41}}},"44":{"name":"(anonymous_44)","line":314,"loc":{"start":{"line":314,"column":27},"end":{"line":314,"column":44}}},"45":{"name":"(anonymous_45)","line":344,"loc":{"start":{"line":344,"column":36},"end":{"line":344,"column":72}}},"46":{"name":"(anonymous_46)","line":355,"loc":{"start":{"line":355,"column":61},"end":{"line":355,"column":77}}},"47":{"name":"(anonymous_47)","line":369,"loc":{"start":{"line":369,"column":18},"end":{"line":369,"column":34}}},"48":{"name":"(anonymous_48)","line":379,"loc":{"start":{"line":379,"column":38},"end":{"line":379,"column":65}}},"49":{"name":"(anonymous_49)","line":380,"loc":{"start":{"line":380,"column":37},"end":{"line":380,"column":64}}},"50":{"name":"(anonymous_50)","line":381,"loc":{"start":{"line":381,"column":59},"end":{"line":381,"column":75}}},"51":{"name":"(anonymous_51)","line":386,"loc":{"start":{"line":386,"column":25},"end":{"line":386,"column":47}}},"52":{"name":"(anonymous_52)","line":387,"loc":{"start":{"line":387,"column":45},"end":{"line":387,"column":72}}},"53":{"name":"(anonymous_53)","line":407,"loc":{"start":{"line":407,"column":31},"end":{"line":407,"column":47}}},"54":{"name":"(anonymous_54)","line":422,"loc":{"start":{"line":422,"column":47},"end":{"line":422,"column":60}}},"55":{"name":"(anonymous_55)","line":434,"loc":{"start":{"line":434,"column":31},"end":{"line":434,"column":63}}},"56":{"name":"(anonymous_56)","line":439,"loc":{"start":{"line":439,"column":62},"end":{"line":439,"column":86}}},"57":{"name":"(anonymous_57)","line":444,"loc":{"start":{"line":444,"column":28},"end":{"line":444,"column":64}}},"58":{"name":"(anonymous_58)","line":451,"loc":{"start":{"line":451,"column":22},"end":{"line":451,"column":50}}},"59":{"name":"(anonymous_59)","line":454,"loc":{"start":{"line":454,"column":22},"end":{"line":454,"column":46}}},"60":{"name":"(anonymous_60)","line":460,"loc":{"start":{"line":460,"column":29},"end":{"line":460,"column":57}}},"61":{"name":"(anonymous_61)","line":467,"loc":{"start":{"line":467,"column":27},"end":{"line":467,"column":39}}},"62":{"name":"(anonymous_62)","line":475,"loc":{"start":{"line":475,"column":32},"end":{"line":475,"column":44}}},"63":{"name":"(anonymous_63)","line":486,"loc":{"start":{"line":486,"column":32},"end":{"line":486,"column":44}}},"64":{"name":"(anonymous_64)","line":490,"loc":{"start":{"line":490,"column":36},"end":{"line":490,"column":48}}},"65":{"name":"(anonymous_65)","line":494,"loc":{"start":{"line":494,"column":27},"end":{"line":494,"column":45}}},"66":{"name":"(anonymous_66)","line":495,"loc":{"start":{"line":495,"column":64},"end":{"line":495,"column":91}}},"67":{"name":"(anonymous_67)","line":533,"loc":{"start":{"line":533,"column":65},"end":{"line":533,"column":87}}},"68":{"name":"(anonymous_68)","line":534,"loc":{"start":{"line":534,"column":42},"end":{"line":534,"column":60}}},"69":{"name":"installExpectMethods","line":560,"loc":{"start":{"line":560,"column":0},"end":{"line":560,"column":58}}},"70":{"name":"(anonymous_70)","line":566,"loc":{"start":{"line":566,"column":18},"end":{"line":566,"column":30}}},"71":{"name":"makeExpectFunction","line":595,"loc":{"start":{"line":595,"column":0},"end":{"line":595,"column":40}}},"72":{"name":"(anonymous_72)","line":601,"loc":{"start":{"line":601,"column":39},"end":{"line":601,"column":54}}},"73":{"name":"(anonymous_73)","line":605,"loc":{"start":{"line":605,"column":32},"end":{"line":605,"column":44}}},"74":{"name":"makeAndMethod","line":609,"loc":{"start":{"line":609,"column":0},"end":{"line":609,"column":40}}},"75":{"name":"(anonymous_75)","line":610,"loc":{"start":{"line":610,"column":11},"end":{"line":610,"column":23}}},"76":{"name":"executeAnd","line":612,"loc":{"start":{"line":612,"column":8},"end":{"line":612,"column":30}}},"77":{"name":"expect","line":628,"loc":{"start":{"line":628,"column":30},"end":{"line":628,"column":78}}},"78":{"name":"executeExpect","line":635,"loc":{"start":{"line":635,"column":4},"end":{"line":635,"column":65}}},"79":{"name":"(anonymous_79)","line":649,"loc":{"start":{"line":649,"column":38},"end":{"line":649,"column":58}}},"80":{"name":"(anonymous_80)","line":654,"loc":{"start":{"line":654,"column":56},"end":{"line":654,"column":69}}},"81":{"name":"wrappedExpect","line":677,"loc":{"start":{"line":677,"column":32},"end":{"line":677,"column":57}}},"82":{"name":"(anonymous_82)","line":679,"loc":{"start":{"line":679,"column":88},"end":{"line":679,"column":119}}},"83":{"name":"(anonymous_83)","line":687,"loc":{"start":{"line":687,"column":43},"end":{"line":687,"column":55}}},"84":{"name":"(anonymous_84)","line":702,"loc":{"start":{"line":702,"column":33},"end":{"line":702,"column":45}}},"85":{"name":"(anonymous_85)","line":704,"loc":{"start":{"line":704,"column":36},"end":{"line":704,"column":48}}},"86":{"name":"(anonymous_86)","line":709,"loc":{"start":{"line":709,"column":38},"end":{"line":709,"column":63}}},"87":{"name":"(anonymous_87)","line":710,"loc":{"start":{"line":710,"column":60},"end":{"line":710,"column":73}}},"88":{"name":"(anonymous_88)","line":726,"loc":{"start":{"line":726,"column":25},"end":{"line":726,"column":43}}},"89":{"name":"(anonymous_89)","line":727,"loc":{"start":{"line":727,"column":72},"end":{"line":727,"column":88}}},"90":{"name":"(anonymous_90)","line":731,"loc":{"start":{"line":731,"column":44},"end":{"line":731,"column":62}}},"91":{"name":"(anonymous_91)","line":734,"loc":{"start":{"line":734,"column":50},"end":{"line":734,"column":65}}},"92":{"name":"(anonymous_92)","line":735,"loc":{"start":{"line":735,"column":35},"end":{"line":735,"column":53}}},"93":{"name":"(anonymous_93)","line":751,"loc":{"start":{"line":751,"column":64},"end":{"line":751,"column":99}}},"94":{"name":"(anonymous_94)","line":761,"loc":{"start":{"line":761,"column":64},"end":{"line":761,"column":80}}},"95":{"name":"(anonymous_95)","line":767,"loc":{"start":{"line":767,"column":76},"end":{"line":767,"column":97}}},"96":{"name":"(anonymous_96)","line":775,"loc":{"start":{"line":775,"column":49},"end":{"line":775,"column":65}}},"97":{"name":"(anonymous_97)","line":803,"loc":{"start":{"line":803,"column":44},"end":{"line":803,"column":57}}},"98":{"name":"(anonymous_98)","line":830,"loc":{"start":{"line":830,"column":29},"end":{"line":830,"column":43}}},"99":{"name":"asyncMisusage","line":833,"loc":{"start":{"line":833,"column":4},"end":{"line":833,"column":36}}},"100":{"name":"(anonymous_100)","line":835,"loc":{"start":{"line":835,"column":25},"end":{"line":835,"column":43}}},"101":{"name":"(anonymous_101)","line":850,"loc":{"start":{"line":850,"column":11},"end":{"line":850,"column":27}}},"102":{"name":"(anonymous_102)","line":869,"loc":{"start":{"line":869,"column":20},"end":{"line":869,"column":32}}},"103":{"name":"(anonymous_103)","line":872,"loc":{"start":{"line":872,"column":11},"end":{"line":872,"column":26}}},"104":{"name":"(anonymous_104)","line":879,"loc":{"start":{"line":879,"column":28},"end":{"line":879,"column":65}}},"105":{"name":"(anonymous_105)","line":893,"loc":{"start":{"line":893,"column":56},"end":{"line":893,"column":84}}},"106":{"name":"(anonymous_106)","line":895,"loc":{"start":{"line":895,"column":7},"end":{"line":895,"column":27}}},"107":{"name":"(anonymous_107)","line":897,"loc":{"start":{"line":897,"column":7},"end":{"line":897,"column":35}}},"108":{"name":"(anonymous_108)","line":902,"loc":{"start":{"line":902,"column":32},"end":{"line":902,"column":44}}},"109":{"name":"(anonymous_109)","line":905,"loc":{"start":{"line":905,"column":36},"end":{"line":905,"column":56}}},"110":{"name":"(anonymous_110)","line":907,"loc":{"start":{"line":907,"column":50},"end":{"line":907,"column":77}}},"111":{"name":"(anonymous_111)","line":914,"loc":{"start":{"line":914,"column":38},"end":{"line":914,"column":54}}},"112":{"name":"(anonymous_112)","line":920,"loc":{"start":{"line":920,"column":38},"end":{"line":920,"column":59}}},"113":{"name":"(anonymous_113)","line":931,"loc":{"start":{"line":931,"column":29},"end":{"line":931,"column":41}}},"114":{"name":"(anonymous_114)","line":933,"loc":{"start":{"line":933,"column":41},"end":{"line":933,"column":61}}},"115":{"name":"(anonymous_115)","line":947,"loc":{"start":{"line":947,"column":36},"end":{"line":947,"column":54}}},"116":{"name":"(anonymous_116)","line":956,"loc":{"start":{"line":956,"column":36},"end":{"line":956,"column":54}}},"117":{"name":"(anonymous_117)","line":959,"loc":{"start":{"line":959,"column":39},"end":{"line":959,"column":63}}},"118":{"name":"(anonymous_118)","line":965,"loc":{"start":{"line":965,"column":20},"end":{"line":965,"column":32}}},"119":{"name":"(anonymous_119)","line":970,"loc":{"start":{"line":970,"column":21},"end":{"line":970,"column":33}}},"120":{"name":"isFlag","line":971,"loc":{"start":{"line":971,"column":4},"end":{"line":971,"column":27}}},"121":{"name":"isAlternation","line":974,"loc":{"start":{"line":974,"column":4},"end":{"line":974,"column":34}}},"122":{"name":"removeEmptyStrings","line":977,"loc":{"start":{"line":977,"column":4},"end":{"line":977,"column":39}}},"123":{"name":"(anonymous_123)","line":978,"loc":{"start":{"line":978,"column":28},"end":{"line":978,"column":44}}},"124":{"name":"createPermutations","line":982,"loc":{"start":{"line":982,"column":4},"end":{"line":982,"column":47}}},"125":{"name":"(anonymous_125)","line":991,"loc":{"start":{"line":991,"column":28},"end":{"line":991,"column":47}}},"126":{"name":"(anonymous_126)","line":999,"loc":{"start":{"line":999,"column":31},"end":{"line":999,"column":50}}},"127":{"name":"(anonymous_127)","line":1012,"loc":{"start":{"line":1012,"column":24},"end":{"line":1012,"column":55}}},"128":{"name":"(anonymous_128)","line":1013,"loc":{"start":{"line":1013,"column":50},"end":{"line":1013,"column":69}}},"129":{"name":"(anonymous_129)","line":1023,"loc":{"start":{"line":1023,"column":28},"end":{"line":1023,"column":47}}},"130":{"name":"(anonymous_130)","line":1032,"loc":{"start":{"line":1032,"column":11},"end":{"line":1032,"column":30}}},"131":{"name":"(anonymous_131)","line":1046,"loc":{"start":{"line":1046,"column":29},"end":{"line":1046,"column":52}}},"132":{"name":"ensureValidUseOfParenthesesOrBrackets","line":1058,"loc":{"start":{"line":1058,"column":0},"end":{"line":1058,"column":56}}},"133":{"name":"ensureValidPattern","line":1102,"loc":{"start":{"line":1102,"column":0},"end":{"line":1102,"column":37}}}},"statementMap":{"1":{"start":{"line":1,"column":0},"end":{"line":1,"column":39}},"2":{"start":{"line":2,"column":0},"end":{"line":2,"column":73}},"3":{"start":{"line":3,"column":0},"end":{"line":3,"column":31}},"4":{"start":{"line":4,"column":0},"end":{"line":4,"column":35}},"5":{"start":{"line":5,"column":0},"end":{"line":5,"column":26}},"6":{"start":{"line":6,"column":0},"end":{"line":6,"column":29}},"7":{"start":{"line":7,"column":0},"end":{"line":7,"column":43}},"8":{"start":{"line":8,"column":0},"end":{"line":8,"column":53}},"9":{"start":{"line":9,"column":0},"end":{"line":9,"column":43}},"10":{"start":{"line":10,"column":0},"end":{"line":10,"column":71}},"11":{"start":{"line":11,"column":0},"end":{"line":11,"column":51}},"12":{"start":{"line":12,"column":0},"end":{"line":12,"column":57}},"13":{"start":{"line":14,"column":0},"end":{"line":46,"column":2}},"14":{"start":{"line":17,"column":8},"end":{"line":17,"column":20}},"15":{"start":{"line":21,"column":8},"end":{"line":26,"column":9}},"16":{"start":{"line":22,"column":12},"end":{"line":22,"column":38}},"17":{"start":{"line":25,"column":12},"end":{"line":25,"column":33}},"18":{"start":{"line":29,"column":8},"end":{"line":29,"column":20}},"19":{"start":{"line":32,"column":8},"end":{"line":32,"column":21}},"20":{"start":{"line":33,"column":8},"end":{"line":37,"column":9}},"21":{"start":{"line":34,"column":12},"end":{"line":34,"column":38}},"22":{"start":{"line":36,"column":12},"end":{"line":36,"column":43}},"23":{"start":{"line":38,"column":8},"end":{"line":44,"column":9}},"24":{"start":{"line":39,"column":12},"end":{"line":39,"column":24}},"25":{"start":{"line":40,"column":15},"end":{"line":44,"column":9}},"26":{"start":{"line":41,"column":12},"end":{"line":41,"column":46}},"27":{"start":{"line":43,"column":12},"end":{"line":43,"column":25}},"28":{"start":{"line":49,"column":0},"end":{"line":86,"column":1}},"29":{"start":{"line":50,"column":4},"end":{"line":50,"column":36}},"30":{"start":{"line":51,"column":4},"end":{"line":51,"column":28}},"31":{"start":{"line":52,"column":4},"end":{"line":52,"column":54}},"32":{"start":{"line":53,"column":4},"end":{"line":53,"column":47}},"33":{"start":{"line":54,"column":4},"end":{"line":54,"column":44}},"34":{"start":{"line":55,"column":4},"end":{"line":55,"column":47}},"35":{"start":{"line":56,"column":4},"end":{"line":56,"column":66}},"36":{"start":{"line":57,"column":4},"end":{"line":57,"column":59}},"37":{"start":{"line":60,"column":4},"end":{"line":60,"column":20}},"38":{"start":{"line":61,"column":4},"end":{"line":65,"column":6}},"39":{"start":{"line":62,"column":8},"end":{"line":64,"column":11}},"40":{"start":{"line":63,"column":12},"end":{"line":63,"column":42}},"41":{"start":{"line":66,"column":4},"end":{"line":70,"column":6}},"42":{"start":{"line":67,"column":8},"end":{"line":69,"column":11}},"43":{"start":{"line":68,"column":12},"end":{"line":68,"column":38}},"44":{"start":{"line":71,"column":4},"end":{"line":85,"column":6}},"45":{"start":{"line":72,"column":8},"end":{"line":72,"column":32}},"46":{"start":{"line":73,"column":8},"end":{"line":73,"column":41}},"47":{"start":{"line":74,"column":8},"end":{"line":77,"column":9}},"48":{"start":{"line":75,"column":12},"end":{"line":75,"column":51}},"49":{"start":{"line":76,"column":12},"end":{"line":76,"column":39}},"50":{"start":{"line":78,"column":8},"end":{"line":78,"column":37}},"51":{"start":{"line":79,"column":8},"end":{"line":84,"column":9}},"52":{"start":{"line":80,"column":12},"end":{"line":82,"column":13}},"53":{"start":{"line":81,"column":16},"end":{"line":81,"column":31}},"54":{"start":{"line":83,"column":12},"end":{"line":83,"column":39}},"55":{"start":{"line":88,"column":0},"end":{"line":88,"column":12}},"56":{"start":{"line":89,"column":0},"end":{"line":99,"column":1}},"57":{"start":{"line":90,"column":4},"end":{"line":90,"column":24}},"58":{"start":{"line":91,"column":4},"end":{"line":97,"column":7}},"59":{"start":{"line":92,"column":8},"end":{"line":96,"column":9}},"60":{"start":{"line":93,"column":12},"end":{"line":93,"column":30}},"61":{"start":{"line":95,"column":12},"end":{"line":95,"column":60}},"62":{"start":{"line":98,"column":4},"end":{"line":98,"column":20}},"63":{"start":{"line":101,"column":0},"end":{"line":112,"column":1}},"64":{"start":{"line":102,"column":4},"end":{"line":111,"column":7}},"65":{"start":{"line":103,"column":8},"end":{"line":103,"column":59}},"66":{"start":{"line":104,"column":8},"end":{"line":104,"column":30}},"67":{"start":{"line":105,"column":8},"end":{"line":110,"column":10}},"68":{"start":{"line":108,"column":16},"end":{"line":108,"column":50}},"69":{"start":{"line":114,"column":0},"end":{"line":168,"column":1}},"70":{"start":{"line":115,"column":4},"end":{"line":115,"column":51}},"71":{"start":{"line":116,"column":4},"end":{"line":118,"column":7}},"72":{"start":{"line":117,"column":8},"end":{"line":117,"column":42}},"73":{"start":{"line":119,"column":4},"end":{"line":167,"column":7}},"74":{"start":{"line":120,"column":8},"end":{"line":127,"column":9}},"75":{"start":{"line":121,"column":12},"end":{"line":125,"column":13}},"76":{"start":{"line":122,"column":16},"end":{"line":122,"column":28}},"77":{"start":{"line":124,"column":16},"end":{"line":124,"column":28}},"78":{"start":{"line":126,"column":12},"end":{"line":126,"column":40}},"79":{"start":{"line":129,"column":8},"end":{"line":129,"column":32}},"80":{"start":{"line":130,"column":8},"end":{"line":166,"column":11}},"81":{"start":{"line":131,"column":12},"end":{"line":133,"column":13}},"82":{"start":{"line":132,"column":16},"end":{"line":132,"column":46}},"83":{"start":{"line":134,"column":12},"end":{"line":134,"column":61}},"84":{"start":{"line":135,"column":12},"end":{"line":165,"column":13}},"85":{"start":{"line":136,"column":16},"end":{"line":136,"column":35}},"86":{"start":{"line":137,"column":16},"end":{"line":137,"column":54}},"87":{"start":{"line":139,"column":16},"end":{"line":141,"column":17}},"88":{"start":{"line":140,"column":20},"end":{"line":140,"column":39}},"89":{"start":{"line":143,"column":16},"end":{"line":145,"column":19}},"90":{"start":{"line":144,"column":20},"end":{"line":144,"column":63}},"91":{"start":{"line":147,"column":16},"end":{"line":147,"column":26}},"92":{"start":{"line":148,"column":16},"end":{"line":154,"column":17}},"93":{"start":{"line":149,"column":20},"end":{"line":149,"column":36}},"94":{"start":{"line":150,"column":20},"end":{"line":150,"column":39}},"95":{"start":{"line":152,"column":20},"end":{"line":152,"column":38}},"96":{"start":{"line":153,"column":20},"end":{"line":153,"column":41}},"97":{"start":{"line":156,"column":16},"end":{"line":156,"column":57}},"98":{"start":{"line":157,"column":16},"end":{"line":164,"column":19}},"99":{"start":{"line":158,"column":20},"end":{"line":158,"column":47}},"100":{"start":{"line":159,"column":20},"end":{"line":159,"column":64}},"101":{"start":{"line":160,"column":20},"end":{"line":160,"column":50}},"102":{"start":{"line":161,"column":20},"end":{"line":163,"column":23}},"103":{"start":{"line":162,"column":24},"end":{"line":162,"column":55}},"104":{"start":{"line":170,"column":0},"end":{"line":212,"column":1}},"105":{"start":{"line":171,"column":4},"end":{"line":171,"column":45}},"106":{"start":{"line":173,"column":4},"end":{"line":197,"column":5}},"107":{"start":{"line":174,"column":8},"end":{"line":174,"column":34}},"108":{"start":{"line":175,"column":8},"end":{"line":175,"column":26}},"109":{"start":{"line":176,"column":8},"end":{"line":182,"column":11}},"110":{"start":{"line":177,"column":12},"end":{"line":177,"column":70}},"111":{"start":{"line":178,"column":12},"end":{"line":180,"column":15}},"112":{"start":{"line":179,"column":16},"end":{"line":179,"column":50}},"113":{"start":{"line":181,"column":12},"end":{"line":181,"column":47}},"114":{"start":{"line":184,"column":8},"end":{"line":196,"column":12}},"115":{"start":{"line":185,"column":12},"end":{"line":189,"column":15}},"116":{"start":{"line":186,"column":16},"end":{"line":188,"column":19}},"117":{"start":{"line":187,"column":20},"end":{"line":187,"column":60}},"118":{"start":{"line":191,"column":12},"end":{"line":195,"column":13}},"119":{"start":{"line":192,"column":16},"end":{"line":194,"column":19}},"120":{"start":{"line":193,"column":20},"end":{"line":193,"column":84}},"121":{"start":{"line":198,"column":4},"end":{"line":198,"column":30}},"122":{"start":{"line":199,"column":4},"end":{"line":199,"column":42}},"123":{"start":{"line":200,"column":4},"end":{"line":200,"column":22}},"124":{"start":{"line":201,"column":4},"end":{"line":205,"column":6}},"125":{"start":{"line":202,"column":8},"end":{"line":202,"column":54}},"126":{"start":{"line":203,"column":8},"end":{"line":203,"column":43}},"127":{"start":{"line":204,"column":8},"end":{"line":204,"column":58}},"128":{"start":{"line":206,"column":4},"end":{"line":210,"column":6}},"129":{"start":{"line":207,"column":8},"end":{"line":207,"column":54}},"130":{"start":{"line":208,"column":8},"end":{"line":208,"column":47}},"131":{"start":{"line":209,"column":8},"end":{"line":209,"column":58}},"132":{"start":{"line":211,"column":4},"end":{"line":211,"column":20}},"133":{"start":{"line":214,"column":0},"end":{"line":216,"column":2}},"134":{"start":{"line":215,"column":4},"end":{"line":215,"column":52}},"135":{"start":{"line":218,"column":0},"end":{"line":234,"column":2}},"136":{"start":{"line":219,"column":4},"end":{"line":219,"column":20}},"137":{"start":{"line":221,"column":4},"end":{"line":221,"column":52}},"138":{"start":{"line":222,"column":4},"end":{"line":229,"column":5}},"139":{"start":{"line":224,"column":8},"end":{"line":224,"column":26}},"140":{"start":{"line":225,"column":8},"end":{"line":227,"column":9}},"141":{"start":{"line":226,"column":12},"end":{"line":226,"column":66}},"142":{"start":{"line":228,"column":8},"end":{"line":228,"column":26}},"143":{"start":{"line":231,"column":4},"end":{"line":233,"column":7}},"144":{"start":{"line":232,"column":8},"end":{"line":232,"column":49}},"145":{"start":{"line":236,"column":0},"end":{"line":262,"column":2}},"146":{"start":{"line":237,"column":4},"end":{"line":237,"column":18}},"147":{"start":{"line":238,"column":4},"end":{"line":238,"column":20}},"148":{"start":{"line":239,"column":4},"end":{"line":258,"column":6}},"149":{"start":{"line":240,"column":8},"end":{"line":240,"column":43}},"150":{"start":{"line":241,"column":8},"end":{"line":243,"column":9}},"151":{"start":{"line":242,"column":12},"end":{"line":242,"column":38}},"152":{"start":{"line":245,"column":8},"end":{"line":245,"column":26}},"153":{"start":{"line":246,"column":8},"end":{"line":248,"column":9}},"154":{"start":{"line":247,"column":12},"end":{"line":247,"column":45}},"155":{"start":{"line":250,"column":8},"end":{"line":257,"column":11}},"156":{"start":{"line":251,"column":12},"end":{"line":251,"column":36}},"157":{"start":{"line":252,"column":12},"end":{"line":252,"column":27}},"158":{"start":{"line":253,"column":12},"end":{"line":255,"column":13}},"159":{"start":{"line":254,"column":16},"end":{"line":254,"column":46}},"160":{"start":{"line":256,"column":12},"end":{"line":256,"column":64}},"161":{"start":{"line":260,"column":4},"end":{"line":260,"column":43}},"162":{"start":{"line":261,"column":4},"end":{"line":261,"column":58}},"163":{"start":{"line":264,"column":0},"end":{"line":264,"column":46}},"164":{"start":{"line":265,"column":0},"end":{"line":265,"column":36}},"165":{"start":{"line":266,"column":0},"end":{"line":337,"column":2}},"166":{"start":{"line":267,"column":4},"end":{"line":270,"column":5}},"167":{"start":{"line":268,"column":8},"end":{"line":268,"column":47}},"168":{"start":{"line":269,"column":8},"end":{"line":269,"column":18}},"169":{"start":{"line":272,"column":4},"end":{"line":274,"column":5}},"170":{"start":{"line":273,"column":8},"end":{"line":273,"column":18}},"171":{"start":{"line":276,"column":4},"end":{"line":276,"column":49}},"172":{"start":{"line":278,"column":4},"end":{"line":334,"column":5}},"173":{"start":{"line":279,"column":8},"end":{"line":279,"column":27}},"174":{"start":{"line":280,"column":11},"end":{"line":334,"column":5}},"175":{"start":{"line":281,"column":8},"end":{"line":293,"column":10}},"176":{"start":{"line":282,"column":12},"end":{"line":292,"column":13}},"177":{"start":{"line":283,"column":16},"end":{"line":289,"column":17}},"178":{"start":{"line":284,"column":20},"end":{"line":284,"column":47}},"179":{"start":{"line":285,"column":23},"end":{"line":289,"column":17}},"180":{"start":{"line":286,"column":20},"end":{"line":286,"column":53}},"181":{"start":{"line":288,"column":20},"end":{"line":288,"column":53}},"182":{"start":{"line":291,"column":16},"end":{"line":291,"column":49}},"183":{"start":{"line":294,"column":8},"end":{"line":294,"column":38}},"184":{"start":{"line":295,"column":8},"end":{"line":304,"column":9}},"185":{"start":{"line":296,"column":12},"end":{"line":303,"column":15}},"186":{"start":{"line":297,"column":16},"end":{"line":297,"column":37}},"187":{"start":{"line":298,"column":16},"end":{"line":302,"column":17}},"188":{"start":{"line":299,"column":20},"end":{"line":299,"column":60}},"189":{"start":{"line":300,"column":23},"end":{"line":302,"column":17}},"190":{"start":{"line":301,"column":20},"end":{"line":301,"column":54}},"191":{"start":{"line":306,"column":8},"end":{"line":308,"column":11}},"192":{"start":{"line":307,"column":12},"end":{"line":307,"column":51}},"193":{"start":{"line":310,"column":8},"end":{"line":310,"column":71}},"194":{"start":{"line":311,"column":8},"end":{"line":333,"column":10}},"195":{"start":{"line":312,"column":12},"end":{"line":312,"column":65}},"196":{"start":{"line":313,"column":12},"end":{"line":313,"column":63}},"197":{"start":{"line":314,"column":12},"end":{"line":332,"column":15}},"198":{"start":{"line":315,"column":16},"end":{"line":315,"column":58}},"199":{"start":{"line":316,"column":16},"end":{"line":331,"column":17}},"200":{"start":{"line":317,"column":20},"end":{"line":317,"column":41}},"201":{"start":{"line":318,"column":20},"end":{"line":327,"column":21}},"202":{"start":{"line":319,"column":24},"end":{"line":319,"column":68}},"203":{"start":{"line":320,"column":24},"end":{"line":324,"column":25}},"204":{"start":{"line":321,"column":28},"end":{"line":321,"column":58}},"205":{"start":{"line":323,"column":28},"end":{"line":323,"column":67}},"206":{"start":{"line":326,"column":24},"end":{"line":326,"column":46}},"207":{"start":{"line":330,"column":20},"end":{"line":330,"column":40}},"208":{"start":{"line":336,"column":4},"end":{"line":336,"column":16}},"209":{"start":{"line":344,"column":0},"end":{"line":405,"column":2}},"210":{"start":{"line":345,"column":4},"end":{"line":347,"column":5}},"211":{"start":{"line":346,"column":8},"end":{"line":346,"column":64}},"212":{"start":{"line":348,"column":4},"end":{"line":366,"column":5}},"213":{"start":{"line":349,"column":8},"end":{"line":349,"column":27}},"214":{"start":{"line":350,"column":8},"end":{"line":350,"column":25}},"215":{"start":{"line":351,"column":8},"end":{"line":351,"column":26}},"216":{"start":{"line":353,"column":8},"end":{"line":353,"column":41}},"217":{"start":{"line":355,"column":8},"end":{"line":365,"column":11}},"218":{"start":{"line":356,"column":12},"end":{"line":364,"column":13}},"219":{"start":{"line":357,"column":16},"end":{"line":361,"column":17}},"220":{"start":{"line":358,"column":20},"end":{"line":358,"column":44}},"221":{"start":{"line":360,"column":20},"end":{"line":360,"column":61}},"222":{"start":{"line":363,"column":16},"end":{"line":363,"column":28}},"223":{"start":{"line":367,"column":4},"end":{"line":367,"column":63}},"224":{"start":{"line":368,"column":4},"end":{"line":368,"column":37}},"225":{"start":{"line":369,"column":4},"end":{"line":402,"column":7}},"226":{"start":{"line":370,"column":8},"end":{"line":370,"column":33}},"227":{"start":{"line":371,"column":8},"end":{"line":371,"column":53}},"228":{"start":{"line":372,"column":8},"end":{"line":374,"column":9}},"229":{"start":{"line":373,"column":12},"end":{"line":373,"column":57}},"230":{"start":{"line":375,"column":8},"end":{"line":375,"column":41}},"231":{"start":{"line":376,"column":8},"end":{"line":376,"column":45}},"232":{"start":{"line":377,"column":8},"end":{"line":377,"column":64}},"233":{"start":{"line":378,"column":8},"end":{"line":378,"column":36}},"234":{"start":{"line":379,"column":8},"end":{"line":385,"column":11}},"235":{"start":{"line":380,"column":12},"end":{"line":384,"column":15}},"236":{"start":{"line":381,"column":16},"end":{"line":383,"column":19}},"237":{"start":{"line":382,"column":20},"end":{"line":382,"column":53}},"238":{"start":{"line":386,"column":8},"end":{"line":401,"column":11}},"239":{"start":{"line":387,"column":12},"end":{"line":400,"column":15}},"240":{"start":{"line":388,"column":16},"end":{"line":399,"column":17}},"241":{"start":{"line":389,"column":20},"end":{"line":391,"column":21}},"242":{"start":{"line":390,"column":24},"end":{"line":390,"column":148}},"243":{"start":{"line":393,"column":20},"end":{"line":393,"column":73}},"244":{"start":{"line":394,"column":20},"end":{"line":398,"column":22}},"245":{"start":{"line":404,"column":4},"end":{"line":404,"column":23}},"246":{"start":{"line":407,"column":0},"end":{"line":484,"column":2}},"247":{"start":{"line":408,"column":4},"end":{"line":408,"column":20}},"248":{"start":{"line":409,"column":4},"end":{"line":409,"column":17}},"249":{"start":{"line":410,"column":4},"end":{"line":412,"column":5}},"250":{"start":{"line":411,"column":8},"end":{"line":411,"column":115}},"251":{"start":{"line":414,"column":4},"end":{"line":416,"column":5}},"252":{"start":{"line":415,"column":8},"end":{"line":415,"column":83}},"253":{"start":{"line":418,"column":4},"end":{"line":418,"column":36}},"254":{"start":{"line":419,"column":4},"end":{"line":419,"column":38}},"255":{"start":{"line":421,"column":4},"end":{"line":431,"column":5}},"256":{"start":{"line":422,"column":8},"end":{"line":424,"column":11}},"257":{"start":{"line":423,"column":12},"end":{"line":423,"column":40}},"258":{"start":{"line":426,"column":8},"end":{"line":428,"column":9}},"259":{"start":{"line":427,"column":12},"end":{"line":427,"column":63}},"260":{"start":{"line":430,"column":8},"end":{"line":430,"column":27}},"261":{"start":{"line":433,"column":4},"end":{"line":433,"column":51}},"262":{"start":{"line":434,"column":4},"end":{"line":442,"column":6}},"263":{"start":{"line":435,"column":8},"end":{"line":437,"column":9}},"264":{"start":{"line":436,"column":12},"end":{"line":436,"column":104}},"265":{"start":{"line":439,"column":8},"end":{"line":441,"column":11}},"266":{"start":{"line":440,"column":12},"end":{"line":440,"column":64}},"267":{"start":{"line":444,"column":4},"end":{"line":458,"column":6}},"268":{"start":{"line":445,"column":8},"end":{"line":447,"column":9}},"269":{"start":{"line":446,"column":12},"end":{"line":446,"column":101}},"270":{"start":{"line":449,"column":8},"end":{"line":457,"column":45}},"271":{"start":{"line":452,"column":26},"end":{"line":452,"column":77}},"272":{"start":{"line":455,"column":26},"end":{"line":455,"column":78}},"273":{"start":{"line":460,"column":4},"end":{"line":462,"column":6}},"274":{"start":{"line":461,"column":8},"end":{"line":461,"column":71}},"275":{"start":{"line":464,"column":4},"end":{"line":464,"column":82}},"276":{"start":{"line":465,"column":4},"end":{"line":465,"column":39}},"277":{"start":{"line":467,"column":4},"end":{"line":473,"column":6}},"278":{"start":{"line":468,"column":8},"end":{"line":472,"column":9}},"279":{"start":{"line":469,"column":12},"end":{"line":469,"column":40}},"280":{"start":{"line":471,"column":12},"end":{"line":471,"column":50}},"281":{"start":{"line":474,"column":4},"end":{"line":481,"column":5}},"282":{"start":{"line":475,"column":8},"end":{"line":477,"column":10}},"283":{"start":{"line":476,"column":12},"end":{"line":476,"column":25}},"284":{"start":{"line":478,"column":8},"end":{"line":478,"column":38}},"285":{"start":{"line":480,"column":8},"end":{"line":480,"column":41}},"286":{"start":{"line":483,"column":4},"end":{"line":483,"column":23}},"287":{"start":{"line":486,"column":0},"end":{"line":488,"column":2}},"288":{"start":{"line":487,"column":4},"end":{"line":487,"column":62}},"289":{"start":{"line":490,"column":0},"end":{"line":492,"column":2}},"290":{"start":{"line":491,"column":4},"end":{"line":491,"column":66}},"291":{"start":{"line":494,"column":0},"end":{"line":556,"column":2}},"292":{"start":{"line":495,"column":4},"end":{"line":504,"column":7}},"293":{"start":{"line":496,"column":8},"end":{"line":503,"column":9}},"294":{"start":{"line":497,"column":12},"end":{"line":497,"column":24}},"295":{"start":{"line":498,"column":15},"end":{"line":503,"column":9}},"296":{"start":{"line":499,"column":12},"end":{"line":499,"column":59}},"297":{"start":{"line":500,"column":12},"end":{"line":500,"column":94}},"298":{"start":{"line":502,"column":12},"end":{"line":502,"column":56}},"299":{"start":{"line":506,"column":4},"end":{"line":514,"column":5}},"300":{"start":{"line":507,"column":8},"end":{"line":513,"column":9}},"301":{"start":{"line":509,"column":12},"end":{"line":509,"column":31}},"302":{"start":{"line":511,"column":12},"end":{"line":512,"column":97}},"303":{"start":{"line":516,"column":4},"end":{"line":525,"column":5}},"304":{"start":{"line":519,"column":8},"end":{"line":524,"column":29}},"305":{"start":{"line":527,"column":4},"end":{"line":529,"column":5}},"306":{"start":{"line":528,"column":8},"end":{"line":528,"column":148}},"307":{"start":{"line":531,"column":4},"end":{"line":546,"column":5}},"308":{"start":{"line":532,"column":8},"end":{"line":532,"column":53}},"309":{"start":{"line":533,"column":8},"end":{"line":537,"column":11}},"310":{"start":{"line":534,"column":12},"end":{"line":536,"column":15}},"311":{"start":{"line":535,"column":16},"end":{"line":535,"column":50}},"312":{"start":{"line":539,"column":8},"end":{"line":545,"column":9}},"313":{"start":{"line":540,"column":12},"end":{"line":540,"column":92}},"314":{"start":{"line":541,"column":15},"end":{"line":545,"column":9}},"315":{"start":{"line":542,"column":12},"end":{"line":544,"column":99}},"316":{"start":{"line":548,"column":4},"end":{"line":548,"column":39}},"317":{"start":{"line":549,"column":4},"end":{"line":553,"column":5}},"318":{"start":{"line":550,"column":8},"end":{"line":550,"column":28}},"319":{"start":{"line":552,"column":8},"end":{"line":552,"column":40}},"320":{"start":{"line":555,"column":4},"end":{"line":555,"column":23}},"321":{"start":{"line":558,"column":0},"end":{"line":558,"column":62}},"322":{"start":{"line":560,"column":0},"end":{"line":593,"column":1}},"323":{"start":{"line":561,"column":4},"end":{"line":561,"column":49}},"324":{"start":{"line":562,"column":4},"end":{"line":562,"column":47}},"325":{"start":{"line":563,"column":4},"end":{"line":563,"column":53}},"326":{"start":{"line":564,"column":4},"end":{"line":564,"column":57}},"327":{"start":{"line":565,"column":4},"end":{"line":565,"column":46}},"328":{"start":{"line":566,"column":4},"end":{"line":575,"column":6}},"329":{"start":{"line":567,"column":8},"end":{"line":574,"column":9}},"330":{"start":{"line":568,"column":12},"end":{"line":568,"column":57}},"331":{"start":{"line":570,"column":12},"end":{"line":572,"column":13}},"332":{"start":{"line":571,"column":16},"end":{"line":571,"column":46}},"333":{"start":{"line":573,"column":12},"end":{"line":573,"column":20}},"334":{"start":{"line":577,"column":4},"end":{"line":577,"column":67}},"335":{"start":{"line":578,"column":4},"end":{"line":578,"column":51}},"336":{"start":{"line":579,"column":4},"end":{"line":579,"column":53}},"337":{"start":{"line":580,"column":4},"end":{"line":580,"column":33}},"338":{"start":{"line":581,"column":4},"end":{"line":581,"column":67}},"339":{"start":{"line":582,"column":4},"end":{"line":582,"column":59}},"340":{"start":{"line":583,"column":4},"end":{"line":583,"column":67}},"341":{"start":{"line":584,"column":4},"end":{"line":584,"column":57}},"342":{"start":{"line":585,"column":4},"end":{"line":585,"column":40}},"343":{"start":{"line":586,"column":4},"end":{"line":586,"column":53}},"344":{"start":{"line":587,"column":4},"end":{"line":587,"column":59}},"345":{"start":{"line":588,"column":4},"end":{"line":588,"column":46}},"346":{"start":{"line":589,"column":4},"end":{"line":589,"column":72}},"347":{"start":{"line":590,"column":4},"end":{"line":590,"column":38}},"348":{"start":{"line":591,"column":4},"end":{"line":591,"column":67}},"349":{"start":{"line":592,"column":4},"end":{"line":592,"column":18}},"350":{"start":{"line":595,"column":0},"end":{"line":599,"column":1}},"351":{"start":{"line":596,"column":4},"end":{"line":596,"column":69}},"352":{"start":{"line":597,"column":4},"end":{"line":597,"column":31}},"353":{"start":{"line":598,"column":4},"end":{"line":598,"column":18}},"354":{"start":{"line":601,"column":0},"end":{"line":603,"column":2}},"355":{"start":{"line":602,"column":4},"end":{"line":602,"column":46}},"356":{"start":{"line":605,"column":0},"end":{"line":607,"column":2}},"357":{"start":{"line":606,"column":4},"end":{"line":606,"column":24}},"358":{"start":{"line":609,"column":0},"end":{"line":626,"column":1}},"359":{"start":{"line":610,"column":4},"end":{"line":625,"column":6}},"360":{"start":{"line":611,"column":8},"end":{"line":611,"column":57}},"361":{"start":{"line":612,"column":8},"end":{"line":618,"column":9}},"362":{"start":{"line":613,"column":12},"end":{"line":617,"column":13}},"363":{"start":{"line":614,"column":16},"end":{"line":614,"column":40}},"364":{"start":{"line":616,"column":16},"end":{"line":616,"column":68}},"365":{"start":{"line":620,"column":8},"end":{"line":624,"column":9}},"366":{"start":{"line":621,"column":12},"end":{"line":621,"column":32}},"367":{"start":{"line":623,"column":12},"end":{"line":623,"column":41}},"368":{"start":{"line":628,"column":0},"end":{"line":828,"column":2}},"369":{"start":{"line":629,"column":4},"end":{"line":629,"column":20}},"370":{"start":{"line":630,"column":4},"end":{"line":632,"column":5}},"371":{"start":{"line":631,"column":8},"end":{"line":631,"column":81}},"372":{"start":{"line":634,"column":4},"end":{"line":634,"column":49}},"373":{"start":{"line":635,"column":4},"end":{"line":796,"column":5}},"374":{"start":{"line":636,"column":8},"end":{"line":638,"column":9}},"375":{"start":{"line":637,"column":12},"end":{"line":637,"column":97}},"376":{"start":{"line":639,"column":8},"end":{"line":639,"column":52}},"377":{"start":{"line":640,"column":8},"end":{"line":640,"column":45}},"378":{"start":{"line":641,"column":8},"end":{"line":641,"column":91}},"379":{"start":{"line":642,"column":8},"end":{"line":646,"column":9}},"380":{"start":{"line":644,"column":12},"end":{"line":644,"column":59}},"381":{"start":{"line":645,"column":12},"end":{"line":645,"column":91}},"382":{"start":{"line":647,"column":8},"end":{"line":795,"column":9}},"383":{"start":{"line":648,"column":12},"end":{"line":648,"column":56}},"384":{"start":{"line":649,"column":12},"end":{"line":675,"column":14}},"385":{"start":{"line":650,"column":16},"end":{"line":674,"column":17}},"386":{"start":{"line":651,"column":20},"end":{"line":651,"column":57}},"387":{"start":{"line":652,"column":20},"end":{"line":662,"column":21}},"388":{"start":{"line":653,"column":24},"end":{"line":653,"column":60}},"389":{"start":{"line":654,"column":24},"end":{"line":659,"column":27}},"390":{"start":{"line":655,"column":28},"end":{"line":657,"column":29}},"391":{"start":{"line":656,"column":32},"end":{"line":656,"column":85}},"392":{"start":{"line":658,"column":28},"end":{"line":658,"column":36}},"393":{"start":{"line":660,"column":27},"end":{"line":662,"column":21}},"394":{"start":{"line":661,"column":24},"end":{"line":661,"column":61}},"395":{"start":{"line":663,"column":20},"end":{"line":663,"column":69}},"396":{"start":{"line":664,"column":20},"end":{"line":664,"column":34}},"397":{"start":{"line":666,"column":20},"end":{"line":672,"column":21}},"398":{"start":{"line":667,"column":24},"end":{"line":667,"column":90}},"399":{"start":{"line":668,"column":24},"end":{"line":670,"column":25}},"400":{"start":{"line":669,"column":28},"end":{"line":669,"column":63}},"401":{"start":{"line":671,"column":24},"end":{"line":671,"column":43}},"402":{"start":{"line":673,"column":20},"end":{"line":673,"column":28}},"403":{"start":{"line":677,"column":12},"end":{"line":690,"column":14}},"404":{"start":{"line":678,"column":16},"end":{"line":678,"column":43}},"405":{"start":{"line":679,"column":16},"end":{"line":681,"column":26}},"406":{"start":{"line":680,"column":20},"end":{"line":680,"column":86}},"407":{"start":{"line":683,"column":16},"end":{"line":683,"column":59}},"408":{"start":{"line":684,"column":16},"end":{"line":686,"column":17}},"409":{"start":{"line":685,"column":20},"end":{"line":685,"column":47}},"410":{"start":{"line":687,"column":16},"end":{"line":689,"column":19}},"411":{"start":{"line":688,"column":20},"end":{"line":688,"column":79}},"412":{"start":{"line":693,"column":12},"end":{"line":693,"column":45}},"413":{"start":{"line":694,"column":12},"end":{"line":694,"column":49}},"414":{"start":{"line":695,"column":12},"end":{"line":695,"column":70}},"415":{"start":{"line":696,"column":12},"end":{"line":696,"column":43}},"416":{"start":{"line":697,"column":12},"end":{"line":697,"column":66}},"417":{"start":{"line":698,"column":12},"end":{"line":698,"column":74}},"418":{"start":{"line":699,"column":12},"end":{"line":699,"column":49}},"419":{"start":{"line":700,"column":12},"end":{"line":700,"column":47}},"420":{"start":{"line":701,"column":12},"end":{"line":701,"column":59}},"421":{"start":{"line":702,"column":12},"end":{"line":707,"column":14}},"422":{"start":{"line":703,"column":16},"end":{"line":703,"column":37}},"423":{"start":{"line":704,"column":16},"end":{"line":706,"column":19}},"424":{"start":{"line":705,"column":20},"end":{"line":705,"column":48}},"425":{"start":{"line":708,"column":12},"end":{"line":708,"column":48}},"426":{"start":{"line":709,"column":12},"end":{"line":714,"column":14}},"427":{"start":{"line":710,"column":16},"end":{"line":713,"column":20}},"428":{"start":{"line":711,"column":20},"end":{"line":711,"column":49}},"429":{"start":{"line":712,"column":20},"end":{"line":712,"column":38}},"430":{"start":{"line":716,"column":12},"end":{"line":716,"column":47}},"431":{"start":{"line":717,"column":12},"end":{"line":717,"column":50}},"432":{"start":{"line":719,"column":12},"end":{"line":720,"column":83}},"433":{"start":{"line":721,"column":12},"end":{"line":721,"column":48}},"434":{"start":{"line":722,"column":12},"end":{"line":722,"column":89}},"435":{"start":{"line":723,"column":12},"end":{"line":723,"column":39}},"436":{"start":{"line":725,"column":12},"end":{"line":794,"column":15}},"437":{"start":{"line":727,"column":20},"end":{"line":729,"column":29}},"438":{"start":{"line":728,"column":24},"end":{"line":728,"column":81}},"439":{"start":{"line":730,"column":20},"end":{"line":791,"column":21}},"440":{"start":{"line":731,"column":24},"end":{"line":733,"column":26}},"441":{"start":{"line":732,"column":28},"end":{"line":732,"column":60}},"442":{"start":{"line":734,"column":24},"end":{"line":738,"column":27}},"443":{"start":{"line":735,"column":28},"end":{"line":737,"column":30}},"444":{"start":{"line":736,"column":32},"end":{"line":736,"column":60}},"445":{"start":{"line":739,"column":24},"end":{"line":745,"column":44}},"446":{"start":{"line":746,"column":24},"end":{"line":757,"column":25}},"447":{"start":{"line":747,"column":28},"end":{"line":747,"column":112}},"448":{"start":{"line":749,"column":28},"end":{"line":749,"column":58}},"449":{"start":{"line":751,"column":28},"end":{"line":756,"column":31}},"450":{"start":{"line":752,"column":32},"end":{"line":754,"column":33}},"451":{"start":{"line":753,"column":36},"end":{"line":753,"column":55}},"452":{"start":{"line":755,"column":32},"end":{"line":755,"column":93}},"453":{"start":{"line":759,"column":24},"end":{"line":759,"column":53}},"454":{"start":{"line":760,"column":24},"end":{"line":760,"column":57}},"455":{"start":{"line":761,"column":24},"end":{"line":774,"column":33}},"456":{"start":{"line":762,"column":28},"end":{"line":762,"column":51}},"457":{"start":{"line":763,"column":28},"end":{"line":766,"column":29}},"458":{"start":{"line":764,"column":32},"end":{"line":764,"column":74}},"459":{"start":{"line":765,"column":32},"end":{"line":765,"column":64}},"460":{"start":{"line":767,"column":28},"end":{"line":773,"column":31}},"461":{"start":{"line":768,"column":32},"end":{"line":772,"column":35}},"462":{"start":{"line":775,"column":24},"end":{"line":788,"column":27}},"463":{"start":{"line":776,"column":28},"end":{"line":776,"column":54}},"464":{"start":{"line":777,"column":28},"end":{"line":779,"column":29}},"465":{"start":{"line":778,"column":32},"end":{"line":778,"column":41}},"466":{"start":{"line":781,"column":28},"end":{"line":787,"column":29}},"467":{"start":{"line":782,"column":32},"end":{"line":782,"column":42}},"468":{"start":{"line":783,"column":35},"end":{"line":787,"column":29}},"469":{"start":{"line":784,"column":32},"end":{"line":784,"column":41}},"470":{"start":{"line":786,"column":32},"end":{"line":786,"column":41}},"471":{"start":{"line":789,"column":24},"end":{"line":790,"column":111}},"472":{"start":{"line":798,"column":4},"end":{"line":798,"column":56}},"473":{"start":{"line":799,"column":4},"end":{"line":827,"column":5}},"474":{"start":{"line":800,"column":8},"end":{"line":800,"column":73}},"475":{"start":{"line":801,"column":8},"end":{"line":814,"column":9}},"476":{"start":{"line":802,"column":12},"end":{"line":802,"column":48}},"477":{"start":{"line":803,"column":12},"end":{"line":808,"column":15}},"478":{"start":{"line":804,"column":16},"end":{"line":806,"column":17}},"479":{"start":{"line":805,"column":20},"end":{"line":805,"column":44}},"480":{"start":{"line":807,"column":16},"end":{"line":807,"column":24}},"481":{"start":{"line":810,"column":12},"end":{"line":810,"column":52}},"482":{"start":{"line":811,"column":12},"end":{"line":813,"column":13}},"483":{"start":{"line":812,"column":16},"end":{"line":812,"column":53}},"484":{"start":{"line":815,"column":8},"end":{"line":815,"column":57}},"485":{"start":{"line":816,"column":8},"end":{"line":816,"column":22}},"486":{"start":{"line":818,"column":8},"end":{"line":825,"column":9}},"487":{"start":{"line":819,"column":12},"end":{"line":819,"column":29}},"488":{"start":{"line":820,"column":12},"end":{"line":822,"column":13}},"489":{"start":{"line":821,"column":16},"end":{"line":821,"column":37}},"490":{"start":{"line":823,"column":12},"end":{"line":823,"column":43}},"491":{"start":{"line":824,"column":12},"end":{"line":824,"column":27}},"492":{"start":{"line":826,"column":8},"end":{"line":826,"column":16}},"493":{"start":{"line":830,"column":0},"end":{"line":877,"column":2}},"494":{"start":{"line":831,"column":4},"end":{"line":831,"column":20}},"495":{"start":{"line":833,"column":4},"end":{"line":844,"column":5}},"496":{"start":{"line":834,"column":8},"end":{"line":834,"column":30}},"497":{"start":{"line":835,"column":8},"end":{"line":843,"column":11}},"498":{"start":{"line":836,"column":12},"end":{"line":842,"column":31}},"499":{"start":{"line":846,"column":4},"end":{"line":848,"column":5}},"500":{"start":{"line":847,"column":8},"end":{"line":847,"column":77}},"501":{"start":{"line":850,"column":4},"end":{"line":876,"column":6}},"502":{"start":{"line":851,"column":8},"end":{"line":853,"column":9}},"503":{"start":{"line":852,"column":12},"end":{"line":852,"column":82}},"504":{"start":{"line":854,"column":8},"end":{"line":854,"column":29}},"505":{"start":{"line":856,"column":8},"end":{"line":859,"column":9}},"506":{"start":{"line":857,"column":12},"end":{"line":858,"column":77}},"507":{"start":{"line":860,"column":8},"end":{"line":860,"column":19}},"508":{"start":{"line":861,"column":8},"end":{"line":865,"column":9}},"509":{"start":{"line":862,"column":12},"end":{"line":862,"column":26}},"510":{"start":{"line":864,"column":12},"end":{"line":864,"column":34}},"511":{"start":{"line":866,"column":8},"end":{"line":868,"column":9}},"512":{"start":{"line":867,"column":12},"end":{"line":867,"column":104}},"513":{"start":{"line":869,"column":8},"end":{"line":875,"column":11}},"514":{"start":{"line":870,"column":12},"end":{"line":870,"column":34}},"515":{"start":{"line":871,"column":12},"end":{"line":871,"column":19}},"516":{"start":{"line":873,"column":12},"end":{"line":873,"column":34}},"517":{"start":{"line":874,"column":12},"end":{"line":874,"column":22}},"518":{"start":{"line":879,"column":0},"end":{"line":900,"column":2}},"519":{"start":{"line":880,"column":4},"end":{"line":880,"column":43}},"520":{"start":{"line":881,"column":4},"end":{"line":881,"column":20}},"521":{"start":{"line":883,"column":4},"end":{"line":883,"column":52}},"522":{"start":{"line":884,"column":4},"end":{"line":891,"column":5}},"523":{"start":{"line":886,"column":8},"end":{"line":886,"column":26}},"524":{"start":{"line":887,"column":8},"end":{"line":889,"column":9}},"525":{"start":{"line":888,"column":12},"end":{"line":888,"column":66}},"526":{"start":{"line":890,"column":8},"end":{"line":890,"column":21}},"527":{"start":{"line":893,"column":4},"end":{"line":899,"column":7}},"528":{"start":{"line":894,"column":8},"end":{"line":894,"column":76}},"529":{"start":{"line":896,"column":8},"end":{"line":896,"column":68}},"530":{"start":{"line":898,"column":8},"end":{"line":898,"column":44}},"531":{"start":{"line":902,"column":0},"end":{"line":929,"column":2}},"532":{"start":{"line":903,"column":4},"end":{"line":903,"column":37}},"533":{"start":{"line":904,"column":4},"end":{"line":904,"column":19}},"534":{"start":{"line":905,"column":4},"end":{"line":910,"column":13}},"535":{"start":{"line":906,"column":8},"end":{"line":906,"column":29}},"536":{"start":{"line":907,"column":8},"end":{"line":909,"column":11}},"537":{"start":{"line":908,"column":12},"end":{"line":908,"column":52}},"538":{"start":{"line":913,"column":4},"end":{"line":913,"column":25}},"539":{"start":{"line":914,"column":4},"end":{"line":926,"column":7}},"540":{"start":{"line":915,"column":8},"end":{"line":915,"column":64}},"541":{"start":{"line":916,"column":8},"end":{"line":925,"column":9}},"542":{"start":{"line":917,"column":12},"end":{"line":917,"column":38}},"543":{"start":{"line":918,"column":12},"end":{"line":918,"column":30}},"544":{"start":{"line":920,"column":12},"end":{"line":922,"column":15}},"545":{"start":{"line":921,"column":16},"end":{"line":921,"column":45}},"546":{"start":{"line":924,"column":12},"end":{"line":924,"column":31}},"547":{"start":{"line":928,"column":4},"end":{"line":928,"column":26}},"548":{"start":{"line":931,"column":0},"end":{"line":945,"column":2}},"549":{"start":{"line":932,"column":4},"end":{"line":932,"column":30}},"550":{"start":{"line":933,"column":4},"end":{"line":935,"column":13}},"551":{"start":{"line":934,"column":8},"end":{"line":934,"column":75}},"552":{"start":{"line":936,"column":4},"end":{"line":943,"column":7}},"553":{"start":{"line":944,"column":4},"end":{"line":944,"column":42}},"554":{"start":{"line":947,"column":0},"end":{"line":954,"column":2}},"555":{"start":{"line":948,"column":4},"end":{"line":953,"column":5}},"556":{"start":{"line":949,"column":8},"end":{"line":949,"column":34}},"557":{"start":{"line":951,"column":8},"end":{"line":951,"column":36}},"558":{"start":{"line":952,"column":8},"end":{"line":952,"column":20}},"559":{"start":{"line":956,"column":0},"end":{"line":963,"column":2}},"560":{"start":{"line":957,"column":4},"end":{"line":957,"column":20}},"561":{"start":{"line":958,"column":4},"end":{"line":958,"column":53}},"562":{"start":{"line":959,"column":4},"end":{"line":961,"column":7}},"563":{"start":{"line":960,"column":8},"end":{"line":960,"column":62}},"564":{"start":{"line":962,"column":4},"end":{"line":962,"column":18}},"565":{"start":{"line":965,"column":0},"end":{"line":968,"column":2}},"566":{"start":{"line":966,"column":4},"end":{"line":966,"column":38}},"567":{"start":{"line":967,"column":4},"end":{"line":967,"column":42}},"568":{"start":{"line":970,"column":0},"end":{"line":1055,"column":5}},"569":{"start":{"line":971,"column":4},"end":{"line":973,"column":5}},"570":{"start":{"line":972,"column":8},"end":{"line":972,"column":68}},"571":{"start":{"line":974,"column":4},"end":{"line":976,"column":5}},"572":{"start":{"line":975,"column":8},"end":{"line":975,"column":68}},"573":{"start":{"line":977,"column":4},"end":{"line":981,"column":5}},"574":{"start":{"line":978,"column":8},"end":{"line":980,"column":11}},"575":{"start":{"line":979,"column":12},"end":{"line":979,"column":31}},"576":{"start":{"line":982,"column":4},"end":{"line":1031,"column":5}},"577":{"start":{"line":983,"column":8},"end":{"line":985,"column":9}},"578":{"start":{"line":984,"column":12},"end":{"line":984,"column":63}},"579":{"start":{"line":987,"column":8},"end":{"line":987,"column":34}},"580":{"start":{"line":988,"column":8},"end":{"line":988,"column":57}},"581":{"start":{"line":989,"column":8},"end":{"line":1030,"column":9}},"582":{"start":{"line":990,"column":12},"end":{"line":990,"column":42}},"583":{"start":{"line":991,"column":12},"end":{"line":1007,"column":16}},"584":{"start":{"line":992,"column":16},"end":{"line":992,"column":31}},"585":{"start":{"line":993,"column":16},"end":{"line":993,"column":35}},"586":{"start":{"line":994,"column":16},"end":{"line":998,"column":18}},"587":{"start":{"line":1000,"column":16},"end":{"line":1000,"column":31}},"588":{"start":{"line":1001,"column":16},"end":{"line":1001,"column":36}},"589":{"start":{"line":1002,"column":16},"end":{"line":1006,"column":18}},"590":{"start":{"line":1008,"column":15},"end":{"line":1030,"column":9}},"591":{"start":{"line":1009,"column":12},"end":{"line":1021,"column":23}},"592":{"start":{"line":1013,"column":20},"end":{"line":1020,"column":24}},"593":{"start":{"line":1014,"column":24},"end":{"line":1019,"column":26}},"594":{"start":{"line":1023,"column":12},"end":{"line":1029,"column":15}},"595":{"start":{"line":1024,"column":16},"end":{"line":1028,"column":18}},"596":{"start":{"line":1032,"column":4},"end":{"line":1054,"column":6}},"597":{"start":{"line":1033,"column":8},"end":{"line":1033,"column":59}},"598":{"start":{"line":1034,"column":8},"end":{"line":1034,"column":50}},"599":{"start":{"line":1035,"column":8},"end":{"line":1035,"column":24}},"600":{"start":{"line":1036,"column":8},"end":{"line":1036,"column":14}},"601":{"start":{"line":1037,"column":8},"end":{"line":1037,"column":26}},"602":{"start":{"line":1038,"column":8},"end":{"line":1042,"column":9}},"603":{"start":{"line":1039,"column":12},"end":{"line":1039,"column":59}},"604":{"start":{"line":1040,"column":12},"end":{"line":1040,"column":70}},"605":{"start":{"line":1041,"column":12},"end":{"line":1041,"column":45}},"606":{"start":{"line":1043,"column":8},"end":{"line":1043,"column":46}},"607":{"start":{"line":1044,"column":8},"end":{"line":1044,"column":44}},"608":{"start":{"line":1045,"column":8},"end":{"line":1045,"column":57}},"609":{"start":{"line":1046,"column":8},"end":{"line":1052,"column":11}},"610":{"start":{"line":1047,"column":12},"end":{"line":1047,"column":55}},"611":{"start":{"line":1048,"column":12},"end":{"line":1051,"column":13}},"612":{"start":{"line":1050,"column":16},"end":{"line":1050,"column":82}},"613":{"start":{"line":1053,"column":8},"end":{"line":1053,"column":28}},"614":{"start":{"line":1058,"column":0},"end":{"line":1100,"column":1}},"615":{"start":{"line":1059,"column":4},"end":{"line":1064,"column":6}},"616":{"start":{"line":1065,"column":4},"end":{"line":1091,"column":5}},"617":{"start":{"line":1066,"column":8},"end":{"line":1066,"column":34}},"618":{"start":{"line":1067,"column":8},"end":{"line":1069,"column":9}},"619":{"start":{"line":1068,"column":12},"end":{"line":1068,"column":27}},"620":{"start":{"line":1070,"column":8},"end":{"line":1090,"column":9}},"621":{"start":{"line":1071,"column":12},"end":{"line":1073,"column":13}},"622":{"start":{"line":1072,"column":16},"end":{"line":1072,"column":110}},"623":{"start":{"line":1075,"column":12},"end":{"line":1077,"column":13}},"624":{"start":{"line":1076,"column":16},"end":{"line":1076,"column":113}},"625":{"start":{"line":1079,"column":12},"end":{"line":1081,"column":13}},"626":{"start":{"line":1080,"column":16},"end":{"line":1080,"column":102}},"627":{"start":{"line":1082,"column":15},"end":{"line":1090,"column":9}},"628":{"start":{"line":1083,"column":12},"end":{"line":1085,"column":13}},"629":{"start":{"line":1084,"column":16},"end":{"line":1084,"column":120}},"630":{"start":{"line":1087,"column":12},"end":{"line":1089,"column":13}},"631":{"start":{"line":1088,"column":16},"end":{"line":1088,"column":117}},"632":{"start":{"line":1093,"column":4},"end":{"line":1095,"column":5}},"633":{"start":{"line":1094,"column":8},"end":{"line":1094,"column":102}},"634":{"start":{"line":1097,"column":4},"end":{"line":1099,"column":5}},"635":{"start":{"line":1098,"column":8},"end":{"line":1098,"column":105}},"636":{"start":{"line":1102,"column":0},"end":{"line":1115,"column":1}},"637":{"start":{"line":1103,"column":4},"end":{"line":1105,"column":5}},"638":{"start":{"line":1104,"column":8},"end":{"line":1104,"column":73}},"639":{"start":{"line":1106,"column":4},"end":{"line":1108,"column":5}},"640":{"start":{"line":1107,"column":8},"end":{"line":1107,"column":128}},"641":{"start":{"line":1110,"column":4},"end":{"line":1112,"column":5}},"642":{"start":{"line":1111,"column":8},"end":{"line":1111,"column":81}},"643":{"start":{"line":1114,"column":4},"end":{"line":1114,"column":51}},"644":{"start":{"line":1117,"column":0},"end":{"line":1117,"column":28}}},"branchMap":{"1":{"line":21,"type":"if","locations":[{"start":{"line":21,"column":8},"end":{"line":21,"column":8}},{"start":{"line":21,"column":8},"end":{"line":21,"column":8}}]},"2":{"line":21,"type":"binary-expr","locations":[{"start":{"line":21,"column":12},"end":{"line":21,"column":18}},{"start":{"line":21,"column":22},"end":{"line":21,"column":39}}]},"3":{"line":33,"type":"if","locations":[{"start":{"line":33,"column":8},"end":{"line":33,"column":8}},{"start":{"line":33,"column":8},"end":{"line":33,"column":8}}]},"4":{"line":38,"type":"if","locations":[{"start":{"line":38,"column":8},"end":{"line":38,"column":8}},{"start":{"line":38,"column":8},"end":{"line":38,"column":8}}]},"5":{"line":40,"type":"if","locations":[{"start":{"line":40,"column":15},"end":{"line":40,"column":15}},{"start":{"line":40,"column":15},"end":{"line":40,"column":15}}]},"6":{"line":51,"type":"binary-expr","locations":[{"start":{"line":51,"column":14},"end":{"line":51,"column":21}},{"start":{"line":51,"column":25},"end":{"line":51,"column":27}}]},"7":{"line":52,"type":"binary-expr","locations":[{"start":{"line":52,"column":22},"end":{"line":52,"column":40}},{"start":{"line":52,"column":44},"end":{"line":52,"column":53}}]},"8":{"line":53,"type":"binary-expr","locations":[{"start":{"line":53,"column":22},"end":{"line":53,"column":40}},{"start":{"line":53,"column":44},"end":{"line":53,"column":46}}]},"9":{"line":54,"type":"binary-expr","locations":[{"start":{"line":54,"column":17},"end":{"line":54,"column":30}},{"start":{"line":54,"column":34},"end":{"line":54,"column":43}}]},"10":{"line":55,"type":"binary-expr","locations":[{"start":{"line":55,"column":18},"end":{"line":55,"column":32}},{"start":{"line":55,"column":36},"end":{"line":55,"column":46}}]},"11":{"line":56,"type":"binary-expr","locations":[{"start":{"line":56,"column":25},"end":{"line":56,"column":39}},{"start":{"line":56,"column":43},"end":{"line":56,"column":65}}]},"12":{"line":57,"type":"binary-expr","locations":[{"start":{"line":57,"column":28},"end":{"line":57,"column":52}},{"start":{"line":57,"column":56},"end":{"line":57,"column":58}}]},"13":{"line":67,"type":"binary-expr","locations":[{"start":{"line":67,"column":31},"end":{"line":67,"column":41}},{"start":{"line":67,"column":45},"end":{"line":67,"column":47}}]},"14":{"line":80,"type":"if","locations":[{"start":{"line":80,"column":12},"end":{"line":80,"column":12}},{"start":{"line":80,"column":12},"end":{"line":80,"column":12}}]},"15":{"line":92,"type":"if","locations":[{"start":{"line":92,"column":8},"end":{"line":92,"column":8}},{"start":{"line":92,"column":8},"end":{"line":92,"column":8}}]},"16":{"line":120,"type":"if","locations":[{"start":{"line":120,"column":8},"end":{"line":120,"column":8}},{"start":{"line":120,"column":8},"end":{"line":120,"column":8}}]},"17":{"line":121,"type":"if","locations":[{"start":{"line":121,"column":12},"end":{"line":121,"column":12}},{"start":{"line":121,"column":12},"end":{"line":121,"column":12}}]},"18":{"line":131,"type":"if","locations":[{"start":{"line":131,"column":12},"end":{"line":131,"column":12}},{"start":{"line":131,"column":12},"end":{"line":131,"column":12}}]},"19":{"line":135,"type":"if","locations":[{"start":{"line":135,"column":12},"end":{"line":135,"column":12}},{"start":{"line":135,"column":12},"end":{"line":135,"column":12}}]},"20":{"line":135,"type":"binary-expr","locations":[{"start":{"line":135,"column":16},"end":{"line":135,"column":26}},{"start":{"line":135,"column":30},"end":{"line":135,"column":42}}]},"21":{"line":139,"type":"if","locations":[{"start":{"line":139,"column":16},"end":{"line":139,"column":16}},{"start":{"line":139,"column":16},"end":{"line":139,"column":16}}]},"22":{"line":139,"type":"binary-expr","locations":[{"start":{"line":139,"column":20},"end":{"line":139,"column":33}},{"start":{"line":139,"column":37},"end":{"line":139,"column":49}}]},"23":{"line":148,"type":"if","locations":[{"start":{"line":148,"column":16},"end":{"line":148,"column":16}},{"start":{"line":148,"column":16},"end":{"line":148,"column":16}}]},"24":{"line":191,"type":"if","locations":[{"start":{"line":191,"column":12},"end":{"line":191,"column":12}},{"start":{"line":191,"column":12},"end":{"line":191,"column":12}}]},"25":{"line":221,"type":"cond-expr","locations":[{"start":{"line":221,"column":40},"end":{"line":221,"column":45}},{"start":{"line":221,"column":48},"end":{"line":221,"column":51}}]},"26":{"line":222,"type":"if","locations":[{"start":{"line":222,"column":4},"end":{"line":222,"column":4}},{"start":{"line":222,"column":4},"end":{"line":222,"column":4}}]},"27":{"line":224,"type":"binary-expr","locations":[{"start":{"line":224,"column":15},"end":{"line":224,"column":19}},{"start":{"line":224,"column":23},"end":{"line":224,"column":25}}]},"28":{"line":225,"type":"if","locations":[{"start":{"line":225,"column":8},"end":{"line":225,"column":8}},{"start":{"line":225,"column":8},"end":{"line":225,"column":8}}]},"29":{"line":241,"type":"if","locations":[{"start":{"line":241,"column":8},"end":{"line":241,"column":8}},{"start":{"line":241,"column":8},"end":{"line":241,"column":8}}]},"30":{"line":241,"type":"binary-expr","locations":[{"start":{"line":241,"column":12},"end":{"line":241,"column":30}},{"start":{"line":241,"column":34},"end":{"line":241,"column":54}},{"start":{"line":241,"column":58},"end":{"line":241,"column":82}}]},"31":{"line":245,"type":"binary-expr","locations":[{"start":{"line":245,"column":15},"end":{"line":245,"column":19}},{"start":{"line":245,"column":23},"end":{"line":245,"column":25}}]},"32":{"line":246,"type":"if","locations":[{"start":{"line":246,"column":8},"end":{"line":246,"column":8}},{"start":{"line":246,"column":8},"end":{"line":246,"column":8}}]},"33":{"line":253,"type":"if","locations":[{"start":{"line":253,"column":12},"end":{"line":253,"column":12}},{"start":{"line":253,"column":12},"end":{"line":253,"column":12}}]},"34":{"line":256,"type":"binary-expr","locations":[{"start":{"line":256,"column":19},"end":{"line":256,"column":53}},{"start":{"line":256,"column":57},"end":{"line":256,"column":63}}]},"35":{"line":260,"type":"binary-expr","locations":[{"start":{"line":260,"column":13},"end":{"line":260,"column":19}},{"start":{"line":260,"column":23},"end":{"line":260,"column":42}}]},"36":{"line":261,"type":"binary-expr","locations":[{"start":{"line":261,"column":11},"end":{"line":261,"column":47}},{"start":{"line":261,"column":51},"end":{"line":261,"column":57}}]},"37":{"line":261,"type":"binary-expr","locations":[{"start":{"line":261,"column":28},"end":{"line":261,"column":33}},{"start":{"line":261,"column":37},"end":{"line":261,"column":38}}]},"38":{"line":267,"type":"if","locations":[{"start":{"line":267,"column":4},"end":{"line":267,"column":4}},{"start":{"line":267,"column":4},"end":{"line":267,"column":4}}]},"39":{"line":272,"type":"if","locations":[{"start":{"line":272,"column":4},"end":{"line":272,"column":4}},{"start":{"line":272,"column":4},"end":{"line":272,"column":4}}]},"40":{"line":278,"type":"if","locations":[{"start":{"line":278,"column":4},"end":{"line":278,"column":4}},{"start":{"line":278,"column":4},"end":{"line":278,"column":4}}]},"41":{"line":280,"type":"if","locations":[{"start":{"line":280,"column":11},"end":{"line":280,"column":11}},{"start":{"line":280,"column":11},"end":{"line":280,"column":11}}]},"42":{"line":280,"type":"binary-expr","locations":[{"start":{"line":280,"column":15},"end":{"line":280,"column":18}},{"start":{"line":280,"column":22},"end":{"line":280,"column":45}}]},"43":{"line":282,"type":"if","locations":[{"start":{"line":282,"column":12},"end":{"line":282,"column":12}},{"start":{"line":282,"column":12},"end":{"line":282,"column":12}}]},"44":{"line":283,"type":"if","locations":[{"start":{"line":283,"column":16},"end":{"line":283,"column":16}},{"start":{"line":283,"column":16},"end":{"line":283,"column":16}}]},"45":{"line":285,"type":"if","locations":[{"start":{"line":285,"column":23},"end":{"line":285,"column":23}},{"start":{"line":285,"column":23},"end":{"line":285,"column":23}}]},"46":{"line":295,"type":"if","locations":[{"start":{"line":295,"column":8},"end":{"line":295,"column":8}},{"start":{"line":295,"column":8},"end":{"line":295,"column":8}}]},"47":{"line":295,"type":"binary-expr","locations":[{"start":{"line":295,"column":12},"end":{"line":295,"column":15}},{"start":{"line":295,"column":19},"end":{"line":295,"column":42}}]},"48":{"line":298,"type":"if","locations":[{"start":{"line":298,"column":16},"end":{"line":298,"column":16}},{"start":{"line":298,"column":16},"end":{"line":298,"column":16}}]},"49":{"line":300,"type":"if","locations":[{"start":{"line":300,"column":23},"end":{"line":300,"column":23}},{"start":{"line":300,"column":23},"end":{"line":300,"column":23}}]},"50":{"line":312,"type":"cond-expr","locations":[{"start":{"line":312,"column":32},"end":{"line":312,"column":43}},{"start":{"line":312,"column":46},"end":{"line":312,"column":64}}]},"51":{"line":316,"type":"if","locations":[{"start":{"line":
[...]
column":20},"end":{"line":712,"column":30}},{"start":{"line":712,"column":34},"end":{"line":712,"column":49}}]},"86":{"line":721,"type":"if","locations":[{"start":{"line":721,"column":12},"end":{"line":721,"column":12}},{"start":{"line":721,"column":12},"end":{"line":721,"column":12}}]},"87":{"line":723,"type":"if","locations":[{"start":{"line":723,"column":19},"end":{"line":723,"column":19}},{"start":{"line":723,"column":19},"end":{"line":723,"column":19}}]},"88":{"line":723,"type":"binary-expr","locations":[{"start":{"line":723,"column":23},"end":{"line":723,"column":47}},{"start":{"line":723,"column":51},"end":{"line":723,"column":77}}]},"89":{"line":726,"type":"if","locations":[{"start":{"line":726,"column":16},"end":{"line":726,"column":16}},{"start":{"line":726,"column":16},"end":{"line":726,"column":16}}]},"90":{"line":735,"type":"if","locations":[{"start":{"line":735,"column":12},"end":{"line":735,"column":12}},{"start":{"line":735,"column":12},"end":{"line":735,"column":12}}]},"91":{"line":738,"type":"if","locations":[{"start":{"line":738,"column":12},"end":{"line":738,"column":12}},{"start":{"line":738,"column":12},"end":{"line":738,"column":12}}]},"92":{"line":748,"type":"if","locations":[{"start":{"line":748,"column":8},"end":{"line":748,"column":8}},{"start":{"line":748,"column":8},"end":{"line":748,"column":8}}]},"93":{"line":751,"type":"if","locations":[{"start":{"line":751,"column":15},"end":{"line":751,"column":15}},{"start":{"line":751,"column":15},"end":{"line":751,"column":15}}]},"94":{"line":755,"type":"if","locations":[{"start":{"line":755,"column":15},"end":{"line":755,"column":15}},{"start":{"line":755,"column":15},"end":{"line":755,"column":15}}]},"95":{"line":771,"type":"if","locations":[{"start":{"line":771,"column":8},"end":{"line":771,"column":8}},{"start":{"line":771,"column":8},"end":{"line":771,"column":8}}]},"96":{"line":784,"type":"if","locations":[{"start":{"line":784,"column":15},"end":{"line":784,"column":15}},{"start":{"line":784,"column":15},"end":{"line":784,"column":15}}]},"97":{"line":793,"type":"if","locations":[{"start":{"line":793,"column":4},"end":{"line":793,"column":4}},{"start":{"line":793,"column":4},"end":{"line":793,"column":4}}]},"98":{"line":800,"type":"if","locations":[{"start":{"line":800,"column":8},"end":{"line":800,"column":8}},{"start":{"line":800,"column":8},"end":{"line":800,"column":8}}]},"99":{"line":811,"type":"if","locations":[{"start":{"line":811,"column":20},"end":{"line":811,"column":20}},{"start":{"line":811,"column":20},"end":{"line":811,"column":20}}]},"100":{"line":811,"type":"binary-expr","locations":[{"start":{"line":811,"column":24},"end":{"line":811,"column":26}},{"start":{"line":811,"column":30},"end":{"line":811,"column":46}}]},"101":{"line":820,"type":"if","locations":[{"start":{"line":820,"column":8},"end":{"line":820,"column":8}},{"start":{"line":820,"column":8},"end":{"line":820,"column":8}}]},"102":{"line":822,"type":"if","locations":[{"start":{"line":822,"column":12},"end":{"line":822,"column":12}},{"start":{"line":822,"column":12},"end":{"line":822,"column":12}}]},"103":{"line":825,"type":"cond-expr","locations":[{"start":{"line":825,"column":80},"end":{"line":825,"column":105}},{"start":{"line":825,"column":108},"end":{"line":825,"column":120}}]},"104":{"line":830,"type":"if","locations":[{"start":{"line":830,"column":8},"end":{"line":830,"column":8}},{"start":{"line":830,"column":8},"end":{"line":830,"column":8}}]},"105":{"line":845,"type":"if","locations":[{"start":{"line":845,"column":8},"end":{"line":845,"column":8}},{"start":{"line":845,"column":8},"end":{"line":845,"column":8}}]},"106":{"line":851,"type":"if","locations":[{"start":{"line":851,"column":8},"end":{"line":851,"column":8}},{"start":{"line":851,"column":8},"end":{"line":851,"column":8}}]},"107":{"line":858,"type":"if","locations":[{"start":{"line":858,"column":8},"end":{"line":858,"column":8}},{"start":{"line":858,"column":8},"end":{"line":858,"column":8}}]},"108":{"line":858,"type":"binary-expr","locations":[{"start":{"line":858,"column":12},"end":{"line":858,"column":39}},{"start":{"line":858,"column":43},"end":{"line":858,"column":66}}]},"109":{"line":865,"type":"if","locations":[{"start":{"line":865,"column":20},"end":{"line":865,"column":20}},{"start":{"line":865,"column":20},"end":{"line":865,"column":20}}]},"110":{"line":877,"type":"if","locations":[{"start":{"line":877,"column":20},"end":{"line":877,"column":20}},{"start":{"line":877,"column":20},"end":{"line":877,"column":20}}]},"111":{"line":877,"type":"binary-expr","locations":[{"start":{"line":877,"column":24},"end":{"line":877,"column":51}},{"start":{"line":877,"column":55},"end":{"line":877,"column":73}}]},"112":{"line":895,"type":"if","locations":[{"start":{"line":895,"column":32},"end":{"line":895,"column":32}},{"start":{"line":895,"column":32},"end":{"line":895,"column":32}}]},"113":{"line":911,"type":"if","locations":[{"start":{"line":911,"column":36},"end":{"line":911,"column":36}},{"start":{"line":911,"column":36},"end":{"line":911,"column":36}}]},"114":{"line":911,"type":"binary-expr","locations":[{"start":{"line":911,"column":40},"end":{"line":911,"column":57}},{"start":{"line":911,"column":61},"end":{"line":911,"column":91}}]},"115":{"line":914,"type":"binary-expr","locations":[{"start":{"line":914,"column":62},"end":{"line":914,"column":78}},{"start":{"line":914,"column":83},"end":{"line":914,"column":106}},{"start":{"line":914,"column":110},"end":{"line":914,"column":131}}]},"116":{"line":918,"type":"if","locations":[{"start":{"line":918,"column":36},"end":{"line":918,"column":36}},{"start":{"line":918,"column":36},"end":{"line":918,"column":36}}]},"117":{"line":919,"type":"if","locations":[{"start":{"line":919,"column":40},"end":{"line":919,"column":40}},{"start":{"line":919,"column":40},"end":{"line":919,"column":40}}]},"118":{"line":919,"type":"binary-expr","locations":[{"start":{"line":919,"column":44},"end":{"line":919,"column":71}},{"start":{"line":919,"column":75},"end":{"line":919,"column":93}}]},"119":{"line":924,"type":"if","locations":[{"start":{"line":924,"column":43},"end":{"line":924,"column":43}},{"start":{"line":924,"column":43},"end":{"line":924,"column":43}}]},"120":{"line":924,"type":"binary-expr","locations":[{"start":{"line":924,"column":47},"end":{"line":924,"column":58}},{"start":{"line":924,"column":62},"end":{"line":924,"column":81}}]},"121":{"line":925,"type":"binary-expr","locations":[{"start":{"line":925,"column":54},"end":{"line":925,"column":65}},{"start":{"line":925,"column":69},"end":{"line":925,"column":108}}]},"122":{"line":926,"type":"binary-expr","locations":[{"start":{"line":926,"column":55},"end":{"line":926,"column":63}},{"start":{"line":926,"column":67},"end":{"line":926,"column":81}}]},"123":{"line":927,"type":"if","locations":[{"start":{"line":927,"column":40},"end":{"line":927,"column":40}},{"start":{"line":927,"column":40},"end":{"line":927,"column":40}}]},"124":{"line":927,"type":"binary-expr","locations":[{"start":{"line":927,"column":44},"end":{"line":927,"column":51}},{"start":{"line":927,"column":55},"end":{"line":927,"column":67}},{"start":{"line":927,"column":71},"end":{"line":927,"column":85}}]},"125":{"line":929,"type":"if","locations":[{"start":{"line":929,"column":47},"end":{"line":929,"column":47}},{"start":{"line":929,"column":47},"end":{"line":929,"column":47}}]},"126":{"line":932,"type":"if","locations":[{"start":{"line":932,"column":47},"end":{"line":932,"column":47}},{"start":{"line":932,"column":47},"end":{"line":932,"column":47}}]},"127":{"line":932,"type":"binary-expr","locations":[{"start":{"line":932,"column":51},"end":{"line":932,"column":59}},{"start":{"line":932,"column":64},"end":{"line":932,"column":71}},{"start":{"line":932,"column":75},"end":{"line":932,"column":90}}]},"128":{"line":933,"type":"binary-expr","locations":[{"start":{"line":933,"column":62},"end":{"line":933,"column":73}},{"start":{"line":933,"column":77},"end":{"line":933,"column":99}},{"start":{"line":933,"column":104},"end":{"line":933,"column":120}}]},"129":{"line":936,"type":"if","locations":[{"start":{"line":936,"column":44},"end":{"line":936,"column":44}},{"start":{"line":936,"column":44},"end":{"line":936,"column":44}}]},"130":{"line":945,"type":"if","locations":[{"start":{"line":945,"column":36},"end":{"line":945,"column":36}},{"start":{"line":945,"column":36},"end":{"line":945,"column":36}}]},"131":{"line":946,"type":"if","locations":[{"start":{"line":946,"column":40},"end":{"line":946,"column":40}},{"start":{"line":946,"column":40},"end":{"line":946,"column":40}}]},"132":{"line":946,"type":"binary-expr","locations":[{"start":{"line":946,"column":44},"end":{"line":946,"column":60}},{"start":{"line":946,"column":64},"end":{"line":946,"column":85}}]},"133":{"line":949,"type":"cond-expr","locations":[{"start":{"line":949,"column":94},"end":{"line":949,"column":102}},{"start":{"line":949,"column":105},"end":{"line":949,"column":106}}]},"134":{"line":953,"type":"if","locations":[{"start":{"line":953,"column":36},"end":{"line":953,"column":36}},{"start":{"line":953,"column":36},"end":{"line":953,"column":36}}]},"135":{"line":956,"type":"cond-expr","locations":[{"start":{"line":956,"column":69},"end":{"line":956,"column":71}},{"start":{"line":956,"column":74},"end":{"line":956,"column":77}}]},"136":{"line":958,"type":"if","locations":[{"start":{"line":958,"column":36},"end":{"line":958,"column":36}},{"start":{"line":958,"column":36},"end":{"line":958,"column":36}}]},"137":{"line":959,"type":"if","locations":[{"start":{"line":959,"column":40},"end":{"line":959,"column":40}},{"start":{"line":959,"column":40},"end":{"line":959,"column":40}}]},"138":{"line":959,"type":"binary-expr","locations":[{"start":{"line":959,"column":44},"end":{"line":959,"column":65}},{"start":{"line":959,"column":69},"end":{"line":959,"column":94}}]},"139":{"line":967,"type":"if","locations":[{"start":{"line":967,"column":36},"end":{"line":967,"column":36}},{"start":{"line":967,"column":36},"end":{"line":967,"column":36}}]},"140":{"line":972,"type":"if","locations":[{"start":{"line":972,"column":36},"end":{"line":972,"column":36}},{"start":{"line":972,"column":36},"end":{"line":972,"column":36}}]},"141":{"line":973,"type":"cond-expr","locations":[{"start":{"line":973,"column":72},"end":{"line":973,"column":73}},{"start":{"line":973,"column":76},"end":{"line":973,"column":77}}]},"142":{"line":994,"type":"if","locations":[{"start":{"line":994,"column":8},"end":{"line":994,"column":8}},{"start":{"line":994,"column":8},"end":{"line":994,"column":8}}]},"143":{"line":1006,"type":"if","locations":[{"start":{"line":1006,"column":8},"end":{"line":1006,"column":8}},{"start":{"line":1006,"column":8},"end":{"line":1006,"column":8}}]},"144":{"line":1051,"type":"if","locations":[{"start":{"line":1051,"column":8},"end":{"line":1051,"column":8}},{"start":{"line":1051,"column":8},"end":{"line":1051,"column":8}}]},"145":{"line":1061,"type":"cond-expr","locations":[{"start":{"line":1061,"column":47},"end":{"line":1061,"column":68}},{"start":{"line":1061,"column":71},"end":{"line":1061,"column":89}}]},"146":{"line":1073,"type":"if","locations":[{"start":{"line":1073,"column":8},"end":{"line":1073,"column":8}},{"start":{"line":1073,"column":8},"end":{"line":1073,"column":8}}]},"147":{"line":1083,"type":"cond-expr","locations":[{"start":{"line":1083,"column":47},"end":{"line":1083,"column":68}},{"start":{"line":1083,"column":71},"end":{"line":1083,"column":89}}]},"148":{"line":1094,"type":"if","locations":[{"start":{"line":1094,"column":16},"end":{"line":1094,"column":16}},{"start":{"line":1094,"column":16},"end":{"line":1094,"column":16}}]},"149":{"line":1099,"type":"if","locations":[{"start":{"line":1099,"column":12},"end":{"line":1099,"column":12}},{"start":{"line":1099,"column":12},"end":{"line":1099,"column":12}}]},"150":{"line":1099,"type":"binary-expr","locations":[{"start":{"line":1099,"column":16},"end":{"line":1099,"column":29}},{"start":{"line":1099,"column":33},"end":{"line":1099,"column":61}}]},"151":{"line":1100,"type":"if","locations":[{"start":{"line":1100,"column":16},"end":{"line":1100,"column":16}},{"start":{"line":1100,"column":16},"end":{"line":1100,"column":16}}]},"152":{"line":1100,"type":"binary-expr","locations":[{"start":{"line":1100,"column":20},"end":{"line":1100,"column":23}},{"start":{"line":1100,"column":27},"end":{"line":1100,"column":44}},{"start":{"line":1100,"column":49},"end":{"line":1100,"column":74}},{"start":{"line":1100,"column":78},"end":{"line":1100,"column":93}}]},"153":{"line":1113,"type":"if","locations":[{"start":{"line":1113,"column":12},"end":{"line":1113,"column":12}},{"start":{"line":1113,"column":12},"end":{"line":1113,"column":12}}]},"154":{"line":1113,"type":"binary-expr","locations":[{"start":{"line":1113,"column":16},"end":{"line":1113,"column":29}},{"start":{"line":1113,"column":33},"end":{"line":1113,"column":61}}]},"155":{"line":1119,"type":"if","locations":[{"start":{"line":1119,"column":16},"end":{"line":1119,"column":16}},{"start":{"line":1119,"column":16},"end":{"line":1119,"column":16}}]},"156":{"line":1130,"type":"if","locations":[{"start":{"line":1130,"column":12},"end":{"line":1130,"column":12}},{"start":{"line":1130,"column":12},"end":{"line":1130,"column":12}}]},"157":{"line":1134,"type":"if","locations":[{"start":{"line":1134,"column":20},"end":{"line":1134,"column":20}},{"start":{"line":1134,"column":20},"end":{"line":1134,"column":20}}]},"158":{"line":1141,"type":"if","locations":[{"start":{"line":1141,"column":16},"end":{"line":1141,"column":16}},{"start":{"line":1141,"column":16},"end":{"line":1141,"column":16}}]},"159":{"line":1156,"type":"if","locations":[{"start":{"line":1156,"column":12},"end":{"line":1156,"column":12}},{"start":{"line":1156,"column":12},"end":{"line":1156,"column":12}}]},"160":{"line":1160,"type":"if","locations":[{"start":{"line":1160,"column":20},"end":{"line":1160,"column":20}},{"start":{"line":1160,"column":20},"end":{"line":1160,"column":20}}]},"161":{"line":1167,"type":"if","locations":[{"start":{"line":1167,"column":16},"end":{"line":1167,"column":16}},{"start":{"line":1167,"column":16},"end":{"line":1167,"column":16}}]},"162":{"line":1179,"type":"if","locations":[{"start":{"line":1179,"column":8},"end":{"line":1179,"column":8}},{"start":{"line":1179,"column":8},"end":{"line":1179,"column":8}}]},"163":{"line":1179,"type":"binary-expr","locations":[{"start":{"line":1179,"column":12},"end":{"line":1179,"column":43}},{"start":{"line":1179,"column":47},"end":{"line":1179,"column":83}}]},"164":{"line":1189,"type":"if","locations":[{"start":{"line":1189,"column":16},"end":{"line":1189,"column":16}},{"start":{"line":1189,"column":16},"end":{"line":1189,"column":16}}]},"165":{"line":1194,"type":"if","locations":[{"start":{"line":1194,"column":16},"end":{"line":1194,"column":16}},{"start":{"line":1194,"column":16},"end":{"line":1194,"column":16}}]},"166":{"line":1200,"type":"if","locations":[{"start":{"line":1200,"column":16},"end":{"line":1200,"column":16}},{"start":{"line":1200,"column":16},"end":{"line":1200,"column":16}}]},"167":{"line":1206,"type":"if","locations":[{"start":{"line":1206,"column":16},"end":{"line":1206,"column":16}},{"start":{"line":1206,"column":16},"end":{"line":1206,"column":16}}]},"168":{"line":1208,"type":"if","locations":[{"start":{"line":1208,"column":23},"end":{"line":1208,"column":23}},{"start":{"line":1208,"column":23},"end":{"line":1208,"column":23}}]},"169":{"line":1209,"type":"if","locations":[{"start":{"line":1209,"column":20},"end":{"line":1209,"column":20}},{"start":{"line":1209,"column":20},"end":{"line":1209,"column":20}}]},"170":{"line":1217,"type":"if","locations":[{"start":{"line":1217,"column":20},"end":{"line":1217,"column":20}},{"start":{"line":1217,"column":20},"end":{"line":1217,"column":20}}]},"171":{"line":1218,"type":"if","locations":[{"start":{"line":1218,"column":24},"end":{"line":1218,"column":24}},{"start":{"line":1218,"column":24},"end":{"line":1218,"column":24}}]},"172":{"line":1218,"type":"binary-expr","locations":[{"start":{"line":1218,"column":28},"end":{"line":1218,"column":31}},{"start":{"line":1218,"column":35},"end":{"line":1218,"column":51}},{"start":{"line":1218,"column":56},"end":{"line":1218,"column":89}},{"start":{"line":1218,"column":93},"end":{"line":1218,"column":116}}]},"173":{"line":1235,"type":"if","locations":[{"start":{"line":1235,"column":12},"end":{"line":1235,"column":12}},{"start":{"line":1235,"column":12},"end":{"line":1235,"column":12}}]}}},"/home/andreas/work/unexpected/foo.js":{"path":"/home/andreas/work/unexpected/foo.js","s":{"1":0,"2":0,"3":0,"4":0,"5":0,"6":0,"7":0,"8":0},"b":{},"f":{"1":0,"2":0,"3":0,"4":0,"5":0},"fnMap":{"1":{"name":"magicpen","line":1,"loc":{"start":{"line":1,"column":0},"end":{"line":1,"column":26}}},"2":{"name":"(anonymous_2)","line":7,"loc":{"start":{"line":7,"column":13},"end":{"line":7,"column":25}}},"3":{"name":"(anonymous_3)","line":10,"loc":{"start":{"line":10,"column":13},"end":{"line":10,"column":25}}},"4":{"name":"(anonymous_4)","line":13,"loc":{"start":{"line":13,"column":13},"end":{"line":13,"column":25}}},"5":{"name":"(anonymous_5)","line":16,"loc":{"start":{"line":16,"column":13},"end":{"line":16,"column":25}}}},"statementMap":{"1":{"start":{"line":1,"column":0},"end":{"line":3,"column":1}},"2":{"start":{"line":2,"column":4},"end":{"line":2,"column":50}},"3":{"start":{"line":5,"column":0},"end":{"line":19,"column":2}},"4":{"start":{"line":8,"column":8},"end":{"line":8,"column":34}},"5":{"start":{"line":11,"column":8},"end":{"line":11,"column":41}},"6":{"start":{"line":14,"column":8},"end":{"line":14,"column":32}},"7":{"start":{"line":17,"column":8},"end":{"line":17,"column":39}},"8":{"start":{"line":21,"column":0},"end":{"line":28,"column":2}}},"branchMap":{}},"/home/andreas/work/unexpected/mdtojs.js":{"path":"/home/andreas/work/unexpected/mdtojs.js","s":{"1":0,"2":0,"3":0,"4":0,"5":0,"6":0,"7":0,"8":0},"b":{},"f":{"1":0,"2":0},"fnMap":{"1":{"name":"(anonymous_1)","line":1,"loc":{"start":{"line":1,"column":17},"end":{"line":1,"column":29}}},"2":{"name":"(anonymous_2)","line":9,"loc":{"start":{"line":9,"column":28},"end":{"line":9,"column":56}}}},"statementMap":{"1":{"start":{"line":1,"column":0},"end":{"line":3,"column":2}},"2":{"start":{"line":2,"column":4},"end":{"line":2,"column":25}},"3":{"start":{"line":5,"column":0},"end":{"line":5,"column":50}},"4":{"start":{"line":7,"column":0},"end":{"line":7,"column":23}},"5":{"start":{"line":9,"column":0},"end":{"line":14,"column":2}},"6":{"start":{"line":10,"column":4},"end":{"line":10,"column":49}},"7":{"start":{"line":12,"column":4},"end":{"line":12,"column":75}},"8":{"start":{"line":13,"column":4},"end":{"line":13,"column":25}}},"branchMap":{}},"/home/andreas/work/unexpected/mochaplay.js":{"path":"/home/andreas/work/unexpected/mochaplay.js","s":{"1":0,"2":0,"3":0,"4":0,"5":0,"6":0,"7":0,"8":0,"9":0,"10":0},"b":{},"f":{"1":0,"2":0,"3":0},"fnMap":{"1":{"name":"(anonymous_1)","line":8,"loc":{"start":{"line":8,"column":18},"end":{"line":8,"column":30}}},"2":{"name":"(anonymous_2)","line":9,"loc":{"start":{"line":9,"column":25},"end":{"line":9,"column":37}}},"3":{"name":"(anonymous_3)","line":12,"loc":{"start":{"line":12,"column":22},"end":{"line":12,"column":34}}}},"statementMap":{"1":{"start":{"line":1,"column":0},"end":{"line":1,"column":29}},"2":{"start":{"line":3,"column":0},"end":{"line":3,"column":24}},"3":{"start":{"line":5,"column":0},"end":{"line":5,"column":16}},"4":{"start":{"line":7,"column":0},"end":{"line":7,"column":62}},"5":{"start":{"line":8,"column":0},"end":{"line":15,"column":3}},"6":{"start":{"line":9,"column":4},"end":{"line":11,"column":7}},"7":{"start":{"line":12,"column":4},"end":{"line":14,"column":7}},"8":{"start":{"line":13,"column":8},"end":{"line":13,"column":32}},"9":{"start":{"line":16,"column":0},"end":{"line":16,"column":63}},"10":{"start":{"line":18,"column":0},"end":{"line":18,"column":23}}},"branchMap":{}}}