TN:
SF:/home/andreas/work/unexpected/lib/index.js
FN:7,(anonymous_1)
FN:20,(anonymous_2)
FNF:2
FNH:1
FNDA:0,(anonymous_1)
FNDA:5,(anonymous_2)
DA:2,1
DA:3,1
DA:6,0
DA:8,0
DA:9,0
DA:14,1
DA:20,1
DA:21,5
LF:8
LH:5
BRDA:3,1,0,0
BRDA:3,1,1,1
BRDA:3,2,0,1
BRDA:3,2,1,0
BRDA:3,2,2,0
BRF:5
BRH:2
end_of_record
TN:
SF:/home/andreas/work/unexpected/lib/Unexpected.js
FN:17,(anonymous_1)
FN:21,(anonymous_2)
FN:29,(anonymous_3)
FN:32,(anonymous_4)
FN:50,Unexpected
FN:61,(anonymous_6)
FN:62,(anonymous_7)
FN:66,(anonymous_8)
FN:67,(anonymous_9)
FN:71,(anonymous_10)
FN:90,getOrGroups
FN:92,(anonymous_12)
FN:102,evaluateGroup
FN:103,(anonymous_14)
FN:108,(anonymous_15)
FN:115,writeGroupEvaluationsToOutput
FN:117,(anonymous_17)
FN:120,(anonymous_18)
FN:131,(anonymous_19)
FN:144,(anonymous_20)
FN:158,(anonymous_21)
FN:160,(anonymous_22)
FN:164,(anonymous_23)
FN:165,(anonymous_24)
FN:179,createExpectIt
FN:182,expectIt
FN:185,(anonymous_27)
FN:187,(anonymous_28)
FN:193,(anonymous_29)
FN:194,(anonymous_30)
FN:195,(anonymous_31)
FN:201,(anonymous_32)
FN:210,(anonymous_33)
FN:215,(anonymous_34)
FN:223,(anonymous_35)
FN:227,(anonymous_36)
FN:240,(anonymous_37)
FN:245,(anonymous_38)
FN:248,(anonymous_39)
FN:259,(anonymous_40)
FN:275,(anonymous_41)
FN:290,(anonymous_42)
FN:305,(anonymous_43)
FN:315,(anonymous_44)
FN:320,(anonymous_45)
FN:323,(anonymous_46)
FN:353,(anonymous_47)
FN:364,(anonymous_48)
FN:378,(anonymous_49)
FN:388,(anonymous_50)
FN:389,(anonymous_51)
FN:390,(anonymous_52)
FN:395,(anonymous_53)
FN:396,(anonymous_54)
FN:416,(anonymous_55)
FN:431,(anonymous_56)
FN:443,(anonymous_57)
FN:448,(anonymous_58)
FN:453,(anonymous_59)
FN:460,(anonymous_60)
FN:463,(anonymous_61)
FN:469,(anonymous_62)
FN:476,(anonymous_63)
FN:484,(anonymous_64)
FN:495,(anonymous_65)
FN:499,(anonymous_66)
FN:503,(anonymous_67)
FN:504,(anonymous_68)
FN:549,(anonymous_69)
FN:550,(anonymous_70)
FN:576,installExpectMethods
FN:582,(anonymous_72)
FN:611,makeExpectFunction
FN:617,(anonymous_74)
FN:621,(anonymous_75)
FN:625,expect
FN:636,executeExpect
FN:639,(anonymous_78)
FN:641,(anonymous_79)
FN:646,(anonymous_80)
FN:661,(anonymous_81)
FN:664,(anonymous_82)
FN:665,(anonymous_83)
FN:678,(anonymous_84)
FN:705,(anonymous_85)
FN:722,(anonymous_86)
FN:723,(anonymous_87)
FN:727,(anonymous_88)
FN:730,(anonymous_89)
FN:731,(anonymous_90)
FN:747,(anonymous_91)
FN:757,(anonymous_92)
FN:763,(anonymous_93)
FN:771,(anonymous_94)
FN:794,(anonymous_95)
FN:797,asyncMisusage
FN:799,(anonymous_97)
FN:814,(anonymous_98)
FN:833,(anonymous_99)
FN:836,(anonymous_100)
FN:843,(anonymous_101)
FN:858,(anonymous_102)
FN:860,(anonymous_103)
FN:862,(anonymous_104)
FN:867,(anonymous_105)
FN:870,(anonymous_106)
FN:872,(anonymous_107)
FN:879,(anonymous_108)
FN:885,(anonymous_109)
FN:896,(anonymous_110)
FN:898,(anonymous_111)
FN:912,(anonymous_112)
FN:921,(anonymous_113)
FN:924,(anonymous_114)
FN:930,(anonymous_115)
FN:935,(anonymous_116)
FN:936,isFlag
FN:939,isAlternation
FN:942,removeEmptyStrings
FN:943,(anonymous_120)
FN:947,createPermutations
FN:956,(anonymous_122)
FN:964,(anonymous_123)
FN:977,(anonymous_124)
FN:978,(anonymous_125)
FN:988,(anonymous_126)
FN:997,(anonymous_127)
FN:1011,(anonymous_128)
FN:1023,ensureValidUseOfParenthesesOrBrackets
FN:1067,ensureValidPattern
FNF:130
FNH:125
FNDA:18,(anonymous_1)
FNDA:0,(anonymous_2)
FNDA:245,(anonymous_3)
FNDA:15543,(anonymous_4)
FNDA:188,Unexpected
FNDA:71,(anonymous_6)
FNDA:1580,(anonymous_7)
FNDA:29654,(anonymous_8)
FNDA:304067,(anonymous_9)
FNDA:4636,(anonymous_10)
FNDA:165,getOrGroups
FNDA:294,(anonymous_12)
FNDA:159,evaluateGroup
FNDA:205,(anonymous_14)
FNDA:205,(anonymous_15)
FNDA:116,writeGroupEvaluationsToOutput
FNDA:140,(anonymous_17)
FNDA:149,(anonymous_18)
FNDA:188,(anonymous_19)
FNDA:149,(anonymous_20)
FNDA:39,(anonymous_21)
FNDA:39,(anonymous_22)
FNDA:10,(anonymous_23)
FNDA:10,(anonymous_24)
FNDA:165,createExpectIt
FNDA:132,expectIt
FNDA:159,(anonymous_27)
FNDA:205,(anonymous_28)
FNDA:131,(anonymous_29)
FNDA:154,(anonymous_30)
FNDA:192,(anonymous_31)
FNDA:116,(anonymous_32)
FNDA:34,(anonymous_33)
FNDA:27,(anonymous_34)
FNDA:104,(anonymous_35)
FNDA:2891,(anonymous_36)
FNDA:415,(anonymous_37)
FNDA:3991,(anonymous_38)
FNDA:6393,(anonymous_39)
FNDA:2402,(anonymous_40)
FNDA:1117,(anonymous_41)
FNDA:117,(anonymous_42)
FNDA:860,(anonymous_43)
FNDA:769,(anonymous_44)
FNDA:27,(anonymous_45)
FNDA:59,(anonymous_46)
FNDA:180,(anonymous_47)
FNDA:74,(anonymous_48)
FNDA:189,(anonymous_49)
FNDA:185,(anonymous_50)
FNDA:347,(anonymous_51)
FNDA:246,(anonymous_52)
FNDA:185,(anonymous_53)
FNDA:346,(anonymous_54)
FNDA:74,(anonymous_55)
FNDA:755,(anonymous_56)
FNDA:0,(anonymous_57)
FNDA:0,(anonymous_58)
FNDA:48,(anonymous_59)
FNDA:2,(anonymous_60)
FNDA:2,(anonymous_61)
FNDA:194,(anonymous_62)
FNDA:6802,(anonymous_63)
FNDA:54,(anonymous_64)
FNDA:14,(anonymous_65)
FNDA:3,(anonymous_66)
FNDA:31,(anonymous_67)
FNDA:98,(anonymous_68)
FNDA:8,(anonymous_69)
FNDA:26,(anonymous_70)
FNDA:188,installExpectMethods
FNDA:71,(anonymous_72)
FNDA:188,makeExpectFunction
FNDA:717,(anonymous_74)
FNDA:0,(anonymous_75)
FNDA:2298,expect
FNDA:9320,executeExpect
FNDA:7024,(anonymous_78)
FNDA:3930,(anonymous_79)
FNDA:7024,(anonymous_80)
FNDA:1438,(anonymous_81)
FNDA:5382,(anonymous_82)
FNDA:934,(anonymous_83)
FNDA:80,(anonymous_84)
FNDA:9320,(anonymous_85)
FNDA:65,(anonymous_86)
FNDA:1844,(anonymous_87)
FNDA:47,(anonymous_88)
FNDA:30,(anonymous_89)
FNDA:30,(anonymous_90)
FNDA:36,(anonymous_91)
FNDA:528,(anonymous_92)
FNDA:3996,(anonymous_93)
FNDA:28930,(anonymous_94)
FNDA:10,(anonymous_95)
FNDA:7,asyncMisusage
FNDA:14,(anonymous_97)
FNDA:8,(anonymous_98)
FNDA:2,(anonymous_99)
FNDA:0,(anonymous_100)
FNDA:927,(anonymous_101)
FNDA:430,(anonymous_102)
FNDA:513,(anonymous_103)
FNDA:1184,(anonymous_104)
FNDA:6,(anonymous_105)
FNDA:168,(anonymous_106)
FNDA:1328,(anonymous_107)
FNDA:168,(anonymous_108)
FNDA:1328,(anonymous_109)
FNDA:187,(anonymous_110)
FNDA:5236,(anonymous_111)
FNDA:904,(anonymous_112)
FNDA:2067,(anonymous_113)
FNDA:3929,(anonymous_114)
FNDA:1,(anonymous_115)
FNDA:1,(anonymous_116)
FNDA:306,isFlag
FNDA:225,isAlternation
FNDA:186,removeEmptyStrings
FNDA:400,(anonymous_120)
FNDA:492,createPermutations
FNDA:117,(anonymous_122)
FNDA:117,(anonymous_123)
FNDA:69,(anonymous_124)
FNDA:76,(anonymous_125)
FNDA:273,(anonymous_126)
FNDA:186,(anonymous_127)
FNDA:351,(anonymous_128)
FNDA:199,ensureValidUseOfParenthesesOrBrackets
FNDA:205,ensureValidPattern
DA:1,1
DA:2,1
DA:3,1
DA:4,1
DA:5,1
DA:6,1
DA:7,1
DA:8,1
DA:9,1
DA:10,1
DA:11,1
DA:12,1
DA:13,1
DA:15,1
DA:18,18
DA:22,0
DA:23,0
DA:26,0
DA:30,245
DA:33,15543
DA:34,15543
DA:35,15543
DA:37,0
DA:39,15543
DA:40,1752
DA:41,13791
DA:42,7588
DA:44,6203
DA:50,1
DA:51,188
DA:52,188
DA:53,188
DA:54,188
DA:55,188
DA:56,188
DA:57,188
DA:60,188
DA:61,188
DA:62,71
DA:63,1580
DA:66,188
DA:67,29654
DA:68,304067
DA:71,188
DA:72,4636
DA:73,4636
DA:74,4636
DA:75,9910
DA:76,9910
DA:78,4636
DA:79,4636
DA:80,4943
DA:81,4636
DA:83,307
DA:86,188
DA:89,1
DA:90,1
DA:91,165
DA:92,165
DA:93,294
DA:94,38
DA:96,256
DA:99,165
DA:102,1
DA:103,159
DA:104,205
DA:105,205
DA:106,205
DA:109,205
DA:115,1
DA:116,116
DA:117,116
DA:118,140
DA:120,116
DA:121,149
DA:122,33
DA:123,12
DA:125,21
DA:127,33
DA:130,149
DA:131,149
DA:132,188
DA:133,39
DA:135,188
DA:136,188
DA:137,149
DA:138,149
DA:140,149
DA:141,82
DA:144,149
DA:145,149
DA:148,39
DA:149,39
DA:150,8
DA:151,8
DA:153,31
DA:154,31
DA:157,39
DA:158,39
DA:159,39
DA:160,39
DA:161,39
DA:163,39
DA:164,39
DA:165,10
DA:166,10
DA:169,39
DA:170,39
DA:179,1
DA:180,165
DA:182,1
DA:183,132
DA:184,132
DA:185,132
DA:186,159
DA:187,159
DA:188,205
DA:190,159
DA:193,132
DA:194,131
DA:195,154
DA:196,192
DA:200,131
DA:201,44
DA:202,116
DA:207,165
DA:208,165
DA:209,165
DA:210,165
DA:211,34
DA:212,34
DA:213,34
DA:215,165
DA:216,27
DA:217,27
DA:218,27
DA:220,165
DA:223,1
DA:224,104
DA:227,1
DA:228,2891
DA:230,2891
DA:231,2891
DA:233,2
DA:234,2
DA:235,1
DA:237,1
DA:240,2890
DA:241,415
DA:245,1
DA:246,3991
DA:247,3991
DA:248,3991
DA:249,6393
DA:250,6393
DA:251,17
DA:254,6376
DA:255,6376
DA:256,6
DA:259,6370
DA:260,2402
DA:261,2402
DA:262,2402
DA:263,2287
DA:265,2402
DA:269,3991
DA:270,3991
DA:273,1
DA:274,1
DA:275,1
DA:276,1117
DA:277,2
DA:278,2
DA:281,1115
DA:282,1
DA:285,1114
DA:287,1114
DA:288,88
DA:289,1026
DA:290,501
DA:291,117
DA:292,113
DA:293,1
DA:294,112
DA:295,111
DA:297,1
DA:300,4
DA:303,501
DA:304,501
DA:305,501
DA:306,860
DA:307,860
DA:308,462
DA:309,398
DA:310,307
DA:315,501
DA:316,769
DA:319,525
DA:320,525
DA:321,27
DA:322,27
DA:323,27
DA:324,59
DA:325,59
DA:326,16
DA:327,16
DA:328,14
DA:329,14
DA:330,2
DA:332,12
DA:335,2
DA:339,43
DA:345,1114
DA:353,1
DA:354,180
DA:355,0
DA:357,180
DA:358,115
DA:359,115
DA:360,115
DA:362,65
DA:364,65
DA:365,74
DA:366,74
DA:367,74
DA:369,0
DA:372,0
DA:376,180
DA:377,180
DA:378,180
DA:379,189
DA:380,189
DA:381,189
DA:382,0
DA:384,189
DA:385,189
DA:386,170
DA:387,169
DA:388,169
DA:389,185
DA:390,347
DA:391,246
DA:395,169
DA:396,185
DA:397,346
DA:398,7
DA:399,2
DA:402,339
DA:403,339
DA:413,158
DA:416,1
DA:417,74
DA:418,74
DA:419,74
DA:420,4
DA:423,70
DA:424,1
DA:427,69
DA:428,69
DA:430,69
DA:431,40
DA:432,755
DA:435,40
DA:436,0
DA:439,29
DA:442,69
DA:443,69
DA:444,0
DA:445,0
DA:448,0
DA:449,0
DA:453,69
DA:454,48
DA:455,0
DA:458,48
DA:461,2
DA:464,2
DA:469,69
DA:470,194
DA:473,69
DA:474,69
DA:476,69
DA:477,6802
DA:478,0
DA:480,6802
DA:483,69
DA:484,3
DA:485,54
DA:487,3
DA:489,66
DA:492,69
DA:495,1
DA:496,14
DA:499,1
DA:500,3
DA:503,1
DA:504,31
DA:505,98
DA:506,4
DA:507,94
DA:508,22
DA:509,22
DA:511,72
DA:515,31
DA:516,9
DA:518,5
DA:520,4
DA:531,22
DA:534,1
DA:543,21
DA:544,0
DA:547,21
DA:548,5
DA:549,5
DA:550,8
DA:551,26
DA:555,5
DA:556,1
DA:557,4
DA:558,2
DA:564,18
DA:565,18
DA:566,6
DA:568,12
DA:571,18
DA:574,1
DA:576,1
DA:577,188
DA:578,188
DA:579,188
DA:580,188
DA:581,188
DA:582,188
DA:583,71
DA:584,71
DA:586,71
DA:587,70
DA:589,71
DA:593,188
DA:594,188
DA:595,188
DA:596,188
DA:597,188
DA:598,188
DA:599,188
DA:600,188
DA:601,188
DA:602,188
DA:603,188
DA:604,188
DA:605,188
DA:606,188
DA:607,188
DA:608,188
DA:611,1
DA:612,188
DA:613,188
DA:614,188
DA:617,1
DA:618,717
DA:621,1
DA:622,0
DA:625,1
DA:626,2298
DA:627,2298
DA:628,2
DA:631,2296
DA:636,1
DA:637,9320
DA:638,9284
DA:639,9284
DA:640,7024
DA:641,7024
DA:642,3930
DA:645,7024
DA:646,7024
DA:647,7024
DA:651,9284
DA:653,9284
DA:654,9284
DA:655,9284
DA:656,9284
DA:657,9284
DA:658,9284
DA:659,9284
DA:661,9284
DA:662,1438
DA:664,9284
DA:665,5382
DA:666,934
DA:670,9284
DA:673,2296
DA:674,2296
DA:675,2296
DA:676,1768
DA:677,208
DA:678,208
DA:679,80
DA:680,79
DA:682,80
DA:685,1560
DA:686,1560
DA:687,832
DA:690,1768
DA:691,1768
DA:693,528
DA:694,501
DA:695,501
DA:696,0
DA:698,501
DA:699,500
DA:701,27
DA:705,1
DA:706,9320
DA:707,9320
DA:708,1
DA:710,9319
DA:711,9319
DA:712,9319
DA:713,9319
DA:715,9160
DA:716,9160
DA:718,9319
DA:719,9284
DA:721,35
DA:723,65
DA:724,1844
DA:726,65
DA:727,47
DA:728,47
DA:730,47
DA:731,30
DA:732,30
DA:735,47
DA:742,47
DA:743,29
DA:745,18
DA:747,18
DA:748,36
DA:749,18
DA:751,36
DA:755,18
DA:756,18
DA:757,18
DA:758,528
DA:759,528
DA:760,54
DA:761,54
DA:763,528
DA:764,3996
DA:771,18
DA:772,28930
DA:773,28930
DA:774,20654
DA:777,8276
DA:778,3332
DA:779,4944
DA:780,4632
DA:782,312
DA:785,18
DA:794,1
DA:795,10
DA:797,1
DA:798,7
DA:799,7
DA:800,14
DA:810,10
DA:811,2
DA:814,8
DA:815,8
DA:816,1
DA:818,7
DA:820,7
DA:821,2
DA:824,5
DA:825,5
DA:826,5
DA:828,5
DA:830,4
DA:831,2
DA:833,2
DA:834,2
DA:835,2
DA:837,0
DA:838,0
DA:843,1
DA:844,927
DA:845,927
DA:847,927
DA:848,927
DA:849,927
DA:851,4
DA:852,4
DA:853,1
DA:855,3
DA:858,926
DA:859,430
DA:861,513
DA:863,1184
DA:867,1
DA:868,6
DA:869,6
DA:870,6
DA:871,168
DA:872,168
DA:873,1328
DA:878,6
DA:879,6
DA:880,168
DA:881,168
DA:882,78
DA:883,78
DA:885,78
DA:886,1328
DA:889,78
DA:893,6
DA:896,1
DA:897,187
DA:898,187
DA:899,5236
DA:901,187
DA:909,187
DA:912,1
DA:913,904
DA:914,904
DA:916,0
DA:917,0
DA:921,1
DA:922,2067
DA:923,2067
DA:924,2067
DA:925,3929
DA:927,2067
DA:930,1
DA:931,1
DA:932,1
DA:935,1
DA:936,1
DA:937,306
DA:939,1
DA:940,225
DA:942,1
DA:943,186
DA:944,400
DA:947,1
DA:948,492
DA:949,186
DA:952,306
DA:953,306
DA:954,306
DA:955,81
DA:956,81
DA:957,117
DA:958,117
DA:959,117
DA:965,117
DA:966,117
DA:967,117
DA:973,225
DA:974,26
DA:978,69
DA:979,76
DA:988,199
DA:989,273
DA:997,1
DA:998,186
DA:999,186
DA:1000,186
DA:1001,186
DA:1002,186
DA:1003,186
DA:1004,107
DA:1005,107
DA:1006,107
DA:1008,186
DA:1009,186
DA:1010,186
DA:1011,186
DA:1012,351
DA:1013,351
DA:1015,1
DA:1018,185
DA:1023,1
DA:1024,199
DA:1030,199
DA:1031,4355
DA:1032,4355
DA:1033,244
DA:1035,4355
DA:1036,86
DA:1037,2
DA:1040,84
DA:1041,2
DA:1044,82
DA:1045,1
DA:1047,4269
DA:1048,30
DA:1049,2
DA:1052,28
DA:1053,2
DA:1058,190
DA:1059,2
DA:1062,188
DA:1063,2
DA:1067,1
DA:1068,205
DA:1069,2
DA:1071,203
DA:1072,1
DA:1075,202
DA:1076,3
DA:1079,199
DA:1082,1
LF:613
LH:591
BRDA:22,1,0,0
BRDA:22,1,1,0
BRDA:22,2,0,0
BRDA:22,2,1,0
BRDA:34,3,0,15543
BRDA:34,3,1,0
BRDA:39,4,0,1752
BRDA:39,4,1,13791
BRDA:41,5,0,7588
BRDA:41,5,1,6203
BRDA:51,6,0,188
BRDA:51,6,1,1
BRDA:52,7,0,188
BRDA:52,7,1,1
BRDA:53,8,0,188
BRDA:53,8,1,1
BRDA:54,9,0,188
BRDA:54,9,1,1
BRDA:55,10,0,188
BRDA:55,10,1,1
BRDA:56,11,0,188
BRDA:56,11,1,1
BRDA:57,12,0,188
BRDA:57,12,1,1
BRDA:67,13,0,29654
BRDA:67,13,1,0
BRDA:80,14,0,4636
BRDA:80,14,1,307
BRDA:93,15,0,38
BRDA:93,15,1,256
BRDA:121,16,0,33
BRDA:121,16,1,116
BRDA:122,17,0,12
BRDA:122,17,1,21
BRDA:132,18,0,39
BRDA:132,18,1,149
BRDA:136,19,0,149
BRDA:136,19,1,39
BRDA:136,20,0,188
BRDA:136,20,1,157
BRDA:140,21,0,82
BRDA:140,21,1,67
BRDA:140,22,0,149
BRDA:140,22,1,107
BRDA:149,23,0,8
BRDA:149,23,1,31
BRDA:200,24,0,44
BRDA:200,24,1,87
BRDA:230,25,0,415
BRDA:230,25,1,2476
BRDA:231,26,0,2
BRDA:231,26,1,2889
BRDA:233,27,0,2
BRDA:233,27,1,1
BRDA:234,28,0,1
BRDA:234,28,1,1
BRDA:250,29,0,17
BRDA:250,29,1,6376
BRDA:250,30,0,6393
BRDA:250,30,1,33
BRDA:250,30,2,17
BRDA:254,31,0,6376
BRDA:254,31,1,0
BRDA:255,32,0,6
BRDA:255,32,1,6370
BRDA:262,33,0,2287
BRDA:262,33,1,115
BRDA:265,34,0,2402
BRDA:265,34,1,2365
BRDA:269,35,0,3991
BRDA:269,35,1,62
BRDA:270,36,0,3991
BRDA:270,36,1,3914
BRDA:270,37,0,570
BRDA:270,37,1,3421
BRDA:276,38,0,2
BRDA:276,38,1,1115
BRDA:281,39,0,1
BRDA:281,39,1,1114
BRDA:287,40,0,88
BRDA:287,40,1,1026
BRDA:289,41,0,501
BRDA:289,41,1,525
BRDA:289,42,0,1026
BRDA:289,42,1,511
BRDA:291,43,0,113
BRDA:291,43,1,4
BRDA:292,44,0,1
BRDA:292,44,1,112
BRDA:294,45,0,111
BRDA:294,45,1,1
BRDA:304,46,0,501
BRDA:304,46,1,0
BRDA:304,47,0,501
BRDA:304,47,1,501
BRDA:307,48,0,462
BRDA:307,48,1,398
BRDA:309,49,0,307
BRDA:309,49,1,91
BRDA:321,50,0,23
BRDA:321,50,1,4
BRDA:325,51,0,16
BRDA:325,51,1,43
BRDA:327,52,0,14
BRDA:327,52,1,2
BRDA:329,53,0,2
BRDA:329,53,1,12
BRDA:329,54,0,14
BRDA:329,54,1,6
BRDA:354,55,0,0
BRDA:354,55,1,180
BRDA:354,56,0,180
BRDA:354,56,1,65
BRDA:357,57,0,115
BRDA:357,57,1,65
BRDA:364,58,0,9
BRDA:364,58,1,56
BRDA:365,59,0,74
BRDA:365,59,1,0
BRDA:366,60,0,74
BRDA:366,60,1,0
BRDA:376,61,0,13
BRDA:376,61,1,167
BRDA:381,62,0,0
BRDA:381,62,1,189
BRDA:397,63,0,7
BRDA:397,63,1,339
BRDA:398,64,0,2
BRDA:398,64,1,5
BRDA:399,65,0,2
BRDA:399,65,1,0
BRDA:419,66,0,4
BRDA:419,66,1,70
BRDA:419,67,0,74
BRDA:419,67,1,73
BRDA:423,68,0,1
BRDA:423,68,1,69
BRDA:430,69,0,40
BRDA:430,69,1,29
BRDA:435,70,0,0
BRDA:435,70,1,40
BRDA:444,71,0,0
BRDA:444,71,1,0
BRDA:444,72,0,0
BRDA:444,72,1,0
BRDA:454,73,0,0
BRDA:454,73,1,48
BRDA:454,74,0,48
BRDA:454,74,1,48
BRDA:477,75,0,0
BRDA:477,75,1,6802
BRDA:483,76,0,3
BRDA:483,76,1,66
BRDA:505,77,0,4
BRDA:505,77,1,94
BRDA:507,78,0,22
BRDA:507,78,1,72
BRDA:507,79,0,94
BRDA:507,79,1,22
BRDA:509,80,0,22
BRDA:509,80,1,13
BRDA:515,81,0,9
BRDA:515,81,1,22
BRDA:516,82,0,5
BRDA:516,82,1,4
BRDA:516,83,0,9
BRDA:516,83,1,5
BRDA:516,83,2,2
BRDA:522,84,0,2
BRDA:522,84,1,2
BRDA:524,85,0,1
BRDA:524,85,1,1
BRDA:531,86,0,1
BRDA:531,86,1,21
BRDA:531,87,0,22
BRDA:531,87,1,16
BRDA:531,87,2,16
BRDA:531,87,3,21
BRDA:531,87,4,21
BRDA:531,87,5,21
BRDA:531,87,6,5
BRDA:543,88,0,0
BRDA:543,88,1,21
BRDA:547,89,0,5
BRDA:547,89,1,16
BRDA:555,90,0,1
BRDA:555,90,1,4
BRDA:557,91,0,2
BRDA:557,91,1,2
BRDA:565,92,0,6
BRDA:565,92,1,12
BRDA:586,93,0,70
BRDA:586,93,1,1
BRDA:586,94,0,71
BRDA:586,94,1,71
BRDA:627,95,0,2
BRDA:627,95,1,2296
BRDA:642,96,0,785
BRDA:642,96,1,3145
BRDA:676,97,0,208
BRDA:676,97,1,1560
BRDA:679,98,0,79
BRDA:679,98,1,1
BRDA:679,99,0,80
BRDA:679,99,1,80
BRDA:686,100,0,832
BRDA:686,100,1,728
BRDA:686,101,0,1560
BRDA:686,101,1,729
BRDA:693,102,0,501
BRDA:693,102,1,27
BRDA:693,103,0,528
BRDA:693,103,1,528
BRDA:695,104,0,0
BRDA:695,104,1,501
BRDA:707,105,0,1
BRDA:707,105,1,9319
BRDA:713,106,0,18479
BRDA:713,106,1,9195
BRDA:718,107,0,9284
BRDA:718,107,1,35
BRDA:726,108,0,47
BRDA:726,108,1,18
BRDA:742,109,0,29
BRDA:742,109,1,18
BRDA:748,110,0,18
BRDA:748,110,1,18
BRDA:759,111,0,54
BRDA:759,111,1,474
BRDA:773,112,0,20654
BRDA:773,112,1,8276
BRDA:777,113,0,3332
BRDA:777,113,1,4944
BRDA:779,114,0,4632
BRDA:779,114,1,312
BRDA:810,115,0,2
BRDA:810,115,1,8
BRDA:810,116,0,10
BRDA:810,116,1,8
BRDA:815,117,0,1
BRDA:815,117,1,7
BRDA:820,118,0,2
BRDA:820,118,1,5
BRDA:830,119,0,2
BRDA:830,119,1,2
BRDA:830,120,0,4
BRDA:830,120,1,3
BRDA:844,121,0,927
BRDA:844,121,1,0
BRDA:848,122,0,430
BRDA:848,122,1,497
BRDA:849,123,0,4
BRDA:849,123,1,923
BRDA:851,124,0,4
BRDA:851,124,1,2
BRDA:852,125,0,1
BRDA:852,125,1,3
BRDA:881,126,0,78
BRDA:881,126,1,90
BRDA:913,127,0,904
BRDA:913,127,1,0
BRDA:923,128,0,2067
BRDA:923,128,1,62
BRDA:937,129,0,306
BRDA:937,129,1,81
BRDA:940,130,0,225
BRDA:940,130,1,26
BRDA:948,131,0,186
BRDA:948,131,1,306
BRDA:954,132,0,81
BRDA:954,132,1,225
BRDA:973,133,0,26
BRDA:973,133,1,199
BRDA:981,134,0,72
BRDA:981,134,1,4
BRDA:1013,135,0,1
BRDA:1013,135,1,350
BRDA:1032,136,0,244
BRDA:1032,136,1,4111
BRDA:1035,137,0,86
BRDA:1035,137,1,4269
BRDA:1035,138,0,4355
BRDA:1035,138,1,88
BRDA:1036,139,0,2
BRDA:1036,139,1,84
BRDA:1040,140,0,2
BRDA:1040,140,1,82
BRDA:1044,141,0,1
BRDA:1044,141,1,81
BRDA:1047,142,0,30
BRDA:1047,142,1,4239
BRDA:1047,143,0,4269
BRDA:1047,143,1,32
BRDA:1048,144,0,2
BRDA:1048,144,1,28
BRDA:1052,145,0,2
BRDA:1052,145,1,26
BRDA:1058,146,0,2
BRDA:1058,146,1,188
BRDA:1062,147,0,2
BRDA:1062,147,1,186
BRDA:1068,148,0,2
BRDA:1068,148,1,203
BRDA:1068,149,0,205
BRDA:1068,149,1,204
BRDA:1071,150,0,1
BRDA:1071,150,1,202
BRDA:1075,151,0,3
BRDA:1075,151,1,199
BRF:309
BRH:285
end_of_record
TN:
SF:/home/andreas/work/unexpected/lib/createStandardErrorMessage.js
FN:1,createStandardErrorMessage
FN:15,(anonymous_2)
FNF:2
FNH:2
FNDA:1526,createStandardErrorMessage
FNDA:997,(anonymous_2)
DA:1,1
DA:2,1526
DA:3,1526
DA:5,1526
DA:6,1526
DA:7,1526
DA:10,1526
DA:11,1526
DA:12,113
DA:14,1413
DA:15,957
DA:16,997
DA:17,40
DA:19,997
DA:24,1526
DA:25,1526
DA:26,1526
DA:27,1526
DA:29,1526
DA:30,108
DA:31,108
DA:32,106
DA:33,106
DA:34,12
DA:36,106
DA:38,2
DA:40,1418
DA:41,16
DA:42,16
DA:43,16
DA:45,1402
DA:46,1402
DA:47,86
DA:49,1316
DA:51,1402
DA:52,1402
DA:53,188
DA:55,1214
DA:59,1526
DA:61,1526
DA:62,92
DA:63,1434
DA:64,978
DA:67,1526
DA:69,1526
LF:45
LH:45
BRDA:2,1,0,1526
BRDA:2,1,1,47
BRDA:6,2,0,1526
BRDA:6,2,1,0
BRDA:11,3,0,113
BRDA:11,3,1,1413
BRDA:14,4,0,957
BRDA:14,4,1,456
BRDA:16,5,0,40
BRDA:16,5,1,957
BRDA:29,6,0,108
BRDA:29,6,1,1418
BRDA:29,7,0,1526
BRDA:29,7,1,112
BRDA:31,8,0,106
BRDA:31,8,1,2
BRDA:33,9,0,12
BRDA:33,9,1,94
BRDA:40,10,0,16
BRDA:40,10,1,1402
BRDA:40,11,0,1418
BRDA:40,11,1,100
BRDA:40,11,2,96
BRDA:40,12,0,96
BRDA:40,12,1,96
BRDA:46,13,0,86
BRDA:46,13,1,1316
BRDA:52,14,0,188
BRDA:52,14,1,1214
BRDA:52,15,0,1402
BRDA:52,15,1,1316
BRDA:52,15,2,1272
BRDA:61,16,0,92
BRDA:61,16,1,1434
BRDA:63,17,0,978
BRDA:63,17,1,456
BRF:36
BRH:35
end_of_record
TN:
SF:/home/andreas/work/unexpected/lib/utils.js
FN:8,setPrototypeOf
FN:15,(anonymous_2)
FN:26,(anonymous_3)
FN:30,(anonymous_4)
FN:34,(anonymous_5)
FN:38,(anonymous_6)
FN:42,(anonymous_7)
FN:50,(anonymous_8)
FN:60,(anonymous_9)
FN:68,(anonymous_10)
FN:72,(anonymous_11)
FN:88,(anonymous_12)
FN:92,addStringToOutput
FN:94,(anonymous_14)
FN:109,(anonymous_15)
FN:128,(anonymous_16)
FN:145,(anonymous_17)
FN:175,(anonymous_18)
FN:176,(anonymous_19)
FN:189,(anonymous_20)
FN:190,(anonymous_21)
FN:205,(anonymous_22)
FN:222,(anonymous_23)
FN:232,extend
FNF:24
FNH:22
FNDA:9472,setPrototypeOf
FNDA:0,(anonymous_2)
FNDA:7081,(anonymous_3)
FNDA:9146,(anonymous_4)
FNDA:8693,(anonymous_5)
FNDA:15727,(anonymous_6)
FNDA:58689,(anonymous_7)
FNDA:29796,(anonymous_8)
FNDA:1697,(anonymous_9)
FNDA:8,(anonymous_10)
FNDA:22,(anonymous_11)
FNDA:365,(anonymous_12)
FNDA:810,addStringToOutput
FNDA:684,(anonymous_14)
FNDA:762,(anonymous_15)
FNDA:407,(anonymous_16)
FNDA:1001,(anonymous_17)
FNDA:4,(anonymous_18)
FNDA:4,(anonymous_19)
FNDA:6,(anonymous_20)
FNDA:6,(anonymous_21)
FNDA:311,(anonymous_22)
FNDA:30,(anonymous_23)
FNDA:0,extend
DA:1,1
DA:3,1
DA:6,1
DA:8,1
DA:9,9472
DA:10,9472
DA:14,1
DA:17,0
DA:18,0
DA:20,0
DA:21,0
DA:23,0
DA:27,7081
DA:31,9146
DA:35,8693
DA:39,15727
DA:40,16434
DA:41,16434
DA:42,16316
DA:43,58689
DA:47,15727
DA:51,29796
DA:52,29796
DA:53,306500
DA:54,29705
DA:57,91
DA:61,1697
DA:62,1697
DA:63,1133
DA:65,1697
DA:69,8
DA:73,22
DA:74,4
DA:75,18
DA:76,14
DA:78,4
DA:79,4
DA:80,4
DA:81,2
DA:83,2
DA:89,365
DA:90,365
DA:92,1
DA:93,810
DA:94,640
DA:95,684
DA:96,22
DA:98,662
DA:102,170
DA:104,810
DA:107,365
DA:108,365
DA:109,365
DA:110,762
DA:111,355
DA:116,355
DA:117,407
DA:118,26
DA:119,26
DA:121,381
DA:124,365
DA:125,26
DA:128,365
DA:129,407
DA:130,407
DA:131,407
DA:132,355
DA:133,355
DA:134,355
DA:135,355
DA:136,355
DA:137,355
DA:138,355
DA:139,24
DA:141,355
DA:142,24
DA:145,355
DA:146,1001
DA:147,399
DA:148,602
DA:149,401
DA:151,201
DA:152,201
DA:155,355
DA:156,355
DA:158,355
DA:159,4
DA:162,355
DA:163,4
DA:166,355
DA:167,355
DA:168,16
DA:170,52
DA:171,4
DA:175,4
DA:176,4
DA:177,4
DA:181,4
DA:182,2
DA:184,48
DA:185,6
DA:189,6
DA:190,6
DA:191,6
DA:195,6
DA:196,4
DA:199,42
DA:202,365
DA:206,311
DA:207,311
DA:209,0
DA:210,0
DA:211,0
DA:214,0
DA:215,0
DA:217,0
DA:218,0
DA:223,30
DA:224,30
DA:225,30
DA:226,18
DA:228,12
DA:233,0
DA:234,0
DA:235,0
DA:238,0
LF:126
LH:110
BRDA:6,1,0,1
BRDA:6,1,1,1
BRDA:8,2,0,1
BRDA:8,2,1,1
BRDA:15,3,0,1
BRDA:15,3,1,0
BRDA:17,4,0,0
BRDA:17,4,1,0
BRDA:17,5,0,0
BRDA:17,5,1,0
BRDA:20,6,0,0
BRDA:20,6,1,0
BRDA:35,7,0,8693
BRDA:35,7,1,8059
BRDA:35,7,2,7556
BRDA:41,8,0,16316
BRDA:41,8,1,118
BRDA:51,9,0,29796
BRDA:51,9,1,29796
BRDA:53,10,0,29705
BRDA:53,10,1,276795
BRDA:61,11,0,1697
BRDA:61,11,1,0
BRDA:73,12,0,4
BRDA:73,12,1,18
BRDA:75,13,0,14
BRDA:75,13,1,4
BRDA:80,14,0,2
BRDA:80,14,1,2
BRDA:89,15,0,365
BRDA:89,15,1,0
BRDA:90,16,0,365
BRDA:90,16,1,0
BRDA:93,17,0,640
BRDA:93,17,1,170
BRDA:95,18,0,22
BRDA:95,18,1,662
BRDA:96,19,0,22
BRDA:96,19,1,2
BRDA:110,20,0,355
BRDA:110,20,1,407
BRDA:110,21,0,762
BRDA:110,21,1,381
BRDA:110,21,2,357
BRDA:117,22,0,26
BRDA:117,22,1,381
BRDA:124,23,0,26
BRDA:124,23,1,339
BRDA:131,24,0,355
BRDA:131,24,1,52
BRDA:138,25,0,24
BRDA:138,25,1,331
BRDA:141,26,0,24
BRDA:141,26,1,331
BRDA:146,27,0,399
BRDA:146,27,1,602
BRDA:148,28,0,401
BRDA:148,28,1,201
BRDA:158,29,0,4
BRDA:158,29,1,351
BRDA:158,30,0,355
BRDA:158,30,1,24
BRDA:162,31,0,4
BRDA:162,31,1,351
BRDA:162,32,0,355
BRDA:162,32,1,24
BRDA:167,33,0,16
BRDA:167,33,1,339
BRDA:167,34,0,355
BRDA:167,34,1,24
BRDA:170,35,0,4
BRDA:170,35,1,48
BRDA:171,36,0,2
BRDA:171,36,1,2
BRDA:181,37,0,2
BRDA:181,37,1,2
BRDA:184,38,0,6
BRDA:184,38,1,42
BRDA:185,39,0,4
BRDA:185,39,1,2
BRDA:195,40,0,4
BRDA:195,40,1,2
BRDA:206,41,0,311
BRDA:206,41,1,0
BRDA:210,42,0,0
BRDA:210,42,1,0
BRDA:214,43,0,0
BRDA:214,43,1,0
BRDA:217,44,0,0
BRDA:217,44,1,0
BRDA:224,45,0,30
BRDA:224,45,1,30
BRDA:224,45,2,18
BRDA:225,46,0,18
BRDA:225,46,1,12
BRDA:225,47,0,30
BRDA:225,47,1,18
BRDA:232,48,0,1
BRDA:232,48,1,0
BRDA:234,49,0,0
BRDA:234,49,1,0
BRF:101
BRH:81
end_of_record
TN:
SF:/home/andreas/work/unexpected/lib/makePromise.js
FN:6,makePromise
FN:16,(anonymous_2)
FN:20,fulfillIfDone
FN:26,noteResolvedValue
FN:32,(anonymous_5)
FN:34,(anonymous_6)
FN:41,(anonymous_7)
FN:45,(anonymous_8)
FN:62,(anonymous_9)
FN:77,isPromise
FN:81,extractPromisesFromObject
FN:87,(anonymous_12)
FN:95,(anonymous_13)
FN:96,(anonymous_14)
FN:99,(anonymous_15)
FN:100,(anonymous_16)
FN:112,(anonymous_17)
FNF:17
FNH:17
FNDA:2733,makePromise
FNDA:2689,(anonymous_2)
FNDA:2713,fulfillIfDone
FNDA:2128,noteResolvedValue
FNDA:152,(anonymous_5)
FNDA:151,(anonymous_6)
FNDA:23,(anonymous_7)
FNDA:2,(anonymous_8)
FNDA:473,(anonymous_9)
FNDA:4031,isPromise
FNDA:1814,extractPromisesFromObject
FNDA:1157,(anonymous_12)
FNDA:3,(anonymous_13)
FNDA:657,(anonymous_14)
FNDA:215,(anonymous_15)
FNDA:369,(anonymous_16)
FNDA:2,(anonymous_17)
DA:2,1
DA:3,1
DA:4,1
DA:6,1
DA:7,2733
DA:8,6
DA:12,2727
DA:13,38
DA:16,2689
DA:17,2689
DA:18,2689
DA:20,1
DA:21,2713
DA:22,1987
DA:26,1
DA:27,2128
DA:28,243
DA:32,2689
DA:33,152
DA:34,152
DA:35,151
DA:36,151
DA:37,151
DA:38,82
DA:39,82
DA:40,25
DA:41,25
DA:42,23
DA:43,23
DA:44,23
DA:46,2
DA:49,57
DA:52,69
DA:54,82
DA:58,2689
DA:59,2689
DA:60,2135
DA:61,560
DA:62,560
DA:63,473
DA:64,473
DA:65,473
DA:68,1575
DA:71,554
DA:73,2135
DA:77,1
DA:78,4031
DA:81,1
DA:82,1814
DA:83,1152
DA:84,662
DA:85,661
DA:87,661
DA:88,1157
DA:90,661
DA:92,1
DA:95,1
DA:96,3
DA:97,657
DA:98,657
DA:99,215
DA:100,215
DA:101,369
DA:102,169
DA:105,213
DA:108,442
DA:112,1
DA:113,2
DA:116,1
LF:69
LH:69
BRDA:7,1,0,6
BRDA:7,1,1,2727
BRDA:12,2,0,38
BRDA:12,2,1,2689
BRDA:21,3,0,1987
BRDA:21,3,1,726
BRDA:27,4,0,243
BRDA:27,4,1,1885
BRDA:27,5,0,2128
BRDA:27,5,1,243
BRDA:39,6,0,25
BRDA:39,6,1,57
BRDA:60,7,0,560
BRDA:60,7,1,1575
BRDA:78,8,0,4031
BRDA:78,8,1,2487
BRDA:78,8,2,2484
BRDA:82,9,0,1152
BRDA:82,9,1,662
BRDA:84,10,0,661
BRDA:84,10,1,1
BRDA:84,11,0,662
BRDA:84,11,1,662
BRDA:98,12,0,215
BRDA:98,12,1,442
BRDA:101,13,0,169
BRDA:101,13,1,200
BRF:27
BRH:27
end_of_record
TN:
SF:/home/andreas/work/unexpected/lib/oathbreaker.js
FN:4,oathbreaker
FN:20,(anonymous_2)
FN:27,(anonymous_3)
FN:28,(anonymous_4)
FN:33,(anonymous_5)
FN:37,(anonymous_6)
FN:54,(anonymous_7)
FNF:7
FNH:7
FNDA:17843,oathbreaker
FNDA:21,(anonymous_2)
FNDA:1430,(anonymous_3)
FNDA:482,(anonymous_4)
FNDA:1811,(anonymous_5)
FNDA:760,(anonymous_6)
FNDA:659,(anonymous_7)
DA:2,1
DA:3,1
DA:4,1
DA:5,17843
DA:6,13402
DA:9,4441
DA:11,37
DA:14,4404
DA:15,1812
DA:19,2592
DA:20,21
DA:24,21
DA:27,2571
DA:28,2571
DA:30,2571
DA:31,2571
DA:32,2571
DA:33,2571
DA:34,1811
DA:35,1811
DA:36,1811
DA:38,760
DA:39,760
DA:40,760
DA:43,2571
DA:45,2571
DA:46,482
DA:47,482
DA:49,482
DA:50,2089
DA:51,1430
DA:54,659
DA:55,659
DA:56,659
LF:34
LH:34
BRDA:5,1,0,13402
BRDA:5,1,1,4441
BRDA:5,2,0,17843
BRDA:5,2,1,4530
BRDA:9,3,0,37
BRDA:9,3,1,4404
BRDA:14,4,0,1812
BRDA:14,4,1,2592
BRDA:19,5,0,21
BRDA:19,5,1,2571
BRDA:45,6,0,482
BRDA:45,6,1,2089
BRDA:45,7,0,2571
BRDA:45,7,1,1912
BRDA:46,8,0,482
BRDA:46,8,1,0
BRDA:50,9,0,1430
BRDA:50,9,1,659
BRF:18
BRH:17
end_of_record
TN:
SF:/home/andreas/work/unexpected/lib/workQueue.js
FN:6,(anonymous_1)
FN:7,(anonymous_2)
FN:14,(anonymous_3)
FN:16,(anonymous_4)
FN:22,(anonymous_5)
FN:24,(anonymous_6)
FNF:6
FNH:6
FNDA:4699,(anonymous_1)
FNDA:2132,(anonymous_2)
FNDA:2128,(anonymous_3)
FNDA:2128,(anonymous_4)
FNDA:696,(anonymous_5)
FNDA:696,(anonymous_6)
DA:2,1
DA:4,1
DA:7,4699
DA:8,2132
DA:10,4699
DA:14,1
DA:15,2128
DA:16,2128
DA:17,2128
DA:22,1
DA:23,696
DA:24,696
DA:25,696
DA:26,1
DA:27,1
DA:29,0
DA:35,1
LF:17
LH:16
BRDA:25,1,0,1
BRDA:25,1,1,695
BRDA:26,2,0,1
BRDA:26,2,1,0
BRF:4
BRH:3
end_of_record
TN:
SF:/home/andreas/work/unexpected/lib/throwIfNonUnexpectedError.js
FN:1,throwIfNonUnexpectedError
FNF:1
FNH:1
FNDA:563,throwIfNonUnexpectedError
DA:1,1
DA:2,563
DA:3,2
DA:4,4
DA:6,561
DA:7,4
LF:6
LH:6
BRDA:2,1,0,2
BRDA:2,1,1,561
BRDA:2,2,0,563
BRDA:2,2,1,563
BRDA:6,3,0,4
BRDA:6,3,1,557
BRDA:6,4,0,561
BRDA:6,4,1,561
BRF:8
BRH:8
end_of_record
TN:
SF:/home/andreas/work/unexpected/lib/makeAndMethod.js
FN:1,makeAndMethod
FN:2,(anonymous_2)
FN:4,executeAnd
FNF:3
FNH:3
FNDA:7759,makeAndMethod
FNDA:14,(anonymous_2)
FNDA:12,executeAnd
DA:1,1
DA:2,7759
DA:3,14
DA:4,1
DA:5,12
DA:6,4
DA:8,8
DA:12,14
DA:13,7
DA:15,7
LF:10
LH:10
BRDA:5,1,0,4
BRDA:5,1,1,8
BRDA:12,2,0,7
BRDA:12,2,1,7
BRF:4
BRH:4
end_of_record
TN:
SF:/home/andreas/work/unexpected/lib/isPendingPromise.js
FN:1,isPendingPromise
FNF:1
FNH:1
FNDA:7759,isPendingPromise
DA:1,1
DA:2,7759
LF:2
LH:2
BRDA:2,1,0,7759
BRDA:2,1,1,1459
BRDA:2,1,2,1458
BRDA:2,1,3,1421
BRF:4
BRH:4
end_of_record
TN:
SF:/home/andreas/work/unexpected/lib/UnexpectedError.js
FN:4,(anonymous_1)
FN:9,UnexpectedError
FN:29,(anonymous_3)
FN:56,(anonymous_4)
FN:59,(anonymous_5)
FN:61,(anonymous_6)
FN:63,(anonymous_7)
FN:68,(anonymous_8)
FN:91,(anonymous_9)
FN:118,(anonymous_10)
FN:126,(anonymous_11)
FN:130,(anonymous_12)
FN:139,(anonymous_13)
FN:157,(anonymous_14)
FN:170,(anonymous_15)
FN:185,(anonymous_16)
FN:208,(anonymous_17)
FN:222,(anonymous_18)
FN:225,(anonymous_19)
FN:233,(anonymous_20)
FN:241,(anonymous_21)
FN:251,(anonymous_22)
FN:260,(anonymous_23)
FNF:23
FNH:19
FNDA:6,(anonymous_1)
FNDA:3195,UnexpectedError
FNDA:2710,(anonymous_3)
FNDA:960,(anonymous_4)
FNDA:495,(anonymous_5)
FNDA:366,(anonymous_6)
FNDA:10,(anonymous_7)
FNDA:1512,(anonymous_8)
FNDA:230,(anonymous_9)
FNDA:2,(anonymous_10)
FNDA:2,(anonymous_11)
FNDA:8,(anonymous_12)
FNDA:305,(anonymous_13)
FNDA:8,(anonymous_14)
FNDA:5367,(anonymous_15)
FNDA:1911,(anonymous_16)
FNDA:717,(anonymous_17)
FNDA:0,(anonymous_18)
FNDA:0,(anonymous_19)
FNDA:56,(anonymous_20)
FNDA:1,(anonymous_21)
FNDA:0,(anonymous_22)
FNDA:0,(anonymous_23)
DA:1,1
DA:2,1
DA:4,1
DA:5,6
DA:6,6
DA:9,1
DA:10,3195
DA:11,3195
DA:13,3195
DA:14,3195
DA:17,0
DA:18,0
DA:21,3195
DA:22,3195
DA:23,3195
DA:26,1
DA:28,1
DA:29,1
DA:30,2710
DA:31,0
DA:34,2710
DA:35,419
DA:38,2291
DA:39,259
DA:42,2032
DA:43,465
DA:46,1567
DA:47,1567
DA:50,0
DA:54,1
DA:55,1
DA:56,1
DA:57,960
DA:58,960
DA:59,960
DA:60,495
DA:62,366
DA:64,10
DA:68,1
DA:69,1512
DA:70,1512
DA:71,1166
DA:72,346
DA:73,346
DA:76,1512
DA:77,1512
DA:78,2161
DA:81,1512
DA:82,655
DA:83,654
DA:84,546
DA:88,1511
DA:91,1
DA:92,230
DA:93,230
DA:94,230
DA:95,0
DA:96,0
DA:99,230
DA:100,230
DA:101,14
DA:104,230
DA:105,24
DA:106,206
DA:107,25
DA:110,230
DA:115,230
DA:118,1
DA:119,2
DA:120,2
DA:122,0
DA:126,1
DA:127,2
DA:130,1
DA:131,8
DA:132,8
DA:133,18
DA:136,8
DA:139,1
DA:140,305
DA:141,305
DA:142,722
DA:145,305
DA:146,305
DA:147,305
DA:148,188
DA:150,117
DA:153,0
DA:157,1
DA:158,8
DA:159,8
DA:160,8
DA:161,8
DA:162,0
DA:163,0
DA:164,0
DA:165,0
DA:167,8
DA:170,1
DA:171,5367
DA:172,1985
DA:175,1973
DA:177,12
DA:180,3382
DA:185,1
DA:188,1911
DA:189,1911
DA:190,3212
DA:192,1911
DA:193,5
DA:196,1906
DA:197,1906
DA:198,230
DA:199,1445
DA:200,65
DA:201,156
DA:202,8
DA:203,2
DA:204,0
DA:208,1
DA:209,717
DA:210,714
DA:211,0
DA:212,0
DA:213,0
DA:216,714
DA:218,713
DA:222,1
DA:223,0
DA:224,0
DA:225,0
DA:226,0
DA:227,0
DA:230,0
DA:233,1
DA:234,56
DA:235,56
DA:236,164
DA:238,56
DA:241,1
DA:242,1
DA:243,1
DA:244,1
DA:245,3
DA:246,3
DA:248,1
DA:251,1
DA:252,0
DA:253,0
DA:254,0
DA:257,1
DA:258,1
DA:261,0
DA:266,1
LF:154
LH:128
BRDA:10,1,0,3195
BRDA:10,1,1,3195
BRDA:10,1,2,1114
BRDA:13,2,0,3195
BRDA:13,2,1,0
BRDA:22,3,0,3195
BRDA:22,3,1,1114
BRDA:30,4,0,0
BRDA:30,4,1,2710
BRDA:34,5,0,419
BRDA:34,5,1,2291
BRDA:38,6,0,259
BRDA:38,6,1,2032
BRDA:42,7,0,465
BRDA:42,7,1,1567
BRDA:46,8,0,1567
BRDA:46,8,1,0
BRDA:59,9,0,960
BRDA:59,9,1,866
BRDA:62,10,0,366
BRDA:62,10,1,366
BRDA:70,11,0,1166
BRDA:70,11,1,346
BRDA:72,12,0,346
BRDA:72,12,1,0
BRDA:77,13,0,3673
BRDA:77,13,1,3018
BRDA:81,14,0,655
BRDA:81,14,1,857
BRDA:81,15,0,1512
BRDA:81,15,1,1512
BRDA:83,16,0,546
BRDA:83,16,1,108
BRDA:93,17,0,230
BRDA:93,17,1,0
BRDA:95,18,0,0
BRDA:95,18,1,0
BRDA:104,19,0,24
BRDA:104,19,1,206
BRDA:106,20,0,25
BRDA:106,20,1,181
BRDA:106,21,0,206
BRDA:106,21,1,206
BRDA:112,22,0,230
BRDA:112,22,1,0
BRDA:119,23,0,2
BRDA:119,23,1,0
BRDA:132,24,0,26
BRDA:132,24,1,18
BRDA:136,25,0,8
BRDA:136,25,1,8
BRDA:136,25,2,0
BRDA:141,26,0,1027
BRDA:141,26,1,816
BRDA:145,27,0,305
BRDA:145,27,1,0
BRDA:147,28,0,188
BRDA:147,28,1,117
BRDA:147,29,0,305
BRDA:147,29,1,188
BRDA:160,30,0,8
BRDA:160,30,1,0
BRDA:162,31,0,0
BRDA:162,31,1,0
BRDA:164,32,0,0
BRDA:164,32,1,0
BRDA:171,33,0,1985
BRDA:171,33,1,3382
BRDA:172,34,0,1903
BRDA:172,34,1,1973
BRDA:172,34,2,12
BRDA:189,35,0,5123
BRDA:189,35,1,3217
BRDA:192,36,0,5
BRDA:192,36,1,1906
BRDA:197,37,0,230
BRDA:197,37,1,1445
BRDA:197,37,2,65
BRDA:197,37,3,156
BRDA:197,37,4,8
BRDA:197,37,5,2
BRDA:197,37,6,0
BRDA:209,38,0,714
BRDA:209,38,1,3
BRDA:210,39,0,0
BRDA:210,39,1,714
BRDA:212,40,0,0
BRDA:212,40,1,0
BRDA:226,41,0,0
BRDA:226,41,1,0
BRDA:235,42,0,220
BRDA:235,42,1,215
BRDA:238,43,0,56
BRDA:238,43,1,51
BRDA:238,43,2,5
BRDA:257,44,0,1
BRDA:257,44,1,0
BRF:97
BRH:74
end_of_record
TN:
SF:/home/andreas/work/unexpected/lib/defaultDepth.js
FNF:0
FNH:0
DA:2,1
DA:3,1
DA:4,0
DA:5,0
DA:6,0
DA:8,1
DA:9,0
DA:11,1
LF:8
LH:4
BRDA:3,1,0,0
BRDA:3,1,1,1
BRDA:3,2,0,1
BRDA:3,2,1,0
BRDA:5,3,0,0
BRDA:5,3,1,0
BRDA:8,4,0,0
BRDA:8,4,1,1
BRDA:8,5,0,1
BRDA:8,5,1,1
BRF:10
BRH:5
end_of_record
TN:
SF:/home/andreas/work/unexpected/lib/createWrappedExpectProto.js
FN:11,createWrappedExpectProto
FN:28,(anonymous_2)
FN:31,(anonymous_3)
FN:35,(anonymous_4)
FN:36,(anonymous_5)
FN:41,(anonymous_6)
FN:50,(anonymous_7)
FN:58,(anonymous_8)
FN:65,(anonymous_9)
FN:87,(anonymous_10)
FN:97,(anonymous_11)
FN:98,(anonymous_12)
FN:116,(anonymous_13)
FNF:13
FNH:13
FNDA:188,createWrappedExpectProto
FNDA:1011,(anonymous_2)
FNDA:1011,(anonymous_3)
FNDA:1645,(anonymous_4)
FNDA:390,(anonymous_5)
FNDA:1440,(anonymous_6)
FNDA:16,(anonymous_7)
FNDA:8035,(anonymous_8)
FNDA:39,(anonymous_9)
FNDA:69,(anonymous_10)
FNDA:76,(anonymous_11)
FNDA:22,(anonymous_12)
FNDA:72,(anonymous_13)
DA:1,1
DA:2,1
DA:3,1
DA:4,1
DA:5,1
DA:6,1
DA:7,1
DA:8,1
DA:9,1
DA:11,1
DA:12,188
DA:29,1011
DA:30,1011
DA:31,1011
DA:32,1011
DA:36,1645
DA:37,390
DA:38,388
DA:42,1440
DA:43,1440
DA:45,1440
DA:46,100
DA:49,1440
DA:50,112
DA:51,16
DA:52,16
DA:56,1440
DA:59,8035
DA:60,8035
DA:61,8035
DA:62,8035
DA:63,5991
DA:64,90
DA:65,90
DA:66,39
DA:67,38
DA:69,1
DA:71,5901
DA:72,5469
DA:74,5991
DA:75,5991
DA:77,2044
DA:78,2043
DA:79,2043
DA:80,67
DA:82,2043
DA:84,1
DA:88,69
DA:90,1
DA:91,1
DA:94,69
DA:95,69
DA:96,69
DA:97,69
DA:98,76
DA:99,22
DA:100,2
DA:102,22
DA:105,76
DA:106,20
DA:108,76
DA:109,74
DA:111,2
DA:113,76
DA:114,66
DA:116,76
DA:117,72
DA:118,6
DA:120,72
DA:123,69
DA:124,6
DA:125,63
DA:126,62
DA:128,1
DA:133,188
DA:134,188
LF:76
LH:76
BRDA:43,1,0,1226
BRDA:43,1,1,214
BRDA:45,2,0,100
BRDA:45,2,1,1340
BRDA:49,3,0,112
BRDA:49,3,1,1328
BRDA:49,4,0,1440
BRDA:49,4,1,1440
BRDA:63,5,0,90
BRDA:63,5,1,5901
BRDA:66,6,0,38
BRDA:66,6,1,1
BRDA:66,7,0,39
BRDA:66,7,1,39
BRDA:71,8,0,5469
BRDA:71,8,1,432
BRDA:71,9,0,5901
BRDA:71,9,1,432
BRDA:77,10,0,2043
BRDA:77,10,1,1
BRDA:77,11,0,2044
BRDA:77,11,1,2044
BRDA:79,12,0,67
BRDA:79,12,1,1976
BRDA:88,13,0,1
BRDA:88,13,1,68
BRDA:99,14,0,2
BRDA:99,14,1,20
BRDA:105,15,0,20
BRDA:105,15,1,56
BRDA:108,16,0,74
BRDA:108,16,1,2
BRDA:113,17,0,66
BRDA:113,17,1,10
BRDA:117,18,0,6
BRDA:117,18,1,66
BRDA:123,19,0,6
BRDA:123,19,1,63
BRDA:125,20,0,62
BRDA:125,20,1,1
BRF:40
BRH:40
end_of_record
TN:
SF:/home/andreas/work/unexpected/lib/styles.js
FN:3,(anonymous_1)
FN:42,(anonymous_2)
FN:45,(anonymous_3)
FN:68,(anonymous_4)
FN:80,(anonymous_5)
FN:84,(anonymous_6)
FN:89,(anonymous_7)
FN:101,(anonymous_8)
FN:106,(anonymous_9)
FN:118,(anonymous_10)
FN:120,(anonymous_11)
FN:121,(anonymous_12)
FN:125,(anonymous_13)
FN:131,(anonymous_14)
FN:137,(anonymous_15)
FN:139,(anonymous_16)
FN:140,(anonymous_17)
FN:144,(anonymous_18)
FN:150,(anonymous_19)
FN:156,(anonymous_20)
FN:158,(anonymous_21)
FN:162,(anonymous_22)
FN:168,(anonymous_23)
FN:169,(anonymous_24)
FN:174,(anonymous_25)
FN:184,(anonymous_26)
FN:192,(anonymous_27)
FN:195,(anonymous_28)
FN:203,(anonymous_29)
FN:204,(anonymous_30)
FN:250,(anonymous_31)
FN:253,(anonymous_32)
FN:271,(anonymous_33)
FN:272,(anonymous_34)
FNF:34
FNH:34
FNDA:1,(anonymous_1)
FNDA:2420,(anonymous_2)
FNDA:199,(anonymous_3)
FNDA:1357,(anonymous_4)
FNDA:377,(anonymous_5)
FNDA:484,(anonymous_6)
FNDA:484,(anonymous_7)
FNDA:17,(anonymous_8)
FNDA:17,(anonymous_9)
FNDA:42,(anonymous_10)
FNDA:17,(anonymous_11)
FNDA:31,(anonymous_12)
FNDA:24,(anonymous_13)
FNDA:25,(anonymous_14)
FNDA:15,(anonymous_15)
FNDA:12,(anonymous_16)
FNDA:22,(anonymous_17)
FNDA:17,(anonymous_18)
FNDA:3,(anonymous_19)
FNDA:23,(anonymous_20)
FNDA:10,(anonymous_21)
FNDA:13,(anonymous_22)
FNDA:287,(anonymous_23)
FNDA:287,(anonymous_24)
FNDA:187,(anonymous_25)
FNDA:134,(anonymous_26)
FNDA:14,(anonymous_27)
FNDA:16,(anonymous_28)
FNDA:84,(anonymous_29)
FNDA:133,(anonymous_30)
FNDA:61,(anonymous_31)
FNDA:61,(anonymous_32)
FNDA:60,(anonymous_33)
FNDA:84,(anonymous_34)
DA:1,1
DA:3,1
DA:4,1
DA:18,1
DA:28,1
DA:42,1
DA:43,2420
DA:44,2420
DA:46,199
DA:47,115
DA:48,84
DA:49,25
DA:50,59
DA:51,22
DA:52,37
DA:53,1
DA:54,36
DA:55,5
DA:56,31
DA:57,3
DA:58,28
DA:59,1
DA:61,27
DA:62,27
DA:68,1
DA:69,1357
DA:70,1357
DA:71,1299
DA:72,58
DA:73,24
DA:75,34
DA:80,1
DA:81,377
DA:84,1
DA:85,484
DA:86,484
DA:88,484
DA:89,484
DA:90,484
DA:91,922
DA:92,438
DA:94,922
DA:97,484
DA:101,1
DA:102,17
DA:103,17
DA:105,17
DA:106,17
DA:107,17
DA:108,35
DA:109,18
DA:111,35
DA:114,17
DA:118,1
DA:119,42
DA:121,17
DA:122,31
DA:123,7
DA:125,24
DA:126,24
DA:132,25
DA:137,1
DA:138,15
DA:140,12
DA:141,22
DA:142,5
DA:144,17
DA:145,17
DA:151,3
DA:156,1
DA:157,23
DA:160,10
DA:163,13
DA:168,1
DA:169,287
DA:170,287
DA:174,1
DA:175,187
DA:176,18
DA:177,169
DA:178,168
DA:180,1
DA:184,1
DA:185,134
DA:186,118
DA:188,16
DA:192,1
DA:193,14
DA:194,14
DA:195,14
DA:196,16
DA:197,2
DA:199,16
DA:203,1
DA:204,84
DA:205,133
DA:206,49
DA:208,133
DA:209,98
DA:210,98
DA:212,63
DA:219,35
DA:224,35
DA:225,14
DA:229,35
DA:233,35
DA:236,35
DA:237,35
DA:245,35
DA:250,1
DA:251,61
DA:252,61
DA:253,61
DA:254,61
DA:255,26
DA:256,26
DA:257,25
DA:259,26
DA:261,35
DA:263,61
DA:264,60
DA:265,60
DA:266,26
DA:271,60
DA:272,60
DA:273,84
DA:274,24
DA:276,84
DA:278,60
DA:279,35
DA:282,60
DA:283,26
DA:290,61
DA:291,17
LF:134
LH:134
BRDA:46,1,0,115
BRDA:46,1,1,84
BRDA:48,2,0,25
BRDA:48,2,1,59
BRDA:50,3,0,22
BRDA:50,3,1,37
BRDA:52,4,0,1
BRDA:52,4,1,36
BRDA:54,5,0,5
BRDA:54,5,1,31
BRDA:56,6,0,3
BRDA:56,6,1,28
BRDA:58,7,0,1
BRDA:58,7,1,27
BRDA:62,8,0,11
BRDA:62,8,1,16
BRDA:70,9,0,1299
BRDA:70,9,1,58
BRDA:72,10,0,24
BRDA:72,10,1,34
BRDA:88,11,0,484
BRDA:88,11,1,0
BRDA:91,12,0,438
BRDA:91,12,1,484
BRDA:105,13,0,17
BRDA:105,13,1,0
BRDA:108,14,0,18
BRDA:108,14,1,17
BRDA:122,15,0,7
BRDA:122,15,1,24
BRDA:141,16,0,5
BRDA:141,16,1,17
BRDA:169,17,0,5
BRDA:169,17,1,282
BRDA:175,18,0,18
BRDA:175,18,1,169
BRDA:175,19,0,187
BRDA:175,19,1,186
BRDA:177,20,0,168
BRDA:177,20,1,1
BRDA:177,21,0,169
BRDA:177,21,1,168
BRDA:185,22,0,118
BRDA:185,22,1,16
BRDA:185,23,0,134
BRDA:185,23,1,132
BRDA:194,24,0,14
BRDA:194,24,1,1
BRDA:196,25,0,2
BRDA:196,25,1,14
BRDA:205,26,0,49
BRDA:205,26,1,84
BRDA:208,27,0,98
BRDA:208,27,1,35
BRDA:210,28,0,63
BRDA:210,28,1,35
BRDA:210,29,0,98
BRDA:210,29,1,98
BRDA:210,29,2,77
BRDA:224,30,0,14
BRDA:224,30,1,21
BRDA:227,31,0,14
BRDA:227,31,1,0
BRDA:227,32,0,14
BRDA:227,32,1,14
BRDA:236,33,0,35
BRDA:236,33,1,0
BRDA:252,34,0,61
BRDA:252,34,1,26
BRDA:254,35,0,26
BRDA:254,35,1,35
BRDA:256,36,0,25
BRDA:256,36,1,1
BRDA:263,37,0,60
BRDA:263,37,1,1
BRDA:264,38,0,60
BRDA:264,38,1,36
BRDA:265,39,0,26
BRDA:265,39,1,34
BRDA:273,40,0,24
BRDA:273,40,1,60
BRDA:278,41,0,35
BRDA:278,41,1,25
BRDA:282,42,0,26
BRDA:282,42,1,34
BRDA:290,43,0,17
BRDA:290,43,1,44
BRDA:290,44,0,61
BRDA:290,44,1,26
BRDA:290,44,2,25
BRDA:290,44,3,8
BRF:91
BRH:87
end_of_record
TN:
SF:/home/andreas/work/unexpected/lib/types.js
FN:9,(anonymous_1)
FN:13,(anonymous_2)
FN:16,(anonymous_3)
FN:21,(anonymous_4)
FN:37,(anonymous_5)
FN:38,(anonymous_6)
FN:54,(anonymous_7)
FN:57,(anonymous_8)
FN:65,(anonymous_9)
FN:74,(anonymous_10)
FN:81,(anonymous_11)
FN:90,(anonymous_12)
FN:93,(anonymous_13)
FN:121,(anonymous_14)
FN:129,(anonymous_15)
FN:169,(anonymous_16)
FN:180,(anonymous_17)
FN:199,(anonymous_18)
FN:219,(anonymous_19)
FN:235,(anonymous_20)
FN:247,(anonymous_21)
FN:248,(anonymous_22)
FN:306,structurallySimilar
FN:330,(anonymous_24)
FN:341,(anonymous_25)
FN:344,(anonymous_26)
FN:347,(anonymous_27)
FN:367,(anonymous_28)
FN:374,(anonymous_29)
FN:388,(anonymous_30)
FN:391,(anonymous_31)
FN:394,(anonymous_32)
FN:406,(anonymous_33)
FN:413,(anonymous_34)
FN:424,(anonymous_35)
FN:431,(anonymous_36)
FN:438,(anonymous_37)
FN:449,(anonymous_38)
FN:469,(anonymous_39)
FN:471,(anonymous_40)
FN:474,(anonymous_41)
FN:486,(anonymous_42)
FN:490,(anonymous_43)
FN:507,(anonymous_44)
FN:515,(anonymous_45)
FN:518,(anonymous_46)
FN:521,(anonymous_47)
FN:526,(anonymous_48)
FN:534,(anonymous_49)
FN:537,(anonymous_50)
FN:538,(anonymous_51)
FN:544,(anonymous_52)
FN:545,(anonymous_53)
FN:550,(anonymous_54)
FN:554,(anonymous_55)
FN:566,(anonymous_56)
FN:585,(anonymous_57)
FN:592,(anonymous_58)
FN:596,(anonymous_59)
FN:597,(anonymous_60)
FN:601,(anonymous_61)
FN:615,(anonymous_62)
FN:618,(anonymous_63)
FN:621,(anonymous_64)
FN:640,(anonymous_65)
FN:643,(anonymous_66)
FN:646,(anonymous_67)
FN:660,(anonymous_68)
FN:687,(anonymous_69)
FN:690,(anonymous_70)
FN:693,(anonymous_71)
FN:706,(anonymous_72)
FN:722,(anonymous_73)
FN:725,(anonymous_74)
FN:750,(anonymous_75)
FN:758,(anonymous_76)
FN:769,(anonymous_77)
FN:772,(anonymous_78)
FN:775,(anonymous_79)
FN:788,(anonymous_80)
FN:818,(anonymous_81)
FN:835,(anonymous_82)
FN:841,(anonymous_83)
FN:849,(anonymous_84)
FN:850,(anonymous_85)
FN:859,(anonymous_86)
FN:877,(anonymous_87)
FN:880,(anonymous_88)
FN:883,(anonymous_89)
FN:895,(anonymous_90)
FN:898,(anonymous_91)
FN:910,(anonymous_92)
FN:913,(anonymous_93)
FN:920,(anonymous_94)
FN:923,(anonymous_95)
FN:930,(anonymous_96)
FN:933,(anonymous_97)
FN:940,(anonymous_98)
FN:943,(anonymous_99)
FNF:99
FNH:99
FNDA:1,(anonymous_1)
FNDA:5,(anonymous_2)
FNDA:32,(anonymous_3)
FNDA:6,(anonymous_4)
FNDA:4,(anonymous_5)
FNDA:4,(anonymous_6)
FNDA:13367,(anonymous_7)
FNDA:873,(anonymous_8)
FNDA:772,(anonymous_9)
FNDA:4673,(anonymous_10)
FNDA:431,(anonymous_11)
FNDA:449,(anonymous_12)
FNDA:560,(anonymous_13)
FNDA:586,(anonymous_14)
FNDA:944,(anonymous_15)
FNDA:857,(anonymous_16)
FNDA:809,(anonymous_17)
FNDA:135,(anonymous_18)
FNDA:210,(anonymous_19)
FNDA:690,(anonymous_20)
FNDA:358,(anonymous_21)
FNDA:358,(anonymous_22)
FNDA:268,structurallySimilar
FNDA:50,(anonymous_24)
FNDA:4528,(anonymous_25)
FNDA:25,(anonymous_26)
FNDA:11,(anonymous_27)
FNDA:658,(anonymous_28)
FNDA:55,(anonymous_29)
FNDA:451,(anonymous_30)
FNDA:451,(anonymous_31)
FNDA:325,(anonymous_32)
FNDA:3022,(anonymous_33)
FNDA:2983,(anonymous_34)
FNDA:3022,(anonymous_35)
FNDA:60,(anonymous_36)
FNDA:2962,(anonymous_37)
FNDA:72,(anonymous_38)
FNDA:256,(anonymous_39)
FNDA:256,(anonymous_40)
FNDA:22,(anonymous_41)
FNDA:6,(anonymous_42)
FNDA:86,(anonymous_43)
FNDA:6693,(anonymous_44)
FNDA:7,(anonymous_45)
FNDA:7,(anonymous_46)
FNDA:6723,(anonymous_47)
FNDA:9,(anonymous_48)
FNDA:7578,(anonymous_49)
FNDA:263,(anonymous_50)
FNDA:103,(anonymous_51)
FNDA:52,(anonymous_52)
FNDA:66,(anonymous_53)
FNDA:15,(anonymous_54)
FNDA:168,(anonymous_55)
FNDA:16,(anonymous_56)
FNDA:6,(anonymous_57)
FNDA:7560,(anonymous_58)
FNDA:5,(anonymous_59)
FNDA:31,(anonymous_60)
FNDA:22,(anonymous_61)
FNDA:7593,(anonymous_62)
FNDA:8,(anonymous_63)
FNDA:8,(anonymous_64)
FNDA:8596,(anonymous_65)
FNDA:2,(anonymous_66)
FNDA:170,(anonymous_67)
FNDA:286,(anonymous_68)
FNDA:8746,(anonymous_69)
FNDA:64,(anonymous_70)
FNDA:117,(anonymous_71)
FNDA:182,(anonymous_72)
FNDA:8920,(anonymous_73)
FNDA:82,(anonymous_74)
FNDA:5,(anonymous_75)
FNDA:77,(anonymous_76)
FNDA:69,(anonymous_77)
FNDA:69,(anonymous_78)
FNDA:19,(anonymous_79)
FNDA:54,(anonymous_80)
FNDA:69,(anonymous_81)
FNDA:29,(anonymous_82)
FNDA:2255,(anonymous_83)
FNDA:3,(anonymous_84)
FNDA:6,(anonymous_85)
FNDA:54893,(anonymous_86)
FNDA:19684,(anonymous_87)
FNDA:2263,(anonymous_88)
FNDA:338,(anonymous_89)
FNDA:25742,(anonymous_90)
FNDA:2216,(anonymous_91)
FNDA:25766,(anonymous_92)
FNDA:11,(anonymous_93)
FNDA:29027,(anonymous_94)
FNDA:108,(anonymous_95)
FNDA:29267,(anonymous_96)
FNDA:50,(anonymous_97)
FNDA:29350,(anonymous_98)
FNDA:19,(anonymous_99)
DA:1,1
DA:2,1
DA:3,1
DA:4,1
DA:5,1
DA:6,1
DA:7,1
DA:9,1
DA:10,1
DA:14,5
DA:17,32
DA:18,32
DA:19,32
DA:22,6
DA:23,6
DA:24,6
DA:25,6
DA:26,6
DA:27,6
DA:28,2
DA:33,4
DA:38,4
DA:39,4
DA:40,4
DA:41,2
DA:52,1
DA:55,13367
DA:58,873
DA:59,873
DA:60,873
DA:61,29
DA:63,873
DA:66,772
DA:67,772
DA:68,772
DA:69,772
DA:70,29
DA:72,772
DA:75,4673
DA:76,3662
DA:78,4673
DA:82,431
DA:83,5
DA:86,426
DA:87,72
DA:90,354
DA:91,449
DA:94,560
DA:98,354
DA:99,48
DA:102,306
DA:103,306
DA:105,306
DA:106,425
DA:107,6
DA:113,300
DA:114,311
DA:115,311
DA:116,149
DA:119,50
DA:122,586
DA:123,586
DA:124,39
DA:125,39
DA:126,39
DA:128,547
DA:129,547
DA:130,944
DA:131,944
DA:132,944
DA:133,944
DA:134,944
DA:135,1
DA:137,944
DA:138,944
DA:141,944
DA:142,944
DA:144,944
DA:146,944
DA:147,7
DA:148,7
DA:150,937
DA:153,944
DA:154,20
DA:156,924
DA:158,944
DA:159,1
DA:160,943
DA:161,1
DA:164,944
DA:167,547
DA:168,547
DA:169,547
DA:170,857
DA:171,26
DA:173,831
DA:174,831
DA:177,547
DA:178,547
DA:179,490
DA:180,490
DA:181,809
DA:182,809
DA:183,809
DA:184,319
DA:185,297
DA:187,22
DA:188,22
DA:191,319
DA:193,5
DA:196,809
DA:199,57
DA:200,135
DA:201,78
DA:203,135
DA:207,547
DA:208,547
DA:209,61
DA:215,486
DA:217,547
DA:220,210
DA:221,9
DA:229,201
DA:234,201
DA:235,201
DA:236,690
DA:237,358
DA:241,201
DA:243,201
DA:244,201
DA:246,201
DA:247,201
DA:248,358
DA:249,358
DA:250,358
DA:251,358
DA:252,358
DA:253,358
DA:254,316
DA:255,10
DA:256,10
DA:258,306
DA:259,205
DA:260,191
DA:262,191
DA:263,155
DA:266,14
DA:267,14
DA:271,42
DA:274,257
DA:275,243
DA:278,257
DA:279,257
DA:280,257
DA:281,257
DA:282,2
DA:283,2
DA:285,255
DA:288,257
DA:289,66
DA:291,191
DA:293,257
DA:294,201
DA:299,100
DA:300,100
DA:302,100
DA:306,1
DA:307,268
DA:308,268
DA:310,268
DA:311,58
DA:314,210
DA:315,10
DA:318,200
DA:319,176
DA:322,24
DA:323,2
DA:326,22
DA:327,22
DA:328,22
DA:329,22
DA:330,22
DA:331,50
DA:332,12
DA:335,50
DA:339,1
DA:342,4528
DA:345,25
DA:348,11
DA:349,1
DA:351,10
DA:353,9
DA:356,1
DA:363,1
DA:368,658
DA:369,658
DA:370,3981
DA:372,658
DA:375,55
DA:376,1
DA:377,54
DA:378,43
DA:379,75
DA:380,31
DA:383,12
DA:385,11
DA:389,451
DA:392,451
DA:395,325
DA:396,325
DA:397,325
DA:398,325
DA:399,27
DA:402,298
DA:403,2
DA:406,296
DA:407,3022
DA:410,296
DA:411,296
DA:412,296
DA:413,296
DA:414,2983
DA:415,3
DA:418,2980
DA:419,2980
DA:420,2980
DA:423,296
DA:424,296
DA:425,3022
DA:428,296
DA:429,9
DA:431,9
DA:432,60
DA:435,9
DA:437,287
DA:438,287
DA:439,2962
DA:440,2962
DA:441,2962
DA:442,2675
DA:445,287
DA:450,72
DA:455,72
DA:456,2
DA:457,2
DA:460,70
DA:461,2
DA:464,68
DA:466,68
DA:468,68
DA:469,68
DA:470,256
DA:471,256
DA:472,256
DA:473,256
DA:474,22
DA:475,22
DA:477,234
DA:478,30
DA:479,204
DA:480,106
DA:482,98
DA:483,98
DA:484,6
DA:485,92
DA:486,6
DA:487,6
DA:490,86
DA:491,86
DA:498,68
DA:500,68
DA:504,1
DA:508,6693
DA:512,1
DA:516,7
DA:519,7
DA:522,6723
DA:526,1
DA:527,9
DA:528,9
DA:531,1
DA:535,7578
DA:538,263
DA:539,103
DA:541,263
DA:542,263
DA:545,52
DA:546,66
DA:547,66
DA:551,15
DA:555,168
DA:556,168
DA:557,168
DA:558,158
DA:559,157
DA:562,10
DA:564,168
DA:567,16
DA:568,4
DA:576,12
DA:577,12
DA:578,10
DA:581,12
DA:585,1
DA:586,6
DA:587,6
DA:589,1
DA:593,7560
DA:597,5
DA:598,31
DA:602,22
DA:603,22
DA:604,22
DA:605,9
DA:607,13
DA:609,22
DA:613,1
DA:616,7593
DA:619,8
DA:623,8
DA:624,8
DA:625,8
DA:626,3
DA:627,3
DA:628,3
DA:630,3
DA:633,8
DA:637,1
DA:641,8596
DA:644,2
DA:647,170
DA:648,170
DA:649,170
DA:650,170
DA:651,170
DA:652,170
DA:653,168
DA:654,168
DA:655,168
DA:657,168
DA:658,136
DA:659,136
DA:660,136
DA:661,286
DA:664,168
DA:665,129
DA:667,168
DA:668,1
DA:669,167
DA:670,26
DA:671,141
DA:672,34
DA:674,107
DA:677,2
DA:678,2
DA:680,170
DA:684,1
DA:688,8746
DA:691,64
DA:692,64
DA:693,64
DA:694,117
DA:695,17
DA:696,17
DA:699,100
DA:700,17
DA:701,83
DA:702,19
DA:705,100
DA:706,100
DA:707,182
DA:708,82
DA:710,182
DA:712,100
DA:715,64
DA:719,1
DA:723,8920
DA:726,82
DA:727,82
DA:728,2
DA:729,80
DA:730,15
DA:731,15
DA:732,14
DA:733,14
DA:734,8
DA:737,65
DA:738,14
DA:739,14
DA:740,14
DA:741,12
DA:747,1
DA:751,5
DA:759,77
DA:763,1
DA:770,69
DA:773,69
DA:776,19
DA:777,0
DA:780,19
DA:782,18
DA:783,161
DA:786,6
DA:789,54
DA:790,54
DA:791,54
DA:793,54
DA:794,103
DA:795,49
DA:797,103
DA:800,103
DA:801,1408
DA:802,877
DA:803,877
DA:804,877
DA:805,531
DA:806,507
DA:810,103
DA:811,79
DA:813,24
DA:816,54
DA:819,69
DA:820,69
DA:821,69
DA:822,530
DA:823,461
DA:825,530
DA:826,530
DA:828,69
DA:829,30
DA:831,69
DA:832,69
DA:836,29
DA:837,29
DA:838,2
DA:840,27
DA:842,2255
DA:845,29
DA:849,1
DA:850,3
DA:851,6
DA:853,6
DA:854,6
DA:860,54893
DA:867,1
DA:868,1
DA:875,1
DA:878,19684
DA:881,2263
DA:884,338
DA:888,338
DA:889,338
DA:893,1
DA:896,25742
DA:899,2216
DA:900,1
DA:902,2215
DA:904,2216
DA:908,1
DA:911,25766
DA:914,11
DA:918,1
DA:921,29027
DA:924,108
DA:928,1
DA:931,29267
DA:934,50
DA:938,1
DA:941,29350
DA:944,19
LF:470
LH:469
BRDA:14,1,0,5
BRDA:14,1,1,5
BRDA:27,2,0,2
BRDA:27,2,1,4
BRDA:27,3,0,6
BRDA:27,3,1,4
BRDA:40,4,0,2
BRDA:40,4,1,2
BRDA:55,5,0,13367
BRDA:55,5,1,13365
BRDA:55,5,2,1181
BRDA:59,6,0,873
BRDA:59,6,1,869
BRDA:59,6,2,29
BRDA:60,7,0,29
BRDA:60,7,1,844
BRDA:60,8,0,873
BRDA:60,8,1,29
BRDA:68,9,0,772
BRDA:68,9,1,768
BRDA:68,9,2,29
BRDA:69,10,0,29
BRDA:69,10,1,743
BRDA:69,11,0,772
BRDA:69,11,1,29
BRDA:75,12,0,3662
BRDA:75,12,1,1011
BRDA:82,13,0,5
BRDA:82,13,1,426
BRDA:86,14,0,72
BRDA:86,14,1,354
BRDA:98,15,0,48
BRDA:98,15,1,306
BRDA:106,16,0,6
BRDA:106,16,1,419
BRDA:115,17,0,149
BRDA:115,17,1,61
BRDA:123,18,0,39
BRDA:123,18,1,547
BRDA:130,19,0,944
BRDA:130,19,1,944
BRDA:131,20,0,944
BRDA:131,20,1,944
BRDA:132,21,0,944
BRDA:132,21,1,944
BRDA:134,22,0,1
BRDA:134,22,1,943
BRDA:134,23,0,944
BRDA:134,23,1,2
BRDA:141,24,0,1
BRDA:141,24,1,943
BRDA:141,25,0,944
BRDA:141,25,1,2
BRDA:146,26,0,7
BRDA:146,26,1,937
BRDA:146,27,0,944
BRDA:146,27,1,7
BRDA:153,28,0,20
BRDA:153,28,1,924
BRDA:153,29,0,944
BRDA:153,29,1,918
BRDA:158,30,0,1
BRDA:158,30,1,943
BRDA:158,31,0,944
BRDA:158,31,1,2
BRDA:160,32,0,1
BRDA:160,32,1,942
BRDA:167,33,0,6
BRDA:167,33,1,541
BRDA:169,34,0,547
BRDA:169,34,1,543
BRDA:170,35,0,26
BRDA:170,35,1,831
BRDA:178,36,0,490
BRDA:178,36,1,57
BRDA:183,37,0,319
BRDA:183,37,1,490
BRDA:184,38,0,297
BRDA:184,38,1,22
BRDA:184,39,0,319
BRDA:184,39,1,314
BRDA:191,40,0,5
BRDA:191,40,1,314
BRDA:200,41,0,78
BRDA:200,41,1,57
BRDA:208,42,0,61
BRDA:208,42,1,486
BRDA:220,43,0,9
BRDA:220,43,1,201
BRDA:223,44,0,9
BRDA:223,44,1,7
BRDA:223,44,2,2
BRDA:224,45,0,9
BRDA:224,45,1,7
BRDA:224,45,2,2
BRDA:236,46,0,358
BRDA:236,46,1,332
BRDA:253,47,0,316
BRDA:253,47,1,42
BRDA:254,48,0,10
BRDA:254,48,1,306
BRDA:259,49,0,191
BRDA:259,49,1,14
BRDA:259,50,0,205
BRDA:259,50,1,169
BRDA:259,50,2,169
BRDA:262,51,0,155
BRDA:262,51,1,36
BRDA:274,52,0,243
BRDA:274,52,1,14
BRDA:275,53,0,201
BRDA:275,53,1,42
BRDA:281,54,0,2
BRDA:281,54,1,255
BRDA:281,55,0,257
BRDA:281,55,1,2
BRDA:288,56,0,66
BRDA:288,56,1,191
BRDA:293,57,0,201
BRDA:293,57,1,56
BRDA:310,58,0,58
BRDA:310,58,1,210
BRDA:314,59,0,10
BRDA:314,59,1,200
BRDA:318,60,0,176
BRDA:318,60,1,24
BRDA:318,61,0,200
BRDA:318,61,1,24
BRDA:322,62,0,2
BRDA:322,62,1,22
BRDA:322,63,0,24
BRDA:322,63,1,6
BRDA:331,64,0,12
BRDA:331,64,1,38
BRDA:331,65,0,50
BRDA:331,65,1,32
BRDA:342,66,0,4528
BRDA:342,66,1,4526
BRDA:348,67,0,1
BRDA:348,67,1,10
BRDA:351,68,0,9
BRDA:351,68,1,1
BRDA:356,69,0,1
BRDA:356,69,1,1
BRDA:356,69,2,1
BRDA:375,70,0,1
BRDA:375,70,1,54
BRDA:377,71,0,43
BRDA:377,71,1,11
BRDA:377,72,0,54
BRDA:377,72,1,52
BRDA:379,73,0,31
BRDA:379,73,1,44
BRDA:398,74,0,27
BRDA:398,74,1,298
BRDA:402,75,0,2
BRDA:402,75,1,296
BRDA:407,76,0,966
BRDA:407,76,1,2056
BRDA:414,77,0,3
BRDA:414,77,1,2980
BRDA:428,78,0,9
BRDA:428,78,1,287
BRDA:441,79,0,2675
BRDA:441,79,1,287
BRDA:455,80,0,2
BRDA:455,80,1,70
BRDA:460,81,0,2
BRDA:460,81,1,68
BRDA:473,82,0,22
BRDA:473,82,1,234
BRDA:477,83,0,30
BRDA:477,83,1,204
BRDA:479,84,0,106
BRDA:479,84,1,98
BRDA:483,85,0,6
BRDA:483,85,1,92
BRDA:483,86,0,98
BRDA:483,86,1,12
BRDA:485,87,0,6
BRDA:485,87,1,86
BRDA:551,88,0,15
BRDA:551,88,1,15
BRDA:551,88,2,10
BRDA:557,89,0,158
BRDA:557,89,1,10
BRDA:557,90,0,168
BRDA:557,90,1,158
BRDA:558,91,0,157
BRDA:558,91,1,1
BRDA:567,92,0,4
BRDA:567,92,1,12
BRDA:577,93,0,10
BRDA:577,93,1,2
BRDA:577,94,0,12
BRDA:577,94,1,10
BRDA:593,95,0,7560
BRDA:593,95,1,7558
BRDA:593,95,2,7544
BRDA:593,95,3,305
BRDA:604,96,0,9
BRDA:604,96,1,13
BRDA:625,97,0,3
BRDA:625,97,1,5
BRDA:644,98,0,2
BRDA:644,98,1,0
BRDA:648,99,0,170
BRDA:648,99,1,129
BRDA:652,100,0,168
BRDA:652,100,1,2
BRDA:655,101,0,168
BRDA:655,101,1,25
BRDA:657,102,0,136
BRDA:657,102,1,32
BRDA:657,103,0,168
BRDA:657,103,1,137
BRDA:664,104,0,129
BRDA:664,104,1,39
BRDA:664,105,0,168
BRDA:664,105,1,39
BRDA:667,106,0,1
BRDA:667,106,1,167
BRDA:669,107,0,26
BRDA:669,107,1,141
BRDA:671,108,0,34
BRDA:671,108,1,107
BRDA:671,109,0,141
BRDA:671,109,1,37
BRDA:688,110,0,8746
BRDA:688,110,1,1153
BRDA:694,111,0,17
BRDA:694,111,1,100
BRDA:699,112,0,17
BRDA:699,112,1,83
BRDA:701,113,0,19
BRDA:701,113,1,64
BRDA:707,114,0,82
BRDA:707,114,1,100
BRDA:723,115,0,8920
BRDA:723,115,1,8918
BRDA:723,115,2,8904
BRDA:727,116,0,2
BRDA:727,116,1,80
BRDA:727,117,0,82
BRDA:727,117,1,31
BRDA:729,118,0,15
BRDA:729,118,1,65
BRDA:729,119,0,80
BRDA:729,119,1,29
BRDA:731,120,0,14
BRDA:731,120,1,1
BRDA:733,121,0,8
BRDA:733,121,1,6
BRDA:737,122,0,14
BRDA:737,122,1,51
BRDA:737,123,0,65
BRDA:737,123,1,14
BRDA:740,124,0,12
BRDA:740,124,1,2
BRDA:751,125,0,5
BRDA:751,125,1,5
BRDA:751,125,2,5
BRDA:751,125,3,5
BRDA:751,125,4,3
BRDA:776,126,0,0
BRDA:776,126,1,19
BRDA:780,127,0,1
BRDA:780,127,1,18
BRDA:783,128,0,12
BRDA:783,128,1,149
BRDA:790,129,0,54
BRDA:790,129,1,0
BRDA:790,130,0,54
BRDA:790,130,1,0
BRDA:794,131,0,49
BRDA:794,131,1,54
BRDA:801,132,0,877
BRDA:801,132,1,531
BRDA:805,133,0,507
BRDA:805,133,1,24
BRDA:810,134,0,79
BRDA:810,134,1,24
BRDA:822,135,0,461
BRDA:822,135,1,69
BRDA:828,136,0,30
BRDA:828,136,1,39
BRDA:837,137,0,2
BRDA:837,137,1,27
BRDA:853,138,0,6
BRDA:853,138,1,0
BRDA:867,139,0,1
BRDA:867,139,1,0
BRDA:899,140,0,1
BRDA:899,140,1,2215
BRDA:899,141,0,2216
BRDA:899,141,1,159
BRDA:911,142,0,25766
BRDA:911,142,1,6087
BRF:298
BRH:292
end_of_record
TN:
SF:/home/andreas/work/unexpected/lib/assertions.js
FN:8,(anonymous_1)
FN:9,(anonymous_2)
FN:17,(anonymous_3)
FN:21,(anonymous_4)
FN:25,(anonymous_5)
FN:29,(anonymous_6)
FN:33,(anonymous_7)
FN:37,(anonymous_8)
FN:41,(anonymous_9)
FN:45,(anonymous_10)
FN:49,(anonymous_11)
FN:53,(anonymous_12)
FN:59,(anonymous_13)
FN:61,(anonymous_14)
FN:62,(anonymous_15)
FN:74,(anonymous_16)
FN:78,(anonymous_17)
FN:85,(anonymous_18)
FN:94,(anonymous_19)
FN:104,(anonymous_20)
FN:108,(anonymous_21)
FN:112,(anonymous_22)
FN:116,(anonymous_23)
FN:120,(anonymous_24)
FN:122,(anonymous_25)
FN:126,(anonymous_26)
FN:129,(anonymous_27)
FN:131,flushUntilIndex
FN:137,(anonymous_29)
FN:149,(anonymous_30)
FN:156,(anonymous_31)
FN:168,(anonymous_32)
FN:170,(anonymous_33)
FN:179,(anonymous_34)
FN:180,(anonymous_35)
FN:188,(anonymous_36)
FN:190,(anonymous_37)
FN:200,(anonymous_38)
FN:220,(anonymous_39)
FN:228,(anonymous_40)
FN:232,(anonymous_41)
FN:236,(anonymous_42)
FN:243,(anonymous_43)
FN:251,(anonymous_44)
FN:263,(anonymous_45)
FN:265,(anonymous_46)
FN:270,(anonymous_47)
FN:271,(anonymous_48)
FN:274,(anonymous_49)
FN:276,(anonymous_50)
FN:278,flushUntilIndex
FN:285,(anonymous_52)
FN:287,(anonymous_53)
FN:295,(anonymous_54)
FN:322,(anonymous_55)
FN:324,(anonymous_56)
FN:344,(anonymous_57)
FN:346,(anonymous_58)
FN:347,(anonymous_59)
FN:348,(anonymous_60)
FN:352,(anonymous_61)
FN:354,(anonymous_62)
FN:355,(anonymous_63)
FN:356,(anonymous_64)
FN:365,(anonymous_65)
FN:370,(anonymous_66)
FN:372,(anonymous_67)
FN:374,(anonymous_68)
FN:397,(anonymous_69)
FN:402,(anonymous_70)
FN:404,(anonymous_71)
FN:406,(anonymous_72)
FN:428,(anonymous_73)
FN:432,(anonymous_74)
FN:436,(anonymous_75)
FN:437,(anonymous_76)
FN:443,(anonymous_77)
FN:447,(anonymous_78)
FN:451,(anonymous_79)
FN:455,(anonymous_80)
FN:459,(anonymous_81)
FN:463,(anonymous_82)
FN:467,(anonymous_83)
FN:468,(anonymous_84)
FN:470,(anonymous_85)
FN:473,(anonymous_86)
FN:480,(anonymous_87)
FN:488,(anonymous_88)
FN:495,(anonymous_89)
FN:497,(anonymous_90)
FN:498,(anonymous_91)
FN:504,(anonymous_92)
FN:507,(anonymous_93)
FN:522,(anonymous_94)
FN:551,(anonymous_95)
FN:559,(anonymous_96)
FN:566,(anonymous_97)
FN:579,(anonymous_98)
FN:580,(anonymous_99)
FN:585,(anonymous_100)
FN:586,(anonymous_101)
FN:592,(anonymous_102)
FN:594,(anonymous_103)
FN:596,(anonymous_104)
FN:599,(anonymous_105)
FN:611,(anonymous_106)
FN:620,(anonymous_107)
FN:622,(anonymous_108)
FN:624,(anonymous_109)
FN:627,(anonymous_110)
FN:639,(anonymous_111)
FN:654,(anonymous_112)
FN:657,traverse
FN:670,(anonymous_114)
FN:678,(anonymous_115)
FN:720,(anonymous_116)
FN:726,(anonymous_117)
FN:734,(anonymous_118)
FN:743,(anonymous_119)
FN:746,(anonymous_120)
FN:748,(anonymous_121)
FN:750,(anonymous_122)
FN:759,(anonymous_123)
FN:768,(anonymous_124)
FN:773,(anonymous_125)
FN:775,(anonymous_126)
FN:776,(anonymous_127)
FN:778,(anonymous_128)
FN:784,(anonymous_129)
FN:805,(anonymous_130)
FN:807,(anonymous_131)
FN:809,(anonymous_132)
FN:820,(anonymous_133)
FN:836,(anonymous_134)
FN:837,(anonymous_135)
FN:848,(anonymous_136)
FN:854,(anonymous_137)
FN:855,(anonymous_138)
FN:857,(anonymous_139)
FN:867,(anonymous_140)
FN:878,(anonymous_141)
FN:879,(anonymous_142)
FN:959,(anonymous_143)
FN:984,wrapDiffWithTypePrefixAndSuffix
FN:987,(anonymous_145)
FN:996,(anonymous_146)
FN:1001,(anonymous_147)
FN:1003,(anonymous_148)
FN:1012,(anonymous_149)
FN:1014,(anonymous_150)
FN:1023,(anonymous_151)
FN:1028,instantiate
FN:1029,ProxyConstructor
FN:1039,(anonymous_154)
FN:1043,(anonymous_155)
FN:1045,(anonymous_156)
FN:1060,(anonymous_157)
FN:1064,(anonymous_158)
FN:1066,(anonymous_159)
FN:1078,(anonymous_160)
FN:1080,(anonymous_161)
FN:1081,(anonymous_162)
FN:1087,(anonymous_163)
FN:1098,(anonymous_164)
FN:1100,(anonymous_165)
FN:1104,(anonymous_166)
FN:1105,(anonymous_167)
FN:1114,(anonymous_168)
FN:1116,(anonymous_169)
FN:1118,(anonymous_170)
FN:1126,(anonymous_171)
FN:1132,(anonymous_172)
FN:1137,(anonymous_173)
FN:1139,(anonymous_174)
FN:1142,(anonymous_175)
FN:1144,(anonymous_176)
FN:1150,(anonymous_177)
FN:1152,(anonymous_178)
FN:1159,(anonymous_179)
FN:1170,(anonymous_180)
FN:1177,(anonymous_181)
FN:1181,cb
FN:1192,(anonymous_183)
FN:1194,(anonymous_184)
FN:1203,(anonymous_185)
FN:1212,(anonymous_186)
FN:1216,(anonymous_187)
FNF:187
FNH:183
FNDA:1,(anonymous_1)
FNDA:3181,(anonymous_2)
FNDA:211,(anonymous_3)
FNDA:19,(anonymous_4)
FNDA:6,(anonymous_5)
FNDA:4,(anonymous_6)
FNDA:21,(anonymous_7)
FNDA:8,(anonymous_8)
FNDA:16,(anonymous_9)
FNDA:7,(anonymous_10)
FNDA:8,(anonymous_11)
FNDA:13,(anonymous_12)
FNDA:13,(anonymous_13)
FNDA:5,(anonymous_14)
FNDA:10,(anonymous_15)
FNDA:554,(anonymous_16)
FNDA:12,(anonymous_17)
FNDA:9,(anonymous_18)
FNDA:0,(anonymous_19)
FNDA:235,(anonymous_20)
FNDA:273,(anonymous_21)
FNDA:3,(anonymous_22)
FNDA:2,(anonymous_23)
FNDA:94,(anonymous_24)
FNDA:94,(anonymous_25)
FNDA:22,(anonymous_26)
FNDA:18,(anonymous_27)
FNDA:38,flushUntilIndex
FNDA:20,(anonymous_29)
FNDA:159,(anonymous_30)
FNDA:9,(anonymous_31)
FNDA:56,(anonymous_32)
FNDA:28,(anonymous_33)
FNDA:37,(anonymous_34)
FNDA:45,(anonymous_35)
FNDA:14,(anonymous_36)
FNDA:30,(anonymous_37)
FNDA:40,(anonymous_38)
FNDA:125,(anonymous_39)
FNDA:97,(anonymous_40)
FNDA:70,(anonymous_41)
FNDA:122,(anonymous_42)
FNDA:419,(anonymous_43)
FNDA:265,(anonymous_44)
FNDA:28,(anonymous_45)
FNDA:34,(anonymous_46)
FNDA:27,(anonymous_47)
FNDA:31,(anonymous_48)
FNDA:8,(anonymous_49)
FNDA:17,(anonymous_50)
FNDA:35,flushUntilIndex
FNDA:8,(anonymous_52)
FNDA:8,(anonymous_53)
FNDA:16,(anonymous_54)
FNDA:3,(anonymous_55)
FNDA:10,(anonymous_56)
FNDA:12,(anonymous_57)
FNDA:12,(anonymous_58)
FNDA:16,(anonymous_59)
FNDA:27,(anonymous_60)
FNDA:5,(anonymous_61)
FNDA:4,(anonymous_62)
FNDA:10,(anonymous_63)
FNDA:10,(anonymous_64)
FNDA:20,(anonymous_65)
FNDA:19,(anonymous_66)
FNDA:9,(anonymous_67)
FNDA:20,(anonymous_68)
FNDA:20,(anonymous_69)
FNDA:19,(anonymous_70)
FNDA:9,(anonymous_71)
FNDA:20,(anonymous_72)
FNDA:11,(anonymous_73)
FNDA:10,(anonymous_74)
FNDA:26,(anonymous_75)
FNDA:12,(anonymous_76)
FNDA:67,(anonymous_77)
FNDA:32,(anonymous_78)
FNDA:51,(anonymous_79)
FNDA:19,(anonymous_80)
FNDA:18,(anonymous_81)
FNDA:10,(anonymous_82)
FNDA:1244,(anonymous_83)
FNDA:1244,(anonymous_84)
FNDA:243,(anonymous_85)
FNDA:459,(anonymous_86)
FNDA:34,(anonymous_87)
FNDA:34,(anonymous_88)
FNDA:3,(anonymous_89)
FNDA:1,(anonymous_90)
FNDA:0,(anonymous_91)
FNDA:31,(anonymous_92)
FNDA:6,(anonymous_93)
FNDA:410,(anonymous_94)
FNDA:8,(anonymous_95)
FNDA:7,(anonymous_96)
FNDA:83,(anonymous_97)
FNDA:133,(anonymous_98)
FNDA:133,(anonymous_99)
FNDA:106,(anonymous_100)
FNDA:106,(anonymous_101)
FNDA:81,(anonymous_102)
FNDA:31,(anonymous_103)
FNDA:19,(anonymous_104)
FNDA:68,(anonymous_105)
FNDA:65,(anonymous_106)
FNDA:61,(anonymous_107)
FNDA:22,(anonymous_108)
FNDA:25,(anonymous_109)
FNDA:49,(anonymous_110)
FNDA:18,(anonymous_111)
FNDA:8,(anonymous_112)
FNDA:30,traverse
FNDA:22,(anonymous_114)
FNDA:248,(anonymous_115)
FNDA:153,(anonymous_116)
FNDA:36,(anonymous_117)
FNDA:27,(anonymous_118)
FNDA:10,(anonymous_119)
FNDA:4,(anonymous_120)
FNDA:2,(anonymous_121)
FNDA:4,(anonymous_122)
FNDA:1,(anonymous_123)
FNDA:3,(anonymous_124)
FNDA:1006,(anonymous_125)
FNDA:10,(anonymous_126)
FNDA:10,(anonymous_127)
FNDA:1,(anonymous_128)
FNDA:9,(anonymous_129)
FNDA:21,(anonymous_130)
FNDA:10,(anonymous_131)
FNDA:20,(anonymous_132)
FNDA:4,(anonymous_133)
FNDA:362,(anonymous_134)
FNDA:362,(anonymous_135)
FNDA:180,(anonymous_136)
FNDA:78,(anonymous_137)
FNDA:78,(anonymous_138)
FNDA:151,(anonymous_139)
FNDA:652,(anonymous_140)
FNDA:351,(anonymous_141)
FNDA:351,(anonymous_142)
FNDA:159,(anonymous_143)
FNDA:5,wrapDiffWithTypePrefixAndSuffix
FNDA:10,(anonymous_145)
FNDA:9,(anonymous_146)
FNDA:4,(anonymous_147)
FNDA:2,(anonymous_148)
FNDA:5,(anonymous_149)
FNDA:3,(anonymous_150)
FNDA:2,(anonymous_151)
FNDA:2,instantiate
FNDA:2,ProxyConstructor
FNDA:12,(anonymous_154)
FNDA:4,(anonymous_155)
FNDA:4,(anonymous_156)
FNDA:5,(anonymous_157)
FNDA:0,(anonymous_158)
FNDA:0,(anonymous_159)
FNDA:54,(anonymous_160)
FNDA:4,(anonymous_161)
FNDA:8,(anonymous_162)
FNDA:50,(anonymous_163)
FNDA:10,(anonymous_164)
FNDA:8,(anonymous_165)
FNDA:2,(anonymous_166)
FNDA:4,(anonymous_167)
FNDA:7,(anonymous_168)
FNDA:3,(anonymous_169)
FNDA:6,(anonymous_170)
FNDA:6,(anonymous_171)
FNDA:4,(anonymous_172)
FNDA:10,(anonymous_173)
FNDA:6,(anonymous_174)
FNDA:3,(anonymous_175)
FNDA:1,(anonymous_176)
FNDA:4,(anonymous_177)
FNDA:8,(anonymous_178)
FNDA:8,(anonymous_179)
FNDA:39,(anonymous_180)
FNDA:38,(anonymous_181)
FNDA:38,cb
FNDA:37,(anonymous_183)
FNDA:4,(anonymous_184)
FNDA:6,(anonymous_185)
FNDA:1,(anonymous_186)
FNDA:6,(anonymous_187)
DA:2,1
DA:3,1
DA:4,1
DA:5,1
DA:6,1
DA:8,1
DA:9,1
DA:10,3181
DA:11,3181
DA:12,3181
DA:13,512
DA:17,1
DA:18,211
DA:21,1
DA:22,19
DA:25,1
DA:26,6
DA:29,1
DA:30,4
DA:33,1
DA:34,21
DA:37,1
DA:38,8
DA:41,1
DA:42,16
DA:45,1
DA:46,7
DA:49,1
DA:50,8
DA:53,1
DA:54,13
DA:55,13
DA:56,7
DA:59,13
DA:60,13
DA:62,5
DA:63,10
DA:74,1
DA:75,554
DA:76,532
DA:77,532
DA:78,532
DA:79,12
DA:81,532
DA:82,22
DA:83,16
DA:84,16
DA:85,15
DA:86,9
DA:89,16
DA:90,6
DA:91,4
DA:92,3
DA:94,1
DA:95,0
DA:97,1
DA:99,2
DA:104,1
DA:105,235
DA:108,1
DA:109,273
DA:112,1
DA:113,3
DA:116,1
DA:117,2
DA:120,1
DA:121,94
DA:122,94
DA:123,94
DA:124,94
DA:125,72
DA:127,22
DA:130,18
DA:131,1
DA:132,38
DA:133,26
DA:134,26
DA:137,18
DA:138,20
DA:139,20
DA:140,20
DA:142,18
DA:143,18
DA:149,1
DA:150,159
DA:151,55
DA:152,2
DA:155,53
DA:156,50
DA:157,9
DA:159,50
DA:161,104
DA:168,1
DA:169,56
DA:170,17
DA:171,28
DA:173,39
DA:174,38
DA:175,1
DA:179,37
DA:180,37
DA:181,45
DA:182,45
DA:183,2
DA:185,43
DA:189,14
DA:191,30
DA:192,30
DA:193,30
DA:195,30
DA:196,26
DA:197,6
DA:200,30
DA:201,40
DA:202,10
DA:204,40
DA:205,36
DA:208,30
DA:209,30
DA:210,30
DA:215,1
DA:220,1
DA:221,125
DA:222,33
DA:225,125
DA:228,1
DA:229,97
DA:232,1
DA:233,70
DA:236,1
DA:237,122
DA:241,122
DA:242,122
DA:243,122
DA:244,419
DA:247,122
DA:248,1
DA:251,121
DA:252,265
DA:255,121
DA:256,102
DA:257,96
DA:259,19
DA:263,1
DA:264,28
DA:265,28
DA:266,34
DA:267,1
DA:270,27
DA:271,27
DA:272,31
DA:275,8
DA:277,17
DA:278,1
DA:279,35
DA:280,26
DA:281,26
DA:284,17
DA:285,6
DA:286,8
DA:288,8
DA:289,8
DA:290,8
DA:292,6
DA:294,11
DA:295,11
DA:296,16
DA:297,16
DA:298,16
DA:299,112
DA:300,112
DA:301,112
DA:302,112
DA:303,122
DA:304,122
DA:305,10
DA:306,10
DA:312,122
DA:314,112
DA:315,10
DA:317,102
DA:318,102
DA:321,11
DA:322,11
DA:323,3
DA:325,10
DA:326,10
DA:327,10
DA:328,10
DA:329,5
DA:331,5
DA:333,10
DA:336,11
DA:338,17
DA:344,1
DA:345,12
DA:346,12
DA:347,12
DA:348,16
DA:349,27
DA:353,5
DA:355,4
DA:356,10
DA:357,10
DA:365,1
DA:366,20
DA:367,20
DA:368,1
DA:370,19
DA:371,19
DA:373,9
DA:375,20
DA:376,7
DA:378,13
DA:379,13
DA:380,36
DA:382,13
DA:384,4
DA:386,9
DA:391,16
DA:397,1
DA:398,20
DA:399,20
DA:400,1
DA:402,19
DA:403,19
DA:405,9
DA:407,20
DA:408,7
DA:410,13
DA:411,13
DA:412,48
DA:414,13
DA:416,4
DA:418,9
DA:422,16
DA:428,1
DA:429,11
DA:432,1
DA:433,10
DA:436,1
DA:437,26
DA:438,12
DA:440,26
DA:443,1
DA:444,67
DA:447,1
DA:448,32
DA:451,1
DA:452,51
DA:455,1
DA:456,19
DA:459,1
DA:460,18
DA:463,1
DA:464,10
DA:467,1
DA:468,1244
DA:469,1244
DA:471,243
DA:474,459
DA:480,1
DA:481,34
DA:482,34
DA:484,34
DA:485,0
DA:488,34
DA:489,34
DA:490,34
DA:492,7
DA:493,7
DA:496,3
DA:497,1
DA:498,1
DA:499,0
DA:500,0
DA:505,31
DA:506,3
DA:507,3
DA:508,6
DA:511,28
DA:512,26
DA:513,26
DA:514,17
DA:516,9
DA:522,1
DA:523,410
DA:524,410
DA:525,410
DA:527,410
DA:528,1
DA:531,409
DA:532,409
DA:534,403
DA:535,403
DA:538,409
DA:539,409
DA:541,389
DA:543,389
DA:544,389
DA:545,274
DA:547,115
DA:549,20
DA:550,4
DA:551,4
DA:552,8
DA:555,16
DA:559,1
DA:560,7
DA:563,1
DA:567,83
DA:568,83
DA:569,1
DA:571,82
DA:572,82
DA:573,81
DA:575,81
DA:576,81
DA:577,81
DA:578,81
DA:579,42
DA:580,133
DA:581,133
DA:585,39
DA:586,106
DA:587,106
DA:592,81
DA:593,81
DA:595,31
DA:597,19
DA:600,68
DA:601,68
DA:602,68
DA:608,1
DA:612,65
DA:613,65
DA:614,1
DA:616,64
DA:617,64
DA:618,61
DA:620,61
DA:621,61
DA:623,22
DA:625,25
DA:628,49
DA:629,49
DA:630,49
DA:636,1
DA:640,18
DA:641,18
DA:642,1
DA:644,17
DA:645,17
DA:646,17
DA:647,16
DA:649,16
DA:650,16
DA:651,16
DA:654,1
DA:655,8
DA:657,8
DA:658,30
DA:659,30
DA:660,31
DA:661,1
DA:664,29
DA:665,14
DA:666,14
DA:667,14
DA:669,11
DA:670,11
DA:671,22
DA:673,9
DA:678,1
DA:679,248
DA:680,248
DA:681,248
DA:682,248
DA:683,239
DA:684,239
DA:685,13
DA:686,13
DA:687,12
DA:689,1
DA:692,226
DA:694,238
DA:695,238
DA:696,2
DA:697,236
DA:698,9
DA:699,9
DA:700,9
DA:702,7
DA:704,8
DA:706,227
DA:709,9
DA:710,1
DA:712,8
DA:713,1
DA:715,7
DA:720,1
DA:721,153
DA:722,153
DA:723,24
DA:724,22
DA:725,129
DA:726,36
DA:727,36
DA:729,93
DA:730,8
DA:731,8
DA:732,8
DA:733,8
DA:734,8
DA:735,27
DA:737,8
DA:739,85
DA:743,1
DA:744,10
DA:745,10
DA:746,4
DA:747,4
DA:749,2
DA:751,4
DA:758,6
DA:759,1
DA:760,1
DA:763,5
DA:767,1
DA:768,1
DA:769,3
DA:773,1
DA:774,1006
DA:775,10
DA:776,10
DA:777,10
DA:779,1
DA:780,1
DA:782,1
DA:785,9
DA:786,1
DA:788,8
DA:794,996
DA:795,117
DA:796,117
DA:797,113
DA:799,4
DA:803,879
DA:804,879
DA:805,21
DA:806,21
DA:808,10
DA:810,20
DA:819,858
DA:820,4
DA:821,4
DA:825,854
DA:826,38
DA:829,816
DA:832,816
DA:833,180
DA:834,180
DA:835,180
DA:836,180
DA:837,362
DA:838,362
DA:839,362
DA:840,270
DA:842,92
DA:847,180
DA:849,180
DA:850,88
DA:855,78
DA:856,78
DA:858,151
DA:863,151
DA:864,151
DA:865,151
DA:866,151
DA:867,151
DA:868,652
DA:869,351
DA:873,151
DA:875,151
DA:876,151
DA:878,151
DA:879,351
DA:880,351
DA:881,351
DA:882,351
DA:884,351
DA:885,167
DA:888,351
DA:889,351
DA:890,351
DA:892,351
DA:894,351
DA:895,351
DA:896,35
DA:897,16
DA:899,19
DA:901,316
DA:902,169
DA:903,169
DA:904,169
DA:905,169
DA:906,26
DA:907,143
DA:908,90
DA:909,90
DA:910,53
DA:911,53
DA:914,53
DA:915,23
DA:918,0
DA:922,351
DA:923,325
DA:924,12
DA:926,313
DA:930,351
DA:931,156
DA:934,351
DA:940,351
DA:941,194
DA:944,351
DA:945,156
DA:946,2
DA:947,2
DA:949,154
DA:953,351
DA:954,238
DA:956,113
DA:958,351
DA:959,159
DA:960,159
DA:961,12
DA:963,147
DA:970,151
DA:971,151
DA:973,151
DA:979,636
DA:980,636
DA:984,1
DA:985,5
DA:986,5
DA:987,5
DA:988,10
DA:989,10
DA:990,10
DA:991,10
DA:996,1
DA:997,9
DA:998,9
DA:999,4
DA:1000,4
DA:1001,4
DA:1002,4
DA:1004,2
DA:1010,5
DA:1012,5
DA:1013,5
DA:1015,3
DA:1023,1
DA:1024,2
DA:1025,2
DA:1028,1
DA:1029,1
DA:1030,2
DA:1032,2
DA:1033,2
DA:1036,1
DA:1040,12
DA:1041,12
DA:1042,12
DA:1043,4
DA:1044,4
DA:1045,4
DA:1046,4
DA:1047,3
DA:1049,4
DA:1052,8
DA:1053,8
DA:1057,1
DA:1061,5
DA:1062,5
DA:1063,5
DA:1064,0
DA:1065,0
DA:1066,0
DA:1067,0
DA:1068,0
DA:1070,0
DA:1073,5
DA:1074,5
DA:1078,1
DA:1079,54
DA:1080,54
DA:1081,4
DA:1082,8
DA:1083,8
DA:1084,4
DA:1088,50
DA:1089,48
DA:1090,42
DA:1092,6
DA:1098,1
DA:1099,10
DA:1100,10
DA:1101,8
DA:1102,6
DA:1105,2
DA:1106,4
DA:1107,4
DA:1108,4
DA:1114,1
DA:1115,7
DA:1116,7
DA:1117,3
DA:1118,3
DA:1119,6
DA:1120,6
DA:1121,6
DA:1122,6
DA:1126,3
DA:1127,6
DA:1128,6
DA:1129,4
DA:1133,4
DA:1137,1
DA:1138,10
DA:1139,10
DA:1140,6
DA:1142,3
DA:1143,3
DA:1145,1
DA:1148,3
DA:1152,4
DA:1153,8
DA:1154,8
DA:1155,8
DA:1156,6
DA:1159,4
DA:1160,8
DA:1161,8
DA:1162,4
DA:1168,1
DA:1171,39
DA:1172,39
DA:1173,1
DA:1176,38
DA:1177,38
DA:1178,38
DA:1179,38
DA:1180,38
DA:1181,1
DA:1182,38
DA:1183,2
DA:1185,36
DA:1187,38
DA:1188,29
DA:1192,38
DA:1193,37
DA:1194,3
DA:1195,4
DA:1198,34
DA:1199,34
DA:1200,9
DA:1201,25
DA:1202,8
DA:1203,3
DA:1204,6
DA:1207,5
DA:1210,17
DA:1211,13
DA:1212,2
DA:1213,1
DA:1216,11
DA:1217,6
DA:1221,4
DA:1223,3
DA:1227,38
DA:1228,36
DA:1229,8
DA:1231,36
LF:684
LH:673
BRDA:12,1,0,512
BRDA:12,1,1,2669
BRDA:55,2,0,7
BRDA:55,2,1,6
BRDA:75,3,0,532
BRDA:75,3,1,22
BRDA:77,4,0,11
BRDA:77,4,1,521
BRDA:82,5,0,16
BRDA:82,5,1,6
BRDA:84,6,0,15
BRDA:84,6,1,1
BRDA:90,7,0,4
BRDA:90,7,1,2
BRDA:90,8,0,6
BRDA:90,8,1,5
BRDA:91,9,0,3
BRDA:91,9,1,1
BRDA:91,10,0,4
BRDA:91,10,1,2
BRDA:113,11,0,1
BRDA:113,11,1,2
BRDA:117,12,0,1
BRDA:117,12,1,1
BRDA:129,13,0,22
BRDA:129,13,1,6
BRDA:132,14,0,26
BRDA:132,14,1,12
BRDA:150,15,0,55
BRDA:150,15,1,104
BRDA:151,16,0,2
BRDA:151,16,1,53
BRDA:161,17,0,27
BRDA:161,17,1,77
BRDA:162,18,0,27
BRDA:162,18,1,27
BRDA:163,19,0,77
BRDA:163,19,1,77
BRDA:169,20,0,17
BRDA:169,20,1,39
BRDA:169,21,0,56
BRDA:169,21,1,56
BRDA:173,22,0,38
BRDA:173,22,1,1
BRDA:173,23,0,39
BRDA:173,23,1,39
BRDA:174,24,0,1
BRDA:174,24,1,37
BRDA:182,25,0,2
BRDA:182,25,1,43
BRDA:196,26,0,6
BRDA:196,26,1,20
BRDA:201,27,0,10
BRDA:201,27,1,30
BRDA:201,28,0,40
BRDA:201,28,1,12
BRDA:201,28,2,36
BRDA:204,29,0,36
BRDA:204,29,1,4
BRDA:204,30,0,40
BRDA:204,30,1,12
BRDA:204,30,2,36
BRDA:221,31,0,33
BRDA:221,31,1,92
BRDA:237,32,0,94
BRDA:237,32,1,28
BRDA:247,33,0,1
BRDA:247,33,1,121
BRDA:247,34,0,122
BRDA:247,34,1,17
BRDA:251,35,0,121
BRDA:251,35,1,121
BRDA:255,36,0,102
BRDA:255,36,1,19
BRDA:266,37,0,1
BRDA:266,37,1,33
BRDA:279,38,0,26
BRDA:279,38,1,9
BRDA:284,39,0,6
BRDA:284,39,1,11
BRDA:304,40,0,10
BRDA:304,40,1,112
BRDA:314,41,0,10
BRDA:314,41,1,102
BRDA:327,42,0,10
BRDA:327,42,1,0
BRDA:328,43,0,5
BRDA:328,43,1,5
BRDA:348,44,0,16
BRDA:348,44,1,16
BRDA:354,45,0,5
BRDA:354,45,1,2
BRDA:367,46,0,1
BRDA:367,46,1,19
BRDA:375,47,0,7
BRDA:375,47,1,13
BRDA:382,48,0,4
BRDA:382,48,1,9
BRDA:399,49,0,1
BRDA:399,49,1,19
BRDA:407,50,0,7
BRDA:407,50,1,13
BRDA:414,51,0,4
BRDA:414,51,1,9
BRDA:433,52,0,10
BRDA:433,52,1,10
BRDA:440,53,0,26
BRDA:440,53,1,21
BRDA:473,54,0,243
BRDA:473,54,1,227
BRDA:484,55,0,0
BRDA:484,55,1,34
BRDA:484,56,0,34
BRDA:484,56,1,5
BRDA:496,57,0,1
BRDA:496,57,1,2
BRDA:505,58,0,3
BRDA:505,58,1,28
BRDA:508,59,0,2
BRDA:508,59,1,4
BRDA:511,60,0,26
BRDA:511,60,1,2
BRDA:513,61,0,17
BRDA:513,61,1,9
BRDA:513,62,0,26
BRDA:513,62,1,17
BRDA:513,62,2,0
BRDA:527,63,0,1
BRDA:527,63,1,409
BRDA:527,64,0,410
BRDA:527,64,1,9
BRDA:538,65,0,409
BRDA:538,65,1,402
BRDA:539,66,0,389
BRDA:539,66,1,20
BRDA:544,67,0,274
BRDA:544,67,1,115
BRDA:544,68,0,389
BRDA:544,68,1,305
BRDA:544,68,2,44
BRDA:549,69,0,4
BRDA:549,69,1,16
BRDA:549,70,0,20
BRDA:549,70,1,8
BRDA:568,71,0,1
BRDA:568,71,1,82
BRDA:577,72,0,61
BRDA:577,72,1,20
BRDA:578,73,0,42
BRDA:578,73,1,39
BRDA:613,74,0,1
BRDA:613,74,1,64
BRDA:641,75,0,1
BRDA:641,75,1,17
BRDA:660,76,0,1
BRDA:660,76,1,30
BRDA:664,77,0,14
BRDA:664,77,1,15
BRDA:664,78,0,29
BRDA:664,78,1,29
BRDA:680,79,0,248
BRDA:680,79,1,167
BRDA:682,80,0,239
BRDA:682,80,1,9
BRDA:684,81,0,13
BRDA:684,81,1,226
BRDA:686,82,0,12
BRDA:686,82,1,1
BRDA:686,83,0,13
BRDA:686,83,1,12
BRDA:695,84,0,2
BRDA:695,84,1,236
BRDA:697,85,0,9
BRDA:697,85,1,227
BRDA:697,86,0,236
BRDA:697,86,1,11
BRDA:700,87,0,7
BRDA:700,87,1,2
BRDA:709,88,0,1
BRDA:709,88,1,8
BRDA:712,89,0,1
BRDA:712,89,1,7
BRDA:722,90,0,24
BRDA:722,90,1,129
BRDA:725,91,0,36
BRDA:725,91,1,93
BRDA:729,92,0,8
BRDA:729,92,1,85
BRDA:745,93,0,4
BRDA:745,93,1,6
BRDA:758,94,0,1
BRDA:758,94,1,5
BRDA:767,95,0,1
BRDA:767,95,1,0
BRDA:774,96,0,10
BRDA:774,96,1,996
BRDA:785,97,0,1
BRDA:785,97,1,8
BRDA:785,98,0,9
BRDA:785,98,1,9
BRDA:794,99,0,117
BRDA:794,99,1,879
BRDA:796,100,0,113
BRDA:796,100,1,4
BRDA:799,101,0,2
BRDA:799,101,1,2
BRDA:804,102,0,21
BRDA:804,102,1,858
BRDA:819,103,0,4
BRDA:819,103,1,854
BRDA:825,104,0,38
BRDA:825,104,1,816
BRDA:832,105,0,180
BRDA:832,105,1,636
BRDA:832,106,0,816
BRDA:832,106,1,746
BRDA:839,107,0,270
BRDA:839,107,1,92
BRDA:849,108,0,88
BRDA:849,108,1,92
BRDA:849,109,0,180
BRDA:849,109,1,110
BRDA:868,110,0,351
BRDA:868,110,1,301
BRDA:884,111,0,167
BRDA:884,111,1,184
BRDA:884,112,0,351
BRDA:884,112,1,316
BRDA:888,113,0,351
BRDA:888,113,1,195
BRDA:889,114,0,351
BRDA:889,114,1,185
BRDA:889,114,2,177
BRDA:895,115,0,35
BRDA:895,115,1,316
BRDA:896,116,0,16
BRDA:896,116,1,19
BRDA:896,117,0,35
BRDA:896,117,1,27
BRDA:901,118,0,169
BRDA:901,118,1,147
BRDA:901,119,0,316
BRDA:901,119,1,149
BRDA:901,119,2,147
BRDA:902,120,0,169
BRDA:902,120,1,167
BRDA:903,121,0,169
BRDA:903,121,1,51
BRDA:904,122,0,169
BRDA:904,122,1,161
BRDA:905,123,0,26
BRDA:905,123,1,143
BRDA:905,124,0,169
BRDA:905,124,1,51
BRDA:905,124,2,51
BRDA:907,125,0,90
BRDA:907,125,1,53
BRDA:910,126,0,53
BRDA:910,126,1,0
BRDA:910,127,0,53
BRDA:910,127,1,23
BRDA:910,127,2,23
BRDA:911,128,0,53
BRDA:911,128,1,51
BRDA:911,128,2,4
BRDA:914,129,0,23
BRDA:914,129,1,30
BRDA:922,130,0,325
BRDA:922,130,1,26
BRDA:923,131,0,12
BRDA:923,131,1,313
BRDA:923,132,0,325
BRDA:923,132,1,175
BRDA:923,132,2,317
BRDA:930,133,0,156
BRDA:930,133,1,195
BRDA:935,134,0,195
BRDA:935,134,1,156
BRDA:935,135,0,351
BRDA:935,135,1,339
BRDA:940,136,0,194
BRDA:940,136,1,157
BRDA:944,137,0,156
BRDA:944,137,1,195
BRDA:945,138,0,2
BRDA:945,138,1,154
BRDA:945,139,0,156
BRDA:945,139,1,2
BRDA:953,140,0,238
BRDA:953,140,1,113
BRDA:958,141,0,159
BRDA:958,141,1,192
BRDA:959,142,0,12
BRDA:959,142,1,147
BRDA:960,143,0,12
BRDA:960,143,1,147
BRDA:986,144,0,5
BRDA:986,144,1,0
BRDA:998,145,0,4
BRDA:998,145,1,5
BRDA:1042,146,0,4
BRDA:1042,146,1,8
BRDA:1052,147,0,1
BRDA:1052,147,1,7
BRDA:1063,148,0,0
BRDA:1063,148,1,5
BRDA:1073,149,0,1
BRDA:1073,149,1,4
BRDA:1083,150,0,4
BRDA:1083,150,1,4
BRDA:1088,151,0,48
BRDA:1088,151,1,2
BRDA:1088,152,0,50
BRDA:1088,152,1,27
BRDA:1089,153,0,42
BRDA:1089,153,1,6
BRDA:1089,154,0,48
BRDA:1089,154,1,48
BRDA:1089,154,2,42
BRDA:1089,154,3,1
BRDA:1101,155,0,6
BRDA:1101,155,1,2
BRDA:1101,156,0,8
BRDA:1101,156,1,3
BRDA:1107,157,0,4
BRDA:1107,157,1,0
BRDA:1117,158,0,3
BRDA:1117,158,1,0
BRDA:1121,159,0,6
BRDA:1121,159,1,0
BRDA:1128,160,0,4
BRDA:1128,160,1,2
BRDA:1140,161,0,3
BRDA:1140,161,1,3
BRDA:1155,162,0,6
BRDA:1155,162,1,2
BRDA:1161,163,0,4
BRDA:1161,163,1,4
BRDA:1172,164,0,1
BRDA:1172,164,1,38
BRDA:1172,165,0,39
BRDA:1172,165,1,9
BRDA:1182,166,0,2
BRDA:1182,166,1,36
BRDA:1187,167,0,29
BRDA:1187,167,1,9
BRDA:1193,168,0,3
BRDA:1193,168,1,34
BRDA:1199,169,0,9
BRDA:1199,169,1,25
BRDA:1201,170,0,8
BRDA:1201,170,1,17
BRDA:1202,171,0,3
BRDA:1202,171,1,5
BRDA:1210,172,0,13
BRDA:1210,172,1,4
BRDA:1211,173,0,2
BRDA:1211,173,1,11
BRDA:1211,174,0,13
BRDA:1211,174,1,12
BRDA:1211,174,2,2
BRDA:1211,174,3,1
BRDA:1228,175,0,8
BRDA:1228,175,1,28
BRF:364
BRH:354
end_of_record
