TN:
SF:/home/andreas/work/unexpected/lib/AssertionString.js
FN:1,AssertionString
FNF:1
FNH:1
FNDA:348,AssertionString
DA:1,11
DA:2,348
LF:2
LH:2
BRF:0
BRH:0
end_of_record
TN:
SF:/home/andreas/work/unexpected/lib/Unexpected.js
FN:18,isAssertionArg
FN:26,(anonymous_2)
FN:30,(anonymous_3)
FN:38,(anonymous_4)
FN:42,(anonymous_5)
FN:67,Unexpected
FN:84,(anonymous_7)
FN:85,(anonymous_8)
FN:89,(anonymous_9)
FN:90,(anonymous_10)
FN:94,(anonymous_11)
FN:113,getOrGroups
FN:115,(anonymous_13)
FN:125,evaluateGroup
FN:126,(anonymous_15)
FN:131,(anonymous_16)
FN:138,writeGroupEvaluationsToOutput
FN:140,(anonymous_18)
FN:143,(anonymous_19)
FN:154,(anonymous_20)
FN:167,(anonymous_21)
FN:178,(anonymous_22)
FN:180,(anonymous_23)
FN:184,(anonymous_24)
FN:185,(anonymous_25)
FN:199,createExpectIt
FN:202,expectIt
FN:205,(anonymous_28)
FN:207,(anonymous_29)
FN:213,(anonymous_30)
FN:214,(anonymous_31)
FN:215,(anonymous_32)
FN:222,(anonymous_33)
FN:223,(anonymous_34)
FN:227,(anonymous_35)
FN:236,(anonymous_36)
FN:241,(anonymous_37)
FN:249,(anonymous_38)
FN:253,(anonymous_39)
FN:266,(anonymous_40)
FN:271,(anonymous_41)
FN:274,(anonymous_42)
FN:285,(anonymous_43)
FN:302,(anonymous_44)
FN:304,createPermutations
FN:310,(anonymous_46)
FN:313,(anonymous_47)
FN:334,(anonymous_48)
FN:336,(anonymous_49)
FN:352,(anonymous_50)
FN:357,lookupType
FN:365,parseType
FN:366,(anonymous_53)
FN:380,hasVarargs
FN:381,(anonymous_55)
FN:385,(anonymous_56)
FN:421,(anonymous_57)
FN:428,(anonymous_58)
FN:429,(anonymous_59)
FN:437,(anonymous_60)
FN:445,(anonymous_61)
FN:456,(anonymous_62)
FN:474,(anonymous_63)
FN:487,(anonymous_64)
FN:504,(anonymous_65)
FN:507,(anonymous_66)
FN:532,compareSpecificities
FN:542,calculateAssertionSpecificity
FN:543,(anonymous_69)
FN:552,(anonymous_70)
FN:563,(anonymous_71)
FN:578,(anonymous_72)
FN:580,(anonymous_73)
FN:583,(anonymous_74)
FN:584,(anonymous_75)
FN:601,(anonymous_76)
FN:621,(anonymous_77)
FN:637,(anonymous_78)
FN:649,(anonymous_79)
FN:654,(anonymous_80)
FN:659,(anonymous_81)
FN:666,(anonymous_82)
FN:669,(anonymous_83)
FN:675,(anonymous_84)
FN:682,(anonymous_85)
FN:702,(anonymous_86)
FN:706,(anonymous_87)
FN:710,(anonymous_88)
FN:711,(anonymous_89)
FN:756,(anonymous_90)
FN:757,(anonymous_91)
FN:781,(anonymous_92)
FN:782,(anonymous_93)
FN:790,installExpectMethods
FN:796,(anonymous_95)
FN:829,calculateLimits
FN:830,(anonymous_97)
FN:837,(anonymous_98)
FN:841,(anonymous_99)
FN:842,(anonymous_100)
FN:845,(anonymous_101)
FN:851,(anonymous_102)
FN:855,(anonymous_103)
FN:866,compareAssertions
FN:882,(anonymous_105)
FN:891,(anonymous_106)
FN:902,(anonymous_107)
FN:904,(anonymous_108)
FN:915,(anonymous_109)
FN:922,(anonymous_110)
FN:933,findTypeOf
FN:942,matches
FN:949,(anonymous_113)
FN:959,matchesHandler
FN:976,(anonymous_115)
FN:1002,makeExpectFunction
FN:1008,(anonymous_117)
FN:1012,expect
FN:1019,(anonymous_119)
FN:1021,(anonymous_120)
FN:1031,executeExpect
FN:1053,(anonymous_122)
FN:1060,(anonymous_123)
FN:1062,(anonymous_124)
FN:1066,(anonymous_125)
FN:1074,(anonymous_126)
FN:1090,(anonymous_127)
FN:1093,(anonymous_128)
FN:1099,(anonymous_129)
FN:1122,(anonymous_130)
FN:1148,(anonymous_131)
FN:1151,asyncMisusage
FN:1153,(anonymous_133)
FN:1168,(anonymous_134)
FN:1187,(anonymous_135)
FN:1190,(anonymous_136)
FN:1197,(anonymous_137)
FN:1212,(anonymous_138)
FN:1214,(anonymous_139)
FN:1216,(anonymous_140)
FN:1221,(anonymous_141)
FN:1227,(anonymous_142)
FN:1228,(anonymous_143)
FN:1236,(anonymous_144)
FN:1242,(anonymous_145)
FN:1244,(anonymous_146)
FN:1259,(anonymous_147)
FN:1268,(anonymous_148)
FN:1271,(anonymous_149)
FN:1277,(anonymous_150)
FN:1282,(anonymous_151)
FN:1283,isFlag
FN:1286,isAlternation
FN:1289,removeEmptyStrings
FN:1290,(anonymous_155)
FN:1294,createPermutations
FN:1303,(anonymous_157)
FN:1311,(anonymous_158)
FN:1324,(anonymous_159)
FN:1325,(anonymous_160)
FN:1335,(anonymous_161)
FN:1344,(anonymous_162)
FN:1358,(anonymous_163)
FN:1370,ensureValidUseOfParenthesesOrBrackets
FNF:164
FNH:163
FNDA:128,isAssertionArg
FNDA:74,(anonymous_2)
FNDA:3,(anonymous_3)
FNDA:373,(anonymous_4)
FNDA:173062,(anonymous_5)
FNDA:543,Unexpected
FNDA:420,(anonymous_7)
FNDA:7626,(anonymous_8)
FNDA:46672,(anonymous_9)
FNDA:477973,(anonymous_10)
FNDA:6004,(anonymous_11)
FNDA:214,getOrGroups
FNDA:362,(anonymous_13)
FNDA:245,evaluateGroup
FNDA:303,(anonymous_15)
FNDA:303,(anonymous_16)
FNDA:181,writeGroupEvaluationsToOutput
FNDA:205,(anonymous_18)
FNDA:214,(anonymous_19)
FNDA:253,(anonymous_20)
FNDA:214,(anonymous_21)
FNDA:39,(anonymous_22)
FNDA:39,(anonymous_23)
FNDA:10,(anonymous_24)
FNDA:10,(anonymous_25)
FNDA:214,createExpectIt
FNDA:212,expectIt
FNDA:245,(anonymous_28)
FNDA:303,(anonymous_29)
FNDA:211,(anonymous_30)
FNDA:242,(anonymous_31)
FNDA:300,(anonymous_32)
FNDA:235,(anonymous_33)
FNDA:283,(anonymous_34)
FNDA:181,(anonymous_35)
FNDA:40,(anonymous_36)
FNDA:31,(anonymous_37)
FNDA:143,(anonymous_38)
FNDA:4735,(anonymous_39)
FNDA:707,(anonymous_40)
FNDA:5780,(anonymous_41)
FNDA:9342,(anonymous_42)
FNDA:3562,(anonymous_43)
FNDA:1544,(anonymous_44)
FNDA:2681,createPermutations
FNDA:1427,(anonymous_46)
FNDA:313,(anonymous_47)
FNDA:1658,(anonymous_48)
FNDA:1597,(anonymous_49)
FNDA:1555,(anonymous_50)
FNDA:3022,lookupType
FNDA:2892,parseType
FNDA:3022,(anonymous_53)
FNDA:1703,hasVarargs
FNDA:1817,(anonymous_55)
FNDA:4259,(anonymous_56)
FNDA:1332,(anonymous_57)
FNDA:1699,(anonymous_58)
FNDA:1813,(anonymous_59)
FNDA:1189,(anonymous_60)
FNDA:244,(anonymous_61)
FNDA:1985,(anonymous_62)
FNDA:181,(anonymous_63)
FNDA:1385,(anonymous_64)
FNDA:49,(anonymous_65)
FNDA:93,(anonymous_66)
FNDA:4957,compareSpecificities
FNDA:4499,calculateAssertionSpecificity
FNDA:4807,(anonymous_69)
FNDA:1422,(anonymous_70)
FNDA:1541,(anonymous_71)
FNDA:1537,(anonymous_72)
FNDA:1988,(anonymous_73)
FNDA:4499,(anonymous_74)
FNDA:4296,(anonymous_75)
FNDA:4499,(anonymous_76)
FNDA:420,(anonymous_77)
FNDA:4261,(anonymous_78)
FNDA:3,(anonymous_79)
FNDA:1,(anonymous_80)
FNDA:40,(anonymous_81)
FNDA:8,(anonymous_82)
FNDA:8,(anonymous_83)
FNDA:286,(anonymous_84)
FNDA:9956,(anonymous_85)
FNDA:187,(anonymous_86)
FNDA:33,(anonymous_87)
FNDA:66,(anonymous_88)
FNDA:143,(anonymous_89)
FNDA:8,(anonymous_90)
FNDA:26,(anonymous_91)
FNDA:2564,(anonymous_92)
FNDA:697,(anonymous_93)
FNDA:543,installExpectMethods
FNDA:130,(anonymous_95)
FNDA:26203,calculateLimits
FNDA:20389,(anonymous_97)
FNDA:56,(anonymous_98)
FNDA:83,(anonymous_99)
FNDA:83,(anonymous_100)
FNDA:83,(anonymous_101)
FNDA:182,(anonymous_102)
FNDA:137,(anonymous_103)
FNDA:56,compareAssertions
FNDA:1985,(anonymous_105)
FNDA:14649,(anonymous_106)
FNDA:110,(anonymous_107)
FNDA:56,(anonymous_108)
FNDA:24,(anonymous_109)
FNDA:15443,(anonymous_110)
FNDA:62182,findTypeOf
FNDA:62773,matches
FNDA:399,(anonymous_113)
FNDA:48921,matchesHandler
FNDA:13852,(anonymous_115)
FNDA:543,makeExpectFunction
FNDA:1188,(anonymous_117)
FNDA:3819,expect
FNDA:2,(anonymous_119)
FNDA:1,(anonymous_120)
FNDA:15078,executeExpect
FNDA:11269,(anonymous_122)
FNDA:2,(anonymous_123)
FNDA:1,(anonymous_124)
FNDA:4774,(anonymous_125)
FNDA:11264,(anonymous_126)
FNDA:2056,(anonymous_127)
FNDA:8637,(anonymous_128)
FNDA:1397,(anonymous_129)
FNDA:141,(anonymous_130)
FNDA:10,(anonymous_131)
FNDA:7,asyncMisusage
FNDA:14,(anonymous_133)
FNDA:8,(anonymous_134)
FNDA:2,(anonymous_135)
FNDA:0,(anonymous_136)
FNDA:1267,(anonymous_137)
FNDA:552,(anonymous_138)
FNDA:771,(anonymous_139)
FNDA:1895,(anonymous_140)
FNDA:6,(anonymous_141)
FNDA:1076,(anonymous_142)
FNDA:2306,(anonymous_143)
FNDA:742,(anonymous_144)
FNDA:532,(anonymous_145)
FNDA:94777,(anonymous_146)
FNDA:1722,(anonymous_147)
FNDA:3070,(anonymous_148)
FNDA:5703,(anonymous_149)
FNDA:11,(anonymous_150)
FNDA:11,(anonymous_151)
FNDA:4357,isFlag
FNDA:2880,isAlternation
FNDA:1975,removeEmptyStrings
FNDA:5529,(anonymous_155)
FNDA:6332,createPermutations
FNDA:1876,(anonymous_157)
FNDA:1876,(anonymous_158)
FNDA:787,(anonymous_159)
FNDA:1029,(anonymous_160)
FNDA:4066,(anonymous_161)
FNDA:1975,(anonymous_162)
FNDA:4503,(anonymous_163)
FNDA:1988,ensureValidUseOfParenthesesOrBrackets
DA:1,11
DA:2,11
DA:3,11
DA:4,11
DA:5,11
DA:6,11
DA:7,11
DA:8,11
DA:9,11
DA:10,11
DA:11,11
DA:12,11
DA:13,11
DA:14,11
DA:15,11
DA:16,11
DA:18,12
DA:19,128
DA:22,11
DA:27,74
DA:31,3
DA:32,2
DA:35,1
DA:39,373
DA:43,173062
DA:44,173062
DA:45,78858
DA:47,94204
DA:50,173062
DA:51,173062
DA:52,172341
DA:55,721
DA:56,721
DA:57,54
DA:58,667
DA:59,624
DA:61,721
DA:62,721
DA:67,12
DA:68,543
DA:69,543
DA:70,543
DA:71,543
DA:72,543
DA:73,532
DA:75,11
DA:76,11
DA:77,11
DA:79,543
DA:80,543
DA:83,543
DA:84,543
DA:85,420
DA:86,7626
DA:89,543
DA:90,46672
DA:91,477973
DA:94,543
DA:95,6004
DA:96,6004
DA:97,6004
DA:98,12871
DA:99,12871
DA:101,6004
DA:102,6004
DA:103,6411
DA:104,6004
DA:106,407
DA:109,543
DA:112,11
DA:113,12
DA:114,214
DA:115,214
DA:116,362
DA:117,43
DA:119,319
DA:122,214
DA:125,12
DA:126,245
DA:127,303
DA:128,303
DA:129,303
DA:132,303
DA:138,12
DA:139,181
DA:140,181
DA:141,205
DA:143,181
DA:144,214
DA:145,33
DA:146,12
DA:148,21
DA:150,33
DA:153,214
DA:154,214
DA:155,253
DA:156,39
DA:158,253
DA:159,253
DA:160,214
DA:161,214
DA:163,214
DA:164,82
DA:167,214
DA:168,214
DA:171,39
DA:172,8
DA:174,31
DA:177,39
DA:178,39
DA:179,39
DA:180,39
DA:181,39
DA:183,39
DA:184,39
DA:185,10
DA:186,10
DA:189,39
DA:190,39
DA:199,12
DA:200,214
DA:202,12
DA:203,212
DA:204,212
DA:205,212
DA:206,245
DA:207,245
DA:208,303
DA:210,245
DA:213,212
DA:214,211
DA:215,242
DA:216,300
DA:217,2
DA:222,209
DA:223,235
DA:224,283
DA:227,84
DA:228,181
DA:233,214
DA:234,214
DA:235,214
DA:236,214
DA:237,40
DA:238,40
DA:239,40
DA:241,214
DA:242,31
DA:243,31
DA:244,31
DA:246,214
DA:249,11
DA:250,143
DA:253,11
DA:254,4735
DA:256,4735
DA:257,4735
DA:259,2
DA:260,2
DA:261,1
DA:263,1
DA:266,4734
DA:267,707
DA:271,11
DA:272,5780
DA:273,5780
DA:274,5780
DA:275,9342
DA:276,9342
DA:277,19
DA:280,9323
DA:281,9323
DA:282,6
DA:285,9317
DA:286,3562
DA:287,3562
DA:288,3562
DA:289,3313
DA:291,3562
DA:292,3562
DA:293,3562
DA:297,5780
DA:298,5780
DA:299,5780
DA:302,11
DA:303,1544
DA:304,12
DA:305,2681
DA:306,1267
DA:309,1414
DA:310,1414
DA:311,1427
DA:312,1427
DA:313,160
DA:314,313
DA:316,1267
DA:317,243
DA:321,243
DA:324,243
DA:325,87
DA:328,1024
DA:331,1414
DA:333,1544
DA:334,1544
DA:335,1658
DA:336,1254
DA:337,1597
DA:343,404
DA:349,1544
DA:352,11
DA:353,1555
DA:354,1555
DA:355,1555
DA:357,12
DA:358,3022
DA:359,3022
DA:360,1
DA:362,3021
DA:365,12
DA:366,2892
DA:367,3022
DA:368,3022
DA:369,0
DA:371,3022
DA:372,3022
DA:380,12
DA:381,1703
DA:382,1817
DA:385,1555
DA:386,4259
DA:387,1
DA:389,4258
DA:390,2702
DA:392,1556
DA:394,4257
DA:397,1553
DA:398,1553
DA:399,95
DA:405,1458
DA:412,1553
DA:413,1
DA:415,1552
DA:416,1
DA:418,1551
DA:419,1
DA:421,1550
DA:422,1
DA:425,1549
DA:426,1
DA:428,1548
DA:429,1699
DA:430,1813
DA:433,2
DA:436,1546
DA:437,1546
DA:438,1189
DA:441,1546
DA:442,1
DA:445,1545
DA:446,244
DA:448,1
DA:451,1544
DA:454,11
DA:455,11
DA:456,11
DA:457,1985
DA:458,36
DA:459,36
DA:462,1949
DA:463,3
DA:466,1946
DA:467,1946
DA:468,142
DA:469,142
DA:470,1804
DA:471,845
DA:472,138
DA:474,845
DA:475,181
DA:476,176
DA:477,1
DA:478,175
DA:479,173
DA:481,2
DA:484,5
DA:487,845
DA:488,1385
DA:489,1385
DA:490,777
DA:491,608
DA:492,470
DA:496,959
DA:497,959
DA:498,22
DA:499,22
DA:500,13
DA:503,959
DA:504,959
DA:505,49
DA:506,49
DA:507,49
DA:508,93
DA:509,93
DA:510,22
DA:511,22
DA:512,20
DA:513,20
DA:514,2
DA:516,18
DA:519,2
DA:523,71
DA:529,1946
DA:532,12
DA:533,4957
DA:534,8057
DA:535,8057
DA:536,3511
DA:539,1446
DA:542,12
DA:543,4499
DA:544,4807
DA:546,4807
DA:552,11
DA:553,1422
DA:554,4
DA:555,4
DA:556,2
DA:560,4
DA:562,1418
DA:563,1418
DA:564,1541
DA:565,1
DA:567,1540
DA:568,3
DA:573,1414
DA:574,1414
DA:576,1414
DA:577,1414
DA:578,1414
DA:579,1537
DA:580,1537
DA:581,1988
DA:582,1975
DA:583,1974
DA:584,4499
DA:585,4296
DA:588,4499
DA:601,1400
DA:603,4499
DA:605,4499
DA:606,4499
DA:607,4499
DA:608,2182
DA:610,2317
DA:611,2317
DA:612,3104
DA:614,2317
DA:618,1400
DA:621,11
DA:622,420
DA:623,420
DA:624,420
DA:625,4
DA:628,416
DA:629,3
DA:632,413
DA:633,2
DA:636,411
DA:637,280
DA:638,4261
DA:641,280
DA:642,1
DA:645,131
DA:648,410
DA:649,410
DA:650,3
DA:651,1
DA:654,2
DA:655,1
DA:659,410
DA:660,40
DA:661,1
DA:664,39
DA:667,8
DA:670,8
DA:675,410
DA:676,286
DA:679,410
DA:680,410
DA:682,410
DA:683,9956
DA:684,1
DA:686,9955
DA:689,410
DA:690,33
DA:692,377
DA:695,410
DA:696,410
DA:697,410
DA:699,410
DA:702,11
DA:703,187
DA:706,11
DA:707,33
DA:710,11
DA:711,66
DA:712,143
DA:713,4
DA:714,139
DA:715,58
DA:716,58
DA:718,81
DA:722,66
DA:723,9
DA:725,5
DA:727,4
DA:738,57
DA:741,1
DA:750,56
DA:751,1
DA:754,55
DA:755,5
DA:756,5
DA:757,8
DA:758,26
DA:762,5
DA:763,1
DA:764,4
DA:765,2
DA:771,52
DA:772,52
DA:773,38
DA:775,14
DA:778,52
DA:781,11
DA:782,2564
DA:783,697
DA:784,696
DA:788,11
DA:790,12
DA:791,543
DA:792,543
DA:793,543
DA:794,543
DA:795,543
DA:796,543
DA:797,130
DA:798,130
DA:800,130
DA:801,127
DA:803,130
DA:807,543
DA:808,543
DA:809,543
DA:810,543
DA:811,543
DA:812,543
DA:813,543
DA:814,543
DA:815,543
DA:816,543
DA:817,543
DA:818,543
DA:819,543
DA:820,543
DA:821,543
DA:822,543
DA:824,543
DA:826,543
DA:829,12
DA:830,26203
DA:831,20389
DA:832,20389
DA:833,20389
DA:837,11
DA:838,56
DA:839,56
DA:840,45
DA:842,83
DA:843,83
DA:845,83
DA:846,83
DA:848,83
DA:850,83
DA:851,83
DA:852,182
DA:853,182
DA:855,83
DA:856,137
DA:862,11
DA:863,11
DA:864,11
DA:866,12
DA:867,56
DA:868,56
DA:869,56
DA:870,16
DA:872,40
DA:873,4
DA:875,36
DA:876,0
DA:879,36
DA:882,11
DA:883,1985
DA:885,1985
DA:891,11
DA:892,14649
DA:893,14649
DA:894,10110
DA:897,4539
DA:898,1810
DA:900,2729
DA:903,110
DA:905,56
DA:906,56
DA:907,30
DA:910,26
DA:913,11
DA:916,24
DA:922,11
DA:923,15443
DA:924,15443
DA:925,2
DA:927,15441
DA:928,15441
DA:929,236
DA:931,15205
DA:933,12
DA:934,62182
DA:935,62182
DA:936,23689
DA:937,23689
DA:939,62182
DA:942,12
DA:943,62773
DA:944,313
DA:947,62460
DA:948,278
DA:949,14
DA:950,399
DA:953,264
DA:955,62182
DA:959,12
DA:960,48921
DA:961,22615
DA:963,26306
DA:964,103
DA:967,26203
DA:969,26203
DA:970,5908
DA:971,20295
DA:972,6854
DA:975,13441
DA:976,13441
DA:977,13852
DA:978,771
DA:980,13081
DA:985,15205
DA:986,15205
DA:987,48690
DA:988,48690
DA:989,15096
DA:992,109
DA:993,231
DA:994,231
DA:995,0
DA:999,109
DA:1002,12
DA:1003,543
DA:1004,543
DA:1005,543
DA:1008,11
DA:1009,1188
DA:1012,11
DA:1013,3819
DA:1014,3819
DA:1015,1
DA:1016,3818
DA:1017,2
DA:1018,3816
DA:1019,2
DA:1020,2
DA:1022,1
DA:1026,3814
DA:1031,12
DA:1032,15078
DA:1034,15076
DA:1035,83
DA:1036,83
DA:1037,253
DA:1038,253
DA:1039,253
DA:1040,253
DA:1042,27
DA:1043,27
DA:1044,27
DA:1047,83
DA:1048,56
DA:1052,15020
DA:1053,15020
DA:1054,11269
DA:1055,1
DA:1056,11268
DA:1057,2
DA:1058,11266
DA:1059,2
DA:1060,2
DA:1061,2
DA:1063,1
DA:1066,11264
DA:1067,4774
DA:1070,11264
DA:1071,11264
DA:1072,5485
DA:1074,11264
DA:1075,11264
DA:1079,15020
DA:1081,15020
DA:1082,15020
DA:1083,15020
DA:1084,15020
DA:1085,15020
DA:1086,15020
DA:1087,15020
DA:1088,15020
DA:1090,15020
DA:1091,2056
DA:1093,15020
DA:1094,8637
DA:1095,8637
DA:1096,348
DA:1099,8289
DA:1100,1397
DA:1106,15020
DA:1107,0
DA:1108,0
DA:1111,15020
DA:1114,3814
DA:1115,3814
DA:1116,3162
DA:1118,3814
DA:1119,3814
DA:1120,2904
DA:1121,368
DA:1122,368
DA:1123,141
DA:1124,140
DA:1126,141
DA:1129,2536
DA:1130,2536
DA:1131,1531
DA:1134,2904
DA:1136,910
DA:1137,893
DA:1138,893
DA:1139,0
DA:1141,893
DA:1142,892
DA:1144,17
DA:1148,11
DA:1149,10
DA:1151,12
DA:1152,7
DA:1153,7
DA:1154,14
DA:1164,10
DA:1165,2
DA:1168,8
DA:1169,8
DA:1170,1
DA:1172,7
DA:1174,7
DA:1175,2
DA:1178,5
DA:1179,5
DA:1180,5
DA:1182,5
DA:1184,4
DA:1185,2
DA:1187,2
DA:1188,2
DA:1189,2
DA:1191,0
DA:1192,0
DA:1197,11
DA:1198,1267
DA:1199,1267
DA:1201,1267
DA:1202,1267
DA:1203,1267
DA:1205,4
DA:1206,4
DA:1207,1
DA:1209,3
DA:1212,1266
DA:1213,552
DA:1215,771
DA:1217,1895
DA:1221,11
DA:1222,6
DA:1224,6
DA:1225,6
DA:1226,6
DA:1227,6
DA:1228,1076
DA:1229,2306
DA:1230,742
DA:1231,742
DA:1236,6
DA:1237,742
DA:1239,6
DA:1242,11
DA:1243,532
DA:1244,532
DA:1245,94777
DA:1247,532
DA:1256,532
DA:1259,11
DA:1260,1722
DA:1261,1720
DA:1263,2
DA:1264,2
DA:1268,11
DA:1269,3070
DA:1270,3070
DA:1271,3070
DA:1272,5703
DA:1274,3070
DA:1277,11
DA:1278,11
DA:1279,11
DA:1282,11
DA:1283,12
DA:1284,4357
DA:1286,12
DA:1287,2880
DA:1289,12
DA:1290,1975
DA:1291,5529
DA:1294,12
DA:1295,6332
DA:1296,1975
DA:1299,4357
DA:1300,4357
DA:1301,4357
DA:1302,1477
DA:1303,1477
DA:1304,1876
DA:1305,1876
DA:1306,1876
DA:1312,1876
DA:1313,1876
DA:1314,1876
DA:1320,2880
DA:1321,300
DA:1325,787
DA:1326,1029
DA:1335,2580
DA:1336,4066
DA:1344,11
DA:1345,1975
DA:1346,1975
DA:1347,1975
DA:1348,1975
DA:1349,1975
DA:1350,1975
DA:1351,1777
DA:1352,1777
DA:1353,1777
DA:1355,1975
DA:1356,1975
DA:1357,1975
DA:1358,1975
DA:1359,4503
DA:1360,4503
DA:1362,1
DA:1365,1974
DA:1370,12
DA:1371,1988
DA:1377,1988
DA:1378,50423
DA:1379,50423
DA:1380,3584
DA:1382,50423
DA:1383,1482
DA:1384,2
DA:1387,1480
DA:1388,2
DA:1391,1478
DA:1392,1
DA:1394,48941
DA:1395,304
DA:1396,2
DA:1399,302
DA:1400,2
DA:1405,1979
DA:1406,2
DA:1409,1977
DA:1410,2
DA:1414,11
LF:800
LH:792
BRDA:31,1,0,2
BRDA:31,1,1,1
BRDA:31,2,0,3
BRDA:31,2,1,2
BRDA:44,3,0,78858
BRDA:44,3,1,94204
BRDA:51,4,0,172341
BRDA:51,4,1,721
BRDA:56,5,0,54
BRDA:56,5,1,667
BRDA:58,6,0,624
BRDA:58,6,1,43
BRDA:68,7,0,543
BRDA:68,7,1,11
BRDA:69,8,0,543
BRDA:69,8,1,11
BRDA:70,9,0,543
BRDA:70,9,1,11
BRDA:71,10,0,543
BRDA:71,10,1,11
BRDA:72,11,0,532
BRDA:72,11,1,11
BRDA:79,12,0,543
BRDA:79,12,1,11
BRDA:80,13,0,543
BRDA:80,13,1,11
BRDA:90,14,0,46672
BRDA:90,14,1,0
BRDA:103,15,0,6004
BRDA:103,15,1,407
BRDA:116,16,0,43
BRDA:116,16,1,319
BRDA:144,17,0,33
BRDA:144,17,1,181
BRDA:145,18,0,12
BRDA:145,18,1,21
BRDA:155,19,0,39
BRDA:155,19,1,214
BRDA:159,20,0,214
BRDA:159,20,1,39
BRDA:159,21,0,253
BRDA:159,21,1,222
BRDA:163,22,0,82
BRDA:163,22,1,132
BRDA:163,23,0,214
BRDA:163,23,1,172
BRDA:171,24,0,8
BRDA:171,24,1,31
BRDA:216,25,0,2
BRDA:216,25,1,298
BRDA:216,26,0,300
BRDA:216,26,1,126
BRDA:222,27,0,84
BRDA:222,27,1,125
BRDA:256,28,0,707
BRDA:256,28,1,4028
BRDA:257,29,0,2
BRDA:257,29,1,4733
BRDA:259,30,0,2
BRDA:259,30,1,1
BRDA:260,31,0,1
BRDA:260,31,1,1
BRDA:276,32,0,19
BRDA:276,32,1,9323
BRDA:276,33,0,9342
BRDA:276,33,1,41
BRDA:276,33,2,19
BRDA:280,34,0,9323
BRDA:280,34,1,0
BRDA:281,35,0,6
BRDA:281,35,1,9317
BRDA:288,36,0,3313
BRDA:288,36,1,249
BRDA:291,37,0,3562
BRDA:291,37,1,3512
BRDA:297,38,0,0
BRDA:297,38,1,5780
BRDA:298,39,0,5780
BRDA:298,39,1,77
BRDA:299,40,0,5780
BRDA:299,40,1,5661
BRDA:299,41,0,842
BRDA:299,41,1,4938
BRDA:305,42,0,1267
BRDA:305,42,1,1414
BRDA:312,43,0,160
BRDA:312,43,1,1267
BRDA:316,44,0,243
BRDA:316,44,1,1024
BRDA:324,45,0,87
BRDA:324,45,1,156
BRDA:335,46,0,1254
BRDA:335,46,1,404
BRDA:359,47,0,1
BRDA:359,47,1,3021
BRDA:368,48,0,0
BRDA:368,48,1,3022
BRDA:373,49,0,2796
BRDA:373,49,1,226
BRDA:373,50,0,3022
BRDA:373,50,1,342
BRDA:374,51,0,220
BRDA:374,51,1,2802
BRDA:374,52,0,3022
BRDA:374,52,1,2918
BRDA:382,53,0,1817
BRDA:382,53,1,1815
BRDA:386,54,0,1
BRDA:386,54,1,4258
BRDA:389,55,0,2702
BRDA:389,55,1,1556
BRDA:398,56,0,95
BRDA:398,56,1,1458
BRDA:398,57,0,1553
BRDA:398,57,1,95
BRDA:412,58,0,1
BRDA:412,58,1,1552
BRDA:415,59,0,1
BRDA:415,59,1,1551
BRDA:418,60,0,1
BRDA:418,60,1,1550
BRDA:421,61,0,1
BRDA:421,61,1,1549
BRDA:425,62,0,1
BRDA:425,62,1,1548
BRDA:428,63,0,2
BRDA:428,63,1,1546
BRDA:436,64,0,1546
BRDA:436,64,1,370
BRDA:441,65,0,1
BRDA:441,65,1,1545
BRDA:441,66,0,1546
BRDA:441,66,1,245
BRDA:445,67,0,1
BRDA:445,67,1,1544
BRDA:457,68,0,36
BRDA:457,68,1,1949
BRDA:462,69,0,3
BRDA:462,69,1,1946
BRDA:467,70,0,142
BRDA:467,70,1,1804
BRDA:470,71,0,845
BRDA:470,71,1,959
BRDA:470,72,0,1804
BRDA:470,72,1,867
BRDA:471,73,0,138
BRDA:471,73,1,707
BRDA:475,74,0,176
BRDA:475,74,1,5
BRDA:476,75,0,1
BRDA:476,75,1,175
BRDA:478,76,0,173
BRDA:478,76,1,2
BRDA:489,77,0,777
BRDA:489,77,1,608
BRDA:491,78,0,470
BRDA:491,78,1,138
BRDA:497,79,0,22
BRDA:497,79,1,937
BRDA:505,80,0,40
BRDA:505,80,1,9
BRDA:509,81,0,22
BRDA:509,81,1,71
BRDA:511,82,0,20
BRDA:511,82,1,2
BRDA:513,83,0,2
BRDA:513,83,1,18
BRDA:513,84,0,20
BRDA:513,84,1,9
BRDA:535,85,0,3511
BRDA:535,85,1,4546
BRDA:544,86,0,3746
BRDA:544,86,1,1061
BRDA:544,87,0,4807
BRDA:544,87,1,4058
BRDA:553,88,0,4
BRDA:553,88,1,1418
BRDA:553,89,0,1422
BRDA:553,89,1,1420
BRDA:553,89,2,1419
BRDA:553,89,3,58
BRDA:555,90,0,2
BRDA:555,90,1,2
BRDA:555,91,0,4
BRDA:555,91,1,2
BRDA:555,91,2,2
BRDA:562,92,0,57
BRDA:562,92,1,1361
BRDA:564,93,0,1
BRDA:564,93,1,1540
BRDA:564,94,0,1541
BRDA:564,94,1,1541
BRDA:567,95,0,3
BRDA:567,95,1,1537
BRDA:607,96,0,2182
BRDA:607,96,1,2317
BRDA:611,97,0,5421
BRDA:611,97,1,4921
BRDA:624,98,0,4
BRDA:624,98,1,416
BRDA:624,99,0,420
BRDA:624,99,1,419
BRDA:628,100,0,3
BRDA:628,100,1,413
BRDA:628,101,0,416
BRDA:628,101,1,38
BRDA:632,102,0,2
BRDA:632,102,1,411
BRDA:636,103,0,280
BRDA:636,103,1,131
BRDA:641,104,0,1
BRDA:641,104,1,279
BRDA:650,105,0,1
BRDA:650,105,1,2
BRDA:650,106,0,3
BRDA:650,106,1,2
BRDA:660,107,0,1
BRDA:660,107,1,39
BRDA:660,108,0,40
BRDA:660,108,1,39
BRDA:683,109,0,1
BRDA:683,109,1,9955
BRDA:689,110,0,33
BRDA:689,110,1,377
BRDA:712,111,0,4
BRDA:712,111,1,139
BRDA:714,112,0,58
BRDA:714,112,1,81
BRDA:714,113,0,139
BRDA:714,113,1,58
BRDA:716,114,0,58
BRDA:716,114,1,13
BRDA:722,115,0,9
BRDA:722,115,1,57
BRDA:723,116,0,5
BRDA:723,116,1,4
BRDA:723,117,0,9
BRDA:723,117,1,5
BRDA:723,117,2,2
BRDA:729,118,0,2
BRDA:729,118,1,2
BRDA:731,119,0,1
BRDA:731,119,1,1
BRDA:738,120,0,1
BRDA:738,120,1,56
BRDA:738,121,0,57
BRDA:738,121,1,19
BRDA:738,121,2,19
BRDA:738,121,3,56
BRDA:738,121,4,56
BRDA:738,121,5,56
BRDA:738,121,6,5
BRDA:750,122,0,1
BRDA:750,122,1,55
BRDA:754,123,0,5
BRDA:754,123,1,50
BRDA:762,124,0,1
BRDA:762,124,1,4
BRDA:764,125,0,2
BRDA:764,125,1,2
BRDA:772,126,0,38
BRDA:772,126,1,14
BRDA:800,127,0,127
BRDA:800,127,1,3
BRDA:800,128,0,130
BRDA:800,128,1,130
BRDA:839,129,0,45
BRDA:839,129,1,11
BRDA:856,130,0,54
BRDA:856,130,1,83
BRDA:869,131,0,16
BRDA:869,131,1,40
BRDA:869,132,0,56
BRDA:869,132,1,16
BRDA:872,133,0,4
BRDA:872,133,1,36
BRDA:872,134,0,40
BRDA:872,134,1,40
BRDA:875,135,0,0
BRDA:875,135,1,36
BRDA:875,136,0,36
BRDA:875,136,1,0
BRDA:893,137,0,10110
BRDA:893,137,1,4539
BRDA:897,138,0,1810
BRDA:897,138,1,2729
BRDA:906,139,0,30
BRDA:906,139,1,26
BRDA:924,140,0,2
BRDA:924,140,1,15441
BRDA:928,141,0,236
BRDA:928,141,1,15205
BRDA:935,142,0,23689
BRDA:935,142,1,38493
BRDA:943,143,0,313
BRDA:943,143,1,62460
BRDA:943,144,0,62773
BRDA:943,144,1,402
BRDA:947,145,0,278
BRDA:947,145,1,62182
BRDA:948,146,0,14
BRDA:948,146,1,264
BRDA:950,147,0,399
BRDA:950,147,1,366
BRDA:950,147,2,126
BRDA:960,148,0,22615
BRDA:960,148,1,26306
BRDA:963,149,0,103
BRDA:963,149,1,26203
BRDA:963,150,0,26306
BRDA:963,150,1,130
BRDA:969,151,0,5908
BRDA:969,151,1,20295
BRDA:969,152,0,26203
BRDA:969,152,1,20523
BRDA:971,153,0,6854
BRDA:971,153,1,13441
BRDA:971,154,0,20295
BRDA:971,154,1,7054
BRDA:977,155,0,771
BRDA:977,155,1,13081
BRDA:988,156,0,15096
BRDA:988,156,1,33594
BRDA:994,157,0,0
BRDA:994,157,1,231
BRDA:1014,158,0,1
BRDA:1014,158,1,3818
BRDA:1016,159,0,2
BRDA:1016,159,1,3816
BRDA:1018,160,0,2
BRDA:1018,160,1,3814
BRDA:1018,161,0,3816
BRDA:1018,161,1,3816
BRDA:1034,162,0,83
BRDA:1034,162,1,14993
BRDA:1040,163,0,27
BRDA:1040,163,1,226
BRDA:1047,164,0,56
BRDA:1047,164,1,27
BRDA:1054,165,0,1
BRDA:1054,165,1,11268
BRDA:1056,166,0,2
BRDA:1056,166,1,11266
BRDA:1058,167,0,2
BRDA:1058,167,1,11264
BRDA:1058,168,0,11266
BRDA:1058,168,1,11266
BRDA:1067,169,0,1360
BRDA:1067,169,1,3414
BRDA:1095,170,0,348
BRDA:1095,170,1,8289
BRDA:1095,171,0,8637
BRDA:1095,171,1,4682
BRDA:1095,171,2,4619
BRDA:1095,171,3,4369
BRDA:1106,172,0,0
BRDA:1106,172,1,15020
BRDA:1120,173,0,368
BRDA:1120,173,1,2536
BRDA:1123,174,0,140
BRDA:1123,174,1,1
BRDA:1123,175,0,141
BRDA:1123,175,1,141
BRDA:1130,176,0,1531
BRDA:1130,176,1,1005
BRDA:1130,177,0,2536
BRDA:1130,177,1,1087
BRDA:1136,178,0,893
BRDA:1136,178,1,17
BRDA:1136,179,0,910
BRDA:1136,179,1,910
BRDA:1138,180,0,0
BRDA:1138,180,1,893
BRDA:1164,181,0,2
BRDA:1164,181,1,8
BRDA:1164,182,0,10
BRDA:1164,182,1,8
BRDA:1169,183,0,1
BRDA:1169,183,1,7
BRDA:1174,184,0,2
BRDA:1174,184,1,5
BRDA:1184,185,0,2
BRDA:1184,185,1,2
BRDA:1184,186,0,4
BRDA:1184,186,1,3
BRDA:1198,187,0,1267
BRDA:1198,187,1,4
BRDA:1202,188,0,552
BRDA:1202,188,1,715
BRDA:1203,189,0,4
BRDA:1203,189,1,1263
BRDA:1205,190,0,4
BRDA:1205,190,1,2
BRDA:1206,191,0,1
BRDA:1206,191,1,3
BRDA:1229,192,0,742
BRDA:1229,192,1,1564
BRDA:1260,193,0,1720
BRDA:1260,193,1,2
BRDA:1270,194,0,3070
BRDA:1270,194,1,83
BRDA:1284,195,0,4357
BRDA:1284,195,1,1477
BRDA:1287,196,0,2880
BRDA:1287,196,1,300
BRDA:1295,197,0,1975
BRDA:1295,197,1,4357
BRDA:1301,198,0,1477
BRDA:1301,198,1,2880
BRDA:1320,199,0,300
BRDA:1320,199,1,2580
BRDA:1328,200,0,1006
BRDA:1328,200,1,23
BRDA:1360,201,0,1
BRDA:1360,201,1,4502
BRDA:1379,202,0,3584
BRDA:1379,202,1,46839
BRDA:1382,203,0,1482
BRDA:1382,203,1,48941
BRDA:1382,204,0,50423
BRDA:1382,204,1,1484
BRDA:1383,205,0,2
BRDA:1383,205,1,1480
BRDA:1387,206,0,2
BRDA:1387,206,1,1478
BRDA:1391,207,0,1
BRDA:1391,207,1,1477
BRDA:1394,208,0,304
BRDA:1394,208,1,48637
BRDA:1394,209,0,48941
BRDA:1394,209,1,306
BRDA:1395,210,0,2
BRDA:1395,210,1,302
BRDA:1399,211,0,2
BRDA:1399,211,1,300
BRDA:1405,212,0,2
BRDA:1405,212,1,1977
BRDA:1409,213,0,2
BRDA:1409,213,1,1975
BRF:439
BRH:430
end_of_record
TN:
SF:/home/andreas/work/unexpected/lib/UnexpectedError.js
FN:6,(anonymous_1)
FN:11,UnexpectedError
FN:33,(anonymous_3)
FN:60,(anonymous_4)
FN:63,(anonymous_5)
FN:65,(anonymous_6)
FN:67,(anonymous_7)
FN:72,(anonymous_8)
FN:95,(anonymous_9)
FN:122,(anonymous_10)
FN:130,(anonymous_11)
FN:134,(anonymous_12)
FN:143,(anonymous_13)
FN:152,(anonymous_14)
FN:165,(anonymous_15)
FN:180,(anonymous_16)
FN:203,findStackStart
FN:213,(anonymous_18)
FN:233,(anonymous_19)
FN:258,(anonymous_20)
FN:261,(anonymous_21)
FN:269,(anonymous_22)
FN:277,(anonymous_23)
FN:287,(anonymous_24)
FN:296,(anonymous_25)
FNF:25
FNH:22
FNDA:66,(anonymous_1)
FNDA:5672,UnexpectedError
FNDA:3877,(anonymous_3)
FNDA:1337,(anonymous_4)
FNDA:703,(anonymous_5)
FNDA:584,(anonymous_6)
FNDA:10,(anonymous_7)
FNDA:2188,(anonymous_8)
FNDA:340,(anonymous_9)
FNDA:7,(anonymous_10)
FNDA:7,(anonymous_11)
FNDA:13,(anonymous_12)
FNDA:392,(anonymous_13)
FNDA:12,(anonymous_14)
FNDA:7624,(anonymous_15)
FNDA:2701,(anonymous_16)
FNDA:1185,findStackStart
FNDA:1191,(anonymous_18)
FNDA:36649,(anonymous_19)
FNDA:0,(anonymous_20)
FNDA:0,(anonymous_21)
FNDA:93,(anonymous_22)
FNDA:2,(anonymous_23)
FNDA:0,(anonymous_24)
FNDA:1,(anonymous_25)
DA:1,11
DA:2,11
DA:3,11
DA:4,11
DA:6,11
DA:7,66
DA:8,66
DA:11,12
DA:12,5672
DA:13,5672
DA:15,5672
DA:16,5672
DA:19,0
DA:20,0
DA:23,5672
DA:24,5672
DA:25,5672
DA:28,11
DA:30,11
DA:32,11
DA:33,11
DA:34,3877
DA:35,0
DA:38,3877
DA:39,552
DA:42,3325
DA:43,350
DA:46,2975
DA:47,583
DA:50,2392
DA:51,2392
DA:54,0
DA:58,11
DA:59,11
DA:60,11
DA:61,1337
DA:62,1337
DA:63,1337
DA:64,703
DA:66,584
DA:68,10
DA:72,11
DA:73,2188
DA:74,2188
DA:75,1672
DA:76,516
DA:77,516
DA:80,2188
DA:81,2188
DA:82,3277
DA:85,2188
DA:86,945
DA:87,944
DA:88,783
DA:92,2187
DA:95,11
DA:96,340
DA:97,340
DA:98,340
DA:99,0
DA:100,0
DA:103,340
DA:104,340
DA:105,16
DA:108,340
DA:109,35
DA:110,305
DA:111,25
DA:114,340
DA:119,340
DA:122,11
DA:123,7
DA:124,7
DA:126,0
DA:130,11
DA:131,7
DA:134,11
DA:135,13
DA:136,13
DA:137,28
DA:140,13
DA:143,11
DA:144,392
DA:145,392
DA:146,896
DA:149,392
DA:152,11
DA:153,12
DA:154,12
DA:155,12
DA:156,12
DA:157,0
DA:158,0
DA:159,0
DA:160,0
DA:162,12
DA:165,11
DA:166,7624
DA:167,2809
DA:170,1071
DA:172,1738
DA:175,4815
DA:180,11
DA:183,2701
DA:184,2701
DA:185,4567
DA:187,2701
DA:188,2
DA:191,2699
DA:192,2699
DA:193,340
DA:194,2157
DA:195,24
DA:196,159
DA:197,12
DA:198,7
DA:199,0
DA:203,12
DA:204,1185
DA:205,31066
DA:206,1051
DA:210,134
DA:213,11
DA:214,1191
DA:215,1188
DA:216,1188
DA:217,2
DA:218,0
DA:222,1188
DA:226,1187
DA:227,1185
DA:228,1185
DA:229,1185
DA:231,1185
DA:233,1185
DA:234,36649
DA:235,2762
DA:237,33887
DA:241,1185
DA:242,344
DA:244,344
DA:245,1
DA:247,343
DA:251,1185
DA:254,1187
DA:258,11
DA:259,0
DA:260,0
DA:261,0
DA:262,0
DA:263,0
DA:266,0
DA:269,11
DA:270,93
DA:271,93
DA:272,251
DA:274,93
DA:277,11
DA:278,2
DA:279,2
DA:280,2
DA:281,6
DA:282,6
DA:284,2
DA:287,11
DA:288,0
DA:289,0
DA:290,0
DA:293,11
DA:294,11
DA:297,1
DA:302,11
LF:172
LH:150
BRDA:12,1,0,5672
BRDA:12,1,1,5672
BRDA:12,1,2,1946
BRDA:15,2,0,5672
BRDA:15,2,1,0
BRDA:24,3,0,5672
BRDA:24,3,1,1946
BRDA:34,4,0,0
BRDA:34,4,1,3877
BRDA:38,5,0,552
BRDA:38,5,1,3325
BRDA:42,6,0,350
BRDA:42,6,1,2975
BRDA:46,7,0,583
BRDA:46,7,1,2392
BRDA:50,8,0,2392
BRDA:50,8,1,0
BRDA:63,9,0,1337
BRDA:63,9,1,1223
BRDA:66,10,0,584
BRDA:66,10,1,584
BRDA:74,11,0,1672
BRDA:74,11,1,516
BRDA:76,12,0,516
BRDA:76,12,1,0
BRDA:81,13,0,5465
BRDA:81,13,1,4520
BRDA:85,14,0,945
BRDA:85,14,1,1243
BRDA:85,15,0,2188
BRDA:85,15,1,2188
BRDA:87,16,0,783
BRDA:87,16,1,161
BRDA:97,17,0,340
BRDA:97,17,1,0
BRDA:99,18,0,0
BRDA:99,18,1,0
BRDA:108,19,0,35
BRDA:108,19,1,305
BRDA:110,20,0,25
BRDA:110,20,1,280
BRDA:110,21,0,305
BRDA:110,21,1,305
BRDA:116,22,0,340
BRDA:116,22,1,0
BRDA:123,23,0,7
BRDA:123,23,1,0
BRDA:136,24,0,41
BRDA:136,24,1,28
BRDA:140,25,0,13
BRDA:140,25,1,13
BRDA:140,25,2,0
BRDA:145,26,0,1288
BRDA:145,26,1,1010
BRDA:149,27,0,392
BRDA:149,27,1,392
BRDA:155,28,0,12
BRDA:155,28,1,0
BRDA:157,29,0,0
BRDA:157,29,1,0
BRDA:159,30,0,0
BRDA:159,30,1,0
BRDA:166,31,0,2809
BRDA:166,31,1,4815
BRDA:167,32,0,1045
BRDA:167,32,1,1071
BRDA:167,32,2,1738
BRDA:184,33,0,7268
BRDA:184,33,1,4569
BRDA:187,34,0,2
BRDA:187,34,1,2699
BRDA:192,35,0,340
BRDA:192,35,1,2157
BRDA:192,35,2,24
BRDA:192,35,3,159
BRDA:192,35,4,12
BRDA:192,35,5,7
BRDA:192,35,6,0
BRDA:205,36,0,1051
BRDA:205,36,1,30015
BRDA:214,37,0,1188
BRDA:214,37,1,3
BRDA:216,38,0,2
BRDA:216,38,1,1186
BRDA:217,39,0,0
BRDA:217,39,1,2
BRDA:223,40,0,2
BRDA:223,40,1,1186
BRDA:226,41,0,1185
BRDA:226,41,1,2
BRDA:234,42,0,2762
BRDA:234,42,1,33887
BRDA:234,43,0,36649
BRDA:234,43,1,30015
BRDA:241,44,0,344
BRDA:241,44,1,841
BRDA:244,45,0,1
BRDA:244,45,1,343
BRDA:262,46,0,0
BRDA:262,46,1,0
BRDA:271,47,0,344
BRDA:271,47,1,327
BRDA:274,48,0,93
BRDA:274,48,1,76
BRDA:274,48,2,17
BRDA:293,49,0,11
BRDA:293,49,1,0
BRF:107
BRH:87
end_of_record
TN:
SF:/home/andreas/work/unexpected/lib/addAdditionalPromiseMethods.js
FN:1,addAdditionalPromiseMethods
FN:2,(anonymous_2)
FN:4,executeAnd
FNF:3
FNH:3
FNDA:12313,addAdditionalPromiseMethods
FNDA:24,(anonymous_2)
FNDA:22,executeAnd
DA:1,11
DA:2,12313
DA:3,24
DA:4,12
DA:5,22
DA:6,5
DA:8,17
DA:12,24
DA:13,12
DA:15,12
DA:19,12313
LF:11
LH:11
BRDA:5,1,0,5
BRDA:5,1,1,17
BRDA:12,2,0,12
BRDA:12,2,1,12
BRF:4
BRH:4
end_of_record
TN:
SF:/home/andreas/work/unexpected/lib/assertions.js
FN:10,(anonymous_1)
FN:11,(anonymous_2)
FN:19,(anonymous_3)
FN:30,(anonymous_4)
FN:34,(anonymous_5)
FN:38,(anonymous_6)
FN:42,(anonymous_7)
FN:46,(anonymous_8)
FN:50,(anonymous_9)
FN:61,(anonymous_10)
FN:65,(anonymous_11)
FN:69,(anonymous_12)
FN:73,(anonymous_13)
FN:77,(anonymous_14)
FN:83,(anonymous_15)
FN:85,(anonymous_16)
FN:86,(anonymous_17)
FN:98,(anonymous_18)
FN:99,(anonymous_19)
FN:105,(anonymous_20)
FN:107,(anonymous_21)
FN:113,(anonymous_22)
FN:116,(anonymous_23)
FN:124,(anonymous_24)
FN:128,(anonymous_25)
FN:132,(anonymous_26)
FN:136,(anonymous_27)
FN:140,(anonymous_28)
FN:141,(anonymous_29)
FN:145,(anonymous_30)
FN:151,(anonymous_31)
FN:152,(anonymous_32)
FN:154,(anonymous_33)
FN:157,(anonymous_34)
FN:160,flushUntilIndex
FN:166,(anonymous_36)
FN:178,(anonymous_37)
FN:183,(anonymous_38)
FN:188,(anonymous_39)
FN:189,(anonymous_40)
FN:190,(anonymous_41)
FN:198,(anonymous_42)
FN:199,(anonymous_43)
FN:204,(anonymous_44)
FN:205,(anonymous_45)
FN:206,(anonymous_46)
FN:214,(anonymous_47)
FN:216,(anonymous_48)
FN:227,(anonymous_49)
FN:241,(anonymous_50)
FN:248,(anonymous_51)
FN:252,(anonymous_52)
FN:256,(anonymous_53)
FN:259,(anonymous_54)
FN:267,(anonymous_55)
FN:273,(anonymous_56)
FN:275,(anonymous_57)
FN:277,(anonymous_58)
FN:280,(anonymous_59)
FN:289,(anonymous_60)
FN:290,(anonymous_61)
FN:294,(anonymous_62)
FN:313,(anonymous_63)
FN:320,(anonymous_64)
FN:324,(anonymous_65)
FN:328,(anonymous_66)
FN:332,(anonymous_67)
FN:336,(anonymous_68)
FN:340,(anonymous_69)
FN:342,(anonymous_70)
FN:347,(anonymous_71)
FN:348,(anonymous_72)
FN:351,(anonymous_73)
FN:353,(anonymous_74)
FN:356,flushUntilIndex
FN:363,(anonymous_76)
FN:365,(anonymous_77)
FN:373,(anonymous_78)
FN:400,(anonymous_79)
FN:402,(anonymous_80)
FN:422,(anonymous_81)
FN:424,(anonymous_82)
FN:425,(anonymous_83)
FN:426,(anonymous_84)
FN:430,(anonymous_85)
FN:432,(anonymous_86)
FN:433,(anonymous_87)
FN:434,(anonymous_88)
FN:443,(anonymous_89)
FN:447,(anonymous_90)
FN:449,(anonymous_91)
FN:451,(anonymous_92)
FN:475,(anonymous_93)
FN:479,(anonymous_94)
FN:481,(anonymous_95)
FN:483,(anonymous_96)
FN:506,(anonymous_97)
FN:510,(anonymous_98)
FN:514,(anonymous_99)
FN:515,(anonymous_100)
FN:521,(anonymous_101)
FN:522,(anonymous_102)
FN:528,(anonymous_103)
FN:532,(anonymous_104)
FN:536,(anonymous_105)
FN:540,(anonymous_106)
FN:544,(anonymous_107)
FN:548,(anonymous_108)
FN:552,(anonymous_109)
FN:556,(anonymous_110)
FN:560,(anonymous_111)
FN:564,(anonymous_112)
FN:568,(anonymous_113)
FN:569,(anonymous_114)
FN:571,(anonymous_115)
FN:574,(anonymous_116)
FN:581,(anonymous_117)
FN:585,(anonymous_118)
FN:586,(anonymous_119)
FN:588,(anonymous_120)
FN:590,(anonymous_121)
FN:595,(anonymous_122)
FN:596,(anonymous_123)
FN:606,(anonymous_124)
FN:608,(anonymous_125)
FN:615,(anonymous_126)
FN:617,(anonymous_127)
FN:624,(anonymous_128)
FN:637,(anonymous_129)
FN:643,(anonymous_130)
FN:652,(anonymous_131)
FN:653,(anonymous_132)
FN:666,(anonymous_133)
FN:675,(anonymous_134)
FN:682,(anonymous_135)
FN:684,(anonymous_136)
FN:688,(anonymous_137)
FN:695,(anonymous_138)
FN:697,(anonymous_139)
FN:699,(anonymous_140)
FN:702,(anonymous_141)
FN:716,(anonymous_142)
FN:722,(anonymous_143)
FN:724,(anonymous_144)
FN:726,(anonymous_145)
FN:729,(anonymous_146)
FN:743,(anonymous_147)
FN:754,(anonymous_148)
FN:757,traverse
FN:770,(anonymous_150)
FN:778,(anonymous_151)
FN:820,(anonymous_152)
FN:825,(anonymous_153)
FN:830,(anonymous_154)
FN:836,(anonymous_155)
FN:840,(anonymous_156)
FN:844,(anonymous_157)
FN:845,(anonymous_158)
FN:847,(anonymous_159)
FN:849,(anonymous_160)
FN:857,(anonymous_161)
FN:858,(anonymous_162)
FN:864,(anonymous_163)
FN:869,(anonymous_164)
FN:870,(anonymous_165)
FN:871,(anonymous_166)
FN:873,(anonymous_167)
FN:879,(anonymous_168)
FN:889,(anonymous_169)
FN:894,(anonymous_170)
FN:899,(anonymous_171)
FN:900,(anonymous_172)
FN:902,(anonymous_173)
FN:904,(anonymous_174)
FN:912,(anonymous_175)
FN:916,(anonymous_176)
FN:921,(anonymous_177)
FN:926,(anonymous_178)
FN:931,(anonymous_179)
FN:936,(anonymous_180)
FN:942,(anonymous_181)
FN:943,(anonymous_182)
FN:953,(anonymous_183)
FN:957,(anonymous_184)
FN:959,(anonymous_185)
FN:1003,equal
FN:1017,(anonymous_187)
FN:1017,(anonymous_188)
FN:1024,(anonymous_189)
FN:1028,(anonymous_190)
FN:1029,equal
FN:1035,(anonymous_192)
FN:1037,(anonymous_193)
FN:1040,(anonymous_194)
FN:1044,(anonymous_195)
FN:1052,failWithChanges
FN:1055,(anonymous_197)
FN:1057,(anonymous_198)
FN:1068,(anonymous_199)
FN:1070,(anonymous_200)
FN:1073,(anonymous_201)
FN:1077,(anonymous_202)
FN:1091,(anonymous_203)
FN:1102,(anonymous_204)
FN:1137,(anonymous_205)
FN:1153,(anonymous_206)
FN:1160,(anonymous_207)
FN:1161,(anonymous_208)
FN:1172,(anonymous_209)
FN:1174,(anonymous_210)
FN:1181,(anonymous_211)
FN:1182,(anonymous_212)
FN:1184,(anonymous_213)
FN:1196,(anonymous_214)
FN:1197,(anonymous_215)
FN:1278,(anonymous_216)
FN:1304,wrapDiffWithTypePrefixAndSuffix
FN:1307,(anonymous_218)
FN:1316,(anonymous_219)
FN:1319,(anonymous_220)
FN:1321,(anonymous_221)
FN:1329,(anonymous_222)
FN:1332,(anonymous_223)
FN:1334,(anonymous_224)
FN:1342,(anonymous_225)
FN:1344,(anonymous_226)
FN:1350,(anonymous_227)
FN:1355,instantiate
FN:1356,ProxyConstructor
FN:1366,(anonymous_230)
FN:1370,(anonymous_231)
FN:1372,(anonymous_232)
FN:1386,(anonymous_233)
FN:1390,(anonymous_234)
FN:1392,(anonymous_235)
FN:1403,(anonymous_236)
FN:1405,(anonymous_237)
FN:1407,(anonymous_238)
FN:1408,(anonymous_239)
FN:1414,(anonymous_240)
FN:1419,(anonymous_241)
FN:1421,(anonymous_242)
FN:1426,(anonymous_243)
FN:1428,(anonymous_244)
FN:1430,(anonymous_245)
FN:1434,(anonymous_246)
FN:1441,(anonymous_247)
FN:1443,(anonymous_248)
FN:1448,(anonymous_249)
FN:1450,(anonymous_250)
FN:1452,(anonymous_251)
FN:1454,(anonymous_252)
FN:1455,(anonymous_253)
FN:1464,(anonymous_254)
FN:1466,(anonymous_255)
FN:1471,(anonymous_256)
FN:1473,(anonymous_257)
FN:1474,(anonymous_258)
FN:1480,(anonymous_259)
FN:1482,(anonymous_260)
FN:1487,(anonymous_261)
FN:1489,(anonymous_262)
FN:1491,(anonymous_263)
FN:1493,(anonymous_264)
FN:1501,(anonymous_265)
FN:1507,(anonymous_266)
FN:1512,(anonymous_267)
FN:1514,(anonymous_268)
FN:1519,(anonymous_269)
FN:1521,(anonymous_270)
FN:1523,(anonymous_271)
FN:1525,(anonymous_272)
FN:1527,(anonymous_273)
FN:1534,(anonymous_274)
FN:1543,(anonymous_275)
FN:1545,(anonymous_276)
FN:1550,(anonymous_277)
FN:1552,(anonymous_278)
FN:1556,cb
FN:1567,(anonymous_280)
FN:1569,(anonymous_281)
FN:1584,(anonymous_282)
FN:1585,(anonymous_283)
FN:1590,(anonymous_284)
FN:1605,(anonymous_285)
FN:1606,(anonymous_286)
FN:1612,(anonymous_287)
FN:1613,(anonymous_288)
FN:1616,(anonymous_289)
FN:1620,(anonymous_290)
FNF:290
FNH:285
FNDA:11,(anonymous_1)
FNDA:4497,(anonymous_2)
FNDA:1,(anonymous_3)
FNDA:354,(anonymous_4)
FNDA:20,(anonymous_5)
FNDA:12,(anonymous_6)
FNDA:24,(anonymous_7)
FNDA:262,(anonymous_8)
FNDA:1,(anonymous_9)
FNDA:15,(anonymous_10)
FNDA:160,(anonymous_11)
FNDA:9,(anonymous_12)
FNDA:14,(anonymous_13)
FNDA:22,(anonymous_14)
FNDA:22,(anonymous_15)
FNDA:7,(anonymous_16)
FNDA:12,(anonymous_17)
FNDA:1,(anonymous_18)
FNDA:0,(anonymous_19)
FNDA:589,(anonymous_20)
FNDA:12,(anonymous_21)
FNDA:35,(anonymous_22)
FNDA:17,(anonymous_23)
FNDA:69,(anonymous_24)
FNDA:425,(anonymous_25)
FNDA:3,(anonymous_26)
FNDA:2,(anonymous_27)
FNDA:140,(anonymous_28)
FNDA:140,(anonymous_29)
FNDA:30,(anonymous_30)
FNDA:16,(anonymous_31)
FNDA:16,(anonymous_32)
FNDA:9,(anonymous_33)
FNDA:25,(anonymous_34)
FNDA:52,flushUntilIndex
FNDA:27,(anonymous_36)
FNDA:48,(anonymous_37)
FNDA:134,(anonymous_38)
FNDA:98,(anonymous_39)
FNDA:95,(anonymous_40)
FNDA:8,(anonymous_41)
FNDA:26,(anonymous_42)
FNDA:46,(anonymous_43)
FNDA:58,(anonymous_44)
FNDA:58,(anonymous_45)
FNDA:79,(anonymous_46)
FNDA:18,(anonymous_47)
FNDA:33,(anonymous_48)
FNDA:45,(anonymous_49)
FNDA:182,(anonymous_50)
FNDA:140,(anonymous_51)
FNDA:101,(anonymous_52)
FNDA:130,(anonymous_53)
FNDA:623,(anonymous_54)
FNDA:204,(anonymous_55)
FNDA:70,(anonymous_56)
FNDA:17,(anonymous_57)
FNDA:10,(anonymous_58)
FNDA:4,(anonymous_59)
FNDA:18,(anonymous_60)
FNDA:18,(anonymous_61)
FNDA:14,(anonymous_62)
FNDA:14,(anonymous_63)
FNDA:1,(anonymous_64)
FNDA:9,(anonymous_65)
FNDA:7,(anonymous_66)
FNDA:23,(anonymous_67)
FNDA:18,(anonymous_68)
FNDA:49,(anonymous_69)
FNDA:62,(anonymous_70)
FNDA:48,(anonymous_71)
FNDA:57,(anonymous_72)
FNDA:15,(anonymous_73)
FNDA:26,(anonymous_74)
FNDA:56,flushUntilIndex
FNDA:12,(anonymous_76)
FNDA:10,(anonymous_77)
FNDA:25,(anonymous_78)
FNDA:13,(anonymous_79)
FNDA:20,(anonymous_80)
FNDA:24,(anonymous_81)
FNDA:24,(anonymous_82)
FNDA:31,(anonymous_83)
FNDA:57,(anonymous_84)
FNDA:7,(anonymous_85)
FNDA:4,(anonymous_86)
FNDA:10,(anonymous_87)
FNDA:10,(anonymous_88)
FNDA:27,(anonymous_89)
FNDA:26,(anonymous_90)
FNDA:15,(anonymous_91)
FNDA:26,(anonymous_92)
FNDA:26,(anonymous_93)
FNDA:25,(anonymous_94)
FNDA:14,(anonymous_95)
FNDA:25,(anonymous_96)
FNDA:18,(anonymous_97)
FNDA:19,(anonymous_98)
FNDA:133,(anonymous_99)
FNDA:10,(anonymous_100)
FNDA:25,(anonymous_101)
FNDA:8,(anonymous_102)
FNDA:56,(anonymous_103)
FNDA:33,(anonymous_104)
FNDA:45,(anonymous_105)
FNDA:12,(anonymous_106)
FNDA:260,(anonymous_107)
FNDA:17,(anonymous_108)
FNDA:15,(anonymous_109)
FNDA:12,(anonymous_110)
FNDA:34,(anonymous_111)
FNDA:17,(anonymous_112)
FNDA:1842,(anonymous_113)
FNDA:1842,(anonymous_114)
FNDA:441,(anonymous_115)
FNDA:664,(anonymous_116)
FNDA:213,(anonymous_117)
FNDA:93,(anonymous_118)
FNDA:93,(anonymous_119)
FNDA:11,(anonymous_120)
FNDA:82,(anonymous_121)
FNDA:62,(anonymous_122)
FNDA:62,(anonymous_123)
FNDA:10,(anonymous_124)
FNDA:10,(anonymous_125)
FNDA:5,(anonymous_126)
FNDA:8,(anonymous_127)
FNDA:9,(anonymous_128)
FNDA:8,(anonymous_129)
FNDA:587,(anonymous_130)
FNDA:532,(anonymous_131)
FNDA:532,(anonymous_132)
FNDA:9,(anonymous_133)
FNDA:118,(anonymous_134)
FNDA:327,(anonymous_135)
FNDA:153,(anonymous_136)
FNDA:169,(anonymous_137)
FNDA:117,(anonymous_138)
FNDA:41,(anonymous_139)
FNDA:22,(anonymous_140)
FNDA:84,(anonymous_141)
FNDA:93,(anonymous_142)
FNDA:91,(anonymous_143)
FNDA:30,(anonymous_144)
FNDA:34,(anonymous_145)
FNDA:62,(anonymous_146)
FNDA:19,(anonymous_147)
FNDA:10,(anonymous_148)
FNDA:37,traverse
FNDA:27,(anonymous_150)
FNDA:272,(anonymous_151)
FNDA:33,(anonymous_152)
FNDA:22,(anonymous_153)
FNDA:96,(anonymous_154)
FNDA:153,(anonymous_155)
FNDA:1,(anonymous_156)
FNDA:4,(anonymous_157)
FNDA:4,(anonymous_158)
FNDA:2,(anonymous_159)
FNDA:4,(anonymous_160)
FNDA:55,(anonymous_161)
FNDA:55,(anonymous_162)
FNDA:8,(anonymous_163)
FNDA:10,(anonymous_164)
FNDA:10,(anonymous_165)
FNDA:10,(anonymous_166)
FNDA:1,(anonymous_167)
FNDA:9,(anonymous_168)
FNDA:0,(anonymous_169)
FNDA:10,(anonymous_170)
FNDA:52,(anonymous_171)
FNDA:52,(anonymous_172)
FNDA:37,(anonymous_173)
FNDA:24,(anonymous_174)
FNDA:3,(anonymous_175)
FNDA:66,(anonymous_176)
FNDA:0,(anonymous_177)
FNDA:4,(anonymous_178)
FNDA:985,(anonymous_179)
FNDA:45,(anonymous_180)
FNDA:98,(anonymous_181)
FNDA:98,(anonymous_182)
FNDA:45,(anonymous_183)
FNDA:20,(anonymous_184)
FNDA:20,(anonymous_185)
FNDA:112,equal
FNDA:6,(anonymous_187)
FNDA:12,(anonymous_188)
FNDA:45,(anonymous_189)
FNDA:2,(anonymous_190)
FNDA:28,equal
FNDA:14,(anonymous_192)
FNDA:2,(anonymous_193)
FNDA:12,(anonymous_194)
FNDA:26,(anonymous_195)
FNDA:20,failWithChanges
FNDA:40,(anonymous_197)
FNDA:144,(anonymous_198)
FNDA:144,(anonymous_199)
FNDA:144,(anonymous_200)
FNDA:24,(anonymous_201)
FNDA:6,(anonymous_202)
FNDA:120,(anonymous_203)
FNDA:34,(anonymous_204)
FNDA:343,(anonymous_205)
FNDA:386,(anonymous_206)
FNDA:661,(anonymous_207)
FNDA:661,(anonymous_208)
FNDA:340,(anonymous_209)
FNDA:42,(anonymous_210)
FNDA:98,(anonymous_211)
FNDA:98,(anonymous_212)
FNDA:184,(anonymous_213)
FNDA:394,(anonymous_214)
FNDA:394,(anonymous_215)
FNDA:164,(anonymous_216)
FNDA:5,wrapDiffWithTypePrefixAndSuffix
FNDA:10,(anonymous_218)
FNDA:4,(anonymous_219)
FNDA:4,(anonymous_220)
FNDA:2,(anonymous_221)
FNDA:6,(anonymous_222)
FNDA:6,(anonymous_223)
FNDA:3,(anonymous_224)
FNDA:9,(anonymous_225)
FNDA:5,(anonymous_226)
FNDA:12,(anonymous_227)
FNDA:3,instantiate
FNDA:3,ProxyConstructor
FNDA:25,(anonymous_230)
FNDA:6,(anonymous_231)
FNDA:6,(anonymous_232)
FNDA:9,(anonymous_233)
FNDA:0,(anonymous_234)
FNDA:0,(anonymous_235)
FNDA:73,(anonymous_236)
FNDA:73,(anonymous_237)
FNDA:8,(anonymous_238)
FNDA:13,(anonymous_239)
FNDA:65,(anonymous_240)
FNDA:4,(anonymous_241)
FNDA:4,(anonymous_242)
FNDA:55,(anonymous_243)
FNDA:55,(anonymous_244)
FNDA:43,(anonymous_245)
FNDA:9,(anonymous_246)
FNDA:1,(anonymous_247)
FNDA:1,(anonymous_248)
FNDA:27,(anonymous_249)
FNDA:27,(anonymous_250)
FNDA:19,(anonymous_251)
FNDA:8,(anonymous_252)
FNDA:13,(anonymous_253)
FNDA:4,(anonymous_254)
FNDA:4,(anonymous_255)
FNDA:11,(anonymous_256)
FNDA:11,(anonymous_257)
FNDA:8,(anonymous_258)
FNDA:1,(anonymous_259)
FNDA:1,(anonymous_260)
FNDA:19,(anonymous_261)
FNDA:19,(anonymous_262)
FNDA:4,(anonymous_263)
FNDA:8,(anonymous_264)
FNDA:8,(anonymous_265)
FNDA:15,(anonymous_266)
FNDA:3,(anonymous_267)
FNDA:3,(anonymous_268)
FNDA:16,(anonymous_269)
FNDA:16,(anonymous_270)
FNDA:10,(anonymous_271)
FNDA:6,(anonymous_272)
FNDA:12,(anonymous_273)
FNDA:12,(anonymous_274)
FNDA:3,(anonymous_275)
FNDA:3,(anonymous_276)
FNDA:68,(anonymous_277)
FNDA:68,(anonymous_278)
FNDA:59,cb
FNDA:58,(anonymous_280)
FNDA:4,(anonymous_281)
FNDA:14,(anonymous_282)
FNDA:14,(anonymous_283)
FNDA:8,(anonymous_284)
FNDA:27,(anonymous_285)
FNDA:27,(anonymous_286)
FNDA:19,(anonymous_287)
FNDA:18,(anonymous_288)
FNDA:1,(anonymous_289)
FNDA:11,(anonymous_290)
DA:2,11
DA:3,11
DA:4,11
DA:5,11
DA:6,11
DA:7,11
DA:8,11
DA:10,11
DA:11,11
DA:12,4497
DA:13,4497
DA:14,4497
DA:15,901
DA:19,11
DA:20,1
DA:21,1
DA:22,1
DA:23,1
DA:30,11
DA:31,354
DA:34,11
DA:35,20
DA:38,11
DA:39,12
DA:42,11
DA:43,24
DA:46,11
DA:47,262
DA:50,11
DA:51,1
DA:52,1
DA:53,1
DA:54,1
DA:61,11
DA:62,15
DA:65,11
DA:66,160
DA:69,11
DA:70,9
DA:73,11
DA:74,14
DA:77,11
DA:78,22
DA:79,22
DA:80,10
DA:83,22
DA:84,22
DA:86,7
DA:87,12
DA:98,11
DA:99,1
DA:100,0
DA:102,1
DA:105,11
DA:106,589
DA:107,589
DA:108,12
DA:110,589
DA:113,11
DA:114,35
DA:115,35
DA:116,34
DA:117,17
DA:120,35
DA:124,11
DA:125,69
DA:128,11
DA:129,425
DA:132,11
DA:133,3
DA:136,11
DA:137,2
DA:140,11
DA:141,140
DA:142,140
DA:143,140
DA:144,110
DA:146,30
DA:147,30
DA:151,11
DA:152,16
DA:153,16
DA:155,9
DA:158,25
DA:159,25
DA:160,12
DA:161,52
DA:162,35
DA:163,35
DA:166,25
DA:167,27
DA:168,27
DA:169,27
DA:171,25
DA:172,25
DA:178,11
DA:179,48
DA:180,42
DA:183,11
DA:184,134
DA:185,127
DA:188,11
DA:189,98
DA:190,95
DA:191,8
DA:193,95
DA:194,78
DA:198,11
DA:199,26
DA:200,46
DA:204,11
DA:205,58
DA:206,58
DA:207,79
DA:208,79
DA:209,2
DA:211,77
DA:215,18
DA:217,33
DA:218,33
DA:219,33
DA:220,33
DA:222,33
DA:223,30
DA:224,6
DA:227,33
DA:228,45
DA:229,12
DA:231,45
DA:232,41
DA:235,33
DA:241,11
DA:242,182
DA:243,55
DA:245,182
DA:248,11
DA:249,140
DA:252,11
DA:253,101
DA:256,11
DA:257,130
DA:258,130
DA:259,130
DA:260,623
DA:263,130
DA:264,4
DA:267,126
DA:268,204
DA:271,126
DA:272,79
DA:273,70
DA:274,70
DA:276,17
DA:278,10
DA:279,10
DA:280,10
DA:281,4
DA:283,10
DA:284,10
DA:286,10
DA:287,10
DA:289,10
DA:290,18
DA:291,18
DA:292,18
DA:293,18
DA:294,14
DA:295,14
DA:301,10
DA:302,10
DA:304,10
DA:309,47
DA:313,11
DA:314,14
DA:315,2
DA:317,12
DA:320,11
DA:321,1
DA:324,11
DA:325,9
DA:328,11
DA:329,7
DA:332,11
DA:333,23
DA:336,11
DA:337,18
DA:340,11
DA:341,49
DA:342,49
DA:343,62
DA:344,1
DA:347,48
DA:348,48
DA:349,57
DA:352,15
DA:354,26
DA:355,26
DA:356,12
DA:357,56
DA:358,37
DA:359,37
DA:362,26
DA:363,8
DA:364,12
DA:366,10
DA:367,10
DA:368,10
DA:370,8
DA:372,18
DA:373,18
DA:374,25
DA:375,25
DA:376,25
DA:377,222
DA:378,222
DA:379,222
DA:380,222
DA:381,242
DA:382,242
DA:383,20
DA:384,20
DA:390,242
DA:392,222
DA:393,16
DA:395,206
DA:396,206
DA:399,18
DA:400,18
DA:401,13
DA:403,20
DA:404,20
DA:405,20
DA:406,16
DA:407,11
DA:409,5
DA:411,16
DA:414,18
DA:416,26
DA:422,11
DA:423,24
DA:424,24
DA:425,24
DA:426,31
DA:427,57
DA:431,7
DA:433,4
DA:434,10
DA:435,10
DA:443,11
DA:444,27
DA:445,1
DA:447,26
DA:448,26
DA:450,15
DA:452,26
DA:453,26
DA:454,7
DA:456,19
DA:457,19
DA:458,44
DA:460,19
DA:462,8
DA:464,11
DA:469,18
DA:475,11
DA:476,26
DA:477,1
DA:479,25
DA:480,25
DA:482,14
DA:484,25
DA:485,25
DA:486,7
DA:488,18
DA:489,18
DA:490,62
DA:492,18
DA:494,7
DA:496,11
DA:500,18
DA:506,11
DA:507,18
DA:510,11
DA:511,19
DA:514,11
DA:515,133
DA:516,10
DA:518,133
DA:521,11
DA:522,25
DA:523,8
DA:525,25
DA:528,11
DA:529,56
DA:532,11
DA:533,33
DA:536,11
DA:537,45
DA:540,11
DA:541,12
DA:544,11
DA:545,260
DA:548,11
DA:549,17
DA:552,11
DA:553,15
DA:556,11
DA:557,12
DA:560,11
DA:561,34
DA:564,11
DA:565,17
DA:568,11
DA:569,1842
DA:570,1842
DA:572,441
DA:575,664
DA:581,11
DA:582,213
DA:585,11
DA:586,93
DA:587,93
DA:589,11
DA:591,82
DA:595,11
DA:596,62
DA:597,62
DA:598,62
DA:599,30
DA:601,32
DA:606,11
DA:607,10
DA:608,10
DA:609,10
DA:610,10
DA:612,1
DA:613,1
DA:616,5
DA:617,5
DA:618,8
DA:624,11
DA:625,9
DA:626,9
DA:628,9
DA:629,9
DA:631,4
DA:632,4
DA:635,9
DA:636,4
DA:637,4
DA:638,8
DA:643,11
DA:644,587
DA:645,587
DA:647,575
DA:649,12
DA:652,11
DA:653,532
DA:654,532
DA:657,532
DA:658,532
DA:659,358
DA:661,174
DA:666,11
DA:667,9
DA:670,11
DA:676,118
DA:677,118
DA:678,117
DA:680,117
DA:681,117
DA:682,117
DA:683,327
DA:684,153
DA:685,153
DA:687,174
DA:688,169
DA:689,169
DA:692,5
DA:695,117
DA:696,117
DA:698,41
DA:700,22
DA:703,84
DA:704,84
DA:705,84
DA:711,11
DA:717,93
DA:718,93
DA:719,93
DA:720,91
DA:722,91
DA:723,91
DA:725,30
DA:727,34
DA:730,62
DA:731,62
DA:732,62
DA:738,11
DA:744,19
DA:745,19
DA:746,19
DA:747,19
DA:748,18
DA:750,18
DA:751,18
DA:754,11
DA:755,10
DA:757,10
DA:758,37
DA:759,37
DA:760,37
DA:761,1
DA:764,36
DA:765,17
DA:766,17
DA:767,16
DA:769,14
DA:770,14
DA:771,27
DA:773,12
DA:778,11
DA:779,272
DA:780,272
DA:781,272
DA:782,272
DA:783,258
DA:784,258
DA:785,14
DA:786,14
DA:787,13
DA:789,1
DA:792,244
DA:794,257
DA:795,257
DA:796,2
DA:797,255
DA:798,10
DA:799,10
DA:800,10
DA:802,8
DA:804,9
DA:806,245
DA:809,14
DA:810,1
DA:812,13
DA:813,1
DA:815,12
DA:820,11
DA:821,33
DA:822,29
DA:825,11
DA:826,22
DA:827,22
DA:828,22
DA:829,22
DA:830,22
DA:831,96
DA:833,22
DA:836,11
DA:837,153
DA:840,11
DA:841,1
DA:844,11
DA:845,4
DA:846,4
DA:848,2
DA:850,4
DA:851,4
DA:857,11
DA:858,55
DA:859,55
DA:863,11
DA:864,11
DA:865,8
DA:869,11
DA:870,10
DA:871,10
DA:872,10
DA:874,1
DA:875,1
DA:877,1
DA:880,9
DA:881,1
DA:883,8
DA:889,11
DA:890,0
DA:891,0
DA:894,11
DA:895,10
DA:896,10
DA:899,11
DA:900,52
DA:901,52
DA:903,37
DA:905,24
DA:906,24
DA:912,11
DA:913,3
DA:916,11
DA:917,66
DA:918,66
DA:921,11
DA:922,0
DA:923,0
DA:926,11
DA:927,4
DA:928,4
DA:931,11
DA:932,985
DA:933,985
DA:936,11
DA:937,45
DA:938,45
DA:939,45
DA:940,45
DA:941,45
DA:942,45
DA:943,98
DA:944,98
DA:945,98
DA:946,16
DA:948,82
DA:952,45
DA:954,45
DA:958,20
DA:959,20
DA:960,20
DA:961,20
DA:962,57
DA:963,57
DA:964,47
DA:967,20
DA:968,2
DA:969,2
DA:970,19
DA:971,19
DA:972,17
DA:981,2
DA:989,2
DA:990,3
DA:996,2
DA:999,18
DA:1000,18
DA:1003,18
DA:1004,112
DA:1005,112
DA:1006,112
DA:1007,89
DA:1009,23
DA:1010,23
DA:1011,23
DA:1013,5
DA:1014,5
DA:1015,5
DA:1017,18
DA:1018,18
DA:1019,13
DA:1020,13
DA:1022,5
DA:1023,5
DA:1025,45
DA:1027,18
DA:1028,2
DA:1029,2
DA:1030,28
DA:1031,28
DA:1032,28
DA:1033,14
DA:1035,14
DA:1036,14
DA:1038,2
DA:1039,2
DA:1041,12
DA:1042,12
DA:1045,26
DA:1049,16
DA:1052,12
DA:1053,20
DA:1054,20
DA:1056,40
DA:1057,40
DA:1058,144
DA:1060,40
DA:1061,40
DA:1065,40
DA:1066,40
DA:1068,40
DA:1069,144
DA:1070,144
DA:1071,144
DA:1072,144
DA:1073,24
DA:1074,24
DA:1075,24
DA:1076,6
DA:1078,6
DA:1079,6
DA:1080,6
DA:1081,4
DA:1083,2
DA:1087,18
DA:1091,120
DA:1092,120
DA:1093,24
DA:1094,96
DA:1095,60
DA:1097,36
DA:1098,36
DA:1099,36
DA:1100,2
DA:1102,34
DA:1103,34
DA:1104,34
DA:1105,34
DA:1106,22
DA:1108,22
DA:1109,2
DA:1112,12
DA:1121,40
DA:1122,40
DA:1124,40
DA:1125,40
DA:1129,40
DA:1137,11
DA:1138,343
DA:1139,343
DA:1140,343
DA:1141,343
DA:1142,1
DA:1144,342
DA:1145,2
DA:1147,340
DA:1148,340
DA:1149,340
DA:1151,340
DA:1153,236
DA:1154,386
DA:1155,3
DA:1160,340
DA:1161,661
DA:1162,661
DA:1163,661
DA:1164,363
DA:1166,298
DA:1171,340
DA:1173,340
DA:1174,39
DA:1175,42
DA:1177,39
DA:1182,98
DA:1183,98
DA:1185,184
DA:1186,184
DA:1187,184
DA:1188,184
DA:1189,184
DA:1193,184
DA:1194,180
DA:1196,184
DA:1197,394
DA:1198,394
DA:1199,394
DA:1200,394
DA:1202,394
DA:1203,202
DA:1206,394
DA:1208,394
DA:1210,394
DA:1211,394
DA:1212,38
DA:1213,12
DA:1215,26
DA:1217,356
DA:1218,21
DA:1219,8
DA:1220,6
DA:1221,6
DA:1224,13
DA:1225,13
DA:1227,335
DA:1228,184
DA:1229,184
DA:1230,184
DA:1231,0
DA:1233,184
DA:1234,32
DA:1235,152
DA:1236,98
DA:1237,98
DA:1238,54
DA:1239,54
DA:1242,54
DA:1243,30
DA:1246,0
DA:1250,394
DA:1251,343
DA:1252,2
DA:1254,341
DA:1258,394
DA:1262,394
DA:1263,199
DA:1266,394
DA:1269,394
DA:1270,164
DA:1271,164
DA:1272,2
DA:1274,162
DA:1278,164
DA:1279,164
DA:1283,394
DA:1284,128
DA:1287,394
DA:1291,184
DA:1292,180
DA:1294,184
DA:1295,184
DA:1304,12
DA:1305,5
DA:1306,5
DA:1307,5
DA:1308,10
DA:1309,10
DA:1310,10
DA:1311,10
DA:1316,11
DA:1317,4
DA:1318,4
DA:1319,4
DA:1320,4
DA:1322,2
DA:1329,11
DA:1330,6
DA:1332,6
DA:1333,6
DA:1335,3
DA:1342,11
DA:1343,9
DA:1344,9
DA:1345,5
DA:1347,9
DA:1350,11
DA:1351,12
DA:1352,12
DA:1355,12
DA:1356,12
DA:1357,3
DA:1359,3
DA:1360,3
DA:1363,11
DA:1367,25
DA:1368,25
DA:1369,25
DA:1370,6
DA:1371,6
DA:1372,6
DA:1373,6
DA:1374,5
DA:1376,6
DA:1379,19
DA:1383,11
DA:1387,9
DA:1388,9
DA:1389,9
DA:1390,0
DA:1391,0
DA:1392,0
DA:1393,0
DA:1394,0
DA:1396,0
DA:1399,9
DA:1403,11
DA:1404,73
DA:1405,73
DA:1406,73
DA:1408,8
DA:1409,13
DA:1410,13
DA:1411,6
DA:1415,65
DA:1419,11
DA:1420,4
DA:1421,4
DA:1422,4
DA:1426,11
DA:1427,55
DA:1428,55
DA:1429,55
DA:1430,43
DA:1431,43
DA:1434,12
DA:1435,9
DA:1441,11
DA:1442,1
DA:1443,1
DA:1444,1
DA:1448,11
DA:1449,27
DA:1450,27
DA:1451,27
DA:1453,19
DA:1455,8
DA:1456,13
DA:1457,13
DA:1458,11
DA:1464,11
DA:1465,4
DA:1466,4
DA:1467,4
DA:1471,11
DA:1472,11
DA:1473,11
DA:1474,11
DA:1475,8
DA:1480,11
DA:1481,1
DA:1482,1
DA:1483,1
DA:1487,11
DA:1488,19
DA:1489,19
DA:1490,19
DA:1492,4
DA:1493,4
DA:1494,8
DA:1495,8
DA:1496,8
DA:1497,6
DA:1501,4
DA:1502,8
DA:1503,8
DA:1504,6
DA:1508,15
DA:1512,11
DA:1513,3
DA:1514,3
DA:1515,3
DA:1519,11
DA:1520,16
DA:1521,16
DA:1522,16
DA:1524,10
DA:1527,6
DA:1528,12
DA:1529,12
DA:1530,12
DA:1531,6
DA:1534,6
DA:1535,12
DA:1536,12
DA:1537,8
DA:1543,11
DA:1544,3
DA:1545,3
DA:1546,3
DA:1550,11
DA:1551,68
DA:1552,68
DA:1553,68
DA:1554,68
DA:1555,68
DA:1556,12
DA:1557,59
DA:1558,2
DA:1560,57
DA:1562,59
DA:1563,49
DA:1567,68
DA:1568,58
DA:1569,3
DA:1570,4
DA:1573,55
DA:1576,68
DA:1577,63
DA:1578,63
DA:1579,9
DA:1584,11
DA:1585,14
DA:1586,14
DA:1587,14
DA:1588,5
DA:1589,5
DA:1591,8
DA:1592,8
DA:1593,2
DA:1595,6
DA:1600,9
DA:1605,11
DA:1606,27
DA:1607,27
DA:1608,25
DA:1612,11
DA:1613,19
DA:1614,18
DA:1615,18
DA:1616,2
DA:1617,1
DA:1620,16
DA:1621,11
LF:899
LH:886
BRDA:14,1,0,901
BRDA:14,1,1,3596
BRDA:22,2,0,1
BRDA:22,2,1,0
BRDA:53,3,0,1
BRDA:53,3,1,0
BRDA:79,4,0,10
BRDA:79,4,1,12
BRDA:106,5,0,48
BRDA:106,5,1,541
BRDA:115,6,0,34
BRDA:115,6,1,1
BRDA:133,7,0,1
BRDA:133,7,1,2
BRDA:137,8,0,1
BRDA:137,8,1,1
BRDA:161,9,0,35
BRDA:161,9,1,17
BRDA:208,10,0,2
BRDA:208,10,1,77
BRDA:223,11,0,6
BRDA:223,11,1,24
BRDA:228,12,0,12
BRDA:228,12,1,33
BRDA:228,13,0,45
BRDA:228,13,1,16
BRDA:228,13,2,41
BRDA:231,14,0,41
BRDA:231,14,1,4
BRDA:231,15,0,45
BRDA:231,15,1,16
BRDA:231,15,2,41
BRDA:242,16,0,55
BRDA:242,16,1,127
BRDA:263,17,0,4
BRDA:263,17,1,126
BRDA:263,18,0,130
BRDA:263,18,1,30
BRDA:271,19,0,79
BRDA:271,19,1,47
BRDA:277,20,0,17
BRDA:277,20,1,14
BRDA:293,21,0,14
BRDA:293,21,1,4
BRDA:314,22,0,2
BRDA:314,22,1,12
BRDA:314,23,0,14
BRDA:314,23,1,5
BRDA:343,24,0,1
BRDA:343,24,1,61
BRDA:357,25,0,37
BRDA:357,25,1,19
BRDA:362,26,0,8
BRDA:362,26,1,18
BRDA:382,27,0,20
BRDA:382,27,1,222
BRDA:392,28,0,16
BRDA:392,28,1,206
BRDA:405,29,0,16
BRDA:405,29,1,4
BRDA:406,30,0,11
BRDA:406,30,1,5
BRDA:426,31,0,31
BRDA:426,31,1,31
BRDA:432,32,0,7
BRDA:432,32,1,2
BRDA:444,33,0,1
BRDA:444,33,1,26
BRDA:453,34,0,7
BRDA:453,34,1,19
BRDA:460,35,0,8
BRDA:460,35,1,11
BRDA:476,36,0,1
BRDA:476,36,1,25
BRDA:485,37,0,7
BRDA:485,37,1,18
BRDA:492,38,0,7
BRDA:492,38,1,11
BRDA:511,39,0,19
BRDA:511,39,1,19
BRDA:518,40,0,133
BRDA:518,40,1,127
BRDA:525,41,0,25
BRDA:525,41,1,22
BRDA:598,42,0,30
BRDA:598,42,1,32
BRDA:598,43,0,62
BRDA:598,43,1,30
BRDA:598,43,2,1
BRDA:618,44,0,2
BRDA:618,44,1,6
BRDA:635,45,0,4
BRDA:635,45,1,5
BRDA:654,46,0,532
BRDA:654,46,1,532
BRDA:658,47,0,358
BRDA:658,47,1,174
BRDA:658,48,0,532
BRDA:658,48,1,396
BRDA:658,48,2,51
BRDA:683,49,0,153
BRDA:683,49,1,174
BRDA:687,50,0,169
BRDA:687,50,1,5
BRDA:760,51,0,1
BRDA:760,51,1,36
BRDA:764,52,0,17
BRDA:764,52,1,19
BRDA:764,53,0,36
BRDA:764,53,1,36
BRDA:780,54,0,272
BRDA:780,54,1,176
BRDA:782,55,0,258
BRDA:782,55,1,14
BRDA:784,56,0,14
BRDA:784,56,1,244
BRDA:786,57,0,13
BRDA:786,57,1,1
BRDA:795,58,0,2
BRDA:795,58,1,255
BRDA:797,59,0,10
BRDA:797,59,1,245
BRDA:797,60,0,255
BRDA:797,60,1,12
BRDA:800,61,0,8
BRDA:800,61,1,2
BRDA:809,62,0,1
BRDA:809,62,1,13
BRDA:812,63,0,1
BRDA:812,63,1,12
BRDA:863,64,0,11
BRDA:863,64,1,0
BRDA:880,65,0,1
BRDA:880,65,1,8
BRDA:880,66,0,9
BRDA:880,66,1,9
BRDA:945,67,0,16
BRDA:945,67,1,82
BRDA:963,68,0,47
BRDA:963,68,1,10
BRDA:964,69,0,47
BRDA:964,69,1,22
BRDA:967,70,0,2
BRDA:967,70,1,18
BRDA:967,71,0,20
BRDA:967,71,1,19
BRDA:971,72,0,17
BRDA:971,72,1,2
BRDA:973,73,0,9
BRDA:973,73,1,8
BRDA:1000,74,0,18
BRDA:1000,74,1,17
BRDA:1004,75,0,112
BRDA:1004,75,1,2
BRDA:1006,76,0,89
BRDA:1006,76,1,23
BRDA:1018,77,0,13
BRDA:1018,77,1,5
BRDA:1027,78,0,2
BRDA:1027,78,1,16
BRDA:1030,79,0,28
BRDA:1030,79,1,0
BRDA:1032,80,0,14
BRDA:1032,80,1,14
BRDA:1058,81,0,24
BRDA:1058,81,1,120
BRDA:1063,82,0,0
BRDA:1063,82,1,40
BRDA:1065,83,0,40
BRDA:1065,83,1,0
BRDA:1070,84,0,104
BRDA:1070,84,1,40
BRDA:1072,85,0,24
BRDA:1072,85,1,120
BRDA:1074,86,0,2
BRDA:1074,86,1,22
BRDA:1075,87,0,6
BRDA:1075,87,1,18
BRDA:1080,88,0,4
BRDA:1080,88,1,2
BRDA:1092,89,0,24
BRDA:1092,89,1,96
BRDA:1094,90,0,60
BRDA:1094,90,1,36
BRDA:1098,91,0,36
BRDA:1098,91,1,36
BRDA:1098,91,2,36
BRDA:1099,92,0,2
BRDA:1099,92,1,34
BRDA:1099,93,0,36
BRDA:1099,93,1,4
BRDA:1105,94,0,22
BRDA:1105,94,1,12
BRDA:1108,95,0,2
BRDA:1108,95,1,20
BRDA:1121,96,0,40
BRDA:1121,96,1,0
BRDA:1126,97,0,0
BRDA:1126,97,1,40
BRDA:1141,98,0,1
BRDA:1141,98,1,342
BRDA:1144,99,0,2
BRDA:1144,99,1,340
BRDA:1144,100,0,342
BRDA:1144,100,1,2
BRDA:1151,101,0,236
BRDA:1151,101,1,104
BRDA:1154,102,0,3
BRDA:1154,102,1,383
BRDA:1154,103,0,386
BRDA:1154,103,1,369
BRDA:1163,104,0,363
BRDA:1163,104,1,298
BRDA:1173,105,0,39
BRDA:1173,105,1,301
BRDA:1191,106,0,4
BRDA:1191,106,1,180
BRDA:1193,107,0,180
BRDA:1193,107,1,4
BRDA:1197,108,0,210
BRDA:1197,108,1,184
BRDA:1202,109,0,202
BRDA:1202,109,1,192
BRDA:1202,110,0,394
BRDA:1202,110,1,356
BRDA:1206,111,0,394
BRDA:1206,111,1,200
BRDA:1211,112,0,38
BRDA:1211,112,1,356
BRDA:1212,113,0,12
BRDA:1212,113,1,26
BRDA:1217,114,0,21
BRDA:1217,114,1,335
BRDA:1218,115,0,8
BRDA:1218,115,1,13
BRDA:1219,116,0,6
BRDA:1219,116,1,2
BRDA:1227,117,0,184
BRDA:1227,117,1,151
BRDA:1227,118,0,335
BRDA:1227,118,1,151
BRDA:1228,119,0,184
BRDA:1228,119,1,184
BRDA:1229,120,0,184
BRDA:1229,120,1,66
BRDA:1230,121,0,0
BRDA:1230,121,1,184
BRDA:1233,122,0,32
BRDA:1233,122,1,152
BRDA:1233,123,0,184
BRDA:1233,123,1,66
BRDA:1235,124,0,98
BRDA:1235,124,1,54
BRDA:1238,125,0,54
BRDA:1238,125,1,0
BRDA:1238,126,0,54
BRDA:1238,126,1,30
BRDA:1238,126,2,30
BRDA:1239,127,0,54
BRDA:1239,127,1,54
BRDA:1239,127,2,2
BRDA:1242,128,0,30
BRDA:1242,128,1,24
BRDA:1250,129,0,343
BRDA:1250,129,1,51
BRDA:1251,130,0,2
BRDA:1251,130,1,341
BRDA:1251,131,0,343
BRDA:1251,131,1,343
BRDA:1259,132,0,394
BRDA:1259,132,1,390
BRDA:1262,133,0,199
BRDA:1262,133,1,195
BRDA:1266,134,0,394
BRDA:1266,134,1,128
BRDA:1269,135,0,164
BRDA:1269,135,1,230
BRDA:1270,136,0,164
BRDA:1270,136,1,0
BRDA:1271,137,0,2
BRDA:1271,137,1,162
BRDA:1283,138,0,128
BRDA:1283,138,1,266
BRDA:1291,139,0,180
BRDA:1291,139,1,4
BRDA:1296,140,0,4
BRDA:1296,140,1,180
BRDA:1306,141,0,5
BRDA:1306,141,1,0
BRDA:1369,142,0,6
BRDA:1369,142,1,19
BRDA:1379,143,0,3
BRDA:1379,143,1,16
BRDA:1389,144,0,0
BRDA:1389,144,1,9
BRDA:1399,145,0,0
BRDA:1399,145,1,9
BRDA:1410,146,0,6
BRDA:1410,146,1,7
BRDA:1429,147,0,43
BRDA:1429,147,1,12
BRDA:1429,148,0,55
BRDA:1429,148,1,55
BRDA:1429,148,2,43
BRDA:1429,148,3,1
BRDA:1457,149,0,11
BRDA:1457,149,1,2
BRDA:1492,150,0,4
BRDA:1492,150,1,0
BRDA:1496,151,0,6
BRDA:1496,151,1,2
BRDA:1503,152,0,6
BRDA:1503,152,1,2
BRDA:1530,153,0,6
BRDA:1530,153,1,6
BRDA:1536,154,0,8
BRDA:1536,154,1,4
BRDA:1557,155,0,2
BRDA:1557,155,1,57
BRDA:1562,156,0,49
BRDA:1562,156,1,10
BRDA:1568,157,0,3
BRDA:1568,157,1,55
BRDA:1578,158,0,9
BRDA:1578,158,1,54
BRDA:1587,159,0,5
BRDA:1587,159,1,9
BRDA:1592,160,0,2
BRDA:1592,160,1,6
BRDA:1615,161,0,2
BRDA:1615,161,1,16
BRDA:1615,162,0,18
BRDA:1615,162,1,18
BRDA:1615,162,2,2
BRDA:1615,162,3,1
BRF:335
BRH:320
end_of_record
TN:
SF:/home/andreas/work/unexpected/lib/createStandardErrorMessage.js
FN:3,createStandardErrorMessage
FN:18,(anonymous_2)
FNF:2
FNH:2
FNDA:2190,createStandardErrorMessage
FNDA:1692,(anonymous_2)
DA:1,11
DA:3,11
DA:4,2190
DA:5,2190
DA:7,2190
DA:8,2190
DA:9,2190
DA:12,2190
DA:13,2190
DA:14,143
DA:16,2047
DA:17,1479
DA:18,1479
DA:19,1692
DA:20,1692
DA:21,213
DA:22,50
DA:24,213
DA:26,1692
DA:27,240
DA:29,1452
DA:31,1692
DA:36,2190
DA:37,2190
DA:38,2190
DA:39,2190
DA:41,2190
DA:42,138
DA:43,138
DA:44,124
DA:45,124
DA:46,14
DA:48,124
DA:50,14
DA:52,2052
DA:53,17
DA:54,17
DA:55,17
DA:57,2035
DA:58,2035
DA:59,152
DA:61,1883
DA:63,2035
DA:64,2035
DA:65,314
DA:67,1721
DA:71,2190
DA:73,2190
DA:74,109
DA:75,2081
DA:76,1481
DA:79,2190
DA:81,2190
LF:53
LH:53
BRDA:4,1,0,2190
BRDA:4,1,1,83
BRDA:8,2,0,2190
BRDA:8,2,1,0
BRDA:13,3,0,143
BRDA:13,3,1,2047
BRDA:16,4,0,1479
BRDA:16,4,1,568
BRDA:19,5,0,1692
BRDA:19,5,1,1692
BRDA:19,5,2,240
BRDA:20,6,0,213
BRDA:20,6,1,1479
BRDA:21,7,0,50
BRDA:21,7,1,163
BRDA:21,8,0,213
BRDA:21,8,1,166
BRDA:26,9,0,240
BRDA:26,9,1,1452
BRDA:41,10,0,138
BRDA:41,10,1,2052
BRDA:41,11,0,2190
BRDA:41,11,1,142
BRDA:43,12,0,124
BRDA:43,12,1,14
BRDA:45,13,0,14
BRDA:45,13,1,110
BRDA:52,14,0,17
BRDA:52,14,1,2035
BRDA:52,15,0,2052
BRDA:52,15,1,117
BRDA:52,15,2,113
BRDA:52,16,0,113
BRDA:52,16,1,113
BRDA:58,17,0,152
BRDA:58,17,1,1883
BRDA:64,18,0,314
BRDA:64,18,1,1721
BRDA:64,19,0,2035
BRDA:64,19,1,1883
BRDA:64,19,2,1831
BRDA:73,20,0,109
BRDA:73,20,1,2081
BRDA:75,21,0,1481
BRDA:75,21,1,600
BRF:45
BRH:44
end_of_record
TN:
SF:/home/andreas/work/unexpected/lib/createWrappedExpectProto.js
FN:10,isAssertionArg
FN:14,findSuffixAssertions
FN:31,createWrappedExpectProto
FN:49,(anonymous_4)
FN:52,(anonymous_5)
FN:56,(anonymous_6)
FN:65,(anonymous_7)
FN:71,(anonymous_8)
FN:78,(anonymous_9)
FN:99,(anonymous_10)
FN:124,(anonymous_11)
FN:125,(anonymous_12)
FN:143,(anonymous_13)
FN:153,(anonymous_14)
FN:155,(anonymous_15)
FN:168,(anonymous_16)
FN:171,(anonymous_17)
FN:175,(anonymous_18)
FN:177,(anonymous_19)
FN:179,(anonymous_20)
FN:184,(anonymous_21)
FN:216,(anonymous_22)
FN:223,(anonymous_23)
FNF:23
FNH:22
FNDA:565,isAssertionArg
FNDA:751,findSuffixAssertions
FNDA:543,createWrappedExpectProto
FNDA:1798,(anonymous_4)
FNDA:1798,(anonymous_5)
FNDA:2068,(anonymous_6)
FNDA:17,(anonymous_7)
FNDA:13062,(anonymous_8)
FNDA:56,(anonymous_9)
FNDA:650,(anonymous_10)
FNDA:2,(anonymous_11)
FNDA:4,(anonymous_12)
FNDA:0,(anonymous_13)
FNDA:10,(anonymous_14)
FNDA:2,(anonymous_15)
FNDA:1132,(anonymous_16)
FNDA:18563,(anonymous_17)
FNDA:696,(anonymous_18)
FNDA:696,(anonymous_19)
FNDA:13093,(anonymous_20)
FNDA:4369,(anonymous_21)
FNDA:1132,(anonymous_22)
FNDA:696,(anonymous_23)
DA:1,11
DA:2,11
DA:3,11
DA:4,11
DA:5,11
DA:6,11
DA:7,11
DA:8,11
DA:10,12
DA:11,565
DA:14,12
DA:15,751
DA:16,1
DA:18,750
DA:19,323
DA:21,427
DA:22,427
DA:23,652
DA:24,652
DA:25,90
DA:28,337
DA:31,11
DA:32,543
DA:50,1798
DA:51,1798
DA:52,1798
DA:53,1798
DA:57,2068
DA:58,2068
DA:60,2068
DA:61,130
DA:64,2068
DA:65,129
DA:66,17
DA:69,2068
DA:72,13062
DA:73,13062
DA:74,13062
DA:75,13062
DA:76,9390
DA:77,235
DA:78,235
DA:79,56
DA:80,55
DA:82,1
DA:84,9155
DA:85,8385
DA:87,9390
DA:89,3672
DA:90,3671
DA:91,3671
DA:92,28
DA:94,3671
DA:96,1
DA:100,650
DA:101,648
DA:102,88
DA:104,648
DA:105,648
DA:106,987
DA:107,987
DA:108,625
DA:109,625
DA:112,2
DA:114,1
DA:115,1
DA:118,650
DA:119,627
DA:120,627
DA:121,627
DA:122,627
DA:124,2
DA:125,2
DA:126,4
DA:127,2
DA:129,4
DA:132,2
DA:133,2
DA:135,2
DA:136,2
DA:138,0
DA:140,2
DA:141,0
DA:143,2
DA:144,0
DA:145,0
DA:147,0
DA:151,627
DA:152,10
DA:153,10
DA:154,10
DA:156,2
DA:158,617
DA:159,617
DA:161,0
DA:165,23
DA:169,1132
DA:170,1132
DA:171,1132
DA:172,18563
DA:176,696
DA:177,696
DA:178,696
DA:179,696
DA:180,13093
DA:185,4369
DA:186,4213
DA:187,4213
DA:188,4213
DA:189,4213
DA:190,4213
DA:191,4249
DA:192,99
DA:193,99
DA:194,99
DA:195,97
DA:196,325
DA:197,36
DA:198,36
DA:199,36
DA:205,4213
DA:207,4213
DA:209,4369
DA:213,543
DA:214,543
DA:217,1132
DA:221,543
DA:224,696
DA:230,543
DA:231,543
LF:130
LH:124
BRDA:15,1,0,1
BRDA:15,1,1,750
BRDA:18,2,0,323
BRDA:18,2,1,427
BRDA:24,3,0,90
BRDA:24,3,1,562
BRDA:24,4,0,652
BRDA:24,4,1,316
BRDA:58,5,0,1791
BRDA:58,5,1,277
BRDA:60,6,0,130
BRDA:60,6,1,1938
BRDA:64,7,0,129
BRDA:64,7,1,1939
BRDA:64,8,0,2068
BRDA:64,8,1,2068
BRDA:76,9,0,235
BRDA:76,9,1,9155
BRDA:79,10,0,55
BRDA:79,10,1,1
BRDA:79,11,0,56
BRDA:79,11,1,56
BRDA:84,12,0,8385
BRDA:84,12,1,770
BRDA:84,13,0,9155
BRDA:84,13,1,1431
BRDA:89,14,0,3671
BRDA:89,14,1,1
BRDA:89,15,0,3672
BRDA:89,15,1,3672
BRDA:91,16,0,28
BRDA:91,16,1,3643
BRDA:100,17,0,648
BRDA:100,17,1,2
BRDA:101,18,0,88
BRDA:101,18,1,560
BRDA:107,19,0,625
BRDA:107,19,1,362
BRDA:107,20,0,987
BRDA:107,20,1,371
BRDA:112,21,0,1
BRDA:112,21,1,1
BRDA:118,22,0,627
BRDA:118,22,1,23
BRDA:122,23,0,2
BRDA:122,23,1,625
BRDA:126,24,0,2
BRDA:126,24,1,2
BRDA:132,25,0,2
BRDA:132,25,1,0
BRDA:135,26,0,2
BRDA:135,26,1,0
BRDA:140,27,0,0
BRDA:140,27,1,2
BRDA:144,28,0,0
BRDA:144,28,1,0
BRDA:151,29,0,10
BRDA:151,29,1,617
BRDA:158,30,0,617
BRDA:158,30,1,0
BRDA:172,31,0,18563
BRDA:172,31,1,18563
BRDA:172,31,2,12645
BRDA:180,32,0,13093
BRDA:180,32,1,13093
BRDA:180,32,2,7905
BRDA:185,33,0,4213
BRDA:185,33,1,156
BRDA:191,34,0,99
BRDA:191,34,1,4150
BRDA:191,35,0,4249
BRDA:191,35,1,222
BRDA:194,36,0,97
BRDA:194,36,1,2
BRDA:196,37,0,36
BRDA:196,37,1,289
BRDA:213,38,0,543
BRDA:213,38,1,0
BRF:78
BRH:71
end_of_record
TN:
SF:/home/andreas/work/unexpected/lib/defaultDepth.js
FNF:0
FNH:0
DA:2,11
DA:3,11
DA:4,0
DA:5,0
DA:6,0
DA:8,11
DA:9,1
DA:11,11
LF:8
LH:5
BRDA:3,1,0,0
BRDA:3,1,1,11
BRDA:3,2,0,11
BRDA:3,2,1,0
BRDA:5,3,0,0
BRDA:5,3,1,0
BRDA:8,4,0,1
BRDA:8,4,1,10
BRDA:8,5,0,11
BRDA:8,5,1,11
BRF:10
BRH:6
end_of_record
TN:
SF:/home/andreas/work/unexpected/lib/index.js
FN:7,(anonymous_1)
FNF:1
FNH:1
FNDA:5,(anonymous_1)
DA:1,11
DA:7,11
DA:8,5
LF:3
LH:3
BRF:0
BRH:0
end_of_record
TN:
SF:/home/andreas/work/unexpected/lib/isPendingPromise.js
FN:1,isPendingPromise
FNF:1
FNH:1
FNDA:12294,isPendingPromise
DA:1,11
DA:2,12294
LF:2
LH:2
BRDA:2,1,0,12294
BRDA:2,1,1,3121
BRDA:2,1,2,2378
BRDA:2,1,3,2378
BRF:4
BRH:4
end_of_record
TN:
SF:/home/andreas/work/unexpected/lib/makeDiffResultBackwardsCompatible.js
FN:1,makeDiffResultBackwardsCompatible
FNF:1
FNH:1
FNDA:2426,makeDiffResultBackwardsCompatible
DA:1,11
DA:2,2426
DA:3,1825
DA:7,1821
DA:13,4
DA:14,4
DA:15,4
DA:18,2426
LF:8
LH:8
BRDA:2,1,0,1825
BRDA:2,1,1,601
BRDA:3,2,0,1821
BRDA:3,2,1,4
BRF:4
BRH:4
end_of_record
TN:
SF:/home/andreas/work/unexpected/lib/makePromise.js
FN:5,makePromise
FN:15,(anonymous_2)
FN:20,fulfillIfDone
FN:26,noteResolvedValue
FN:32,(anonymous_5)
FN:34,(anonymous_6)
FN:42,(anonymous_7)
FN:63,(anonymous_8)
FN:79,isPromise
FN:83,extractPromisesFromObject
FN:89,(anonymous_11)
FN:97,(anonymous_12)
FN:98,(anonymous_13)
FN:101,(anonymous_14)
FN:102,(anonymous_15)
FN:114,(anonymous_16)
FNF:16
FNH:16
FNDA:5037,makePromise
FNDA:4922,(anonymous_2)
FNDA:5305,fulfillIfDone
FNDA:3821,noteResolvedValue
FNDA:251,(anonymous_5)
FNDA:241,(anonymous_6)
FNDA:28,(anonymous_7)
FNDA:1222,(anonymous_8)
FNDA:7599,isPromise
FNDA:3546,extractPromisesFromObject
FNDA:2423,(anonymous_11)
FNDA:33,(anonymous_12)
FNDA:1123,(anonymous_13)
FNDA:339,(anonymous_14)
FNDA:562,(anonymous_15)
FNDA:22,(anonymous_16)
DA:1,11
DA:2,11
DA:3,11
DA:5,12
DA:6,5037
DA:7,6
DA:11,5031
DA:12,109
DA:15,4922
DA:16,4922
DA:17,4922
DA:18,4922
DA:20,12
DA:21,5305
DA:22,3579
DA:26,12
DA:27,3821
DA:28,535
DA:32,4922
DA:33,251
DA:34,251
DA:35,241
DA:36,241
DA:37,241
DA:38,241
DA:39,239
DA:40,146
DA:41,30
DA:42,30
DA:43,28
DA:44,28
DA:45,28
DA:48,116
DA:52,93
DA:54,148
DA:55,148
DA:59,4922
DA:60,4922
DA:61,3907
DA:62,1452
DA:63,1452
DA:64,1222
DA:65,1222
DA:66,1222
DA:69,2455
DA:72,1015
DA:74,3907
DA:75,3907
DA:79,12
DA:80,7599
DA:83,12
DA:84,3546
DA:85,2416
DA:86,1130
DA:87,1129
DA:89,1129
DA:90,2423
DA:92,1129
DA:94,1
DA:97,11
DA:98,33
DA:99,1123
DA:100,1123
DA:101,339
DA:102,339
DA:103,562
DA:104,277
DA:107,337
DA:110,784
DA:114,11
DA:115,22
DA:118,11
LF:72
LH:72
BRDA:6,1,0,6
BRDA:6,1,1,5031
BRDA:11,2,0,109
BRDA:11,2,1,4922
BRDA:21,3,0,3579
BRDA:21,3,1,1726
BRDA:21,4,0,5305
BRDA:21,4,1,5295
BRDA:27,5,0,535
BRDA:27,5,1,3286
BRDA:27,6,0,3821
BRDA:27,6,1,543
BRDA:38,7,0,239
BRDA:38,7,1,2
BRDA:40,8,0,30
BRDA:40,8,1,116
BRDA:61,9,0,1452
BRDA:61,9,1,2455
BRDA:80,10,0,7599
BRDA:80,10,1,5227
BRDA:80,10,2,5210
BRDA:84,11,0,2416
BRDA:84,11,1,1130
BRDA:86,12,0,1129
BRDA:86,12,1,1
BRDA:86,13,0,1130
BRDA:86,13,1,1130
BRDA:100,14,0,339
BRDA:100,14,1,784
BRDA:103,15,0,277
BRDA:103,15,1,285
BRF:31
BRH:31
end_of_record
TN:
SF:/home/andreas/work/unexpected/lib/notifyPendingPromise.js
FN:10,(anonymous_1)
FN:13,(anonymous_2)
FN:19,registerAfterEachHook
FN:23,(anonymous_4)
FN:26,(anonymous_5)
FN:53,notifyPendingPromise
FNF:6
FNH:6
FNDA:2,(anonymous_1)
FNDA:2,(anonymous_2)
FNDA:614,registerAfterEachHook
FNDA:1190,(anonymous_4)
FNDA:603,(anonymous_5)
FNDA:603,notifyPendingPromise
DA:2,11
DA:3,11
DA:5,11
DA:7,11
DA:9,2
DA:11,2
DA:14,2
DA:19,12
DA:20,614
DA:21,8
DA:22,8
DA:23,8
DA:24,1190
DA:25,1190
DA:26,1190
DA:27,6
DA:28,6
DA:30,4
DA:31,4
DA:32,2
DA:33,2
DA:34,2
DA:36,6
DA:38,1190
DA:39,1190
DA:40,4
DA:51,11
DA:53,11
DA:54,603
DA:56,603
LF:30
LH:30
BRDA:7,1,0,2
BRDA:7,1,1,9
BRDA:20,2,0,8
BRDA:20,2,1,606
BRDA:20,3,0,614
BRDA:20,3,1,605
BRDA:26,4,0,6
BRDA:26,4,1,1184
BRDA:28,5,0,4
BRDA:28,5,1,2
BRDA:32,6,0,2
BRDA:32,6,1,0
BRDA:39,7,0,4
BRDA:39,7,1,1186
BRDA:39,8,0,1190
BRDA:39,8,1,6
BRF:16
BRH:15
end_of_record
TN:
SF:/home/andreas/work/unexpected/lib/oathbreaker.js
FN:5,oathbreaker
FN:21,(anonymous_2)
FN:28,(anonymous_3)
FN:29,(anonymous_4)
FN:33,(anonymous_5)
FN:36,(anonymous_6)
FN:55,(anonymous_7)
FNF:7
FNH:7
FNDA:28799,oathbreaker
FNDA:90,(anonymous_2)
FNDA:2917,(anonymous_3)
FNDA:893,(anonymous_4)
FNDA:3694,(anonymous_5)
FNDA:1453,(anonymous_6)
FNDA:1343,(anonymous_7)
DA:1,11
DA:2,11
DA:3,11
DA:5,11
DA:6,28799
DA:7,20872
DA:10,7927
DA:12,24
DA:15,7903
DA:16,2660
DA:20,5243
DA:21,90
DA:25,90
DA:28,5153
DA:29,5153
DA:31,5153
DA:32,5153
DA:33,5153
DA:34,3694
DA:35,3694
DA:37,1453
DA:38,1453
DA:39,1453
DA:42,5153
DA:44,5153
DA:45,893
DA:46,889
DA:48,893
DA:49,4260
DA:50,2917
DA:51,1343
DA:52,1343
DA:55,1343
DA:56,1343
DA:57,1343
LF:35
LH:35
BRDA:6,1,0,20872
BRDA:6,1,1,7927
BRDA:6,2,0,28799
BRDA:6,2,1,9530
BRDA:10,3,0,24
BRDA:10,3,1,7903
BRDA:15,4,0,2660
BRDA:15,4,1,5243
BRDA:20,5,0,90
BRDA:20,5,1,5153
BRDA:44,6,0,893
BRDA:44,6,1,4260
BRDA:44,7,0,5153
BRDA:44,7,1,3810
BRDA:45,8,0,889
BRDA:45,8,1,4
BRDA:45,9,0,893
BRDA:45,9,1,889
BRDA:49,10,0,2917
BRDA:49,10,1,1343
BRDA:51,11,0,1343
BRDA:51,11,1,0
BRDA:51,12,0,1343
BRDA:51,12,1,1343
BRF:24
BRH:23
end_of_record
TN:
SF:/home/andreas/work/unexpected/lib/specialCharRegExp.js
FNF:0
FNH:0
DA:1,11
LF:1
LH:1
BRF:0
BRH:0
end_of_record
TN:
SF:/home/andreas/work/unexpected/lib/styles.js
FN:5,(anonymous_1)
FN:58,(anonymous_2)
FN:68,(anonymous_3)
FN:71,(anonymous_4)
FN:94,(anonymous_5)
FN:129,(anonymous_6)
FN:133,(anonymous_7)
FN:137,(anonymous_8)
FN:148,(anonymous_9)
FN:152,(anonymous_10)
FN:163,(anonymous_11)
FN:165,(anonymous_12)
FN:166,(anonymous_13)
FN:170,(anonymous_14)
FN:176,(anonymous_15)
FN:182,(anonymous_16)
FN:184,(anonymous_17)
FN:185,(anonymous_18)
FN:189,(anonymous_19)
FN:195,(anonymous_20)
FN:201,(anonymous_21)
FN:203,(anonymous_22)
FN:207,(anonymous_23)
FN:213,(anonymous_24)
FN:214,(anonymous_25)
FN:219,(anonymous_26)
FN:229,(anonymous_27)
FN:237,(anonymous_28)
FN:240,(anonymous_29)
FN:248,(anonymous_30)
FN:249,(anonymous_31)
FN:302,(anonymous_32)
FN:305,(anonymous_33)
FN:323,(anonymous_34)
FN:324,(anonymous_35)
FN:347,(anonymous_36)
FN:348,(anonymous_37)
FN:352,(anonymous_38)
FN:360,(anonymous_39)
FN:376,(anonymous_40)
FN:381,(anonymous_41)
FN:400,(anonymous_42)
FN:413,(anonymous_43)
FNF:43
FNH:43
FNDA:11,(anonymous_1)
FNDA:2,(anonymous_2)
FNDA:3259,(anonymous_3)
FNDA:215,(anonymous_4)
FNDA:6104,(anonymous_5)
FNDA:487,(anonymous_6)
FNDA:700,(anonymous_7)
FNDA:700,(anonymous_8)
FNDA:22,(anonymous_9)
FNDA:22,(anonymous_10)
FNDA:51,(anonymous_11)
FNDA:20,(anonymous_12)
FNDA:34,(anonymous_13)
FNDA:27,(anonymous_14)
FNDA:31,(anonymous_15)
FNDA:17,(anonymous_16)
FNDA:14,(anonymous_17)
FNDA:24,(anonymous_18)
FNDA:19,(anonymous_19)
FNDA:3,(anonymous_20)
FNDA:33,(anonymous_21)
FNDA:12,(anonymous_22)
FNDA:21,(anonymous_23)
FNDA:401,(anonymous_24)
FNDA:401,(anonymous_25)
FNDA:272,(anonymous_26)
FNDA:166,(anonymous_27)
FNDA:102,(anonymous_28)
FNDA:91,(anonymous_29)
FNDA:57,(anonymous_30)
FNDA:90,(anonymous_31)
FNDA:34,(anonymous_32)
FNDA:34,(anonymous_33)
FNDA:33,(anonymous_34)
FNDA:57,(anonymous_35)
FNDA:1651,(anonymous_36)
FNDA:1667,(anonymous_37)
FNDA:718,(anonymous_38)
FNDA:891,(anonymous_39)
FNDA:475,(anonymous_40)
FNDA:988,(anonymous_41)
FNDA:525,(anonymous_42)
FNDA:1301,(anonymous_43)
DA:1,11
DA:2,11
DA:3,11
DA:5,11
DA:6,11
DA:20,11
DA:37,11
DA:58,11
DA:59,2
DA:60,2
DA:61,1
DA:62,1
DA:64,1
DA:68,11
DA:69,3259
DA:70,3259
DA:72,215
DA:73,131
DA:74,84
DA:75,25
DA:76,59
DA:77,22
DA:78,37
DA:79,1
DA:80,36
DA:81,5
DA:82,31
DA:83,3
DA:84,28
DA:85,1
DA:87,27
DA:88,27
DA:94,11
DA:95,6104
DA:96,6104
DA:97,6104
DA:98,6104
DA:99,0
DA:101,6104
DA:102,6104
DA:103,1697
DA:104,4407
DA:105,4343
DA:106,4283
DA:108,60
DA:111,64
DA:115,6104
DA:116,4046
DA:117,1819
DA:118,4
DA:119,4
DA:121,1815
DA:124,4046
DA:129,11
DA:130,487
DA:133,11
DA:134,700
DA:135,700
DA:137,700
DA:138,700
DA:139,1532
DA:140,832
DA:142,1532
DA:145,700
DA:148,11
DA:149,22
DA:150,22
DA:152,22
DA:153,22
DA:154,40
DA:155,18
DA:157,40
DA:160,22
DA:163,11
DA:164,51
DA:166,20
DA:167,34
DA:168,7
DA:170,27
DA:171,27
DA:177,31
DA:182,11
DA:183,17
DA:185,14
DA:186,24
DA:187,5
DA:189,19
DA:190,19
DA:196,3
DA:201,11
DA:202,33
DA:205,12
DA:208,21
DA:213,11
DA:214,401
DA:215,401
DA:219,11
DA:220,272
DA:221,22
DA:222,250
DA:223,249
DA:225,1
DA:229,11
DA:230,166
DA:231,152
DA:233,14
DA:237,11
DA:238,102
DA:239,102
DA:240,102
DA:241,91
DA:242,21
DA:244,91
DA:248,11
DA:249,57
DA:250,90
DA:251,33
DA:253,90
DA:254,85
DA:255,85
DA:257,47
DA:264,38
DA:269,38
DA:270,17
DA:274,38
DA:276,5
DA:277,1
DA:285,4
DA:288,4
DA:289,3
DA:297,4
DA:302,11
DA:303,34
DA:304,34
DA:305,34
DA:306,34
DA:307,31
DA:308,31
DA:309,30
DA:311,31
DA:313,3
DA:315,34
DA:316,33
DA:317,33
DA:318,26
DA:323,33
DA:324,33
DA:325,57
DA:326,24
DA:328,57
DA:330,33
DA:331,3
DA:334,33
DA:335,26
DA:342,34
DA:343,22
DA:347,11
DA:348,1651
DA:349,1667
DA:350,1006
DA:353,718
DA:354,5
DA:359,1667
DA:360,847
DA:361,891
DA:362,22
DA:364,869
DA:368,820
DA:370,1667
DA:371,16
DA:376,11
DA:377,475
DA:378,475
DA:379,475
DA:380,475
DA:381,475
DA:382,988
DA:383,463
DA:388,463
DA:390,525
DA:391,32
DA:393,525
DA:396,475
DA:397,30
DA:400,475
DA:401,525
DA:402,463
DA:403,463
DA:404,463
DA:405,463
DA:406,463
DA:407,463
DA:408,26
DA:410,463
DA:411,26
DA:413,463
DA:414,1301
DA:415,503
DA:416,798
DA:417,511
DA:419,287
DA:420,287
DA:423,463
DA:424,4
DA:427,463
DA:428,4
DA:430,463
DA:432,62
DA:433,62
DA:436,62
DA:437,5
DA:438,57
DA:439,9
DA:441,48
DA:443,62
DA:444,34
LF:216
LH:215
BRDA:60,1,0,1
BRDA:60,1,1,1
BRDA:72,2,0,131
BRDA:72,2,1,84
BRDA:74,3,0,25
BRDA:74,3,1,59
BRDA:76,4,0,22
BRDA:76,4,1,37
BRDA:78,5,0,1
BRDA:78,5,1,36
BRDA:80,6,0,5
BRDA:80,6,1,31
BRDA:82,7,0,3
BRDA:82,7,1,28
BRDA:84,8,0,1
BRDA:84,8,1,27
BRDA:88,9,0,11
BRDA:88,9,1,16
BRDA:98,10,0,0
BRDA:98,10,1,6104
BRDA:102,11,0,1697
BRDA:102,11,1,4407
BRDA:104,12,0,4343
BRDA:104,12,1,64
BRDA:105,13,0,4283
BRDA:105,13,1,60
BRDA:115,14,0,4046
BRDA:115,14,1,2058
BRDA:116,15,0,1819
BRDA:116,15,1,2227
BRDA:117,16,0,4
BRDA:117,16,1,1815
BRDA:117,17,0,1819
BRDA:117,17,1,211
BRDA:117,17,2,35
BRDA:139,18,0,832
BRDA:139,18,1,700
BRDA:154,19,0,18
BRDA:154,19,1,22
BRDA:167,20,0,7
BRDA:167,20,1,27
BRDA:186,21,0,5
BRDA:186,21,1,19
BRDA:214,22,0,5
BRDA:214,22,1,396
BRDA:220,23,0,22
BRDA:220,23,1,250
BRDA:220,24,0,272
BRDA:220,24,1,271
BRDA:222,25,0,249
BRDA:222,25,1,1
BRDA:222,26,0,250
BRDA:222,26,1,249
BRDA:230,27,0,152
BRDA:230,27,1,14
BRDA:230,28,0,166
BRDA:230,28,1,164
BRDA:239,29,0,102
BRDA:239,29,1,1
BRDA:241,30,0,21
BRDA:241,30,1,70
BRDA:250,31,0,33
BRDA:250,31,1,57
BRDA:253,32,0,85
BRDA:253,32,1,5
BRDA:255,33,0,47
BRDA:255,33,1,38
BRDA:255,34,0,85
BRDA:255,34,1,85
BRDA:255,34,2,64
BRDA:269,35,0,17
BRDA:269,35,1,21
BRDA:272,36,0,17
BRDA:272,36,1,0
BRDA:272,37,0,17
BRDA:272,37,1,17
BRDA:276,38,0,1
BRDA:276,38,1,4
BRDA:288,39,0,3
BRDA:288,39,1,1
BRDA:288,40,0,4
BRDA:288,40,1,4
BRDA:288,40,2,4
BRDA:288,40,3,4
BRDA:304,41,0,34
BRDA:304,41,1,31
BRDA:306,42,0,31
BRDA:306,42,1,3
BRDA:308,43,0,30
BRDA:308,43,1,1
BRDA:315,44,0,33
BRDA:315,44,1,1
BRDA:316,45,0,33
BRDA:316,45,1,9
BRDA:317,46,0,26
BRDA:317,46,1,7
BRDA:325,47,0,24
BRDA:325,47,1,33
BRDA:330,48,0,3
BRDA:330,48,1,30
BRDA:334,49,0,26
BRDA:334,49,1,7
BRDA:342,50,0,22
BRDA:342,50,1,12
BRDA:342,51,0,34
BRDA:342,51,1,31
BRDA:342,51,2,30
BRDA:342,51,3,8
BRDA:349,52,0,1006
BRDA:349,52,1,661
BRDA:353,53,0,5
BRDA:353,53,1,713
BRDA:353,54,0,718
BRDA:353,54,1,6
BRDA:353,54,2,6
BRDA:353,54,3,1
BRDA:354,55,0,3
BRDA:354,55,1,2
BRDA:359,56,0,847
BRDA:359,56,1,820
BRDA:361,57,0,22
BRDA:361,57,1,869
BRDA:362,58,0,22
BRDA:362,58,1,0
BRDA:370,59,0,16
BRDA:370,59,1,1651
BRDA:377,60,0,475
BRDA:377,60,1,5
BRDA:378,61,0,475
BRDA:378,61,1,5
BRDA:382,62,0,463
BRDA:382,62,1,525
BRDA:382,63,0,988
BRDA:382,63,1,495
BRDA:382,63,2,465
BRDA:390,64,0,32
BRDA:390,64,1,493
BRDA:396,65,0,30
BRDA:396,65,1,445
BRDA:401,66,0,463
BRDA:401,66,1,62
BRDA:407,67,0,26
BRDA:407,67,1,437
BRDA:410,68,0,26
BRDA:410,68,1,437
BRDA:414,69,0,503
BRDA:414,69,1,798
BRDA:416,70,0,511
BRDA:416,70,1,287
BRDA:423,71,0,4
BRDA:423,71,1,459
BRDA:423,72,0,463
BRDA:423,72,1,26
BRDA:427,73,0,4
BRDA:427,73,1,459
BRDA:427,74,0,463
BRDA:427,74,1,26
BRDA:430,75,0,18
BRDA:430,75,1,445
BRDA:430,76,0,463
BRDA:430,76,1,26
BRDA:433,77,0,34
BRDA:433,77,1,28
BRDA:436,78,0,5
BRDA:436,78,1,57
BRDA:438,79,0,9
BRDA:438,79,1,48
BRDA:443,80,0,34
BRDA:443,80,1,28
BRF:169
BRH:166
end_of_record
TN:
SF:/home/andreas/work/unexpected/lib/throwIfNonUnexpectedError.js
FN:1,throwIfNonUnexpectedError
FNF:1
FNH:1
FNDA:983,throwIfNonUnexpectedError
DA:1,11
DA:2,983
DA:3,2
DA:4,4
DA:6,981
DA:7,3
LF:6
LH:6
BRDA:2,1,0,2
BRDA:2,1,1,981
BRDA:2,2,0,983
BRDA:2,2,1,983
BRDA:6,3,0,3
BRDA:6,3,1,978
BRDA:6,4,0,981
BRDA:6,4,1,981
BRF:8
BRH:8
end_of_record
TN:
SF:/home/andreas/work/unexpected/lib/types.js
FN:10,(anonymous_1)
FN:14,(anonymous_2)
FN:17,(anonymous_3)
FN:22,(anonymous_4)
FN:34,(anonymous_5)
FN:35,(anonymous_6)
FN:52,(anonymous_7)
FN:55,(anonymous_8)
FN:70,(anonymous_9)
FN:101,(anonymous_10)
FN:104,(anonymous_11)
FN:112,(anonymous_12)
FN:121,(anonymous_13)
FN:127,(anonymous_14)
FN:136,(anonymous_15)
FN:145,(anonymous_16)
FN:148,(anonymous_17)
FN:176,(anonymous_18)
FN:184,(anonymous_19)
FN:214,(anonymous_20)
FN:225,(anonymous_21)
FN:244,(anonymous_22)
FN:277,(anonymous_23)
FN:296,(anonymous_24)
FN:297,(anonymous_25)
FN:350,(anonymous_26)
FN:378,(anonymous_27)
FN:390,(anonymous_28)
FN:393,(anonymous_29)
FN:400,(anonymous_30)
FN:403,(anonymous_31)
FN:406,(anonymous_32)
FN:427,(anonymous_33)
FN:433,(anonymous_34)
FN:441,(anonymous_35)
FN:469,(anonymous_36)
FN:472,(anonymous_37)
FN:475,(anonymous_38)
FN:487,(anonymous_39)
FN:504,(anonymous_40)
FN:514,(anonymous_41)
FN:525,(anonymous_42)
FN:542,(anonymous_43)
FN:555,(anonymous_44)
FN:578,(anonymous_45)
FN:581,(anonymous_46)
FN:584,(anonymous_47)
FN:586,(anonymous_48)
FN:589,(anonymous_49)
FN:590,(anonymous_50)
FN:596,(anonymous_51)
FN:601,(anonymous_52)
FN:606,(anonymous_53)
FN:608,(anonymous_54)
FN:612,(anonymous_55)
FN:616,(anonymous_56)
FN:643,(anonymous_57)
FN:651,(anonymous_58)
FN:654,(anonymous_59)
FN:657,(anonymous_60)
FN:662,(anonymous_61)
FN:670,(anonymous_62)
FN:673,(anonymous_63)
FN:674,(anonymous_64)
FN:680,(anonymous_65)
FN:681,(anonymous_66)
FN:686,(anonymous_67)
FN:690,(anonymous_68)
FN:702,(anonymous_69)
FN:718,(anonymous_70)
FN:725,(anonymous_71)
FN:729,(anonymous_72)
FN:730,(anonymous_73)
FN:734,(anonymous_74)
FN:748,(anonymous_75)
FN:751,(anonymous_76)
FN:754,(anonymous_77)
FN:773,(anonymous_78)
FN:777,(anonymous_79)
FN:780,(anonymous_80)
FN:794,(anonymous_81)
FN:821,(anonymous_82)
FN:824,(anonymous_83)
FN:827,(anonymous_84)
FN:840,(anonymous_85)
FN:856,(anonymous_86)
FN:859,(anonymous_87)
FN:885,(anonymous_88)
FN:893,(anonymous_89)
FN:896,(anonymous_90)
FN:908,(anonymous_91)
FN:911,(anonymous_92)
FN:914,(anonymous_93)
FN:927,(anonymous_94)
FN:957,(anonymous_95)
FN:974,(anonymous_96)
FN:980,(anonymous_97)
FN:988,(anonymous_98)
FN:989,(anonymous_99)
FN:998,(anonymous_100)
FN:1016,(anonymous_101)
FN:1019,(anonymous_102)
FN:1023,(anonymous_103)
FN:1036,(anonymous_104)
FN:1039,(anonymous_105)
FN:1051,(anonymous_106)
FN:1054,(anonymous_107)
FN:1061,(anonymous_108)
FN:1064,(anonymous_109)
FN:1071,(anonymous_110)
FN:1074,(anonymous_111)
FN:1081,(anonymous_112)
FN:1084,(anonymous_113)
FN:1091,(anonymous_114)
FNF:114
FNH:110
FNDA:11,(anonymous_1)
FNDA:5,(anonymous_2)
FNDA:32,(anonymous_3)
FNDA:6,(anonymous_4)
FNDA:4,(anonymous_5)
FNDA:4,(anonymous_6)
FNDA:0,(anonymous_7)
FNDA:0,(anonymous_8)
FNDA:0,(anonymous_9)
FNDA:17307,(anonymous_10)
FNDA:1152,(anonymous_11)
FNDA:1051,(anonymous_12)
FNDA:5909,(anonymous_13)
FNDA:0,(anonymous_14)
FNDA:553,(anonymous_15)
FNDA:557,(anonymous_16)
FNDA:689,(anonymous_17)
FNDA:788,(anonymous_18)
FNDA:1205,(anonymous_19)
FNDA:1116,(anonymous_20)
FNDA:1046,(anonymous_21)
FNDA:159,(anonymous_22)
FNDA:261,(anonymous_23)
FNDA:456,(anonymous_24)
FNDA:456,(anonymous_25)
FNDA:695,(anonymous_26)
FNDA:82,(anonymous_27)
FNDA:4855,(anonymous_28)
FNDA:1,(anonymous_29)
FNDA:4333,(anonymous_30)
FNDA:30,(anonymous_31)
FNDA:20,(anonymous_32)
FNDA:1335,(anonymous_33)
FNDA:3936,(anonymous_34)
FNDA:148,(anonymous_35)
FNDA:706,(anonymous_36)
FNDA:706,(anonymous_37)
FNDA:496,(anonymous_38)
FNDA:3568,(anonymous_39)
FNDA:3519,(anonymous_40)
FNDA:3568,(anonymous_41)
FNDA:84,(anonymous_42)
FNDA:3484,(anonymous_43)
FNDA:113,(anonymous_44)
FNDA:624,(anonymous_45)
FNDA:420,(anonymous_46)
FNDA:420,(anonymous_47)
FNDA:420,(anonymous_48)
FNDA:31,(anonymous_49)
FNDA:31,(anonymous_50)
FNDA:38,(anonymous_51)
FNDA:187,(anonymous_52)
FNDA:164,(anonymous_53)
FNDA:164,(anonymous_54)
FNDA:10,(anonymous_55)
FNDA:148,(anonymous_56)
FNDA:8120,(anonymous_57)
FNDA:7,(anonymous_58)
FNDA:7,(anonymous_59)
FNDA:8147,(anonymous_60)
FNDA:99,(anonymous_61)
FNDA:9293,(anonymous_62)
FNDA:354,(anonymous_63)
FNDA:164,(anonymous_64)
FNDA:59,(anonymous_65)
FNDA:73,(anonymous_66)
FNDA:17,(anonymous_67)
FNDA:253,(anonymous_68)
FNDA:16,(anonymous_69)
FNDA:66,(anonymous_70)
FNDA:9272,(anonymous_71)
FNDA:11,(anonymous_72)
FNDA:68,(anonymous_73)
FNDA:22,(anonymous_74)
FNDA:8480,(anonymous_75)
FNDA:28,(anonymous_76)
FNDA:8,(anonymous_77)
FNDA:11032,(anonymous_78)
FNDA:2,(anonymous_79)
FNDA:277,(anonymous_80)
FNDA:447,(anonymous_81)
FNDA:11302,(anonymous_82)
FNDA:108,(anonymous_83)
FNDA:171,(anonymous_84)
FNDA:270,(anonymous_85)
FNDA:12499,(anonymous_86)
FNDA:134,(anonymous_87)
FNDA:9,(anonymous_88)
FNDA:122,(anonymous_89)
FNDA:6,(anonymous_90)
FNDA:70,(anonymous_91)
FNDA:70,(anonymous_92)
FNDA:21,(anonymous_93)
FNDA:54,(anonymous_94)
FNDA:70,(anonymous_95)
FNDA:29,(anonymous_96)
FNDA:2255,(anonymous_97)
FNDA:33,(anonymous_98)
FNDA:66,(anonymous_99)
FNDA:79750,(anonymous_100)
FNDA:28657,(anonymous_101)
FNDA:3080,(anonymous_102)
FNDA:441,(anonymous_103)
FNDA:41430,(anonymous_104)
FNDA:3526,(anonymous_105)
FNDA:41457,(anonymous_106)
FNDA:11,(anonymous_107)
FNDA:46349,(anonymous_108)
FNDA:135,(anonymous_109)
FNDA:46645,(anonymous_110)
FNDA:53,(anonymous_111)
FNDA:46813,(anonymous_112)
FNDA:25,(anonymous_113)
FNDA:46813,(anonymous_114)
DA:1,11
DA:2,11
DA:3,11
DA:4,11
DA:5,11
DA:6,11
DA:7,11
DA:8,11
DA:10,11
DA:11,11
DA:15,5
DA:18,32
DA:19,32
DA:20,32
DA:23,6
DA:24,6
DA:25,6
DA:26,6
DA:27,6
DA:28,6
DA:29,6
DA:30,2
DA:32,4
DA:35,4
DA:36,4
DA:37,4
DA:38,2
DA:49,11
DA:50,0
DA:53,0
DA:56,0
DA:67,11
DA:68,11
DA:70,0
DA:71,0
DA:72,0
DA:73,0
DA:74,0
DA:75,0
DA:76,0
DA:77,0
DA:78,0
DA:79,0
DA:81,0
DA:83,0
DA:84,0
DA:87,0
DA:88,0
DA:89,0
DA:90,0
DA:93,0
DA:97,11
DA:102,17307
DA:105,1152
DA:106,1152
DA:107,1152
DA:108,79
DA:110,1152
DA:113,1051
DA:114,1051
DA:115,1051
DA:116,1051
DA:117,79
DA:119,1051
DA:122,5909
DA:123,4390
DA:125,5909
DA:128,0
DA:129,0
DA:130,0
DA:131,0
DA:133,0
DA:137,553
DA:138,7
DA:141,546
DA:142,106
DA:145,440
DA:146,557
DA:149,689
DA:153,440
DA:154,55
DA:157,385
DA:158,385
DA:160,385
DA:161,521
DA:162,10
DA:168,375
DA:169,379
DA:170,379
DA:171,191
DA:174,83
DA:177,788
DA:178,788
DA:179,84
DA:180,84
DA:181,84
DA:183,704
DA:184,704
DA:185,1205
DA:186,1205
DA:187,1205
DA:188,1205
DA:189,1205
DA:190,1
DA:193,1205
DA:195,1205
DA:196,1205
DA:197,24
DA:199,1205
DA:201,1205
DA:203,1205
DA:204,1
DA:205,1204
DA:206,1
DA:209,1205
DA:212,704
DA:213,704
DA:214,704
DA:215,1116
DA:216,26
DA:218,1090
DA:219,1090
DA:222,704
DA:223,704
DA:224,635
DA:225,635
DA:226,1046
DA:227,1046
DA:228,1046
DA:229,411
DA:230,389
DA:232,22
DA:233,22
DA:236,411
DA:238,5
DA:241,1046
DA:244,69
DA:245,159
DA:246,90
DA:248,159
DA:252,704
DA:253,704
DA:254,704
DA:255,704
DA:256,74
DA:257,73
DA:259,74
DA:260,73
DA:262,74
DA:263,74
DA:264,73
DA:266,74
DA:267,73
DA:270,630
DA:275,704
DA:278,261
DA:279,9
DA:284,252
DA:285,252
DA:286,252
DA:287,252
DA:288,252
DA:292,252
DA:293,251
DA:295,252
DA:296,252
DA:297,456
DA:298,456
DA:299,456
DA:300,456
DA:301,456
DA:302,456
DA:303,395
DA:304,16
DA:305,16
DA:306,379
DA:307,22
DA:308,22
DA:309,22
DA:311,357
DA:312,256
DA:313,239
DA:314,239
DA:315,197
DA:318,17
DA:319,17
DA:323,61
DA:326,355
DA:327,316
DA:330,355
DA:331,355
DA:332,239
DA:334,355
DA:335,355
DA:336,255
DA:341,151
DA:342,150
DA:344,151
DA:345,151
DA:351,695
DA:352,2
DA:355,693
DA:356,693
DA:358,693
DA:359,147
DA:362,546
DA:363,25
DA:366,521
DA:367,497
DA:370,24
DA:371,2
DA:374,22
DA:375,22
DA:376,22
DA:377,22
DA:378,22
DA:379,82
DA:380,14
DA:382,82
DA:387,11
DA:391,4855
DA:394,1
DA:398,11
DA:401,4333
DA:404,30
DA:407,20
DA:408,1
DA:410,19
DA:412,18
DA:415,1
DA:422,11
DA:428,1335
DA:429,1335
DA:430,6958
DA:432,1335
DA:433,1305
DA:434,3936
DA:435,113
DA:439,1335
DA:442,148
DA:443,1
DA:444,147
DA:445,132
DA:446,132
DA:447,2
DA:448,4
DA:449,1
DA:453,130
DA:454,130
DA:455,130
DA:456,1
DA:458,129
DA:459,261
DA:460,84
DA:464,46
DA:466,15
DA:470,706
DA:473,706
DA:476,496
DA:477,496
DA:478,496
DA:479,496
DA:480,32
DA:483,464
DA:484,1
DA:487,463
DA:488,3568
DA:489,3568
DA:490,1510
DA:491,2058
DA:493,2056
DA:496,2
DA:498,3568
DA:501,463
DA:502,463
DA:503,463
DA:504,463
DA:505,3519
DA:506,3
DA:509,3516
DA:510,3516
DA:511,3516
DA:513,463
DA:514,463
DA:515,3568
DA:517,463
DA:518,16
DA:519,16
DA:520,15
DA:522,16
DA:523,15
DA:525,16
DA:526,84
DA:529,16
DA:530,15
DA:533,16
DA:534,15
DA:537,16
DA:539,447
DA:542,447
DA:543,3484
DA:544,3484
DA:545,3484
DA:546,3037
DA:549,447
DA:556,113
DA:558,113
DA:559,2
DA:560,2
DA:563,111
DA:564,2
DA:567,109
DA:568,109
DA:572,109
DA:573,108
DA:576,109
DA:578,109
DA:579,624
DA:581,109
DA:582,420
DA:584,109
DA:585,420
DA:586,420
DA:587,420
DA:588,420
DA:589,31
DA:590,31
DA:591,31
DA:592,31
DA:595,389
DA:596,38
DA:597,38
DA:600,351
DA:601,187
DA:602,187
DA:606,164
DA:607,164
DA:608,164
DA:609,164
DA:610,6
DA:611,158
DA:612,10
DA:613,10
DA:616,148
DA:617,148
DA:626,109
DA:627,108
DA:630,109
DA:631,109
DA:635,109
DA:639,11
DA:644,8120
DA:648,11
DA:652,7
DA:655,7
DA:658,8147
DA:662,11
DA:663,99
DA:664,99
DA:667,11
DA:671,9293
DA:674,354
DA:675,164
DA:677,354
DA:678,354
DA:681,59
DA:682,73
DA:683,73
DA:687,17
DA:691,253
DA:692,253
DA:693,253
DA:694,243
DA:695,242
DA:698,10
DA:700,253
DA:703,16
DA:704,4
DA:709,12
DA:710,12
DA:711,10
DA:712,10
DA:714,12
DA:718,11
DA:719,66
DA:720,66
DA:722,11
DA:726,9272
DA:730,11
DA:731,68
DA:735,22
DA:736,22
DA:737,22
DA:738,9
DA:740,13
DA:742,22
DA:746,11
DA:749,8480
DA:752,28
DA:756,8
DA:757,8
DA:758,8
DA:759,3
DA:760,3
DA:761,3
DA:763,3
DA:766,8
DA:770,11
DA:774,11032
DA:778,2
DA:781,277
DA:782,277
DA:783,277
DA:784,277
DA:785,277
DA:786,277
DA:787,275
DA:788,275
DA:789,275
DA:791,275
DA:792,235
DA:793,235
DA:794,235
DA:795,447
DA:798,275
DA:799,187
DA:801,275
DA:802,1
DA:803,274
DA:804,44
DA:805,230
DA:806,56
DA:808,174
DA:811,2
DA:812,2
DA:814,277
DA:818,11
DA:822,11302
DA:825,108
DA:826,108
DA:827,108
DA:828,171
DA:829,21
DA:830,21
DA:833,150
DA:834,21
DA:835,129
DA:836,21
DA:839,150
DA:840,150
DA:841,270
DA:842,120
DA:844,270
DA:846,150
DA:849,108
DA:853,11
DA:857,12499
DA:860,134
DA:861,134
DA:862,2
DA:863,132
DA:864,31
DA:865,31
DA:866,30
DA:867,30
DA:868,18
DA:871,101
DA:872,46
DA:873,46
DA:874,46
DA:875,44
DA:881,11
DA:886,9
DA:894,122
DA:897,6
DA:898,6
DA:902,11
DA:909,70
DA:912,70
DA:915,21
DA:916,1
DA:919,20
DA:921,19
DA:922,214
DA:925,6
DA:928,54
DA:929,54
DA:930,54
DA:932,54
DA:933,111
DA:934,57
DA:936,111
DA:939,111
DA:940,1536
DA:941,1025
DA:942,1025
DA:943,1025
DA:944,511
DA:945,487
DA:949,111
DA:950,87
DA:952,24
DA:955,54
DA:958,70
DA:959,70
DA:960,70
DA:961,585
DA:962,515
DA:964,585
DA:965,585
DA:967,70
DA:968,34
DA:970,70
DA:971,70
DA:975,29
DA:976,29
DA:977,2
DA:979,27
DA:981,2255
DA:984,29
DA:988,11
DA:989,33
DA:990,66
DA:992,66
DA:993,66
DA:999,79750
DA:1006,11
DA:1007,11
DA:1014,11
DA:1017,28657
DA:1020,3080
DA:1024,441
DA:1025,4
DA:1026,4
DA:1028,437
DA:1029,437
DA:1030,437
DA:1034,11
DA:1037,41430
DA:1040,3526
DA:1041,1
DA:1043,3525
DA:1045,3526
DA:1049,11
DA:1052,41457
DA:1055,11
DA:1059,11
DA:1062,46349
DA:1065,135
DA:1069,11
DA:1072,46645
DA:1075,53
DA:1079,11
DA:1082,46813
DA:1085,25
DA:1089,11
DA:1092,46813
LF:557
LH:531
BRDA:15,1,0,5
BRDA:15,1,1,5
BRDA:29,2,0,2
BRDA:29,2,1,4
BRDA:29,3,0,6
BRDA:29,3,1,4
BRDA:37,4,0,2
BRDA:37,4,1,2
BRDA:49,5,0,0
BRDA:49,5,1,11
BRDA:68,6,0,0
BRDA:68,6,1,11
BRDA:76,7,0,0
BRDA:76,7,1,0
BRDA:77,8,0,0
BRDA:77,8,1,0
BRDA:83,9,0,0
BRDA:83,9,1,0
BRDA:87,10,0,0
BRDA:87,10,1,0
BRDA:89,11,0,0
BRDA:89,11,1,0
BRDA:102,12,0,17307
BRDA:102,12,1,17302
BRDA:106,13,0,1152
BRDA:106,13,1,1148
BRDA:106,13,2,1146
BRDA:106,13,3,79
BRDA:107,14,0,79
BRDA:107,14,1,1073
BRDA:107,15,0,1152
BRDA:107,15,1,79
BRDA:115,16,0,1051
BRDA:115,16,1,1047
BRDA:115,16,2,1045
BRDA:115,16,3,79
BRDA:116,17,0,79
BRDA:116,17,1,972
BRDA:116,18,0,1051
BRDA:116,18,1,79
BRDA:122,19,0,4390
BRDA:122,19,1,1519
BRDA:127,20,0,0
BRDA:127,20,1,11
BRDA:130,21,0,0
BRDA:130,21,1,0
BRDA:137,22,0,7
BRDA:137,22,1,546
BRDA:141,23,0,106
BRDA:141,23,1,440
BRDA:153,24,0,55
BRDA:153,24,1,385
BRDA:161,25,0,10
BRDA:161,25,1,511
BRDA:170,26,0,191
BRDA:170,26,1,87
BRDA:178,27,0,84
BRDA:178,27,1,704
BRDA:185,28,0,1205
BRDA:185,28,1,1205
BRDA:186,29,0,1205
BRDA:186,29,1,1205
BRDA:187,30,0,1205
BRDA:187,30,1,1205
BRDA:189,31,0,1
BRDA:189,31,1,1204
BRDA:189,32,0,1205
BRDA:189,32,1,2
BRDA:193,33,0,1
BRDA:193,33,1,1204
BRDA:193,34,0,1205
BRDA:193,34,1,2
BRDA:196,35,0,24
BRDA:196,35,1,1181
BRDA:196,36,0,1205
BRDA:196,36,1,1177
BRDA:203,37,0,1
BRDA:203,37,1,1204
BRDA:203,38,0,1205
BRDA:203,38,1,2
BRDA:205,39,0,1
BRDA:205,39,1,1203
BRDA:212,40,0,16
BRDA:212,40,1,688
BRDA:214,41,0,704
BRDA:214,41,1,700
BRDA:215,42,0,26
BRDA:215,42,1,1090
BRDA:223,43,0,635
BRDA:223,43,1,69
BRDA:228,44,0,411
BRDA:228,44,1,635
BRDA:229,45,0,389
BRDA:229,45,1,22
BRDA:229,46,0,411
BRDA:229,46,1,406
BRDA:236,47,0,5
BRDA:236,47,1,406
BRDA:245,48,0,90
BRDA:245,48,1,69
BRDA:255,49,0,74
BRDA:255,49,1,630
BRDA:255,50,0,704
BRDA:255,50,1,703
BRDA:256,51,0,73
BRDA:256,51,1,1
BRDA:259,52,0,73
BRDA:259,52,1,1
BRDA:263,53,0,73
BRDA:263,53,1,1
BRDA:266,54,0,73
BRDA:266,54,1,1
BRDA:271,55,0,4
BRDA:271,55,1,626
BRDA:273,56,0,4
BRDA:273,56,1,626
BRDA:278,57,0,9
BRDA:278,57,1,252
BRDA:280,58,0,9
BRDA:280,58,1,7
BRDA:280,58,2,2
BRDA:281,59,0,9
BRDA:281,59,1,7
BRDA:281,59,2,2
BRDA:290,60,0,1
BRDA:290,60,1,251
BRDA:292,61,0,251
BRDA:292,61,1,1
BRDA:297,62,0,204
BRDA:297,62,1,252
BRDA:302,63,0,395
BRDA:302,63,1,61
BRDA:303,64,0,16
BRDA:303,64,1,379
BRDA:306,65,0,22
BRDA:306,65,1,357
BRDA:312,66,0,239
BRDA:312,66,1,17
BRDA:312,67,0,256
BRDA:312,67,1,214
BRDA:312,67,2,214
BRDA:314,68,0,197
BRDA:314,68,1,42
BRDA:326,69,0,316
BRDA:326,69,1,39
BRDA:327,70,0,255
BRDA:327,70,1,61
BRDA:331,71,0,239
BRDA:331,71,1,116
BRDA:335,72,0,255
BRDA:335,72,1,100
BRDA:341,73,0,150
BRDA:341,73,1,1
BRDA:346,74,0,1
BRDA:346,74,1,150
BRDA:351,75,0,2
BRDA:351,75,1,693
BRDA:351,76,0,695
BRDA:351,76,1,695
BRDA:358,77,0,147
BRDA:358,77,1,546
BRDA:362,78,0,25
BRDA:362,78,1,521
BRDA:366,79,0,497
BRDA:366,79,1,24
BRDA:366,80,0,521
BRDA:366,80,1,24
BRDA:370,81,0,2
BRDA:370,81,1,22
BRDA:370,82,0,24
BRDA:370,82,1,6
BRDA:379,83,0,14
BRDA:379,83,1,68
BRDA:379,84,0,82
BRDA:379,84,1,34
BRDA:391,85,0,4855
BRDA:391,85,1,4849
BRDA:401,86,0,4333
BRDA:401,86,1,4333
BRDA:407,87,0,1
BRDA:407,87,1,19
BRDA:410,88,0,18
BRDA:410,88,1,1
BRDA:415,89,0,1
BRDA:415,89,1,1
BRDA:415,89,2,1
BRDA:432,90,0,1305
BRDA:432,90,1,30
BRDA:434,91,0,113
BRDA:434,91,1,3823
BRDA:442,92,0,1
BRDA:442,92,1,147
BRDA:444,93,0,132
BRDA:444,93,1,15
BRDA:444,94,0,147
BRDA:444,94,1,145
BRDA:446,95,0,2
BRDA:446,95,1,130
BRDA:448,96,0,1
BRDA:448,96,1,3
BRDA:455,97,0,1
BRDA:455,97,1,129
BRDA:459,98,0,84
BRDA:459,98,1,177
BRDA:479,99,0,32
BRDA:479,99,1,464
BRDA:483,100,0,1
BRDA:483,100,1,463
BRDA:483,101,0,464
BRDA:483,101,1,3
BRDA:489,102,0,1510
BRDA:489,102,1,2058
BRDA:491,103,0,2056
BRDA:491,103,1,2
BRDA:504,104,0,463
BRDA:504,104,1,462
BRDA:505,105,0,3
BRDA:505,105,1,3516
BRDA:517,106,0,16
BRDA:517,106,1,447
BRDA:519,107,0,15
BRDA:519,107,1,1
BRDA:522,108,0,15
BRDA:522,108,1,1
BRDA:526,109,0,68
BRDA:526,109,1,16
BRDA:529,110,0,15
BRDA:529,110,1,1
BRDA:533,111,0,15
BRDA:533,111,1,1
BRDA:541,112,0,2
BRDA:541,112,1,445
BRDA:545,113,0,3037
BRDA:545,113,1,447
BRDA:550,114,0,2
BRDA:550,114,1,445
BRDA:558,115,0,2
BRDA:558,115,1,111
BRDA:563,116,0,2
BRDA:563,116,1,109
BRDA:570,117,0,1
BRDA:570,117,1,108
BRDA:572,118,0,108
BRDA:572,118,1,1
BRDA:580,119,0,109
BRDA:580,119,1,107
BRDA:582,120,0,31
BRDA:582,120,1,389
BRDA:586,121,0,311
BRDA:586,121,1,109
BRDA:588,122,0,31
BRDA:588,122,1,389
BRDA:591,123,0,6
BRDA:591,123,1,25
BRDA:595,124,0,38
BRDA:595,124,1,351
BRDA:600,125,0,187
BRDA:600,125,1,164
BRDA:609,126,0,6
BRDA:609,126,1,158
BRDA:609,127,0,164
BRDA:609,127,1,16
BRDA:611,128,0,10
BRDA:611,128,1,148
BRDA:626,129,0,108
BRDA:626,129,1,1
BRDA:632,130,0,1
BRDA:632,130,1,108
BRDA:687,131,0,17
BRDA:687,131,1,17
BRDA:687,131,2,12
BRDA:693,132,0,243
BRDA:693,132,1,10
BRDA:693,133,0,253
BRDA:693,133,1,243
BRDA:694,134,0,242
BRDA:694,134,1,1
BRDA:703,135,0,4
BRDA:703,135,1,12
BRDA:710,136,0,10
BRDA:710,136,1,2
BRDA:726,137,0,9272
BRDA:726,137,1,9272
BRDA:726,137,2,9272
BRDA:726,137,3,342
BRDA:737,138,0,9
BRDA:737,138,1,13
BRDA:758,139,0,3
BRDA:758,139,1,5
BRDA:782,140,0,277
BRDA:782,140,1,187
BRDA:786,141,0,275
BRDA:786,141,1,2
BRDA:789,142,0,275
BRDA:789,142,1,31
BRDA:791,143,0,235
BRDA:791,143,1,40
BRDA:791,144,0,275
BRDA:791,144,1,236
BRDA:798,145,0,187
BRDA:798,145,1,88
BRDA:798,146,0,275
BRDA:798,146,1,88
BRDA:801,147,0,1
BRDA:801,147,1,274
BRDA:803,148,0,44
BRDA:803,148,1,230
BRDA:805,149,0,56
BRDA:805,149,1,174
BRDA:805,150,0,230
BRDA:805,150,1,59
BRDA:822,151,0,11302
BRDA:822,151,1,2822
BRDA:828,152,0,21
BRDA:828,152,1,150
BRDA:833,153,0,21
BRDA:833,153,1,129
BRDA:835,154,0,21
BRDA:835,154,1,108
BRDA:841,155,0,120
BRDA:841,155,1,150
BRDA:857,156,0,12499
BRDA:857,156,1,12499
BRDA:857,156,2,9671
BRDA:861,157,0,2
BRDA:861,157,1,132
BRDA:861,158,0,134
BRDA:861,158,1,79
BRDA:863,159,0,31
BRDA:863,159,1,101
BRDA:863,160,0,132
BRDA:863,160,1,77
BRDA:865,161,0,30
BRDA:865,161,1,1
BRDA:867,162,0,18
BRDA:867,162,1,12
BRDA:871,163,0,46
BRDA:871,163,1,55
BRDA:871,164,0,101
BRDA:871,164,1,46
BRDA:874,165,0,44
BRDA:874,165,1,2
BRDA:886,166,0,9
BRDA:886,166,1,9
BRDA:886,166,2,7
BRDA:886,166,3,6
BRDA:886,166,4,4
BRDA:915,167,0,1
BRDA:915,167,1,20
BRDA:919,168,0,1
BRDA:919,168,1,19
BRDA:922,169,0,13
BRDA:922,169,1,201
BRDA:929,170,0,54
BRDA:929,170,1,0
BRDA:929,171,0,54
BRDA:929,171,1,0
BRDA:933,172,0,57
BRDA:933,172,1,54
BRDA:940,173,0,1025
BRDA:940,173,1,511
BRDA:944,174,0,487
BRDA:944,174,1,24
BRDA:949,175,0,87
BRDA:949,175,1,24
BRDA:961,176,0,515
BRDA:961,176,1,70
BRDA:967,177,0,34
BRDA:967,177,1,36
BRDA:976,178,0,2
BRDA:976,178,1,27
BRDA:992,179,0,66
BRDA:992,179,1,0
BRDA:1006,180,0,11
BRDA:1006,180,1,0
BRDA:1024,181,0,4
BRDA:1024,181,1,437
BRDA:1037,182,0,41430
BRDA:1037,182,1,12822
BRDA:1040,183,0,1
BRDA:1040,183,1,3525
BRDA:1040,184,0,3526
BRDA:1040,184,1,188
BRDA:1052,185,0,41457
BRDA:1052,185,1,12858
BRF:385
BRH:366
end_of_record
TN:
SF:/home/andreas/work/unexpected/lib/useFullStackTrace.js
FNF:0
FNH:0
DA:2,11
DA:3,11
DA:4,11
DA:5,0
DA:8,11
DA:9,1
DA:10,1
DA:12,11
LF:8
LH:7
BRDA:4,1,0,0
BRDA:4,1,1,11
BRDA:4,2,0,11
BRDA:4,2,1,0
BRDA:8,3,0,1
BRDA:8,3,1,10
BRDA:8,4,0,11
BRDA:8,4,1,11
BRDA:8,4,2,11
BRF:9
BRH:7
end_of_record
TN:
SF:/home/andreas/work/unexpected/lib/utils.js
FN:4,setPrototypeOf
FN:11,(anonymous_2)
FN:22,(anonymous_3)
FN:26,(anonymous_4)
FN:30,(anonymous_5)
FN:34,(anonymous_6)
FN:38,(anonymous_7)
FN:46,(anonymous_8)
FN:56,(anonymous_9)
FN:64,(anonymous_10)
FN:68,(anonymous_11)
FN:84,(anonymous_12)
FN:101,(anonymous_13)
FN:111,extend
FN:120,(anonymous_15)
FN:128,visit
FN:143,(anonymous_17)
FN:144,(anonymous_18)
FNF:18
FNH:17
FNDA:15563,setPrototypeOf
FNDA:6,(anonymous_2)
FNDA:8150,(anonymous_3)
FNDA:13205,(anonymous_4)
FNDA:11242,(anonymous_5)
FNDA:26749,(anonymous_6)
FNDA:57002,(anonymous_7)
FNDA:49266,(anonymous_8)
FNDA:2061,(anonymous_9)
FNDA:12,(anonymous_10)
FNDA:22,(anonymous_11)
FNDA:577,(anonymous_12)
FNDA:33,(anonymous_13)
FNDA:0,extend
FNDA:560,(anonymous_15)
FNDA:3683,visit
FNDA:124,(anonymous_17)
FNDA:834,(anonymous_18)
DA:2,17
DA:4,17
DA:5,15563
DA:6,15563
DA:10,17
DA:13,6
DA:14,4
DA:16,2
DA:17,1
DA:19,1
DA:23,8150
DA:27,13205
DA:31,11242
DA:35,26749
DA:36,34419
DA:37,34419
DA:38,34267
DA:39,57002
DA:43,26749
DA:47,49266
DA:48,49266
DA:49,521659
DA:50,48797
DA:53,469
DA:57,2061
DA:58,2061
DA:59,1461
DA:61,2061
DA:65,12
DA:69,22
DA:70,4
DA:71,18
DA:72,14
DA:74,4
DA:75,4
DA:76,4
DA:77,2
DA:79,2
DA:85,577
DA:86,576
DA:88,1
DA:89,1
DA:90,1
DA:93,0
DA:94,0
DA:96,0
DA:97,0
DA:102,33
DA:103,33
DA:104,33
DA:105,19
DA:107,14
DA:112,0
DA:113,0
DA:114,0
DA:117,0
DA:121,560
DA:122,560
DA:123,124
DA:125,560
DA:126,560
DA:128,12
DA:129,3683
DA:130,1244
DA:131,2439
DA:132,864
DA:133,864
DA:137,560
DA:138,996
DA:140,560
DA:144,124
DA:145,834
LF:72
LH:64
BRDA:2,1,0,17
BRDA:2,1,1,17
BRDA:4,2,0,17
BRDA:4,2,1,17
BRDA:11,3,0,17
BRDA:11,3,1,6
BRDA:13,4,0,4
BRDA:13,4,1,2
BRDA:13,5,0,6
BRDA:13,5,1,4
BRDA:16,6,0,1
BRDA:16,6,1,1
BRDA:31,7,0,11242
BRDA:31,7,1,10132
BRDA:31,7,2,9290
BRDA:37,8,0,34267
BRDA:37,8,1,152
BRDA:47,9,0,49266
BRDA:47,9,1,49266
BRDA:49,10,0,48797
BRDA:49,10,1,472862
BRDA:57,11,0,2061
BRDA:57,11,1,0
BRDA:69,12,0,4
BRDA:69,12,1,18
BRDA:71,13,0,14
BRDA:71,13,1,4
BRDA:76,14,0,2
BRDA:76,14,1,2
BRDA:85,15,0,576
BRDA:85,15,1,1
BRDA:89,16,0,1
BRDA:89,16,1,0
BRDA:93,17,0,0
BRDA:93,17,1,0
BRDA:96,18,0,0
BRDA:96,18,1,0
BRDA:103,19,0,33
BRDA:103,19,1,33
BRDA:103,19,2,19
BRDA:104,20,0,19
BRDA:104,20,1,14
BRDA:104,21,0,33
BRDA:104,21,1,19
BRDA:111,22,0,17
BRDA:111,22,1,0
BRDA:113,23,0,0
BRDA:113,23,1,0
BRDA:122,24,0,124
BRDA:122,24,1,436
BRDA:129,25,0,1244
BRDA:129,25,1,2439
BRDA:131,26,0,864
BRDA:131,26,1,1575
BRDA:131,27,0,2439
BRDA:131,27,1,1684
BRDA:131,27,2,834
BRDA:145,28,0,834
BRDA:145,28,1,834
BRF:59
BRH:50
end_of_record
TN:
SF:/home/andreas/work/unexpected/lib/workQueue.js
FN:5,(anonymous_1)
FN:6,(anonymous_2)
FN:13,(anonymous_3)
FN:15,(anonymous_4)
FN:21,(anonymous_5)
FN:23,(anonymous_6)
FNF:6
FNH:6
FNDA:9266,(anonymous_1)
FNDA:4170,(anonymous_2)
FNDA:4113,(anonymous_3)
FNDA:4113,(anonymous_4)
FNDA:1273,(anonymous_5)
FNDA:1273,(anonymous_6)
DA:1,11
DA:3,11
DA:6,9266
DA:7,4170
DA:9,9266
DA:13,11
DA:14,4113
DA:15,4113
DA:16,4113
DA:21,11
DA:22,1273
DA:23,1273
DA:24,1273
DA:25,1
DA:26,1
DA:28,0
DA:34,11
LF:17
LH:16
BRDA:24,1,0,1
BRDA:24,1,1,1272
BRDA:25,2,0,1
BRDA:25,2,1,0
BRF:4
BRH:3
end_of_record
